  str.substr(Param1,0,str.indexof(Param1,"_",0))
  str.substr(Param1,0,str.indexof(Param1,"_",1))
  str.substr(Param1,str.len(""),str.indexof(Param1,"_",0))
  str.substr(Param1,0,str.indexof(Param1,"_",str.len("")))
  str.substr(Param1,str.len(""),str.indexof(Param1,"_",1))
  str.substr(Param1,-(1,1),str.indexof(Param1,"_",0))
  str.substr(Param1,0,str.indexof(Param1,"_",-(1,-1)))
  str.substr(Param1,-(-1,-1),str.indexof(Param1,"_",0))
  str.substr(Param1,-(1,1),str.indexof(Param1,"_",1))
  str.substr(Param1,-(-1,-1),str.indexof(Param1,"_",1))
  str.substr(Param1,0,str.indexof(Param1,"_",-(1,0)))
  str.substr(Param1,+(1,-1),str.indexof(Param1,"_",0))
  str.substr(Param1,0,str.indexof(Param1,"_",-(1,1)))
  str.substr(Param1,+(-1,1),str.indexof(Param1,"_",0))
  str.substr(Param1,+(1,-1),str.indexof(Param1,"_",1))
  str.substr(Param1,0,str.indexof(Param1,"_",-(0,-1)))
  str.substr(Param1,+(-1,1),str.indexof(Param1,"_",1))
  str.substr(Param1,0,str.indexof(Param1,"_",-(0,0)))
  str.substr(Param1,0,str.indexof(Param1,"_",-(-1,-1)))
  str.substr(Param1,0,str.indexof(Param1,"_",+(1,-1)))
  str.substr(Param1,0,str.indexof(Param1,"_",+(1,0)))
  str.substr(Param1,0,str.indexof(Param1,"_",+(1,1)))
  str.substr(Param1,0,str.indexof(Param1,"_",+(-1,1)))
  str.substr(Param1,str.to.int(int.to.str(0)),str.indexof(Param1,"_",0))
  str.substr(Param1,0,str.indexof(Param1,"_",str.to.int(int.to.str(1))))
  str.substr(Param1,str.len(int.to.str(-1)),str.indexof(Param1,"_",0))
  str.substr(Param1,str.to.int(int.to.str(0)),str.indexof(Param1,"_",1))
  str.substr(Param1,0,str.indexof(Param1,"_",str.to.int(int.to.str(0))))
  str.substr(Param1,str.len(int.to.str(-1)),str.indexof(Param1,"_",1))
  str.substr(Param1,0,str.indexof(Param1,"_",str.len(int.to.str(-1))))
  str.substr(Param1,0,str.to.int(int.to.str(str.indexof(Param1,"_",0))))
  str.substr(Param1,0,str.to.int(int.to.str(str.indexof(Param1,"_",1))))
  str.substr(Param1,str.len(""),str.indexof(Param1,"_",str.len("")))
  str.substr(Param1,-(-1,-1),str.indexof(Param1,"_",str.len("")))
  str.substr(Param1,+(-1,1),str.indexof(Param1,"_",str.len("")))
  str.substr(Param1,0,str.indexof(Param1,"_",-(1,str.to.int(Param1))))
  str.substr(Param1,-(1,1),str.indexof(Param1,"_",str.len("")))
  str.substr(Param1,str.len(""),str.indexof(Param1,"_",-(1,-1)))
  str.substr(Param1,0,str.indexof(Param1,"_",-(1,str.to.int(Param0))))
  str.substr(Param1,-(str.to.int(Param1),-1),str.indexof(Param1,"_",0))
  str.substr(Param1,str.len(""),str.indexof(Param1,"_",-(1,0)))
  str.substr(Param1,0,str.indexof(Param1,"_",-(1,str.len(""))))
  str.substr(Param1,-(-1,str.to.int(Param1)),str.indexof(Param1,"_",0))
  str.substr(Param1,-(str.to.int(Param1),-1),str.indexof(Param1,"_",1))
  str.substr(Param1,-(-1,str.to.int(Param1)),str.indexof(Param1,"_",1))
  str.substr(Param1,str.len(""),str.indexof(Param1,"_",-(1,1)))
  str.substr(Param1,0,str.indexof(Param1,"_",-(str.len(""),-1)))
  str.substr(Param1,str.len(""),str.indexof(Param1,"_",-(0,-1)))
  str.substr(Param1,0,str.indexof(Param1,"_",-(0,str.to.int(Param1))))
  str.substr(Param1,str.len(""),str.indexof(Param1,"_",-(0,0)))
  str.substr(Param1,0,str.indexof(Param1,"_",-(str.len(""),0)))
  str.substr(Param1,str.len(""),str.indexof(Param1,"_",-(-1,-1)))
  str.substr(Param1,0,str.indexof(Param1,"_",-(0,str.to.int(Param0))))
  str.substr(Param1,str.len(""),str.indexof(Param1,"_",+(1,-1)))
  str.substr(Param1,0,str.indexof(Param1,"_",-(0,str.len(""))))
  str.substr(Param1,str.len(""),str.indexof(Param1,"_",+(1,0)))
  str.substr(Param1,0,str.indexof(Param1,"_",-(str.to.int(Param1),-1)))
  str.substr(Param1,str.len(""),str.indexof(Param1,"_",+(1,1)))
  str.substr(Param1,0,str.indexof(Param1,"_",-(-1,str.to.int(Param1))))
  str.substr(Param1,str.len(""),str.indexof(Param1,"_",+(-1,1)))
  str.substr(Param1,0,str.indexof(Param1,"_",-(str.to.int(Param0),-1)))
  str.substr(Param1,-(str.to.int(Param0),-1),str.indexof(Param1,"_",0))
  str.substr(Param1,0,str.indexof(Param1,"_",-(-1,str.to.int(Param0))))
  str.substr(Param1,-(-1,str.to.int(Param0)),str.indexof(Param1,"_",0))
  str.substr(Param1,-(str.to.int(Param0),-1),str.indexof(Param1,"_",1))
  str.substr(Param1,0,str.indexof(Param1,"_",+(1,str.to.int(Param1))))
  str.substr(Param1,-(-1,str.to.int(Param0)),str.indexof(Param1,"_",1))
  str.substr(Param1,+(1,str.to.int(Param1)),str.indexof(Param1,"_",0))
  str.substr(Param1,0,str.indexof(Param1,"_",+(1,str.to.int(Param0))))
  str.substr(Param1,+(1,str.to.int(Param0)),str.indexof(Param1,"_",0))
  str.substr(Param1,+(1,str.to.int(Param1)),str.indexof(Param1,"_",1))
  str.substr(Param1,0,str.indexof(Param1,"_",+(1,str.len(""))))
  str.substr(Param1,+(str.to.int(Param1),1),str.indexof(Param1,"_",0))
  str.substr(Param1,+(1,-1),str.indexof(Param1,"_",str.len("")))
  str.substr(Param1,+(1,str.to.int(Param0)),str.indexof(Param1,"_",1))
  str.substr(Param1,0,str.indexof(Param1,"_",+(str.to.int(Param1),1)))
  str.substr(Param1,+(str.to.int(Param0),1),str.indexof(Param1,"_",0))
  str.substr(Param1,+(str.to.int(Param1),1),str.indexof(Param1,"_",1))
  str.substr(Param1,0,str.indexof(Param1,"_",+(str.to.int(Param0),1)))
  str.substr(Param1,+(str.to.int(Param0),1),str.indexof(Param1,"_",1))
  str.++(str.substr(Param1,0,1),str.substr(Param1,1,+(-1,str.indexof(Param1,"_",0))))
  str.++(str.substr(Param0,0,1),str.substr(Param1,1,+(-1,str.indexof(Param1,"_",0))))
  str.++(str.substr(Param1,0,1),str.substr(Param1,1,+(-1,str.indexof(Param1,"_",1))))
  str.++(str.substr(Param0,0,1),str.substr(Param1,1,+(-1,str.indexof(Param1,"_",1))))
  str.++(str.substr(Param1,0,1),str.substr(Param1,1,-(str.indexof(Param1,"_",0),1)))
  str.++(str.substr(Param0,0,1),str.substr(Param1,1,-(str.indexof(Param1,"_",0),1)))
  str.++(str.substr(Param1,0,1),str.substr(Param1,1,-(str.indexof(Param1,"_",1),1)))
  str.++(str.substr(Param0,0,1),str.substr(Param1,1,-(str.indexof(Param1,"_",1),1)))
  str.++(str.substr(Param1,0,1),str.substr(Param1,1,+(str.indexof(Param1,"_",0),-1)))
  str.++(str.substr(Param0,0,1),str.substr(Param1,1,+(str.indexof(Param1,"_",0),-1)))
  str.++(str.substr(Param1,0,1),str.substr(Param1,1,+(str.indexof(Param1,"_",1),-1)))
  str.++(str.substr(Param0,0,1),str.substr(Param1,1,+(str.indexof(Param1,"_",1),-1)))
  str.++(str.substr(Param1,str.len(""),1),str.substr(Param1,1,+(-1,str.indexof(Param1,"_",0))))
  str.++(str.substr(Param1,0,1),str.substr(Param1,1,+(str.to.int(Param1),str.indexof(Param1,"_",0))))
  str.++(str.substr(Param1,str.len(""),1),str.substr(Param1,1,+(-1,str.indexof(Param1,"_",1))))
  str.++(str.substr(Param1,0,1),str.substr(Param1,1,+(str.to.int(Param0),str.indexof(Param1,"_",0))))
  str.++(str.substr(Param0,0,1),str.substr(Param1,1,+(str.to.int(Param1),str.indexof(Param1,"_",0))))
  str.++(str.substr(Param1,str.len(""),1),str.substr(Param1,1,-(str.indexof(Param1,"_",0),1)))
  str.++(str.substr(Param1,0,1),str.substr(Param1,1,+(str.to.int(Param1),str.indexof(Param1,"_",1))))
  str.++(str.substr(Param0,0,1),str.substr(Param1,1,+(str.to.int(Param0),str.indexof(Param1,"_",0))))
