str.++(str.++(str.++(str.++(Param1,",")," "),str.substr(Param0,0,1)),".")
str.++(str.++(str.++(Param1,str.++(","," ")),str.substr(Param0,0,1)),".")
str.++(str.++(str.++(Param1,","),str.++(" ",str.substr(Param0,0,1))),".")
str.++(str.++(Param1,str.++(str.++(","," "),str.substr(Param0,0,1))),".")
str.++(str.++(Param1,str.++(",",str.++(" ",str.substr(Param0,0,1)))),".")
str.++(str.++(Param1,","),str.++(str.++(" ",str.substr(Param0,0,1)),"."))
str.++(str.++(Param1,","),str.++(" ",str.++(str.substr(Param0,0,1),".")))
str.++(Param1,str.++(str.++(str.++(","," "),str.substr(Param0,0,1)),"."))
str.++(Param1,str.++(str.++(",",str.++(" ",str.substr(Param0,0,1))),"."))
str.++(Param1,str.++(",",str.++(str.++(" ",str.substr(Param0,0,1)),".")))
str.++(str.++(str.++(Param1,",")," "),str.++(str.substr(Param0,0,1),"."))
str.++(str.++(Param1,str.++(","," ")),str.++(str.substr(Param0,0,1),"."))
str.++(Param1,str.++(str.++(","," "),str.++(str.substr(Param0,0,1),".")))
str.++(Param1,str.++(",",str.++(" ",str.++(str.substr(Param0,0,1),"."))))
str.++(str.++(str.++(Param1,","),str.++(" ",str.substr(Param0,-(2,2),1))),".")
str.++(str.++(str.++(Param1,","),str.++(" ",str.substr(Param0,-(1,1),1))),".")
str.++(str.++(str.++(Param1,str.++(","," ")),str.substr(Param0,-(2,2),1)),".")
str.++(str.++(Param1,","),str.++(str.++(" ",str.substr(Param0,-(2,2),1)),"."))
str.++(str.++(Param1,","),str.++(str.++(" ",str.substr(Param0,-(1,1),1)),"."))
str.++(Param1,str.++(str.++(str.++(","," "),str.substr(Param0,-(2,2),1)),"."))
str.++(Param1,str.++(str.++(str.++(","," "),str.substr(Param0,-(1,1),1)),"."))
str.++(Param1,str.++(str.++(",",str.++(" ",str.substr(Param0,-(2,2),1))),"."))
str.++(Param1,str.++(str.++(",",str.++(" ",str.substr(Param0,-(1,1),1))),"."))
str.++(Param1,str.++(str.++(","," "),str.++(str.substr(Param0,-(2,2),1),".")))
str.++(Param1,str.++(str.++(","," "),str.++(str.substr(Param0,-(1,1),1),".")))
str.++(Param1,str.++(",",str.++(str.++(" ",str.substr(Param0,-(2,2),1)),".")))
str.++(Param1,str.++(",",str.++(str.++(" ",str.substr(Param0,-(1,1),1)),".")))
str.++(str.++(str.++(str.++(Param1,",")," "),str.substr(Param0,-(2,2),1)),".")
str.++(str.++(str.++(Param1,str.++(","," ")),str.substr(Param0,-(1,1),1)),".")
str.++(str.++(str.++(str.++(Param1,",")," "),str.substr(Param0,-(1,1),1)),".")
str.++(str.++(Param1,str.++(str.++(","," "),str.substr(Param0,-(2,2),1))),".")
str.++(str.++(Param1,str.++(str.++(","," "),str.substr(Param0,-(1,1),1))),".")
str.++(str.++(Param1,str.++(",",str.++(" ",str.substr(Param0,-(2,2),1)))),".")
str.++(str.++(Param1,str.++(",",str.++(" ",str.substr(Param0,-(1,1),1)))),".")
str.++(str.++(str.++(Param1,",")," "),str.++(str.substr(Param0,-(2,2),1),"."))
str.++(str.++(Param1,str.++(","," ")),str.++(str.substr(Param0,-(2,2),1),"."))
str.++(str.++(str.++(Param1,",")," "),str.++(str.substr(Param0,-(1,1),1),"."))
str.++(str.++(Param1,str.++(","," ")),str.++(str.substr(Param0,-(1,1),1),"."))
str.++(str.++(Param1,","),str.++(" ",str.++(str.substr(Param0,-(2,2),1),".")))
str.++(str.++(Param1,","),str.++(" ",str.++(str.substr(Param0,-(1,1),1),".")))
str.++(Param1,str.++(",",str.++(" ",str.++(str.substr(Param0,-(2,2),1),"."))))
str.++(Param1,str.++(",",str.++(" ",str.++(str.substr(Param0,-(1,1),1),"."))))
str.++(Param1,str.++(str.++(str.++(","," "),str.substr(Param0,0,str.to.int(int.to.str(1)))),"."))
str.++(str.++(Param1,str.++(str.++(","," "),str.substr(Param0,0,str.to.int(int.to.str(1))))),".")
str.++(str.++(str.++(Param1,str.++(","," ")),str.substr(Param0,0,str.to.int(int.to.str(1)))),".")
str.++(str.++(str.++(str.++(Param1,",")," "),str.substr(Param0,0,str.to.int(int.to.str(1)))),".")
str.++(str.++(str.++(Param1,str.++(","," ")),str.substr(Param0,str.to.int(int.to.str(0)),1)),".")
str.++(str.++(str.++(str.++(Param1,",")," "),str.substr(Param0,str.to.int(int.to.str(0)),1)),".")
str.++(str.++(str.++(Param1,","),str.++(" ",str.substr(Param0,0,str.to.int(int.to.str(1))))),".")
str.++(str.++(str.++(Param1,","),str.++(" ",str.substr(Param0,str.to.int(int.to.str(0)),1))),".")
str.++(str.++(Param1,str.++(str.++(","," "),str.substr(Param0,str.to.int(int.to.str(0)),1))),".")
str.++(str.++(Param1,str.++(",",str.++(" ",str.substr(Param0,0,str.to.int(int.to.str(1)))))),".")
str.++(str.++(Param1,str.++(",",str.++(" ",str.substr(Param0,str.to.int(int.to.str(0)),1)))),".")
str.++(str.++(str.++(Param1,",")," "),str.++(str.substr(Param0,0,str.to.int(int.to.str(1))),"."))
str.++(str.++(Param1,str.++(","," ")),str.++(str.substr(Param0,0,str.to.int(int.to.str(1))),"."))
str.++(str.++(str.++(Param1,",")," "),str.++(str.substr(Param0,str.to.int(int.to.str(0)),1),"."))
str.++(str.++(Param1,str.++(","," ")),str.++(str.substr(Param0,str.to.int(int.to.str(0)),1),"."))
str.++(str.++(Param1,","),str.++(str.++(" ",str.substr(Param0,0,str.to.int(int.to.str(1)))),"."))
str.++(str.++(Param1,","),str.++(str.++(" ",str.substr(Param0,str.to.int(int.to.str(0)),1)),"."))
str.++(str.++(Param1,","),str.++(" ",str.++(str.substr(Param0,0,str.to.int(int.to.str(1))),".")))
str.++(str.++(Param1,","),str.++(" ",str.++(str.substr(Param0,str.to.int(int.to.str(0)),1),".")))
str.++(Param1,str.++(str.++(str.++(","," "),str.substr(Param0,str.to.int(int.to.str(0)),1)),"."))
str.++(Param1,str.++(str.++(",",str.++(" ",str.substr(Param0,0,str.to.int(int.to.str(1))))),"."))
str.++(Param1,str.++(str.++(",",str.++(" ",str.substr(Param0,str.to.int(int.to.str(0)),1))),"."))
str.++(Param1,str.++(",",str.++(str.++(" ",str.substr(Param0,0,str.to.int(int.to.str(1)))),".")))
str.++(Param1,str.++(",",str.++(str.++(" ",str.substr(Param0,str.to.int(int.to.str(0)),1)),".")))
str.++(Param1,str.++(str.++(","," "),str.++(str.substr(Param0,0,str.to.int(int.to.str(1))),".")))
str.++(Param1,str.++(str.++(","," "),str.++(str.substr(Param0,str.to.int(int.to.str(0)),1),".")))
str.++(Param1,str.++(",",str.++(" ",str.++(str.substr(Param0,0,str.to.int(int.to.str(1))),"."))))
str.++(Param1,str.++(",",str.++(" ",str.++(str.substr(Param0,str.to.int(int.to.str(0)),1),"."))))
str.++(str.++(str.++(Param1,",")," "),str.++(str.substr(Param0,+(1,str.to.int(Param1)),1),"."))
str.++(str.++(Param1,str.++(","," ")),str.++(str.substr(Param0,+(1,str.to.int(Param1)),1),"."))
str.++(str.++(str.++(Param1,",")," "),str.++(str.substr(Param0,0,-(0,str.to.int(Param1))),"."))
str.++(str.++(Param1,str.++(","," ")),str.++(str.substr(Param0,0,-(0,str.to.int(Param1))),"."))
str.++(str.++(str.++(Param1,",")," "),str.++(str.substr(Param0,+(1,str.to.int(Param0)),1),"."))
str.++(str.++(Param1,str.++(","," ")),str.++(str.substr(Param0,+(1,str.to.int(Param0)),1),"."))
str.++(str.++(str.++(Param1,",")," "),str.++(str.substr(Param0,0,-(0,str.to.int(Param0))),"."))
str.++(str.++(Param1,str.++(","," ")),str.++(str.substr(Param0,0,-(0,str.to.int(Param0))),"."))
str.++(str.++(str.++(Param1,",")," "),str.++(str.substr(Param0,+(str.to.int(Param1),1),1),"."))
str.++(str.++(Param1,str.++(","," ")),str.++(str.substr(Param0,+(str.to.int(Param1),1),1),"."))
str.++(str.++(str.++(Param1,",")," "),str.++(str.substr(Param0,0,+(2,str.to.int(Param1))),"."))
str.++(str.++(Param1,str.++(","," ")),str.++(str.substr(Param0,0,+(2,str.to.int(Param1))),"."))
str.++(str.++(str.++(Param1,",")," "),str.++(str.substr(Param0,+(str.to.int(Param0),1),1),"."))
str.++(str.++(Param1,str.++(","," ")),str.++(str.substr(Param0,+(str.to.int(Param0),1),1),"."))
str.++(str.++(str.++(Param1,",")," "),str.++(str.substr(Param0,0,+(2,str.to.int(Param0))),"."))
str.++(str.++(Param1,str.++(","," ")),str.++(str.substr(Param0,0,+(2,str.to.int(Param0))),"."))
str.++(str.++(str.++(Param1,",")," "),str.++(str.substr(Param0,0,+(str.to.int(Param1),2)),"."))
str.++(str.++(Param1,str.++(","," ")),str.++(str.substr(Param0,0,+(str.to.int(Param1),2)),"."))
str.++(str.++(str.++(Param1,",")," "),str.++(str.substr(Param0,0,+(str.to.int(Param0),2)),"."))
str.++(str.++(Param1,str.++(","," ")),str.++(str.substr(Param0,0,+(str.to.int(Param0),2)),"."))
str.++(str.++(Param1,","),str.++(str.++(" ",str.substr(Param0,+(1,str.to.int(Param1)),1)),"."))
str.++(str.++(Param1,","),str.++(str.++(" ",str.substr(Param0,0,-(0,str.to.int(Param1)))),"."))
str.++(str.++(Param1,","),str.++(str.++(" ",str.substr(Param0,+(1,str.to.int(Param0)),1)),"."))
str.++(str.++(Param1,","),str.++(str.++(" ",str.substr(Param0,0,-(0,str.to.int(Param0)))),"."))
str.++(str.++(Param1,","),str.++(str.++(" ",str.substr(Param0,+(str.to.int(Param1),1),1)),"."))
str.++(str.++(Param1,","),str.++(str.++(" ",str.substr(Param0,0,+(2,str.to.int(Param1)))),"."))
str.++(str.++(Param1,","),str.++(str.++(" ",str.substr(Param0,+(str.to.int(Param0),1),1)),"."))
str.++(str.++(Param1,","),str.++(str.++(" ",str.substr(Param0,0,+(2,str.to.int(Param0)))),"."))
str.++(str.++(Param1,","),str.++(str.++(" ",str.substr(Param0,0,+(str.to.int(Param1),2))),"."))
str.++(str.++(Param1,","),str.++(str.++(" ",str.substr(Param0,0,+(str.to.int(Param0),2))),"."))
