str.++(str.++(Param0," "),Param1)
str.++(Param0,str.++(" ",Param1))
str.++(str.++(str.++(Param0," "),str.substr(Param1,0,2)),str.substr(Param1,2,str.len(Param1)))
str.++(str.++(str.++(str.substr(Param0,0,2),str.substr(Param0,2,str.len(Param0)))," "),Param1)
str.++(str.++(Param0,str.++(" ",str.substr(Param1,0,2))),str.substr(Param1,2,str.len(Param1)))
str.++(str.++(str.++(str.substr(Param0,0,1),str.substr(Param0,1,str.len(Param0)))," "),Param1)
str.++(str.++(str.++(Param0," "),str.substr(Param1,0,1)),str.substr(Param1,1,str.len(Param1)))
str.++(str.++(Param0,str.++(" ",str.substr(Param1,0,1))),str.substr(Param1,1,str.len(Param1)))
str.++(str.++(str.substr(Param0,0,2),str.++(str.substr(Param0,2,str.len(Param0))," ")),Param1)
str.++(str.++(str.substr(Param0,0,1),str.++(str.substr(Param0,1,str.len(Param0))," ")),Param1)
str.++(str.++(str.substr(Param0,0,2),str.substr(Param0,2,str.len(Param0))),str.++(" ",Param1))
str.++(Param0,str.++(str.++(" ",str.substr(Param1,0,2)),str.substr(Param1,2,str.len(Param1))))
str.++(str.++(str.substr(Param0,0,1),str.substr(Param0,1,str.len(Param0))),str.++(" ",Param1))
str.++(Param0,str.++(str.++(" ",str.substr(Param1,0,1)),str.substr(Param1,1,str.len(Param1))))
str.++(str.substr(Param0,0,2),str.++(str.++(str.substr(Param0,2,str.len(Param0))," "),Param1))
str.++(str.substr(Param0,0,2),str.++(str.substr(Param0,2,str.len(Param0)),str.++(" ",Param1)))
str.++(str.substr(Param0,0,1),str.++(str.++(str.substr(Param0,1,str.len(Param0))," "),Param1))
str.++(str.substr(Param0,0,1),str.++(str.substr(Param0,1,str.len(Param0)),str.++(" ",Param1)))
str.++(str.++(Param0," "),str.++(str.substr(Param1,0,2),str.substr(Param1,2,str.len(Param1))))
str.++(str.++(Param0," "),str.++(str.substr(Param1,0,1),str.substr(Param1,1,str.len(Param1))))
str.++(Param0,str.++(" ",str.++(str.substr(Param1,0,2),str.substr(Param1,2,str.len(Param1)))))
str.++(Param0,str.++(" ",str.++(str.substr(Param1,0,1),str.substr(Param1,1,str.len(Param1)))))
str.++(str.++(str.++(Param0," "),str.substr(Param1,0,2)),str.substr(Param1,2,-(str.len(Param1),2)))
str.++(str.++(Param0,str.++(" ",str.substr(Param1,0,2))),str.substr(Param1,2,-(str.len(Param1),2)))
str.++(str.++(str.++(Param0," "),str.substr(Param1,0,+(1,1))),str.substr(Param1,2,str.len(Param1)))
str.++(str.++(str.++(Param0," "),str.substr(Param1,0,2)),str.substr(Param1,2,-(str.len(Param1),1)))
str.++(str.++(str.++(Param0," "),str.substr(Param1,-(2,2),2)),str.substr(Param1,2,str.len(Param1)))
str.++(str.++(Param0,str.++(" ",str.substr(Param1,0,2))),str.substr(Param1,2,-(str.len(Param1),1)))
str.++(str.++(str.++(Param0," "),str.substr(Param1,0,2)),str.substr(Param1,2,-(str.len(Param1),0)))
str.++(str.++(str.++(Param0," "),str.substr(Param1,-(1,1),2)),str.substr(Param1,2,str.len(Param1)))
str.++(str.++(Param0,str.++(" ",str.substr(Param1,0,2))),str.substr(Param1,2,-(str.len(Param1),0)))
str.++(str.++(str.++(Param0," "),str.substr(Param1,0,2)),str.substr(Param1,2,+(str.len(Param1),0)))
str.++(str.++(Param0,str.++(" ",str.substr(Param1,0,2))),str.substr(Param1,2,+(str.len(Param1),0)))
str.++(str.++(str.++(Param0," "),str.substr(Param1,0,1)),str.substr(Param1,1,-(str.len(Param1),1)))
str.++(str.++(str.++(Param0," "),str.substr(Param1,-(2,2),1)),str.substr(Param1,1,str.len(Param1)))
str.++(str.++(Param0,str.++(" ",str.substr(Param1,0,1))),str.substr(Param1,1,-(str.len(Param1),1)))
str.++(str.++(str.++(Param0," "),str.substr(Param1,-(1,1),1)),str.substr(Param1,1,str.len(Param1)))
str.++(str.++(str.++(Param0," "),str.substr(Param1,0,2)),str.substr(Param1,+(1,1),str.len(Param1)))
str.++(str.++(Param0,str.++(" ",str.substr(Param1,0,2))),str.substr(Param1,+(1,1),str.len(Param1)))
str.++(str.++(Param0,str.++(" ",str.substr(Param1,0,+(1,1)))),str.substr(Param1,2,str.len(Param1)))
str.++(str.++(Param0,str.++(" ",str.substr(Param1,-(2,2),2))),str.substr(Param1,2,str.len(Param1)))
str.++(str.++(Param0,str.++(" ",str.substr(Param1,-(1,1),2))),str.substr(Param1,2,str.len(Param1)))
str.++(str.++(str.++(Param0," "),str.substr(Param1,0,1)),str.substr(Param1,1,-(str.len(Param1),0)))
str.++(str.++(Param0,str.++(" ",str.substr(Param1,0,1))),str.substr(Param1,1,-(str.len(Param1),0)))
str.++(str.++(Param0,str.++(" ",str.substr(Param1,-(2,2),1))),str.substr(Param1,1,str.len(Param1)))
str.++(str.++(str.++(Param0," "),str.substr(Param1,0,1)),str.substr(Param1,1,+(str.len(Param1),0)))
str.++(str.++(Param0,str.++(" ",str.substr(Param1,0,1))),str.substr(Param1,1,+(str.len(Param1),0)))
str.++(str.++(Param0,str.++(" ",str.substr(Param1,-(1,1),1))),str.substr(Param1,1,str.len(Param1)))
str.++(str.++(str.substr(Param0,0,2),str.++(str.substr(Param0,2,-(str.len(Param0),2))," ")),Param1)
str.++(str.++(Param0," "),str.++(str.substr(Param1,0,+(1,1)),str.substr(Param1,2,str.len(Param1))))
str.++(str.++(str.++(str.substr(Param0,0,+(1,1)),str.substr(Param0,2,str.len(Param0)))," "),Param1)
str.++(str.++(Param0," "),str.++(str.substr(Param1,0,2),str.substr(Param1,2,-(str.len(Param1),2))))
str.++(str.++(str.++(str.substr(Param0,0,2),str.substr(Param0,2,-(str.len(Param0),2)))," "),Param1)
str.++(str.++(Param0," "),str.++(str.substr(Param1,0,1),str.substr(Param1,1,-(str.len(Param1),1))))
str.++(str.++(str.++(str.substr(Param0,0,2),str.substr(Param0,2,-(str.len(Param0),1)))," "),Param1)
str.++(str.++(Param0," "),str.++(str.substr(Param1,0,2),str.substr(Param1,2,-(str.len(Param1),1))))
str.++(str.++(str.++(str.substr(Param0,0,1),str.substr(Param0,1,-(str.len(Param0),1)))," "),Param1)
str.++(str.++(Param0," "),str.++(str.substr(Param1,0,2),str.substr(Param1,2,-(str.len(Param1),0))))
str.++(str.++(str.++(str.substr(Param0,0,1),str.substr(Param0,1,-(str.len(Param0),0)))," "),Param1)
str.++(str.++(Param0," "),str.++(str.substr(Param1,0,2),str.substr(Param1,2,+(str.len(Param1),0))))
str.++(str.++(str.++(str.substr(Param0,-(2,2),2),str.substr(Param0,2,str.len(Param0)))," "),Param1)
str.++(str.++(str.++(str.substr(Param0,0,2),str.substr(Param0,+(1,1),str.len(Param0)))," "),Param1)
str.++(str.++(str.++(str.substr(Param0,-(1,1),2),str.substr(Param0,2,str.len(Param0)))," "),Param1)
str.++(str.++(str.++(str.substr(Param0,-(2,2),1),str.substr(Param0,1,str.len(Param0)))," "),Param1)
str.++(str.++(str.++(str.substr(Param0,-(1,1),1),str.substr(Param0,1,str.len(Param0)))," "),Param1)
str.++(str.++(str.substr(Param0,0,2),str.++(str.substr(Param0,2,-(str.len(Param0),1))," ")),Param1)
str.++(str.++(str.substr(Param0,0,2),str.++(str.substr(Param0,+(1,1),str.len(Param0))," ")),Param1)
str.++(str.++(str.substr(Param0,0,1),str.++(str.substr(Param0,1,-(str.len(Param0),1))," ")),Param1)
str.++(str.++(str.substr(Param0,0,1),str.++(str.substr(Param0,1,-(str.len(Param0),0))," ")),Param1)
str.++(str.++(Param0," "),str.++(str.substr(Param1,0,1),str.substr(Param1,1,-(str.len(Param1),0))))
str.++(str.++(str.substr(Param0,0,+(1,1)),str.substr(Param0,2,str.len(Param0))),str.++(" ",Param1))
str.++(str.++(Param0," "),str.++(str.substr(Param1,0,1),str.substr(Param1,1,+(str.len(Param1),0))))
str.++(Param0,str.++(str.++(" ",str.substr(Param1,0,+(1,1))),str.substr(Param1,2,str.len(Param1))))
str.++(str.++(Param0," "),str.++(str.substr(Param1,-(2,2),1),str.substr(Param1,1,str.len(Param1))))
str.++(str.++(str.substr(Param0,0,2),str.substr(Param0,2,-(str.len(Param0),2))),str.++(" ",Param1))
str.++(str.++(Param0," "),str.++(str.substr(Param1,-(2,2),2),str.substr(Param1,2,str.len(Param1))))
str.++(Param0,str.++(str.++(" ",str.substr(Param1,0,2)),str.substr(Param1,2,-(str.len(Param1),2))))
str.++(str.++(Param0," "),str.++(str.substr(Param1,0,2),str.substr(Param1,+(1,1),str.len(Param1))))
str.++(str.++(str.substr(Param0,0,2),str.substr(Param0,2,-(str.len(Param0),1))),str.++(" ",Param1))
str.++(str.++(Param0," "),str.++(str.substr(Param1,-(1,1),2),str.substr(Param1,2,str.len(Param1))))
str.++(Param0,str.++(str.++(" ",str.substr(Param1,-(2,2),1)),str.substr(Param1,1,str.len(Param1))))
str.++(str.++(Param0," "),str.++(str.substr(Param1,-(1,1),1),str.substr(Param1,1,str.len(Param1))))
str.++(str.++(str.substr(Param0,0,1),str.substr(Param0,1,-(str.len(Param0),1))),str.++(" ",Param1))
str.++(Param0,str.++(str.++(" ",str.substr(Param1,0,2)),str.substr(Param1,2,-(str.len(Param1),1))))
str.++(str.++(str.substr(Param0,0,1),str.substr(Param0,1,-(str.len(Param0),0))),str.++(" ",Param1))
str.++(Param0,str.++(str.++(" ",str.substr(Param1,-(2,2),2)),str.substr(Param1,2,str.len(Param1))))
str.++(str.++(str.substr(Param0,-(2,2),2),str.substr(Param0,2,str.len(Param0))),str.++(" ",Param1))
str.++(Param0,str.++(str.++(" ",str.substr(Param1,0,2)),str.substr(Param1,2,-(str.len(Param1),0))))
str.++(str.++(str.substr(Param0,0,2),str.substr(Param0,+(1,1),str.len(Param0))),str.++(" ",Param1))
str.++(Param0,str.++(str.++(" ",str.substr(Param1,-(1,1),2)),str.substr(Param1,2,str.len(Param1))))
str.++(str.++(str.substr(Param0,-(1,1),2),str.substr(Param0,2,str.len(Param0))),str.++(" ",Param1))
str.++(Param0,str.++(str.++(" ",str.substr(Param1,0,2)),str.substr(Param1,2,+(str.len(Param1),0))))
str.++(str.++(str.substr(Param0,-(2,2),1),str.substr(Param0,1,str.len(Param0))),str.++(" ",Param1))
str.++(str.++(str.substr(Param0,-(1,1),1),str.substr(Param0,1,str.len(Param0))),str.++(" ",Param1))
str.++(str.substr(Param0,0,+(1,1)),str.++(str.++(str.substr(Param0,2,str.len(Param0))," "),Param1))
str.++(str.substr(Param0,0,2),str.++(str.++(str.substr(Param0,2,-(str.len(Param0),2))," "),Param1))
str.++(str.substr(Param0,-(2,2),2),str.++(str.++(str.substr(Param0,2,str.len(Param0))," "),Param1))
str.++(str.substr(Param0,0,+(1,1)),str.++(str.substr(Param0,2,str.len(Param0)),str.++(" ",Param1)))
str.++(str.substr(Param0,-(1,1),2),str.++(str.++(str.substr(Param0,2,str.len(Param0))," "),Param1))
str.++(str.substr(Param0,-(2,2),2),str.++(str.substr(Param0,2,str.len(Param0)),str.++(" ",Param1)))
