str.substr(Param0,4,3)
str.substr(Param0,4,str.to.int(int.to.str(3)))
str.substr(Param0,str.to.int(int.to.str(4)),3)
str.substr(Param0,4,-(5,2))
str.substr(Param0,4,-(4,1))
str.substr(Param0,4,+(2,1))
str.substr(Param0,4,+(1,2))
str.substr(Param0,-(5,1),3)
str.substr(Param0,+(3,1),3)
str.substr(Param0,+(2,2),3)
str.substr(Param0,+(1,3),3)
str.++(str.substr(Param0,4,1),str.substr(Param0,5,2))
str.++(str.substr(Param0,4,1),str.substr(Param0,str.to.int(int.to.str(5)),2))
str.++(str.substr(Param0,4,str.to.int(int.to.str(1))),str.substr(Param0,5,2))
str.++(int.to.str(str.to.int(str.substr(Param0,4,1))),str.substr(Param0,5,2))
str.++(str.substr(Param0,str.to.int(int.to.str(4)),1),str.substr(Param0,5,2))
str.++(str.substr(Param0,4,2),str.substr(Param0,+(5,1),1))
str.++(str.substr(Param0,4,2),str.substr(Param0,+(4,2),1))
str.++(str.substr(Param0,4,2),str.substr(Param0,+(3,3),1))
str.++(str.substr(Param0,4,2),str.substr(Param0,+(2,4),1))
str.++(str.substr(Param0,4,2),str.substr(Param0,+(1,5),1))
str.++(str.substr(Param0,4,-(5,4)),str.substr(Param0,5,2))
str.++(str.substr(Param0,4,1),str.substr(Param0,5,-(5,3)))
str.++(str.substr(Param0,4,-(4,3)),str.substr(Param0,5,2))
str.++(str.substr(Param0,4,1),str.substr(Param0,5,-(3,1)))
str.++(str.substr(Param0,4,-(3,2)),str.substr(Param0,5,2))
str.++(str.substr(Param0,4,1),str.substr(Param0,5,+(1,1)))
str.++(str.substr(Param0,-(5,1),1),str.substr(Param0,5,2))
str.++(str.substr(Param0,4,1),str.substr(Param0,+(4,1),2))
str.++(str.substr(Param0,+(3,1),1),str.substr(Param0,5,2))
str.++(str.substr(Param0,4,1),str.substr(Param0,+(3,2),2))
str.++(str.substr(Param0,+(2,2),1),str.substr(Param0,5,2))
str.++(str.substr(Param0,4,1),str.substr(Param0,+(2,3),2))
str.++(str.substr(Param0,+(1,3),1),str.substr(Param0,5,2))
str.++(str.substr(Param0,4,1),str.substr(Param0,+(1,4),2))
str.++(str.substr(Param0,4,2),str.substr(Param0,-(str.len(Param0),5),1))
str.++(str.substr(Param0,4,2),str.substr(Param0,-(5,str.to.int(Param0)),1))
str.++(str.substr(Param0,-(3,str.to.int(Param0)),1),str.substr(Param0,5,2))
str.++(str.substr(Param0,4,1),str.substr(Param0,5,-(1,str.to.int(Param0))))
str.++(str.substr(Param0,4,-(0,str.to.int(Param0))),str.substr(Param0,5,2))
str.++(str.substr(Param0,4,1),str.substr(Param0,-(4,str.to.int(Param0)),2))
str.++(str.substr(Param0,+(5,str.to.int(Param0)),1),str.substr(Param0,5,2))
str.++(str.substr(Param0,4,1),str.substr(Param0,5,+(3,str.to.int(Param0))))
str.++(str.substr(Param0,4,+(2,str.to.int(Param0))),str.substr(Param0,5,2))
str.++(str.substr(Param0,4,1),str.substr(Param0,5,+(str.to.int(Param0),3)))
str.++(str.substr(Param0,+(str.to.int(Param0),5),1),str.substr(Param0,5,2))
str.++(str.substr(Param0,4,+(str.to.int(Param0),2)),str.substr(Param0,5,2))
str.++(int.to.str(str.to.int(str.substr(Param0,4,str.to.int(int.to.str(1))))),str.substr(Param0,5,2))
str.++(int.to.str(str.to.int(int.to.str(str.to.int(str.substr(Param0,4,1))))),str.substr(Param0,5,2))
str.++(int.to.str(str.to.int(str.substr(Param0,str.to.int(int.to.str(4)),1))),str.substr(Param0,5,2))
str.++(str.substr(Param0,str.to.int(int.to.str(4)),str.to.int(int.to.str(1))),str.substr(Param0,5,2))
str.++(str.substr(Param0,str.to.int(int.to.str(str.to.int(int.to.str(4)))),1),str.substr(Param0,5,2))
str.++(str.substr(Param0,4,str.to.int(int.to.str(str.to.int(int.to.str(1))))),str.substr(Param0,5,2))
str.++(str.substr(Param0,4,str.to.int(int.to.str(1))),str.substr(Param0,str.to.int(int.to.str(5)),2))
str.++(str.substr(Param0,4,str.to.int(int.to.str(1))),str.substr(Param0,5,str.to.int(int.to.str(2))))
str.++(str.substr(Param0,4,1),str.substr(Param0,str.to.int(int.to.str(str.to.int(int.to.str(5)))),2))
str.++(str.substr(Param0,4,1),str.substr(Param0,5,str.to.int(int.to.str(str.to.int(int.to.str(2))))))
str.++(int.to.str(str.to.int(str.substr(Param0,4,1))),str.substr(Param0,str.to.int(int.to.str(5)),2))
str.++(int.to.str(str.to.int(str.substr(Param0,4,1))),str.substr(Param0,5,str.to.int(int.to.str(2))))
str.++(str.substr(Param0,str.to.int(int.to.str(4)),1),str.substr(Param0,str.to.int(int.to.str(5)),2))
str.++(str.substr(Param0,str.to.int(int.to.str(4)),1),str.substr(Param0,5,str.to.int(int.to.str(2))))
str.++(int.to.str(str.to.int(str.substr(Param0,4,-(5,4)))),str.substr(Param0,5,2))
str.++(int.to.str(str.to.int(str.substr(Param0,4,-(4,3)))),str.substr(Param0,5,2))
str.++(int.to.str(str.to.int(str.substr(Param0,4,-(3,2)))),str.substr(Param0,5,2))
str.++(str.substr(Param0,4,2),int.to.str(str.to.int(str.substr(Param0,+(5,1),1))))
str.++(str.substr(Param0,4,2),int.to.str(str.to.int(str.substr(Param0,+(4,2),1))))
str.++(str.substr(Param0,4,2),int.to.str(str.to.int(str.substr(Param0,+(3,3),1))))
str.++(str.substr(Param0,4,2),int.to.str(str.to.int(str.substr(Param0,+(2,4),1))))
str.++(str.substr(Param0,4,2),int.to.str(str.to.int(str.substr(Param0,+(1,5),1))))
str.++(str.substr(Param0,4,2),int.to.str(str.to.int(str.substr(Param0,-(str.len(Param0),5),1))))
str.++(str.substr(Param0,4,2),int.to.str(str.to.int(str.substr(Param0,-(5,str.to.int(Param0)),1))))
str.++(str.substr(Param0,4,2),int.to.str(str.to.int(int.to.str(str.to.int(str.substr(Param0,+(5,1),1))))))
str.++(str.substr(Param0,4,2),int.to.str(str.to.int(int.to.str(str.to.int(str.substr(Param0,+(4,2),1))))))
str.++(str.substr(Param0,4,2),int.to.str(str.to.int(int.to.str(str.to.int(str.substr(Param0,+(3,3),1))))))
str.++(str.substr(Param0,4,2),int.to.str(str.to.int(int.to.str(str.to.int(str.substr(Param0,+(2,4),1))))))
str.++(str.substr(Param0,4,2),int.to.str(str.to.int(int.to.str(str.to.int(str.substr(Param0,+(1,5),1))))))
str.++(str.substr(Param0,4,2),int.to.str(str.to.int(int.to.str(str.to.int(str.substr(Param0,-(str.len(Param0),5),1))))))
str.++(str.substr(Param0,4,2),int.to.str(str.to.int(int.to.str(str.to.int(str.substr(Param0,-(5,str.to.int(Param0)),1))))))
str.++(str.++(str.substr(Param0,4,1),str.substr(Param0,5,1)),str.substr(Param0,+(5,1),1))
str.++(str.++(str.substr(Param0,4,1),str.substr(Param0,5,1)),str.substr(Param0,+(4,2),1))
str.++(str.++(str.substr(Param0,4,1),str.substr(Param0,5,1)),str.substr(Param0,+(3,3),1))
str.++(str.++(str.substr(Param0,4,1),str.substr(Param0,5,1)),str.substr(Param0,+(2,4),1))
str.++(str.++(str.substr(Param0,4,1),str.substr(Param0,5,1)),str.substr(Param0,+(1,5),1))
str.++(str.++(str.substr(Param0,4,1),str.substr(Param0,5,1)),str.substr(Param0,-(str.len(Param0),5),1))
str.++(str.++(str.substr(Param0,4,1),str.substr(Param0,5,1)),str.substr(Param0,-(5,str.to.int(Param0)),1))
str.++(str.substr(Param0,4,2),int.to.str(str.to.int(int.to.str(str.to.int(int.to.str(str.to.int(str.substr(Param0,+(5,1),1))))))))
str.++(str.substr(Param0,4,2),int.to.str(str.to.int(int.to.str(str.to.int(int.to.str(str.to.int(str.substr(Param0,+(4,2),1))))))))
str.++(str.substr(Param0,4,2),int.to.str(str.to.int(int.to.str(str.to.int(int.to.str(str.to.int(str.substr(Param0,+(3,3),1))))))))
str.++(str.substr(Param0,4,2),int.to.str(str.to.int(int.to.str(str.to.int(int.to.str(str.to.int(str.substr(Param0,+(2,4),1))))))))
str.++(str.substr(Param0,4,2),int.to.str(str.to.int(int.to.str(str.to.int(int.to.str(str.to.int(str.substr(Param0,+(1,5),1))))))))
str.++(str.substr(Param0,4,2),str.substr(Param0,str.indexof(Param0,str.substr(Param0,+(5,1),1),5),1))
str.++(str.substr(Param0,4,2),str.substr(Param0,str.indexof(Param0,str.substr(Param0,+(4,2),1),5),1))
str.++(str.substr(Param0,4,2),str.substr(Param0,str.indexof(Param0,str.substr(Param0,+(3,3),1),5),1))
str.++(str.substr(Param0,4,2),str.substr(Param0,str.indexof(Param0,str.substr(Param0,+(2,4),1),5),1))
str.++(str.substr(Param0,4,2),str.substr(Param0,str.indexof(Param0,str.substr(Param0,+(1,5),1),5),1))
str.++(str.substr(Param0,4,2),str.substr(Param0,str.indexof(Param0,str.substr(Param0,+(5,1),1),4),1))
str.++(str.substr(Param0,4,2),str.substr(Param0,str.indexof(Param0,str.substr(Param0,+(4,2),1),4),1))
str.++(str.substr(Param0,4,2),str.substr(Param0,str.indexof(Param0,str.substr(Param0,+(5,1),1),3),1))
str.++(str.substr(Param0,4,2),str.substr(Param0,str.indexof(Param0,str.substr(Param0,+(3,3),1),4),1))
str.++(str.substr(Param0,4,2),str.substr(Param0,str.indexof(Param0,str.substr(Param0,+(4,2),1),3),1))
