str.substr(Param0,+(5,3),5)
str.substr(Param0,+(4,4),5)
str.substr(Param0,+(5,3),4)
str.substr(Param0,+(3,5),5)
str.substr(Param0,+(4,4),4)
str.substr(Param0,+(5,3),3)
str.substr(Param0,+(3,5),4)
str.substr(Param0,+(4,4),3)
str.substr(Param0,+(3,5),3)
str.substr(Param0,-(str.len(Param0),3),5)
str.substr(Param0,-(str.len(Param0),3),4)
str.substr(Param0,-(str.len(Param0),3),3)
str.substr(Param0,+(5,3),str.len(Param0))
str.substr(Param0,+(3,5),str.len(Param0))
str.substr(Param0,+(4,4),str.len(Param0))
str.++(str.substr(Param0,+(5,3),2),str.substr(Param0,+(5,5),5))
str.++(str.substr(Param0,+(4,4),2),str.substr(Param0,+(5,5),5))
str.++(str.substr(Param0,+(5,3),2),str.substr(Param0,+(5,5),4))
str.++(str.substr(Param0,+(3,5),2),str.substr(Param0,+(5,5),5))
str.++(str.substr(Param0,+(4,4),2),str.substr(Param0,+(5,5),4))
str.++(str.substr(Param0,+(5,3),2),str.substr(Param0,+(5,5),3))
str.++(str.substr(Param0,+(3,5),2),str.substr(Param0,+(5,5),4))
str.++(str.substr(Param0,+(4,4),2),str.substr(Param0,+(5,5),3))
str.++(str.substr(Param0,+(5,3),2),str.substr(Param0,+(5,5),2))
str.++(str.substr(Param0,+(3,5),2),str.substr(Param0,+(5,5),3))
str.++(str.substr(Param0,+(4,4),2),str.substr(Param0,+(5,5),2))
str.++(str.substr(Param0,+(5,3),2),str.substr(Param0,+(5,5),1))
str.++(str.substr(Param0,+(3,5),2),str.substr(Param0,+(5,5),2))
str.++(str.substr(Param0,+(4,4),2),str.substr(Param0,+(5,5),1))
str.++(str.substr(Param0,+(3,5),2),str.substr(Param0,+(5,5),1))
str.++(str.substr(Param0,+(5,3),1),str.substr(Param0,+(5,4),5))
str.++(str.substr(Param0,+(4,4),1),str.substr(Param0,+(5,4),5))
str.++(str.substr(Param0,+(5,3),1),str.substr(Param0,+(4,5),5))
str.++(str.substr(Param0,+(3,5),1),str.substr(Param0,+(5,4),5))
str.++(str.substr(Param0,+(4,4),1),str.substr(Param0,+(4,5),5))
str.++(str.substr(Param0,+(5,3),1),str.substr(Param0,+(5,4),4))
str.++(str.substr(Param0,+(3,5),1),str.substr(Param0,+(4,5),5))
str.++(str.substr(Param0,+(4,4),1),str.substr(Param0,+(5,4),4))
str.++(str.substr(Param0,+(5,3),1),str.substr(Param0,+(4,5),4))
str.++(str.substr(Param0,+(3,5),1),str.substr(Param0,+(5,4),4))
str.++(str.substr(Param0,+(4,4),1),str.substr(Param0,+(4,5),4))
str.++(str.substr(Param0,+(5,3),1),str.substr(Param0,+(5,4),3))
str.++(str.substr(Param0,+(3,5),1),str.substr(Param0,+(4,5),4))
str.++(str.substr(Param0,+(4,4),1),str.substr(Param0,+(5,4),3))
str.++(str.substr(Param0,+(5,3),1),str.substr(Param0,+(4,5),3))
str.++(str.substr(Param0,+(3,5),1),str.substr(Param0,+(5,4),3))
str.++(str.substr(Param0,+(4,4),1),str.substr(Param0,+(4,5),3))
str.++(str.substr(Param0,+(5,3),1),str.substr(Param0,+(5,4),2))
str.++(str.substr(Param0,+(3,5),1),str.substr(Param0,+(4,5),3))
str.++(str.substr(Param0,+(4,4),1),str.substr(Param0,+(5,4),2))
str.++(str.substr(Param0,+(5,3),1),str.substr(Param0,+(4,5),2))
str.++(str.substr(Param0,+(3,5),1),str.substr(Param0,+(5,4),2))
str.++(str.substr(Param0,+(4,4),1),str.substr(Param0,+(4,5),2))
str.++(str.substr(Param0,+(3,5),1),str.substr(Param0,+(4,5),2))
str.++(str.substr(Param0,-(str.len(Param0),3),2),str.substr(Param0,+(5,5),5))
str.++(str.substr(Param0,+(4,4),2),str.substr(Param0,-(str.len(Param0),1),5))
str.++(str.substr(Param0,+(3,5),2),str.substr(Param0,-(str.len(Param0),1),5))
str.++(str.substr(Param0,-(str.len(Param0),3),2),str.substr(Param0,+(5,5),4))
str.++(str.substr(Param0,+(4,4),2),str.substr(Param0,-(str.len(Param0),1),4))
str.++(str.substr(Param0,+(3,5),2),str.substr(Param0,-(str.len(Param0),1),4))
str.++(str.substr(Param0,-(str.len(Param0),3),2),str.substr(Param0,+(5,5),3))
str.++(str.substr(Param0,+(4,4),2),str.substr(Param0,-(str.len(Param0),1),3))
str.++(str.substr(Param0,+(3,5),2),str.substr(Param0,-(str.len(Param0),1),3))
str.++(str.substr(Param0,-(str.len(Param0),3),2),str.substr(Param0,+(5,5),2))
str.++(str.substr(Param0,+(4,4),2),str.substr(Param0,-(str.len(Param0),1),2))
str.++(str.substr(Param0,+(3,5),2),str.substr(Param0,-(str.len(Param0),1),2))
str.++(str.substr(Param0,-(str.len(Param0),3),2),str.substr(Param0,+(5,5),1))
str.++(str.substr(Param0,+(4,4),2),str.substr(Param0,-(str.len(Param0),1),1))
str.++(str.substr(Param0,+(3,5),2),str.substr(Param0,-(str.len(Param0),1),1))
str.++(str.substr(Param0,+(5,3),2),str.substr(Param0,-(str.len(Param0),1),5))
str.++(str.substr(Param0,+(4,4),2),str.substr(Param0,+(5,5),str.len(Param0)))
str.++(str.substr(Param0,+(3,5),2),str.substr(Param0,+(5,5),str.len(Param0)))
str.++(str.substr(Param0,+(5,3),2),str.substr(Param0,-(str.len(Param0),1),4))
str.++(str.substr(Param0,+(5,3),2),str.substr(Param0,-(str.len(Param0),1),3))
str.++(str.substr(Param0,+(5,3),2),str.substr(Param0,-(str.len(Param0),1),2))
str.++(str.substr(Param0,+(5,3),2),str.substr(Param0,-(str.len(Param0),1),1))
str.++(str.substr(Param0,+(5,3),2),str.substr(Param0,+(5,5),str.len(Param0)))
str.++(str.substr(Param0,-(str.len(Param0),3),1),str.substr(Param0,+(5,4),5))
str.++(str.substr(Param0,+(4,4),1),str.substr(Param0,-(str.len(Param0),2),5))
str.++(str.substr(Param0,+(3,5),1),str.substr(Param0,-(str.len(Param0),2),5))
str.++(str.substr(Param0,-(str.len(Param0),3),1),str.substr(Param0,+(4,5),5))
str.++(str.substr(Param0,+(4,4),1),str.substr(Param0,-(str.len(Param0),2),4))
str.++(str.substr(Param0,+(3,5),1),str.substr(Param0,-(str.len(Param0),2),4))
str.++(str.substr(Param0,-(str.len(Param0),3),1),str.substr(Param0,+(5,4),4))
str.++(str.substr(Param0,+(4,4),1),str.substr(Param0,-(str.len(Param0),2),3))
str.++(str.substr(Param0,+(3,5),1),str.substr(Param0,-(str.len(Param0),2),3))
str.++(str.substr(Param0,-(str.len(Param0),3),1),str.substr(Param0,+(4,5),4))
str.++(str.substr(Param0,+(4,4),1),str.substr(Param0,-(str.len(Param0),2),2))
str.++(str.substr(Param0,+(3,5),1),str.substr(Param0,-(str.len(Param0),2),2))
str.++(str.substr(Param0,-(str.len(Param0),3),1),str.substr(Param0,+(5,4),3))
str.++(str.substr(Param0,+(4,4),1),str.substr(Param0,+(5,4),str.len(Param0)))
str.++(str.substr(Param0,+(3,5),1),str.substr(Param0,+(5,4),str.len(Param0)))
str.++(str.substr(Param0,-(str.len(Param0),3),1),str.substr(Param0,+(4,5),3))
str.++(str.substr(Param0,+(4,4),1),str.substr(Param0,+(4,5),str.len(Param0)))
str.++(str.substr(Param0,+(3,5),1),str.substr(Param0,+(4,5),str.len(Param0)))
str.++(str.substr(Param0,-(str.len(Param0),3),1),str.substr(Param0,+(5,4),2))
str.++(str.substr(Param0,+(5,3),1),str.substr(Param0,-(str.len(Param0),2),5))
str.++(str.substr(Param0,-(str.len(Param0),3),1),str.substr(Param0,+(4,5),2))
str.++(str.substr(Param0,+(5,3),1),str.substr(Param0,-(str.len(Param0),2),4))
str.++(str.substr(Param0,+(5,3),1),str.substr(Param0,-(str.len(Param0),2),3))
