str.++(str.++(str.++(str.++("(",str.substr(Param0,0,3)),")")," "),str.substr(Param0,4,str.len(Param0)))
str.++(str.++(str.++("(",str.++(str.substr(Param0,0,3),")"))," "),str.substr(Param0,4,str.len(Param0)))
str.++(str.++(str.++("(",str.substr(Param0,0,3)),str.++(")"," ")),str.substr(Param0,4,str.len(Param0)))
str.++(str.++("(",str.++(str.++(str.substr(Param0,0,3),")")," ")),str.substr(Param0,4,str.len(Param0)))
str.++(str.++(str.++("(",str.substr(Param0,0,3)),")"),str.++(" ",str.substr(Param0,4,str.len(Param0))))
str.++(str.++("(",str.substr(Param0,0,3)),str.++(str.++(")"," "),str.substr(Param0,4,str.len(Param0))))
str.++("(",str.++(str.substr(Param0,0,3),str.++(str.++(")"," "),str.substr(Param0,4,str.len(Param0)))))
str.++(str.++("(",str.++(str.substr(Param0,0,3),str.++(")"," "))),str.substr(Param0,4,str.len(Param0)))
str.++(str.++("(",str.++(str.substr(Param0,0,3),")")),str.++(" ",str.substr(Param0,4,str.len(Param0))))
str.++(str.++("(",str.substr(Param0,0,3)),str.++(")",str.++(" ",str.substr(Param0,4,str.len(Param0)))))
str.++("(",str.++(str.++(str.++(str.substr(Param0,0,3),")")," "),str.substr(Param0,4,str.len(Param0))))
str.++("(",str.++(str.++(str.substr(Param0,0,3),str.++(")"," ")),str.substr(Param0,4,str.len(Param0))))
str.++("(",str.++(str.++(str.substr(Param0,0,3),")"),str.++(" ",str.substr(Param0,4,str.len(Param0)))))
str.++("(",str.++(str.substr(Param0,0,3),str.++(")",str.++(" ",str.substr(Param0,4,str.len(Param0))))))
str.++(str.++(str.++(str.++("(",str.substr(Param0,0,3)),")")," "),str.substr(Param0,4,+(5,5)))
str.++(str.replace(str.++(str.++("(",str.substr(Param0,0,4))," "),"-",")"),str.substr(Param0,4,str.len(Param0)))
str.++(str.++(str.++(str.++("(",str.substr(Param0,0,3)),")")," "),str.substr(Param0,4,+(5,4)))
str.++(str.replace(str.++("(",str.++(str.substr(Param0,0,4)," ")),"-",")"),str.substr(Param0,4,str.len(Param0)))
str.++(str.++(str.++(str.++("(",str.substr(Param0,0,3)),")")," "),str.substr(Param0,4,+(5,3)))
str.++(str.++(str.++(str.++("(",str.substr(Param0,0,3)),")")," "),str.substr(Param0,4,+(5,2)))
str.++(str.++(str.++(str.++("(",str.substr(Param0,0,3)),")")," "),str.substr(Param0,4,+(4,5)))
str.++(str.++(str.++(str.++("(",str.substr(Param0,0,3)),")")," "),str.substr(Param0,4,+(4,4)))
str.++(str.++(str.++(str.++("(",str.substr(Param0,0,3)),")")," "),str.substr(Param0,4,+(4,3)))
str.++(str.++(str.++(str.++("(",str.substr(Param0,0,3)),")")," "),str.substr(Param0,4,+(3,5)))
str.++(str.++(str.++(str.++("(",str.substr(Param0,0,3)),")")," "),str.substr(Param0,4,+(3,4)))
str.++(str.++(str.++(str.++("(",str.substr(Param0,0,3)),")")," "),str.substr(Param0,4,+(2,5)))
str.++(str.++(str.replace(str.++("(",str.substr(Param0,0,4)),"-",")")," "),str.substr(Param0,4,str.len(Param0)))
str.++(str.++(str.++("(",str.substr(Param0,0,3)),str.++(")"," ")),str.substr(Param0,4,+(5,5)))
str.++(str.++(str.++("(",str.++(str.substr(Param0,0,3),")"))," "),str.substr(Param0,4,+(5,5)))
str.++(str.++(str.++("(",str.replace(str.substr(Param0,0,4),"-",")"))," "),str.substr(Param0,4,str.len(Param0)))
str.++(str.++(str.++("(",str.substr(Param0,0,3)),str.++(")"," ")),str.substr(Param0,4,+(5,4)))
str.++(str.++(str.++("(",str.++(str.substr(Param0,0,3),")"))," "),str.substr(Param0,4,+(5,4)))
str.++(str.++(str.++("(",str.substr(Param0,0,3)),str.++(")"," ")),str.substr(Param0,4,+(5,3)))
str.++(str.++(str.++("(",str.++(str.substr(Param0,0,3),")"))," "),str.substr(Param0,4,+(5,3)))
str.++(str.++(str.++("(",str.substr(Param0,0,3)),str.++(")"," ")),str.substr(Param0,4,+(5,2)))
str.++(str.++(str.++("(",str.++(str.substr(Param0,0,3),")"))," "),str.substr(Param0,4,+(5,2)))
str.++(str.++(str.++("(",str.substr(Param0,0,3)),str.++(")"," ")),str.substr(Param0,4,+(4,5)))
str.++(str.++(str.++("(",str.++(str.substr(Param0,0,3),")"))," "),str.substr(Param0,4,+(4,5)))
str.++(str.++(str.++("(",str.substr(Param0,0,3)),str.++(")"," ")),str.substr(Param0,4,+(4,4)))
str.++(str.++(str.++("(",str.++(str.substr(Param0,0,3),")"))," "),str.substr(Param0,4,+(4,4)))
str.++(str.++(str.++("(",str.substr(Param0,0,3)),str.++(")"," ")),str.substr(Param0,4,+(4,3)))
str.++(str.++(str.++("(",str.++(str.substr(Param0,0,3),")"))," "),str.substr(Param0,4,+(4,3)))
str.++(str.++(str.++("(",str.substr(Param0,0,3)),str.++(")"," ")),str.substr(Param0,4,+(3,5)))
str.++(str.++(str.++("(",str.++(str.substr(Param0,0,3),")"))," "),str.substr(Param0,4,+(3,5)))
str.++(str.++(str.++("(",str.substr(Param0,0,3)),str.++(")"," ")),str.substr(Param0,4,+(3,4)))
str.++(str.++(str.++("(",str.++(str.substr(Param0,0,3),")"))," "),str.substr(Param0,4,+(3,4)))
str.++(str.++(str.++("(",str.substr(Param0,0,3)),str.++(")"," ")),str.substr(Param0,4,+(2,5)))
str.++(str.++(str.++("(",str.++(str.substr(Param0,0,3),")"))," "),str.substr(Param0,4,+(2,5)))
str.++(str.++(str.++("(",str.substr(Param0,0,3)),")"),str.replace(str.substr(Param0,3,str.len(Param0)),"-"," "))
str.++(str.replace(str.++("(",str.substr(Param0,0,4)),"-",")"),str.++(" ",str.substr(Param0,4,str.len(Param0))))
str.++(str.++(str.++("(",str.substr(Param0,0,3)),")"),str.++(" ",str.substr(Param0,4,+(5,5))))
str.++(str.++(str.++("(",str.substr(Param0,0,3)),")"),str.++(" ",str.substr(Param0,4,+(5,4))))
str.++(str.++(str.++("(",str.substr(Param0,0,3)),")"),str.++(" ",str.substr(Param0,4,+(5,3))))
str.++(str.++(str.++("(",str.substr(Param0,0,3)),")"),str.++(" ",str.substr(Param0,4,+(5,2))))
str.++(str.++(str.++("(",str.substr(Param0,0,3)),")"),str.++(" ",str.substr(Param0,4,+(4,5))))
str.++(str.++(str.++("(",str.substr(Param0,0,3)),")"),str.++(" ",str.substr(Param0,4,+(4,4))))
str.++(str.++(str.++("(",str.substr(Param0,0,3)),")"),str.++(" ",str.substr(Param0,4,+(4,3))))
str.++(str.++(str.++("(",str.substr(Param0,0,3)),")"),str.++(" ",str.substr(Param0,4,+(3,5))))
str.++(str.++(str.++("(",str.substr(Param0,0,3)),")"),str.++(" ",str.substr(Param0,4,+(3,4))))
str.++(str.++(str.++("(",str.substr(Param0,0,3)),")"),str.++(" ",str.substr(Param0,4,+(2,5))))
str.++(str.++("(",str.substr(Param0,0,3)),str.replace(str.++(")",str.substr(Param0,3,str.len(Param0))),"-"," "))
str.++("(",str.++(str.++(str.++(str.substr(Param0,0,3),")")," "),str.substr(Param0,4,+(5,5))))
str.++("(",str.++(str.replace(str.++(str.substr(Param0,0,4)," "),"-",")"),str.substr(Param0,4,str.len(Param0))))
str.++("(",str.++(str.++(str.substr(Param0,0,3),str.++(")"," ")),str.substr(Param0,4,+(5,5))))
str.++("(",str.++(str.++(str.replace(str.substr(Param0,0,4),"-",")")," "),str.substr(Param0,4,str.len(Param0))))
str.++("(",str.++(str.++(str.++(str.substr(Param0,0,3),")")," "),str.substr(Param0,4,+(5,4))))
str.++("(",str.++(str.++(str.substr(Param0,0,3),str.++(")"," ")),str.substr(Param0,4,+(5,4))))
str.++("(",str.++(str.++(str.++(str.substr(Param0,0,3),")")," "),str.substr(Param0,4,+(5,3))))
str.++("(",str.++(str.++(str.substr(Param0,0,3),str.++(")"," ")),str.substr(Param0,4,+(5,3))))
str.++("(",str.++(str.++(str.++(str.substr(Param0,0,3),")")," "),str.substr(Param0,4,+(5,2))))
str.++("(",str.++(str.++(str.substr(Param0,0,3),str.++(")"," ")),str.substr(Param0,4,+(5,2))))
str.++("(",str.++(str.++(str.++(str.substr(Param0,0,3),")")," "),str.substr(Param0,4,+(4,5))))
str.++("(",str.++(str.++(str.substr(Param0,0,3),str.++(")"," ")),str.substr(Param0,4,+(4,5))))
str.++("(",str.++(str.++(str.++(str.substr(Param0,0,3),")")," "),str.substr(Param0,4,+(4,4))))
str.++("(",str.++(str.++(str.substr(Param0,0,3),str.++(")"," ")),str.substr(Param0,4,+(4,4))))
str.++("(",str.++(str.++(str.++(str.substr(Param0,0,3),")")," "),str.substr(Param0,4,+(4,3))))
str.++("(",str.++(str.++(str.substr(Param0,0,3),str.++(")"," ")),str.substr(Param0,4,+(4,3))))
str.++("(",str.++(str.++(str.++(str.substr(Param0,0,3),")")," "),str.substr(Param0,4,+(3,5))))
str.++("(",str.++(str.++(str.substr(Param0,0,3),str.++(")"," ")),str.substr(Param0,4,+(3,5))))
str.++("(",str.++(str.++(str.++(str.substr(Param0,0,3),")")," "),str.substr(Param0,4,+(3,4))))
str.++("(",str.++(str.++(str.substr(Param0,0,3),str.++(")"," ")),str.substr(Param0,4,+(3,4))))
str.++("(",str.++(str.++(str.++(str.substr(Param0,0,3),")")," "),str.substr(Param0,4,+(2,5))))
str.++("(",str.++(str.++(str.substr(Param0,0,3),str.++(")"," ")),str.substr(Param0,4,+(2,5))))
str.++("(",str.++(str.replace(str.substr(Param0,0,4),"-",")"),str.++(" ",str.substr(Param0,4,str.len(Param0)))))
str.++("(",str.++(str.++(str.substr(Param0,0,3),")"),str.replace(str.substr(Param0,3,str.len(Param0)),"-"," ")))
str.++("(",str.++(str.++(str.substr(Param0,0,3),")"),str.++(" ",str.substr(Param0,4,+(5,5)))))
str.++("(",str.++(str.++(str.substr(Param0,0,3),")"),str.++(" ",str.substr(Param0,4,+(5,4)))))
str.++("(",str.++(str.++(str.substr(Param0,0,3),")"),str.++(" ",str.substr(Param0,4,+(5,3)))))
str.++("(",str.++(str.++(str.substr(Param0,0,3),")"),str.++(" ",str.substr(Param0,4,+(5,2)))))
str.++("(",str.++(str.++(str.substr(Param0,0,3),")"),str.++(" ",str.substr(Param0,4,+(4,5)))))
str.++("(",str.++(str.++(str.substr(Param0,0,3),")"),str.++(" ",str.substr(Param0,4,+(4,4)))))
str.++("(",str.++(str.++(str.substr(Param0,0,3),")"),str.++(" ",str.substr(Param0,4,+(4,3)))))
str.++("(",str.++(str.++(str.substr(Param0,0,3),")"),str.++(" ",str.substr(Param0,4,+(3,5)))))
str.++("(",str.++(str.++(str.substr(Param0,0,3),")"),str.++(" ",str.substr(Param0,4,+(3,4)))))
str.++("(",str.++(str.++(str.substr(Param0,0,3),")"),str.++(" ",str.substr(Param0,4,+(2,5)))))
str.++("(",str.++(str.substr(Param0,0,3),str.replace(str.++(")",str.substr(Param0,3,str.len(Param0))),"-"," ")))
str.++("(",str.++(str.substr(Param0,0,3),str.++(str.++(")"," "),str.substr(Param0,4,+(5,5)))))
str.++("(",str.++(str.substr(Param0,0,3),str.++(str.++(")"," "),str.substr(Param0,4,+(5,4)))))
str.++("(",str.++(str.substr(Param0,0,3),str.++(str.++(")"," "),str.substr(Param0,4,+(5,3)))))
str.++("(",str.++(str.substr(Param0,0,3),str.++(str.++(")"," "),str.substr(Param0,4,+(5,2)))))
