str.contains(Param0,"9999999")
=(1,str.indexof(Param0,str.substr(Param0,1,1),0))
=(1,str.indexof(Param0,str.substr(Param0,1,1),str.len("")))
=(1,str.indexof(Param0,str.substr(Param0,1,1),-(1,1)))
=(1,str.indexof(Param0,str.substr(Param0,1,1),-(-1,-1)))
=(1,str.indexof(Param0,str.substr(Param0,1,1),+(1,-1)))
=(1,str.indexof(Param0,str.substr(Param0,1,1),+(-1,1)))
=(0,-(1,str.indexof(Param0,str.substr(Param0,1,1),0)))
=(0,+(-1,str.indexof(Param0,str.substr(Param0,1,1),0)))
=(-1,-(0,str.indexof(Param0,str.substr(Param0,1,1),0)))
=(1,str.indexof(Param0,str.substr(Param0,1,-(0,-1)),0))
=(1,str.indexof(Param0,str.substr(Param0,-(0,-1),1),0))
=(-(0,-1),str.indexof(Param0,str.substr(Param0,1,1),0))
=(1,str.indexof(Param0,str.substr(Param0,1,1),str.to.int(int.to.str(0))))
=(1,str.indexof(Param0,str.substr(Param0,1,1),str.len(int.to.str(-1))))
=(-(0,-1),str.indexof(Param0,str.substr(Param0,1,1),str.len("")))
=(1,str.indexof(Param0,str.substr(Param0,1,-(0,-1)),str.len("")))
=(1,str.indexof(Param0,str.substr(Param0,-(0,-1),1),str.len("")))
=(1,str.indexof(Param0,str.substr(Param0,1,1),-(str.to.int(Param0),-1)))
=(1,str.indexof(Param0,str.substr(Param0,1,1),-(-1,str.to.int(Param0))))
=(1,str.indexof(Param0,str.substr(Param0,1,1),+(1,str.to.int(Param0))))
=(1,str.indexof(Param0,str.substr(Param0,1,1),+(str.to.int(Param0),1)))
=(str.len(""),-(1,str.indexof(Param0,str.substr(Param0,1,1),0)))
=(0,-(1,str.indexof(Param0,str.substr(Param0,1,1),str.len(""))))
=(str.len(""),+(-1,str.indexof(Param0,str.substr(Param0,1,1),0)))
=(0,+(str.to.int(Param0),str.indexof(Param0,str.substr(Param0,1,1),0)))
=(0,+(-1,str.indexof(Param0,str.substr(Param0,1,1),str.len(""))))
=(str.to.int(Param0),-(0,str.indexof(Param0,str.substr(Param0,1,1),0)))
=(-1,-(str.len(""),str.indexof(Param0,str.substr(Param0,1,1),0)))
=(-1,-(0,str.indexof(Param0,str.substr(Param0,1,1),str.len(""))))
=(1,str.indexof(Param0,str.substr(Param0,1,1),str.to.int(int.to.str(str.len("")))))
=(str.indexof(Param0,str.substr("9999999",1,1),0),str.indexof(Param0,"9999999",1))
=(str.indexof(Param0,str.substr("9999999",0,1),0),str.indexof(Param0,"9999999",1))
=(str.indexof(Param0,str.substr("9999999",1,1),0),str.indexof(Param0,"9999999",0))
=(str.indexof(Param0,str.substr("9999999",1,1),1),str.indexof(Param0,"9999999",1))
=(str.indexof(Param0,str.substr("9999999",0,1),0),str.indexof(Param0,"9999999",0))
=(str.indexof(Param0,str.substr("9999999",0,1),1),str.indexof(Param0,"9999999",1))
=(str.indexof(Param0,str.substr("9999999",1,1),1),str.indexof(Param0,"9999999",0))
=(str.indexof(Param0,str.substr("9999999",0,1),1),str.indexof(Param0,"9999999",0))
=(1,str.indexof(Param0,str.substr(Param0,1,1),str.len(int.to.str(str.to.int(Param0)))))
=(str.indexof(Param0,"9999999",1),str.indexof(Param0,str.substr("9999999",1,1),0))
=(str.indexof(Param0,"9999999",1),str.indexof(Param0,str.substr("9999999",0,1),0))
=(str.indexof(Param0,"9999999",1),str.indexof(Param0,str.substr("9999999",1,1),1))
=(str.indexof(Param0,"9999999",1),str.indexof(Param0,str.substr("9999999",0,1),1))
str.contains(str.++(str.substr(Param0,0,1),str.substr(Param0,1,str.len(Param0))),"9999999")
str.contains(Param0,str.++(str.substr("9999999",1,str.len(Param0)),str.substr("9999999",1,1)))
str.contains(Param0,str.++(str.substr("9999999",1,str.len(Param0)),str.substr("9999999",0,1)))
str.contains(Param0,str.++(str.substr("9999999",1,1),str.substr("9999999",1,str.len(Param0))))
str.contains(Param0,str.++(str.substr("9999999",0,1),str.substr("9999999",1,str.len(Param0))))
=(-(1,-1),+(1,str.indexof(Param0,str.substr(Param0,1,1),0)))
=(+(1,1),+(1,str.indexof(Param0,str.substr(Param0,1,1),0)))
=(1,+(-1,+(1,str.indexof(Param0,str.substr(Param0,1,1),0))))
=(-(0,-1),str.indexof(Param0,str.substr(Param0,1,1),-(1,1)))
=(1,-(0,-(0,str.indexof(Param0,str.substr(Param0,1,1),0))))
=(-(0,-1),str.indexof(Param0,str.substr(Param0,1,1),-(-1,-1)))
=(1,str.indexof(Param0,str.substr(Param0,-(0,-1),1),-(1,1)))
=(-(0,-1),str.indexof(Param0,str.substr(Param0,1,1),+(1,-1)))
=(1,str.indexof(Param0,str.substr(Param0,1,-(0,-1)),-(1,1)))
=(-(0,-1),str.indexof(Param0,str.substr(Param0,1,1),+(-1,1)))
=(-(0,-1),str.indexof(Param0,str.substr(Param0,1,-(0,-1)),0))
=(-(0,-1),str.indexof(Param0,str.substr(Param0,-(0,-1),1),0))
=(1,str.indexof(Param0,str.substr(Param0,-(0,-1),1),-(-1,-1)))
=(1,str.indexof(Param0,str.substr(Param0,1,-(0,-1)),-(-1,-1)))
=(1,str.indexof(Param0,str.substr(Param0,-(0,-1),1),+(1,-1)))
=(1,str.indexof(Param0,str.substr(Param0,1,-(0,-1)),+(1,-1)))
=(1,str.indexof(Param0,str.substr(Param0,-(0,-1),1),+(-1,1)))
=(1,str.indexof(Param0,str.substr(Param0,1,-(0,-1)),+(-1,1)))
=(1,str.indexof(Param0,str.substr(Param0,-(0,-1),-(0,-1)),0))
=(1,-(-1,-(-1,str.indexof(Param0,str.substr(Param0,1,1),0))))
=(1,str.indexof(Param0,str.substr(Param0,1,1),-(-(0,-1),1)))
=(1,str.indexof(Param0,str.substr(Param0,1,1),-(1,-(0,-1))))
=(1,str.indexof(Param0,str.substr(Param0,1,1),-(-(0,1),-1)))
=(1,str.indexof(Param0,str.substr(Param0,1,1),-(-1,-(0,1))))
=(1,str.indexof(Param0,str.substr(Param0,1,1),+(-(0,-1),-1)))
=(1,str.indexof(Param0,str.substr(Param0,1,1),+(1,-(0,1))))
=(1,str.indexof(Param0,str.substr(Param0,1,1),+(-1,-(0,-1))))
=(1,str.indexof(Param0,str.substr(Param0,1,1),+(-(0,1),1)))
=(-(1,1),-(1,str.indexof(Param0,str.substr(Param0,1,1),0)))
=(0,+(1,-(0,str.indexof(Param0,str.substr(Param0,1,1),0))))
=(-(-1,-1),-(1,str.indexof(Param0,str.substr(Param0,1,1),0)))
=(0,-(1,str.indexof(Param0,str.substr(Param0,1,1),-(1,1))))
=(+(1,-1),-(1,str.indexof(Param0,str.substr(Param0,1,1),0)))
=(0,-(1,str.indexof(Param0,str.substr(Param0,1,1),-(-1,-1))))
=(+(-1,1),-(1,str.indexof(Param0,str.substr(Param0,1,1),0)))
=(0,-(1,str.indexof(Param0,str.substr(Param0,1,1),+(1,-1))))
=(0,-(1,str.indexof(Param0,str.substr(Param0,1,1),+(-1,1))))
=(0,-(1,str.indexof(Param0,str.substr(Param0,1,-(0,-1)),0)))
=(0,-(1,str.indexof(Param0,str.substr(Param0,-(0,-1),1),0)))
=(0,-(-(0,-1),str.indexof(Param0,str.substr(Param0,1,1),0)))
=(-(1,1),+(-1,str.indexof(Param0,str.substr(Param0,1,1),0)))
=(0,+(-1,str.indexof(Param0,str.substr(Param0,1,1),-(1,1))))
=(-(-1,-1),+(-1,str.indexof(Param0,str.substr(Param0,1,1),0)))
=(0,+(-1,str.indexof(Param0,str.substr(Param0,1,1),-(-1,-1))))
=(+(1,-1),+(-1,str.indexof(Param0,str.substr(Param0,1,1),0)))
=(0,+(-1,str.indexof(Param0,str.substr(Param0,1,1),+(1,-1))))
=(+(-1,1),+(-1,str.indexof(Param0,str.substr(Param0,1,1),0)))
=(0,+(-1,str.indexof(Param0,str.substr(Param0,1,1),+(-1,1))))
=(0,+(-1,str.indexof(Param0,str.substr(Param0,1,-(0,-1)),0)))
=(0,+(-1,str.indexof(Param0,str.substr(Param0,-(0,-1),1),0)))
=(0,-(-1,-(0,str.indexof(Param0,str.substr(Param0,1,1),0))))
