  str.substr(Param0,+(Param1,-1),1)
  str.substr(Param0,+(-1,Param1),1)
  str.substr(Param0,+(Param1,str.to.int(Param0)),1)
  str.substr(Param0,+(str.to.int(Param0),Param1),1)
  str.substr(Param0,+(-1,Param1),str.to.int(int.to.str(1)))
  str.substr(Param0,str.to.int(int.to.str(+(Param1,-1))),1)
  str.substr(Param0,+(Param1,-1),str.to.int(int.to.str(1)))
  str.substr(Param0,str.to.int(int.to.str(+(-1,Param1))),1)
  str.substr(Param0,+(str.to.int(int.to.str(Param1)),-1),1)
  str.substr(Param0,+(-1,str.to.int(int.to.str(Param1))),1)
  str.substr(Param0,+(Param1,-1),+(2,-1))
  str.substr(Param0,+(-1,Param1),+(2,-1))
  str.substr(Param0,+(4,-(Param1,5)),1)
  str.substr(Param0,+(Param1,-1),+(-1,2))
  str.substr(Param0,+(-1,Param1),+(-1,2))
  str.substr(Param0,+(3,-(Param1,4)),1)
  str.substr(Param0,+(Param1,-1),-(5,4))
  str.substr(Param0,+(-1,Param1),-(5,4))
  str.substr(Param0,+(Param1,-1),-(4,3))
  str.substr(Param0,+(-1,Param1),-(4,3))
  str.substr(Param0,+(Param1,-1),-(3,2))
  str.substr(Param0,+(-1,Param1),-(3,2))
  str.substr(Param0,+(Param1,-1),-(0,-1))
  str.substr(Param0,+(-1,Param1),-(0,-1))
  str.substr(Param0,+(2,-(Param1,3)),1)
  str.substr(Param0,+(Param1,-(4,5)),1)
  str.substr(Param0,+(Param1,-(3,4)),1)
  str.substr(Param0,+(Param1,-(2,3)),1)
  str.substr(Param0,+(Param1,-(1,2)),1)
  str.substr(Param0,+(Param1,-(0,1)),1)
  str.substr(Param0,+(-(4,5),Param1),1)
  str.substr(Param0,+(-(3,4),Param1),1)
  str.substr(Param0,+(-(2,3),Param1),1)
  str.substr(Param0,+(-(1,2),Param1),1)
  str.substr(Param0,+(-(0,1),Param1),1)
  str.substr(Param0,+(-(Param1,3),2),1)
  str.substr(Param0,+(-(Param1,4),3),1)
  str.substr(Param0,+(-(Param1,5),4),1)
  str.substr(Param0,-(+(4,Param1),5),1)
  str.substr(Param0,-(+(Param1,4),5),1)
  str.substr(Param0,-(+(3,Param1),4),1)
  str.substr(Param0,-(+(Param1,3),4),1)
  str.substr(Param0,-(4,-(5,Param1)),1)
  str.substr(Param0,-(+(2,Param1),3),1)
  str.substr(Param0,-(+(Param1,2),3),1)
  str.substr(Param0,-(+(Param1,1),2),1)
  str.substr(Param0,-(+(1,Param1),2),1)
  str.substr(Param0,-(-(Param1,-1),2),1)
  str.substr(Param0,-(-(Param1,2),-1),1)
  str.substr(Param0,-(-1,-(0,Param1)),1)
  str.substr(Param0,+(str.to.int(Param0),Param1),str.to.int(int.to.str(1)))
  str.substr(Param0,+(Param1,str.to.int(Param0)),str.to.int(int.to.str(1)))
  str.substr(Param0,str.to.int(int.to.str(+(Param1,str.to.int(Param0)))),1)
  str.substr(Param0,str.to.int(int.to.str(+(str.to.int(Param0),Param1))),1)
  str.substr(Param0,+(str.to.int(int.to.str(Param1)),str.to.int(Param0)),1)
  str.substr(Param0,+(Param1,str.indexof(Param0," ",5)),1)
  str.substr(Param0,+(Param1,str.indexof(Param0," ",4)),1)
  str.substr(Param0,+(Param1,str.indexof(Param0," ",3)),1)
  str.substr(Param0,+(Param1,str.indexof(Param0," ",2)),1)
  str.substr(Param0,+(Param1,str.indexof(Param0," ",1)),1)
  str.substr(Param0,+(Param1,str.indexof(Param0," ",0)),1)
  str.substr(Param0,+(Param1,str.indexof(Param0," ",-1)),1)
  str.substr(Param0,+(Param1,str.indexof(Param0," ",Param1)),1)
  str.substr(Param0,+(Param1,str.indexof(Param0,"",-1)),1)
  str.substr(Param0,+(str.to.int(Param0),str.to.int(int.to.str(Param1))),1)
  str.substr(Param0,+(str.indexof(Param0," ",5),Param1),1)
  str.substr(Param0,+(str.indexof(Param0," ",4),Param1),1)
  str.substr(Param0,+(str.indexof(Param0," ",3),Param1),1)
  str.substr(Param0,+(str.indexof(Param0," ",2),Param1),1)
  str.substr(Param0,+(str.indexof(Param0," ",1),Param1),1)
  str.substr(Param0,+(str.indexof(Param0," ",0),Param1),1)
  str.substr(Param0,+(str.indexof(Param0," ",-1),Param1),1)
  str.substr(Param0,+(str.indexof(Param0," ",Param1),Param1),1)
  str.substr(Param0,+(str.indexof(Param0,"",-1),Param1),1)
  str.substr(Param0,+(str.to.int(Param0),Param1),+(2,-1))
  str.substr(Param0,+(Param1,str.to.int(Param0)),+(2,-1))
  str.substr(Param0,+(str.to.int(Param0),Param1),+(-1,2))
  str.substr(Param0,+(Param1,str.to.int(Param0)),+(-1,2))
  str.substr(Param0,+(str.to.int(Param0),Param1),-(5,4))
  str.substr(Param0,+(Param1,str.to.int(Param0)),-(5,4))
  str.substr(Param0,+(str.to.int(Param0),Param1),-(4,3))
  str.substr(Param0,+(Param1,str.to.int(Param0)),-(4,3))
  str.substr(Param0,+(str.to.int(Param0),Param1),-(3,2))
  str.substr(Param0,+(Param1,str.to.int(Param0)),-(3,2))
  str.substr(Param0,+(str.to.int(Param0),Param1),-(0,-1))
  str.substr(Param0,+(Param1,str.to.int(Param0)),-(0,-1))
  str.substr(Param0,+(Param1,-(str.len(""),1)),1)
  str.substr(Param0,+(-(str.len(""),1),Param1),1)
  str.substr(Param0,-(-(Param1,str.to.int(Param0)),2),1)
  str.substr(Param0,-(-(Param1,2),str.to.int(Param0)),1)
  str.substr(Param0,-(str.to.int(Param0),-(0,Param1)),1)
  str.substr(Param0,-(-1,-(str.len(""),Param1)),1)
  str.substr(Param0,+(Param1,str.indexof(Param0," ",str.len(" "))),1)
  str.substr(Param0,+(Param1,str.indexof(Param0," ",str.len(""))),1)
  str.substr(Param0,+(Param1,str.indexof(Param0," ",str.to.int(" "))),1)
  str.substr(Param0,+(Param1,str.indexof(Param0," ",str.to.int(""))),1)
  str.substr(Param0,+(Param1,str.indexof(Param0," ",str.to.int(Param0))),1)
  str.substr(Param0,+(Param1,str.indexof(Param0," ",str.len(Param0))),1)
  str.substr(Param0,+(Param1,str.indexof(Param0,"",str.to.int(Param0))),1)
  str.substr(Param0,+(str.indexof(Param0," ",str.len(" ")),Param1),1)
