str.substr(Param0,+(5,str.indexof(Param0," ",0)),3)
str.substr(Param0,+(1,str.indexof(Param0,"-",5)),3)
str.substr(Param0,+(5,str.indexof(Param0," ",2)),3)
str.substr(Param0,+(5,str.indexof(Param0," ",1)),3)
str.substr(Param0,+(1,str.indexof(Param0,"-",4)),3)
str.substr(Param0,+(1,str.indexof(Param0,"-",3)),3)
str.substr(Param0,+(1,str.indexof(Param0,"-",2)),3)
str.substr(Param0,+(1,str.indexof(Param0,"-",1)),3)
str.substr(Param0,+(1,str.indexof(Param0,"-",0)),3)
str.substr(Param0,+(str.indexof(Param0,"-",5),1),3)
str.substr(Param0,+(str.indexof(Param0,"-",4),1),3)
str.substr(Param0,+(str.indexof(Param0,"-",3),1),3)
str.substr(Param0,+(str.indexof(Param0,"-",2),1),3)
str.substr(Param0,+(str.indexof(Param0,"-",1),1),3)
str.substr(Param0,+(str.indexof(Param0,"-",0),1),3)
str.substr(Param0,+(str.indexof(Param0," ",0),5),3)
str.substr(Param0,+(str.indexof(Param0," ",2),5),3)
str.substr(Param0,+(str.indexof(Param0," ",1),5),3)
str.substr(Param0,-(-(str.len(Param0),2),5),3)
str.substr(Param0,-(-(str.len(Param0),3),4),3)
str.substr(Param0,-(str.len(Param0),+(5,2)),3)
str.substr(Param0,-(str.len(Param0),+(4,3)),3)
str.substr(Param0,-(str.len(Param0),+(3,4)),3)
str.substr(Param0,-(str.len(Param0),+(2,5)),3)
str.++(str.substr(Param0,+(5,str.indexof(Param0," ",0)),2),str.substr(Param0,-(str.len(Param0),5),1))
str.++(str.substr(Param0,+(1,str.indexof(Param0,"-",5)),2),str.substr(Param0,-(str.len(Param0),5),1))
str.++(str.substr(Param0,+(5,str.indexof(Param0," ",2)),2),str.substr(Param0,-(str.len(Param0),5),1))
str.++(str.substr(Param0,+(5,str.indexof(Param0," ",1)),2),str.substr(Param0,-(str.len(Param0),5),1))
str.++(str.substr(Param0,+(1,str.indexof(Param0,"-",4)),2),str.substr(Param0,-(str.len(Param0),5),1))
str.++(str.substr(Param0,+(1,str.indexof(Param0,"-",3)),2),str.substr(Param0,-(str.len(Param0),5),1))
str.++(str.substr(Param0,+(1,str.indexof(Param0,"-",2)),2),str.substr(Param0,-(str.len(Param0),5),1))
str.++(str.substr(Param0,+(1,str.indexof(Param0,"-",1)),2),str.substr(Param0,-(str.len(Param0),5),1))
str.++(str.substr(Param0,+(1,str.indexof(Param0,"-",0)),2),str.substr(Param0,-(str.len(Param0),5),1))
str.++(str.substr(Param0,+(str.indexof(Param0,"-",5),1),2),str.substr(Param0,-(str.len(Param0),5),1))
str.++(str.substr(Param0,+(str.indexof(Param0,"-",4),1),2),str.substr(Param0,-(str.len(Param0),5),1))
str.++(str.substr(Param0,+(str.indexof(Param0,"-",3),1),2),str.substr(Param0,-(str.len(Param0),5),1))
str.++(str.substr(Param0,+(str.indexof(Param0,"-",2),1),2),str.substr(Param0,-(str.len(Param0),5),1))
str.++(str.substr(Param0,+(str.indexof(Param0,"-",1),1),2),str.substr(Param0,-(str.len(Param0),5),1))
str.++(str.substr(Param0,+(str.indexof(Param0,"-",0),1),2),str.substr(Param0,-(str.len(Param0),5),1))
str.++(str.substr(Param0,+(str.indexof(Param0," ",0),5),2),str.substr(Param0,-(str.len(Param0),5),1))
str.++(str.substr(Param0,+(str.indexof(Param0," ",2),5),2),str.substr(Param0,-(str.len(Param0),5),1))
str.++(str.substr(Param0,+(str.indexof(Param0," ",1),5),2),str.substr(Param0,-(str.len(Param0),5),1))
str.++(str.substr(Param0,+(5,str.indexof(Param0," ",0)),1),str.substr(Param0,+(2,str.indexof(Param0,"-",5)),2))
str.++(str.substr(Param0,+(1,str.indexof(Param0,"-",5)),1),str.substr(Param0,+(2,str.indexof(Param0,"-",5)),2))
str.++(str.substr(Param0,+(5,str.indexof(Param0," ",0)),1),str.substr(Param0,+(2,str.indexof(Param0,"-",4)),2))
str.++(str.substr(Param0,+(5,str.indexof(Param0," ",2)),1),str.substr(Param0,+(2,str.indexof(Param0,"-",5)),2))
str.++(str.substr(Param0,+(1,str.indexof(Param0,"-",5)),1),str.substr(Param0,+(2,str.indexof(Param0,"-",4)),2))
str.++(str.substr(Param0,+(5,str.indexof(Param0," ",1)),1),str.substr(Param0,+(2,str.indexof(Param0,"-",5)),2))
str.++(str.substr(Param0,+(5,str.indexof(Param0," ",2)),1),str.substr(Param0,+(2,str.indexof(Param0,"-",4)),2))
str.++(str.substr(Param0,+(1,str.indexof(Param0,"-",5)),1),str.substr(Param0,+(2,str.indexof(Param0,"-",3)),2))
str.++(str.substr(Param0,+(5,str.indexof(Param0," ",1)),1),str.substr(Param0,+(2,str.indexof(Param0,"-",4)),2))
str.++(str.substr(Param0,+(5,str.indexof(Param0," ",2)),1),str.substr(Param0,+(2,str.indexof(Param0,"-",3)),2))
str.++(str.substr(Param0,+(1,str.indexof(Param0,"-",5)),1),str.substr(Param0,+(2,str.indexof(Param0,"-",2)),2))
str.++(str.substr(Param0,+(5,str.indexof(Param0," ",1)),1),str.substr(Param0,+(2,str.indexof(Param0,"-",3)),2))
str.++(str.substr(Param0,+(5,str.indexof(Param0," ",2)),1),str.substr(Param0,+(2,str.indexof(Param0,"-",2)),2))
str.++(str.substr(Param0,+(1,str.indexof(Param0,"-",5)),1),str.substr(Param0,+(2,str.indexof(Param0,"-",1)),2))
str.++(str.substr(Param0,+(5,str.indexof(Param0," ",1)),1),str.substr(Param0,+(2,str.indexof(Param0,"-",2)),2))
str.++(str.substr(Param0,+(5,str.indexof(Param0," ",2)),1),str.substr(Param0,+(2,str.indexof(Param0,"-",1)),2))
str.++(str.substr(Param0,+(1,str.indexof(Param0,"-",5)),1),str.substr(Param0,+(2,str.indexof(Param0,"-",0)),2))
str.++(str.substr(Param0,+(5,str.indexof(Param0," ",1)),1),str.substr(Param0,+(2,str.indexof(Param0,"-",1)),2))
str.++(str.substr(Param0,+(5,str.indexof(Param0," ",2)),1),str.substr(Param0,+(2,str.indexof(Param0,"-",0)),2))
str.++(str.substr(Param0,+(1,str.indexof(Param0,"-",5)),1),str.substr(Param0,+(str.indexof(Param0,"-",5),2),2))
str.++(str.substr(Param0,+(5,str.indexof(Param0," ",1)),1),str.substr(Param0,+(2,str.indexof(Param0,"-",0)),2))
str.++(str.substr(Param0,+(5,str.indexof(Param0," ",2)),1),str.substr(Param0,+(str.indexof(Param0,"-",5),2),2))
str.++(str.substr(Param0,+(1,str.indexof(Param0,"-",5)),1),str.substr(Param0,+(str.indexof(Param0,"-",4),2),2))
str.++(str.substr(Param0,+(5,str.indexof(Param0," ",1)),1),str.substr(Param0,+(str.indexof(Param0,"-",5),2),2))
str.++(str.substr(Param0,+(5,str.indexof(Param0," ",2)),1),str.substr(Param0,+(str.indexof(Param0,"-",4),2),2))
str.++(str.substr(Param0,+(str.indexof(Param0,"-",4),1),2),str.substr(Param0,+(3,str.indexof(Param0,"-",5)),1))
str.++(str.substr(Param0,+(1,str.indexof(Param0,"-",5)),2),str.substr(Param0,+(3,str.indexof(Param0,"-",5)),1))
str.++(str.substr(Param0,+(5,str.indexof(Param0," ",1)),2),str.substr(Param0,+(3,str.indexof(Param0,"-",5)),1))
str.++(str.substr(Param0,+(str.indexof(Param0,"-",4),1),2),str.substr(Param0,+(3,str.indexof(Param0,"-",4)),1))
str.++(str.substr(Param0,+(1,str.indexof(Param0,"-",5)),2),str.substr(Param0,+(3,str.indexof(Param0,"-",4)),1))
str.++(str.substr(Param0,+(5,str.indexof(Param0," ",1)),2),str.substr(Param0,+(3,str.indexof(Param0,"-",4)),1))
str.++(str.substr(Param0,+(str.indexof(Param0,"-",5),1),2),str.substr(Param0,+(3,str.indexof(Param0,"-",5)),1))
str.++(str.substr(Param0,+(1,str.indexof(Param0,"-",3)),2),str.substr(Param0,+(3,str.indexof(Param0,"-",5)),1))
str.++(str.substr(Param0,+(str.indexof(Param0,"-",4),1),2),str.substr(Param0,+(3,str.indexof(Param0,"-",3)),1))
str.++(str.substr(Param0,+(1,str.indexof(Param0,"-",5)),2),str.substr(Param0,+(3,str.indexof(Param0,"-",3)),1))
str.++(str.substr(Param0,+(5,str.indexof(Param0," ",1)),2),str.substr(Param0,+(3,str.indexof(Param0,"-",3)),1))
str.++(str.substr(Param0,+(str.indexof(Param0,"-",5),1),2),str.substr(Param0,+(3,str.indexof(Param0,"-",4)),1))
str.++(str.substr(Param0,+(1,str.indexof(Param0,"-",3)),2),str.substr(Param0,+(3,str.indexof(Param0,"-",4)),1))
str.++(str.substr(Param0,+(str.indexof(Param0,"-",4),1),2),str.substr(Param0,+(3,str.indexof(Param0,"-",2)),1))
str.++(str.substr(Param0,+(1,str.indexof(Param0,"-",5)),2),str.substr(Param0,+(3,str.indexof(Param0,"-",2)),1))
str.++(str.substr(Param0,+(5,str.indexof(Param0," ",1)),2),str.substr(Param0,+(3,str.indexof(Param0,"-",2)),1))
str.++(str.substr(Param0,+(str.indexof(Param0,"-",5),1),2),str.substr(Param0,+(3,str.indexof(Param0,"-",3)),1))
str.++(str.substr(Param0,+(1,str.indexof(Param0,"-",3)),2),str.substr(Param0,+(3,str.indexof(Param0,"-",3)),1))
str.++(str.substr(Param0,+(str.indexof(Param0,"-",4),1),2),str.substr(Param0,+(3,str.indexof(Param0,"-",1)),1))
str.++(str.substr(Param0,+(1,str.indexof(Param0,"-",5)),2),str.substr(Param0,+(3,str.indexof(Param0,"-",1)),1))
str.++(str.substr(Param0,+(5,str.indexof(Param0," ",1)),2),str.substr(Param0,+(3,str.indexof(Param0,"-",1)),1))
str.++(str.substr(Param0,+(str.indexof(Param0,"-",5),1),2),str.substr(Param0,+(3,str.indexof(Param0,"-",2)),1))
str.++(str.substr(Param0,+(1,str.indexof(Param0,"-",3)),2),str.substr(Param0,+(3,str.indexof(Param0,"-",2)),1))
str.++(str.substr(Param0,+(str.indexof(Param0,"-",4),1),2),str.substr(Param0,+(3,str.indexof(Param0,"-",0)),1))
str.++(str.substr(Param0,+(1,str.indexof(Param0,"-",5)),2),str.substr(Param0,+(3,str.indexof(Param0,"-",0)),1))
str.++(str.substr(Param0,+(5,str.indexof(Param0," ",1)),2),str.substr(Param0,+(3,str.indexof(Param0,"-",0)),1))
str.++(str.substr(Param0,+(str.indexof(Param0,"-",5),1),2),str.substr(Param0,+(3,str.indexof(Param0,"-",1)),1))
str.++(str.substr(Param0,+(1,str.indexof(Param0,"-",3)),2),str.substr(Param0,+(3,str.indexof(Param0,"-",1)),1))
str.++(str.substr(Param0,+(str.indexof(Param0,"-",4),1),2),str.substr(Param0,+(str.indexof(Param0,"-",5),3),1))
str.++(str.substr(Param0,+(1,str.indexof(Param0,"-",5)),2),str.substr(Param0,+(str.indexof(Param0,"-",5),3),1))
str.++(str.substr(Param0,+(5,str.indexof(Param0," ",1)),2),str.substr(Param0,+(str.indexof(Param0,"-",5),3),1))
str.++(str.substr(Param0,+(str.indexof(Param0,"-",5),1),2),str.substr(Param0,+(3,str.indexof(Param0,"-",0)),1))
str.++(str.substr(Param0,+(1,str.indexof(Param0,"-",3)),2),str.substr(Param0,+(3,str.indexof(Param0,"-",0)),1))
