str.replace(str.replace(str.replace(str.substr(Param0,1,str.len(Param0))," ","."),"-","."),"-",".")
str.replace(str.replace(str.replace(str.substr(Param0,1,str.len(Param0)),"-",".")," ","."),"-",".")
str.replace(str.replace(str.replace(str.substr(Param0,1,str.len(Param0)),"-","."),"-",".")," ",".")
str.replace(str.replace(str.replace(str.substr(Param0,str.to.int(int.to.str(1)),str.len(Param0))," ","."),"-","."),"-",".")
str.replace(str.replace(str.replace(str.substr(Param0,-(5,4),str.len(Param0))," ","."),"-","."),"-",".")
str.replace(str.replace(str.replace(str.substr(Param0,1,str.to.int(int.to.str(str.len(Param0))))," ","."),"-","."),"-",".")
str.replace(str.replace(str.replace(str.substr(Param0,-(4,3),str.len(Param0))," ","."),"-","."),"-",".")
str.replace(str.replace(str.replace(str.substr(Param0,1,-(str.len(Param0),1))," ","."),"-","."),"-",".")
str.replace(str.replace(str.replace(str.substr(Param0,-(3,2),str.len(Param0))," ","."),"-","."),"-",".")
str.replace(str.replace(str.replace(str.substr(Param0,1,-(str.len(Param0),0))," ","."),"-","."),"-",".")
str.replace(str.replace(str.replace(str.substr(Param0,1,+(str.len(Param0),0))," ","."),"-","."),"-",".")
str.replace(str.replace(str.replace(str.substr(Param0,str.to.int(int.to.str(1)),str.len(Param0)),"-",".")," ","."),"-",".")
str.replace(str.replace(str.replace(str.substr(Param0,-(5,4),str.len(Param0)),"-",".")," ","."),"-",".")
str.replace(str.replace(str.replace(str.substr(Param0,1,str.to.int(int.to.str(str.len(Param0)))),"-",".")," ","."),"-",".")
str.replace(str.replace(str.replace(str.substr(Param0,-(4,3),str.len(Param0)),"-",".")," ","."),"-",".")
str.replace(str.replace(str.replace(str.substr(Param0,1,-(str.len(Param0),1)),"-",".")," ","."),"-",".")
str.replace(str.replace(str.replace(str.substr(Param0,-(3,2),str.len(Param0)),"-",".")," ","."),"-",".")
str.replace(str.replace(str.replace(str.substr(Param0,1,-(str.len(Param0),0)),"-",".")," ","."),"-",".")
str.replace(str.replace(str.replace(str.substr(Param0,1,+(str.len(Param0),0)),"-",".")," ","."),"-",".")
str.replace(str.replace(str.replace(str.substr(Param0,str.to.int(int.to.str(1)),str.len(Param0)),"-","."),"-",".")," ",".")
str.replace(str.replace(str.replace(str.substr(Param0,-(5,4),str.len(Param0)),"-","."),"-",".")," ",".")
str.replace(str.replace(str.replace(str.substr(Param0,1,str.to.int(int.to.str(str.len(Param0)))),"-","."),"-",".")," ",".")
str.replace(str.replace(str.replace(str.substr(Param0,-(4,3),str.len(Param0)),"-","."),"-",".")," ",".")
str.replace(str.replace(str.replace(str.substr(Param0,1,-(str.len(Param0),1)),"-","."),"-",".")," ",".")
str.replace(str.replace(str.replace(str.substr(Param0,-(3,2),str.len(Param0)),"-","."),"-",".")," ",".")
str.replace(str.replace(str.replace(str.substr(Param0,1,-(str.len(Param0),0)),"-","."),"-",".")," ",".")
str.replace(str.replace(str.replace(str.substr(Param0,1,+(str.len(Param0),0)),"-","."),"-",".")," ",".")
str.replace(str.replace(str.replace(str.replace(str.substr(Param0,1,str.len(Param0)),"-","."),"-",".")," ","-"),"-",".")
str.replace(str.replace(str.replace(str.replace(str.substr(Param0,1,str.len(Param0))," ","."),"-","."),"-","+"),"+",".")
str.replace(str.replace(str.replace(str.replace(str.substr(Param0,1,str.len(Param0)),"-",".")," ","."),"-","+"),"+",".")
str.replace(str.replace(str.replace(str.replace(str.substr(Param0,1,str.len(Param0)),"-","."),"-","+")," ","."),"+",".")
str.replace(str.replace(str.replace(str.replace(str.substr(Param0,1,str.len(Param0))," ","-"),"-","."),"-","."),"-",".")
str.replace(str.replace(str.replace(str.replace(str.substr(Param0,1,str.len(Param0))," ","+"),"+","."),"-","."),"-",".")
str.replace(str.replace(str.replace(str.substr(Param0,-(0,str.to.int(Param0)),str.len(Param0))," ","."),"-","."),"-",".")
str.replace(str.replace(str.replace(str.substr(Param0,1,+(str.len(Param0),str.to.int(Param0)))," ","."),"-","."),"-",".")
str.replace(str.replace(str.replace(str.substr(Param0,+(2,str.to.int(Param0)),str.len(Param0))," ","."),"-","."),"-",".")
str.replace(str.replace(str.replace(str.substr(Param0,1,+(+(5,5),5))," ","."),"-","."),"-",".")
str.replace(str.replace(str.replace(str.substr(Param0,+(str.to.int(Param0),2),str.len(Param0))," ","."),"-","."),"-",".")
str.replace(str.replace(str.replace(str.substr(Param0,1,+(5,+(5,5)))," ","."),"-","."),"-",".")
str.replace(str.replace(str.replace(str.substr(Param0,1,+(str.to.int(Param0),str.len(Param0)))," ","."),"-","."),"-",".")
str.replace(str.replace(str.replace(str.replace(str.substr(Param0,1,str.len(Param0))," ","."),"-","+"),"-","."),"+",".")
str.replace(str.replace(str.replace(str.replace(str.substr(Param0,1,str.len(Param0)),"-","+")," ","."),"-","."),"+",".")
str.replace(str.replace(str.replace(str.replace(str.substr(Param0,1,str.len(Param0)),"-","+"),"-",".")," ","."),"+",".")
str.replace(str.replace(str.replace(str.replace(str.substr(Param0,1,str.len(Param0)),"-",".")," ","-"),"-","."),"-",".")
str.replace(str.replace(str.replace(str.replace(str.substr(Param0,1,str.len(Param0))," ","."),"-","+"),"+","."),"-",".")
str.replace(str.replace(str.replace(str.replace(str.substr(Param0,1,str.len(Param0)),"-","+")," ","."),"+","."),"-",".")
str.replace(str.replace(str.replace(str.replace(str.substr(Param0,1,str.len(Param0))," ","+"),"-","."),"+","."),"-",".")
str.replace(str.replace(str.replace(str.replace(str.substr(Param0,1,str.len(Param0)),"-",".")," ","+"),"+","."),"-",".")
str.replace(str.replace(str.replace(str.replace(str.substr(Param0,1,str.len(Param0))," ","."),"-"," ")," ","."),"-",".")
str.replace(str.replace(str.replace(str.replace(str.substr(Param0,1,str.len(Param0)),"-"," ")," ",".")," ","."),"-",".")
str.replace(str.replace(str.replace(str.substr(Param0,-(0,str.to.int(Param0)),str.len(Param0)),"-",".")," ","."),"-",".")
str.replace(str.replace(str.replace(str.substr(Param0,1,+(str.len(Param0),str.to.int(Param0))),"-",".")," ","."),"-",".")
str.replace(str.replace(str.replace(str.substr(Param0,+(2,str.to.int(Param0)),str.len(Param0)),"-",".")," ","."),"-",".")
str.replace(str.replace(str.replace(str.substr(Param0,1,+(+(5,5),5)),"-",".")," ","."),"-",".")
str.replace(str.replace(str.replace(str.substr(Param0,+(str.to.int(Param0),2),str.len(Param0)),"-",".")," ","."),"-",".")
str.replace(str.replace(str.replace(str.substr(Param0,1,+(5,+(5,5))),"-",".")," ","."),"-",".")
str.replace(str.replace(str.replace(str.substr(Param0,1,+(str.to.int(Param0),str.len(Param0))),"-",".")," ","."),"-",".")
str.replace(str.replace(str.replace(str.replace(str.substr(Param0,1,str.len(Param0))," ","+"),"-","."),"-","."),"+",".")
str.replace(str.replace(str.replace(str.replace(str.substr(Param0,1,str.len(Param0)),"-","+"),"+",".")," ","."),"-",".")
str.replace(str.replace(str.replace(str.replace(str.substr(Param0,1,str.len(Param0)),"-",".")," ","+"),"-","."),"+",".")
str.replace(str.replace(str.replace(str.replace(str.substr(Param0,1,str.len(Param0)),"-","."),"-",".")," ","+"),"+",".")
str.replace(str.replace(str.replace(str.replace(str.substr(Param0,1,str.len(Param0))," ","."),"-","."),"-"," ")," ",".")
str.replace(str.replace(str.replace(str.replace(str.substr(Param0,1,str.len(Param0)),"-",".")," ","."),"-"," ")," ",".")
str.replace(str.replace(str.replace(str.replace(str.substr(Param0,1,str.len(Param0)),"-","."),"-"," ")," ",".")," ",".")
str.replace(str.replace(str.replace(str.replace(str.substr(Param0,1,str.len(Param0))," ","."),"-"," "),"-",".")," ",".")
str.replace(str.replace(str.replace(str.replace(str.substr(Param0,1,str.len(Param0)),"-"," ")," ","."),"-",".")," ",".")
str.replace(str.replace(str.replace(str.replace(str.substr(Param0,1,str.len(Param0)),"-"," "),"-",".")," ",".")," ",".")
str.replace(str.replace(str.replace(str.substr(Param0,-(0,str.to.int(Param0)),str.len(Param0)),"-","."),"-",".")," ",".")
str.replace(str.replace(str.replace(str.substr(Param0,1,+(str.len(Param0),str.to.int(Param0))),"-","."),"-",".")," ",".")
str.replace(str.replace(str.replace(str.substr(Param0,+(2,str.to.int(Param0)),str.len(Param0)),"-","."),"-",".")," ",".")
str.replace(str.replace(str.replace(str.substr(Param0,1,+(+(5,5),5)),"-","."),"-",".")," ",".")
str.replace(str.replace(str.replace(str.substr(Param0,+(str.to.int(Param0),2),str.len(Param0)),"-","."),"-",".")," ",".")
str.replace(str.replace(str.replace(str.substr(Param0,1,+(5,+(5,5))),"-","."),"-",".")," ",".")
str.replace(str.replace(str.replace(str.substr(Param0,1,+(str.to.int(Param0),str.len(Param0))),"-","."),"-",".")," ",".")
str.replace(str.replace(str.replace(str.replace(str.substr(Param0,1,str.len(Param0)),"-","."),"-","+"),"+",".")," ",".")
str.replace(str.replace(str.replace(str.replace(str.substr(Param0,1,str.len(Param0)),"-","+"),"+","."),"-",".")," ",".")
str.replace(str.replace(str.replace(str.replace(str.substr(Param0,1,str.len(Param0)),"-","+"),"-","."),"+",".")," ",".")
str.replace(str.replace(str.replace(str.substr(Param0,-(4,3),str.to.int(int.to.str(str.len(Param0)))),"-","."),"-",".")," ",".")
str.replace(str.replace(str.replace(str.substr(Param0,str.to.int(int.to.str(1)),str.to.int(int.to.str(str.len(Param0)))),"-","."),"-",".")," ",".")
str.replace(str.replace(str.replace(str.substr(Param0,-(3,2),str.to.int(int.to.str(str.len(Param0)))),"-","."),"-",".")," ",".")
str.replace(str.replace(str.replace(str.substr(Param0,-(5,4),str.to.int(int.to.str(str.len(Param0)))),"-","."),"-",".")," ",".")
str.replace(str.replace(str.replace(str.substr(Param0,1,-(str.len(Param0),str.to.int(int.to.str(1)))),"-","."),"-",".")," ",".")
str.replace(str.replace(str.replace(str.substr(Param0,str.to.int(int.to.str(1)),-(str.len(Param0),1)),"-","."),"-",".")," ",".")
str.replace(str.replace(str.replace(str.substr(Param0,-(3,2),-(str.len(Param0),1)),"-","."),"-",".")," ",".")
str.replace(str.replace(str.replace(str.substr(Param0,-(4,3),-(str.len(Param0),1)),"-","."),"-",".")," ",".")
str.replace(str.replace(str.replace(str.substr(Param0,1,-(str.len(Param0),str.to.int(int.to.str(0)))),"-","."),"-",".")," ",".")
str.replace(str.replace(str.replace(str.substr(Param0,str.to.int(int.to.str(1)),-(str.len(Param0),0)),"-","."),"-",".")," ",".")
str.replace(str.replace(str.replace(str.substr(Param0,-(3,2),-(str.len(Param0),0)),"-","."),"-",".")," ",".")
str.replace(str.replace(str.replace(str.substr(Param0,-(4,3),-(str.len(Param0),0)),"-","."),"-",".")," ",".")
str.replace(str.replace(str.replace(str.substr(Param0,1,-(str.len(Param0),-(5,5))),"-","."),"-",".")," ",".")
str.replace(str.replace(str.replace(str.substr(Param0,str.to.int(int.to.str(1)),+(str.len(Param0),0)),"-","."),"-",".")," ",".")
str.replace(str.replace(str.replace(str.substr(Param0,-(3,2),+(str.len(Param0),0)),"-","."),"-",".")," ",".")
str.replace(str.replace(str.replace(str.substr(Param0,str.to.int(int.to.str(1)),str.to.int(int.to.str(str.len(Param0))))," ","."),"-","."),"-",".")
str.replace(str.replace(str.replace(str.substr(Param0,-(4,3),+(str.len(Param0),0)),"-","."),"-",".")," ",".")
str.replace(str.replace(str.replace(str.substr(Param0,-(4,3),str.to.int(int.to.str(str.len(Param0)))),"-",".")," ","."),"-",".")
str.replace(str.replace(str.replace(str.substr(Param0,str.to.int(int.to.str(1)),str.to.int(int.to.str(str.len(Param0)))),"-",".")," ","."),"-",".")
str.replace(str.replace(str.replace(str.substr(Param0,-(4,3),str.to.int(int.to.str(str.len(Param0))))," ","."),"-","."),"-",".")
str.replace(str.replace(str.replace(str.substr(Param0,-(3,2),str.to.int(int.to.str(str.len(Param0))))," ","."),"-","."),"-",".")
str.replace(str.replace(str.replace(str.substr(Param0,1,-(str.len(Param0),-(5,4))),"-","."),"-",".")," ",".")
str.replace(str.replace(str.replace(str.substr(Param0,1,-(str.len(Param0),str.to.int(int.to.str(1))))," ","."),"-","."),"-",".")
