str.replace(str.replace(str.replace(str.substr(Param0,1,str.len(Param0))," ","."),"-","."),"-",".")
str.replace(str.replace(str.replace(str.substr(Param0,1,str.len(Param0)),"-",".")," ","."),"-",".")
str.replace(str.replace(str.replace(str.substr(Param0,1,str.len(Param0)),"-","."),"-",".")," ",".")
str.replace(str.replace(str.replace(str.substr(Param0,-(5,4),str.len(Param0))," ","."),"-","."),"-",".")
str.replace(str.replace(str.replace(str.substr(Param0,1,-(str.len(Param0),1))," ","."),"-","."),"-",".")
str.replace(str.replace(str.replace(str.substr(Param0,-(4,3),str.len(Param0))," ","."),"-","."),"-",".")
str.replace(str.replace(str.replace(str.substr(Param0,1,-(str.len(Param0),0))," ","."),"-","."),"-",".")
str.replace(str.replace(str.replace(str.substr(Param0,-(3,2),str.len(Param0))," ","."),"-","."),"-",".")
str.replace(str.replace(str.replace(str.substr(Param0,1,+(str.len(Param0),0))," ","."),"-","."),"-",".")
str.replace(str.replace(str.replace(str.substr(Param0,-(5,4),str.len(Param0)),"-",".")," ","."),"-",".")
str.replace(str.replace(str.replace(str.substr(Param0,1,-(str.len(Param0),1)),"-",".")," ","."),"-",".")
str.replace(str.replace(str.replace(str.substr(Param0,-(4,3),str.len(Param0)),"-",".")," ","."),"-",".")
str.replace(str.replace(str.replace(str.substr(Param0,1,-(str.len(Param0),0)),"-",".")," ","."),"-",".")
str.replace(str.replace(str.replace(str.substr(Param0,-(3,2),str.len(Param0)),"-",".")," ","."),"-",".")
str.replace(str.replace(str.replace(str.substr(Param0,1,+(str.len(Param0),0)),"-",".")," ","."),"-",".")
str.replace(str.replace(str.replace(str.substr(Param0,-(5,4),str.len(Param0)),"-","."),"-",".")," ",".")
str.replace(str.replace(str.replace(str.substr(Param0,1,-(str.len(Param0),1)),"-","."),"-",".")," ",".")
str.replace(str.replace(str.replace(str.substr(Param0,-(4,3),str.len(Param0)),"-","."),"-",".")," ",".")
str.replace(str.replace(str.replace(str.substr(Param0,1,-(str.len(Param0),0)),"-","."),"-",".")," ",".")
str.replace(str.replace(str.replace(str.substr(Param0,-(3,2),str.len(Param0)),"-","."),"-",".")," ",".")
str.replace(str.replace(str.replace(str.substr(Param0,1,+(str.len(Param0),0)),"-","."),"-",".")," ",".")
str.replace(str.replace(str.replace(str.replace(str.substr(Param0,1,str.len(Param0))," ","-"),"-","."),"-","."),"-",".")
str.replace(str.replace(str.replace(str.replace(str.substr(Param0,1,str.len(Param0))," ","+"),"+","."),"-","."),"-",".")
str.replace(str.replace(str.replace(str.replace(str.substr(Param0,1,str.len(Param0)),"-",".")," ","-"),"-","."),"-",".")
str.replace(str.replace(str.replace(str.replace(str.substr(Param0,1,str.len(Param0))," ","."),"-","+"),"+","."),"-",".")
str.replace(str.replace(str.replace(str.replace(str.substr(Param0,1,str.len(Param0)),"-","+")," ","."),"+","."),"-",".")
str.replace(str.replace(str.replace(str.replace(str.substr(Param0,1,str.len(Param0))," ","+"),"-","."),"+","."),"-",".")
str.replace(str.replace(str.replace(str.replace(str.substr(Param0,1,str.len(Param0)),"-",".")," ","+"),"+","."),"-",".")
str.replace(str.replace(str.replace(str.replace(str.substr(Param0,1,str.len(Param0))," ","."),"-"," ")," ","."),"-",".")
str.replace(str.replace(str.replace(str.replace(str.substr(Param0,1,str.len(Param0)),"-"," ")," ",".")," ","."),"-",".")
str.replace(str.replace(str.replace(str.replace(str.substr(Param0,1,str.len(Param0)),"-","+"),"+",".")," ","."),"-",".")
str.replace(str.replace(str.replace(str.replace(str.substr(Param0,1,str.len(Param0)),"-","."),"-",".")," ","-"),"-",".")
str.replace(str.replace(str.replace(str.replace(str.substr(Param0,1,str.len(Param0))," ","."),"-","."),"-","+"),"+",".")
str.replace(str.replace(str.replace(str.replace(str.substr(Param0,1,str.len(Param0)),"-",".")," ","."),"-","+"),"+",".")
str.replace(str.replace(str.replace(str.replace(str.substr(Param0,1,str.len(Param0)),"-","."),"-","+")," ","."),"+",".")
str.replace(str.replace(str.replace(str.replace(str.substr(Param0,1,str.len(Param0))," ","."),"-","+"),"-","."),"+",".")
str.replace(str.replace(str.replace(str.replace(str.substr(Param0,1,str.len(Param0)),"-","+")," ","."),"-","."),"+",".")
str.replace(str.replace(str.replace(str.replace(str.substr(Param0,1,str.len(Param0)),"-","+"),"-",".")," ","."),"+",".")
str.replace(str.replace(str.replace(str.replace(str.substr(Param0,1,str.len(Param0))," ","+"),"-","."),"-","."),"+",".")
str.replace(str.replace(str.replace(str.replace(str.substr(Param0,1,str.len(Param0)),"-",".")," ","+"),"-","."),"+",".")
str.replace(str.replace(str.replace(str.replace(str.substr(Param0,1,str.len(Param0)),"-","."),"-",".")," ","+"),"+",".")
str.replace(str.replace(str.replace(str.replace(str.substr(Param0,1,str.len(Param0))," ","."),"-","."),"-"," ")," ",".")
str.replace(str.replace(str.replace(str.replace(str.substr(Param0,1,str.len(Param0)),"-",".")," ","."),"-"," ")," ",".")
str.replace(str.replace(str.replace(str.replace(str.substr(Param0,1,str.len(Param0)),"-","."),"-"," ")," ",".")," ",".")
str.replace(str.replace(str.replace(str.replace(str.substr(Param0,1,str.len(Param0))," ","."),"-"," "),"-",".")," ",".")
str.replace(str.replace(str.replace(str.replace(str.substr(Param0,1,str.len(Param0)),"-"," ")," ","."),"-",".")," ",".")
str.replace(str.replace(str.replace(str.replace(str.substr(Param0,1,str.len(Param0)),"-"," "),"-",".")," ",".")," ",".")
str.replace(str.replace(str.replace(str.replace(str.substr(Param0,1,str.len(Param0)),"-","+"),"+","."),"-",".")," ",".")
str.replace(str.replace(str.replace(str.replace(str.substr(Param0,1,str.len(Param0)),"-","."),"-","+"),"+",".")," ",".")
str.replace(str.replace(str.replace(str.replace(str.substr(Param0,1,str.len(Param0)),"-","+"),"-","."),"+",".")," ",".")
str.++(str.substr(Param0,1,1),str.replace(str.replace(str.replace(str.substr(Param0,2,str.len(Param0))," ","."),"-","."),"-","."))
str.++(str.substr(Param0,1,1),str.replace(str.replace(str.replace(str.substr(Param0,2,str.len(Param0)),"-",".")," ","."),"-","."))
str.++(str.substr(Param0,1,1),str.replace(str.replace(str.replace(str.substr(Param0,2,str.len(Param0)),"-","."),"-",".")," ","."))
str.replace(str.replace(str.replace(str.replace(str.substr(Param0,-(5,4),str.len(Param0)),"-","."),"-",".")," ","-"),"-",".")
str.replace(str.replace(str.replace(str.replace(str.substr(Param0,1,-(str.len(Param0),1)),"-","."),"-",".")," ","-"),"-",".")
str.replace(str.replace(str.replace(str.replace(str.substr(Param0,-(4,3),str.len(Param0)),"-","."),"-",".")," ","-"),"-",".")
str.replace(str.replace(str.replace(str.replace(str.substr(Param0,1,-(str.len(Param0),0)),"-","."),"-",".")," ","-"),"-",".")
str.replace(str.replace(str.replace(str.replace(str.substr(Param0,-(3,2),str.len(Param0)),"-","."),"-",".")," ","-"),"-",".")
str.replace(str.replace(str.replace(str.replace(str.substr(Param0,1,+(str.len(Param0),0)),"-","."),"-",".")," ","-"),"-",".")
str.replace(str.replace(str.replace(str.replace(str.substr(Param0,-(5,4),str.len(Param0))," ","."),"-","."),"-","+"),"+",".")
str.replace(str.replace(str.replace(str.replace(str.substr(Param0,1,-(str.len(Param0),1))," ","."),"-","."),"-","+"),"+",".")
str.replace(str.replace(str.replace(str.replace(str.substr(Param0,-(4,3),str.len(Param0))," ","."),"-","."),"-","+"),"+",".")
str.replace(str.replace(str.replace(str.replace(str.substr(Param0,1,-(str.len(Param0),0))," ","."),"-","."),"-","+"),"+",".")
str.replace(str.replace(str.replace(str.replace(str.substr(Param0,-(3,2),str.len(Param0))," ","."),"-","."),"-","+"),"+",".")
str.replace(str.replace(str.replace(str.replace(str.substr(Param0,1,+(str.len(Param0),0))," ","."),"-","."),"-","+"),"+",".")
str.replace(str.replace(str.replace(str.replace(str.substr(Param0,-(5,4),str.len(Param0)),"-",".")," ","."),"-","+"),"+",".")
str.replace(str.replace(str.replace(str.replace(str.substr(Param0,1,-(str.len(Param0),1)),"-",".")," ","."),"-","+"),"+",".")
str.replace(str.replace(str.replace(str.replace(str.substr(Param0,-(4,3),str.len(Param0)),"-",".")," ","."),"-","+"),"+",".")
str.replace(str.replace(str.replace(str.replace(str.substr(Param0,1,-(str.len(Param0),0)),"-",".")," ","."),"-","+"),"+",".")
str.replace(str.replace(str.replace(str.replace(str.substr(Param0,-(3,2),str.len(Param0)),"-",".")," ","."),"-","+"),"+",".")
str.replace(str.replace(str.replace(str.replace(str.substr(Param0,1,+(str.len(Param0),0)),"-",".")," ","."),"-","+"),"+",".")
str.replace(str.replace(str.replace(str.replace(str.substr(Param0,-(5,4),str.len(Param0)),"-","."),"-","+")," ","."),"+",".")
str.replace(str.replace(str.replace(str.replace(str.substr(Param0,1,-(str.len(Param0),1)),"-","."),"-","+")," ","."),"+",".")
str.replace(str.replace(str.replace(str.replace(str.substr(Param0,-(4,3),str.len(Param0)),"-","."),"-","+")," ","."),"+",".")
str.replace(str.replace(str.replace(str.replace(str.substr(Param0,1,-(str.len(Param0),0)),"-","."),"-","+")," ","."),"+",".")
str.replace(str.replace(str.replace(str.replace(str.substr(Param0,-(3,2),str.len(Param0)),"-","."),"-","+")," ","."),"+",".")
str.replace(str.replace(str.replace(str.replace(str.substr(Param0,1,+(str.len(Param0),0)),"-","."),"-","+")," ","."),"+",".")
str.replace(str.replace(str.replace(str.replace(str.substr(Param0,-(5,4),str.len(Param0))," ","."),"-","+"),"-","."),"+",".")
str.replace(str.replace(str.replace(str.replace(str.substr(Param0,1,-(str.len(Param0),1))," ","."),"-","+"),"-","."),"+",".")
str.replace(str.replace(str.replace(str.replace(str.substr(Param0,-(4,3),str.len(Param0))," ","."),"-","+"),"-","."),"+",".")
str.replace(str.replace(str.replace(str.replace(str.substr(Param0,1,-(str.len(Param0),0))," ","."),"-","+"),"-","."),"+",".")
str.replace(str.replace(str.replace(str.replace(str.substr(Param0,-(3,2),str.len(Param0))," ","."),"-","+"),"-","."),"+",".")
str.replace(str.replace(str.replace(str.replace(str.substr(Param0,1,+(str.len(Param0),0))," ","."),"-","+"),"-","."),"+",".")
str.replace(str.replace(str.replace(str.replace(str.substr(Param0,-(5,4),str.len(Param0)),"-","+")," ","."),"-","."),"+",".")
str.replace(str.replace(str.replace(str.replace(str.substr(Param0,1,-(str.len(Param0),1)),"-","+")," ","."),"-","."),"+",".")
str.replace(str.replace(str.replace(str.replace(str.substr(Param0,-(4,3),str.len(Param0)),"-","+")," ","."),"-","."),"+",".")
str.replace(str.replace(str.replace(str.replace(str.substr(Param0,1,-(str.len(Param0),0)),"-","+")," ","."),"-","."),"+",".")
str.replace(str.replace(str.replace(str.replace(str.substr(Param0,-(3,2),str.len(Param0)),"-","+")," ","."),"-","."),"+",".")
str.replace(str.replace(str.replace(str.replace(str.substr(Param0,1,+(str.len(Param0),0)),"-","+")," ","."),"-","."),"+",".")
str.replace(str.replace(str.replace(str.replace(str.substr(Param0,-(5,4),str.len(Param0)),"-","+"),"-",".")," ","."),"+",".")
str.replace(str.replace(str.replace(str.replace(str.substr(Param0,1,-(str.len(Param0),1)),"-","+"),"-",".")," ","."),"+",".")
str.replace(str.replace(str.replace(str.replace(str.substr(Param0,-(4,3),str.len(Param0)),"-","+"),"-",".")," ","."),"+",".")
str.replace(str.replace(str.replace(str.replace(str.substr(Param0,1,-(str.len(Param0),0)),"-","+"),"-",".")," ","."),"+",".")
str.replace(str.replace(str.replace(str.replace(str.substr(Param0,-(3,2),str.len(Param0)),"-","+"),"-",".")," ","."),"+",".")
str.replace(str.replace(str.replace(str.replace(str.substr(Param0,1,+(str.len(Param0),0)),"-","+"),"-",".")," ","."),"+",".")
str.replace(str.replace(str.replace(str.replace(str.substr(Param0,-(5,4),str.len(Param0))," ","+"),"-","."),"-","."),"+",".")
str.replace(str.replace(str.replace(str.replace(str.substr(Param0,1,-(str.len(Param0),1))," ","+"),"-","."),"-","."),"+",".")
str.replace(str.replace(str.replace(str.replace(str.substr(Param0,-(4,3),str.len(Param0))," ","+"),"-","."),"-","."),"+",".")
str.replace(str.replace(str.replace(str.replace(str.substr(Param0,1,-(str.len(Param0),0))," ","+"),"-","."),"-","."),"+",".")
str.replace(str.replace(str.replace(str.replace(str.substr(Param0,-(3,2),str.len(Param0))," ","+"),"-","."),"-","."),"+",".")
