+(str.len(Param1),-(-1,-(1,-1)))
+(str.len(Param1),-(-1,+(1,1)))
+(str.len(Param1),-(-(-1,1),1))
+(str.len(Param1),-(+(-1,-1),1))
+(str.len(Param1),+(-1,-(-1,1)))
+(str.len(Param1),+(-1,+(-1,-1)))
+(str.len(Param1),+(-(-1,1),-1))
+(str.len(Param1),+(+(-1,-1),-1))
+(-(str.len(Param1),1),-(-1,1))
+(+(str.len(Param1),-1),-(-1,1))
+(-(str.len(Param1),1),+(-1,-1))
+(+(-1,str.len(Param1)),-(-1,1))
+(+(str.len(Param1),-1),+(-1,-1))
+(+(-1,str.len(Param1)),+(-1,-1))
+(+(str.len(Param1),-(-1,1)),-1)
+(+(str.len(Param1),+(-1,-1)),-1)
+(+(-(-1,1),str.len(Param1)),-1)
+(+(+(-1,-1),str.len(Param1)),-1)
+(-(str.len(Param1),-(1,-1)),-1)
+(-(str.len(Param1),+(1,1)),-1)
+(-1,+(str.len(Param1),-(-1,1)))
+(-1,+(str.len(Param1),+(-1,-1)))
+(-1,+(-(-1,1),str.len(Param1)))
+(-1,+(+(-1,-1),str.len(Param1)))
+(-1,-(str.len(Param1),-(1,-1)))
+(-1,-(str.len(Param1),+(1,1)))
+(-(-1,1),-(str.len(Param1),1))
+(+(-1,-1),-(str.len(Param1),1))
+(-(-1,1),+(str.len(Param1),-1))
+(+(-1,-1),+(str.len(Param1),-1))
+(-(-1,1),+(-1,str.len(Param1)))
+(+(-1,-1),+(-1,str.len(Param1)))
+(-(-1,-(1,-1)),str.len(Param1))
+(-(-1,+(1,1)),str.len(Param1))
+(-(-(-1,1),1),str.len(Param1))
+(-(+(-1,-1),1),str.len(Param1))
+(+(-1,-(-1,1)),str.len(Param1))
+(+(-1,+(-1,-1)),str.len(Param1))
+(+(-(-1,1),-1),str.len(Param1))
+(+(+(-1,-1),-1),str.len(Param1))
-(+(str.len(Param1),-(-1,1)),1)
-(+(str.len(Param1),+(-1,-1)),1)
-(+(-(-1,1),str.len(Param1)),1)
-(+(+(-1,-1),str.len(Param1)),1)
-(-(str.len(Param1),-(1,-1)),1)
-(-(str.len(Param1),+(1,1)),1)
-(-1,-(-(1,-1),str.len(Param1)))
-(-1,-(+(1,1),str.len(Param1)))
-(-(-1,1),-(1,str.len(Param1)))
-(+(-1,-1),-(1,str.len(Param1)))
+(+(-(str.len(Param1),1),-1),-1)
+(+(+(str.len(Param1),-1),-1),-1)
+(+(+(-1,str.len(Param1)),-1),-1)
+(+(-1,-(str.len(Param1),1)),-1)
+(+(-1,+(str.len(Param1),-1)),-1)
+(+(-1,+(-1,str.len(Param1))),-1)
+(-(-(str.len(Param1),1),1),-1)
+(-(+(str.len(Param1),-1),1),-1)
+(-(+(-1,str.len(Param1)),1),-1)
+(-(-1,-(1,str.len(Param1))),-1)
+(-1,+(-(str.len(Param1),1),-1))
+(-1,+(+(str.len(Param1),-1),-1))
+(-1,+(+(-1,str.len(Param1)),-1))
+(-1,+(-1,-(str.len(Param1),1)))
+(-1,+(-1,+(str.len(Param1),-1)))
+(-1,+(-1,+(-1,str.len(Param1))))
+(-1,-(-(str.len(Param1),1),1))
+(-1,-(+(str.len(Param1),-1),1))
+(-1,-(+(-1,str.len(Param1)),1))
+(-1,-(-1,-(1,str.len(Param1))))
-(+(-(str.len(Param1),1),-1),1)
-(+(+(str.len(Param1),-1),-1),1)
-(+(+(-1,str.len(Param1)),-1),1)
-(+(-1,-(str.len(Param1),1)),1)
-(+(-1,+(str.len(Param1),-1)),1)
-(+(-1,+(-1,str.len(Param1))),1)
-(-(-(str.len(Param1),1),1),1)
-(-(+(str.len(Param1),-1),1),1)
-(-(+(-1,str.len(Param1)),1),1)
-(-(-1,-(1,str.len(Param1))),1)
-(-1,+(1,-(1,str.len(Param1))))
-(-1,+(-(1,str.len(Param1)),1))
-(-1,-(1,-(str.len(Param1),1)))
-(-1,-(1,+(str.len(Param1),-1)))
-(-1,-(1,+(-1,str.len(Param1))))
-(-1,-(-(1,str.len(Param1)),-1))
+(+(-1,+(str.len(Param1),str.to.int(Param1))),-1)
+(+(-1,+(str.len(Param1),str.to.int(Param0))),-1)
+(+(-1,+(str.to.int(Param1),str.len(Param1))),-1)
+(+(-1,+(str.to.int(Param0),str.len(Param1))),-1)
-(+(-1,+(str.len(Param1),str.to.int(Param1))),1)
-(+(-1,+(str.len(Param1),str.to.int(Param0))),1)
-(+(-1,+(str.to.int(Param1),str.len(Param1))),1)
-(+(-1,+(str.to.int(Param0),str.len(Param1))),1)
+(str.len(Param1),+(str.to.int(Param1),-(-1,1)))
+(str.len(Param1),+(str.to.int(Param0),-(-1,1)))
+(str.len(Param1),-(str.to.int(Param1),-(1,-1)))
+(str.len(Param1),-(str.to.int(Param0),-(1,-1)))
+(str.len(Param1),-(str.to.int(Param1),+(1,1)))
+(str.len(Param1),-(str.to.int(Param0),+(1,1)))
