str.substr(Param0,0,+(Param1,-1))
str.substr(Param0,0,+(-1,Param1))
str.substr(Param0,str.len(""),+(Param1,-1))
str.substr(Param0,str.len(""),+(-1,Param1))
str.substr(Param0,str.to.int(int.to.str(0)),+(Param1,-1))
str.substr(Param0,str.len(int.to.str(-1)),+(Param1,-1))
str.substr(Param0,str.to.int(int.to.str(0)),+(-1,Param1))
str.substr(Param0,str.len(int.to.str(-1)),+(-1,Param1))
str.substr(Param0,0,str.to.int(int.to.str(+(Param1,-1))))
str.substr(Param0,0,str.to.int(int.to.str(+(-1,Param1))))
str.substr(Param0,0,+(str.to.int(int.to.str(Param1)),-1))
str.substr(Param0,0,+(-1,str.to.int(int.to.str(Param1))))
str.substr(Param0,-(3,3),+(Param1,-1))
str.substr(Param0,0,-(-(Param1,2),-1))
str.substr(Param0,-(Param1,Param1),+(Param1,-1))
str.substr(Param0,-(3,3),+(-1,Param1))
str.substr(Param0,0,+(-(2,3),Param1))
str.substr(Param0,-(2,2),+(Param1,-1))
str.substr(Param0,-(Param1,Param1),+(-1,Param1))
str.substr(Param0,0,+(-(1,2),Param1))
str.substr(Param0,-(1,1),+(Param1,-1))
str.substr(Param0,-(2,2),+(-1,Param1))
str.substr(Param0,0,+(-(0,1),Param1))
str.substr(Param0,-(1,1),+(-1,Param1))
str.substr(Param0,-(-1,-1),+(Param1,-1))
str.substr(Param0,0,-(0,-(1,Param1)))
str.substr(Param0,+(1,-1),+(Param1,-1))
str.substr(Param0,-(-1,-1),+(-1,Param1))
str.substr(Param0,+(1,-1),+(-1,Param1))
str.substr(Param0,0,-(-1,-(0,Param1)))
str.substr(Param0,+(-1,1),+(Param1,-1))
str.substr(Param0,0,+(Param1,-(2,3)))
str.substr(Param0,+(-1,1),+(-1,Param1))
str.substr(Param0,0,+(Param1,-(1,2)))
str.substr(Param0,0,+(Param1,-(0,1)))
str.substr(Param0,str.to.int(int.to.str(str.len(""))),+(Param1,-1))
str.substr(Param0,0,+(str.to.int(int.to.str(Param1)),str.to.int(Param0)))
str.substr(Param0,str.len(int.to.str(str.to.int(Param0))),+(Param1,-1))
str.substr(Param0,str.to.int(int.to.str(str.len(""))),+(-1,Param1))
str.substr(Param0,0,+(Param1,str.indexof(Param0," ",3)))
str.substr(Param0,str.len(int.to.str(str.to.int(Param0))),+(-1,Param1))
str.substr(Param0,0,+(Param1,str.indexof(Param0," ",2)))
str.substr(Param0,str.len(""),str.to.int(int.to.str(+(Param1,-1))))
str.substr(Param0,0,+(Param1,str.indexof(Param0," ",1)))
str.substr(Param0,str.len(""),str.to.int(int.to.str(+(-1,Param1))))
str.substr(Param0,0,+(Param1,str.indexof(Param0," ",-1)))
str.substr(Param0,str.len(""),+(str.to.int(int.to.str(Param1)),-1))
str.substr(Param0,0,+(Param1,str.indexof(Param0," ",0)))
str.substr(Param0,str.len(""),+(-1,str.to.int(int.to.str(Param1))))
str.substr(Param0,0,+(Param1,str.indexof(Param0," ",Param1)))
str.substr(Param0,0,+(Param1,str.indexof(Param0,"",-1)))
str.substr(Param0,0,+(str.to.int(Param0),str.to.int(int.to.str(Param1))))
str.substr(Param0,0,+(str.indexof(Param0," ",3),Param1))
str.substr(Param0,str.to.int(int.to.str(0)),+(str.to.int(Param0),Param1))
str.substr(Param0,0,+(str.indexof(Param0," ",2),Param1))
str.substr(Param0,0,+(str.indexof(Param0," ",1),Param1))
str.substr(Param0,str.to.int(int.to.str(0)),+(Param1,str.to.int(Param0)))
str.substr(Param0,0,+(str.indexof(Param0," ",-1),Param1))
str.substr(Param0,0,+(str.indexof(Param0," ",0),Param1))
str.substr(Param0,0,+(str.indexof(Param0," ",Param1),Param1))
str.substr(Param0,0,+(str.indexof(Param0,"",-1),Param1))
str.substr(Param0,-(str.to.int(Param0),-1),+(Param1,-1))
str.substr(Param0,str.len(""),-(-(Param1,2),-1))
str.substr(Param0,0,+(-(str.len(""),1),Param1))
str.substr(Param0,+(str.to.int(Param0),1),+(Param1,-1))
str.substr(Param0,-(str.to.int(Param0),-1),+(-1,Param1))
str.substr(Param0,str.len(""),+(-(2,3),Param1))
str.substr(Param0,+(str.to.int(Param0),1),+(-1,Param1))
str.substr(Param0,str.len(""),+(-(1,2),Param1))
str.substr(Param0,str.len(""),+(-(0,1),Param1))
str.substr(Param0,0,-(-(Param1,2),str.to.int(Param0)))
str.substr(Param0,str.len(""),-(0,-(1,Param1)))
str.substr(Param0,0,-(str.len(""),-(1,Param1)))
str.substr(Param0,str.len(""),-(-1,-(0,Param1)))
str.substr(Param0,0,-(str.to.int(Param0),-(0,Param1)))
str.substr(Param0,str.len(""),+(Param1,-(2,3)))
str.substr(Param0,0,-(-1,-(str.len(""),Param1)))
str.substr(Param0,str.len(""),+(Param1,-(1,2)))
str.substr(Param0,0,+(Param1,-(str.len(""),1)))
str.substr(Param0,str.len(""),+(Param1,-(0,1)))
str.substr(Param0,0,+(Param1,str.indexof(Param0," ",str.len(" "))))
str.substr(Param0,str.len(""),+(str.to.int(int.to.str(Param1)),str.to.int(Param0)))
str.substr(Param0,str.len(""),+(Param1,str.indexof(Param0," ",3)))
str.substr(Param0,str.len(""),+(Param1,str.indexof(Param0," ",2)))
str.substr(Param0,str.len(""),+(Param1,str.indexof(Param0," ",1)))
str.substr(Param0,str.len(""),+(Param1,str.indexof(Param0," ",-1)))
str.substr(Param0,str.len(""),+(Param1,str.indexof(Param0," ",0)))
str.substr(Param0,str.len(""),+(Param1,str.indexof(Param0," ",Param1)))
str.substr(Param0,str.len(""),+(Param1,str.indexof(Param0,"",-1)))
str.substr(Param0,str.len(""),+(str.to.int(Param0),str.to.int(int.to.str(Param1))))
str.substr(Param0,str.len(""),+(str.indexof(Param0," ",3),Param1))
str.substr(Param0,str.len(""),+(str.indexof(Param0," ",2),Param1))
str.substr(Param0,str.len(""),+(str.indexof(Param0," ",1),Param1))
str.substr(Param0,str.len(""),+(str.indexof(Param0," ",-1),Param1))
str.substr(Param0,str.len(""),+(str.indexof(Param0," ",0),Param1))
str.substr(Param0,str.len(""),+(str.indexof(Param0," ",Param1),Param1))
str.substr(Param0,str.len(""),+(str.indexof(Param0,"",-1),Param1))
str.substr(Param0,0,+(Param1,str.indexof(Param0," ",str.to.int(" "))))
str.substr(Param0,0,+(Param1,str.indexof(Param0," ",str.to.int(""))))
str.substr(Param0,0,+(Param1,str.indexof(Param0," ",str.to.int(Param0))))
