  str.substr(Param0,0,+(-1,str.indexof(Param0,"-",0)))
  str.substr(Param0,0,+(-1,str.indexof(Param0,"-",1)))
  str.substr(Param0,0,-(str.indexof(Param0,"-",0),1))
  str.substr(Param0,0,-(str.indexof(Param0,"-",1),1))
  str.substr(Param0,0,+(str.indexof(Param0,"-",0),-1))
  str.substr(Param0,0,+(str.indexof(Param0,"-",1),-1))
  str.substr(Param0,0,str.indexof(Param0,str.++(" ","-"),0))
  str.substr(Param0,0,str.indexof(Param0,str.++(" ","-"),1))
  str.substr(Param0,str.len(""),+(-1,str.indexof(Param0,"-",0)))
  str.substr(Param0,0,+(str.to.int(Param0),str.indexof(Param0,"-",0)))
  str.substr(Param0,str.len(""),+(-1,str.indexof(Param0,"-",1)))
  str.substr(Param0,0,+(str.to.int(Param0),str.indexof(Param0,"-",1)))
  str.substr(Param0,str.len(""),-(str.indexof(Param0,"-",0),1))
  str.substr(Param0,0,-(str.indexof(Param0,"-",str.len("")),1))
  str.substr(Param0,str.len(""),-(str.indexof(Param0,"-",1),1))
  str.substr(Param0,0,+(str.indexof(Param0,"-",0),str.to.int(Param0)))
  str.substr(Param0,str.len(""),+(str.indexof(Param0,"-",0),-1))
  str.substr(Param0,0,+(str.indexof(Param0,"-",str.len("")),-1))
  str.substr(Param0,str.len(""),+(str.indexof(Param0,"-",1),-1))
  str.substr(Param0,0,+(str.indexof(Param0,"-",1),str.to.int(Param0)))
  str.substr(Param0,0,+(-1,str.indexof(Param0,"-",str.len(""))))
  str.substr(Param0,str.len(""),str.indexof(Param0,str.++(" ","-"),0))
  str.substr(Param0,0,str.indexof(Param0,str.++(" ","-"),str.len("")))
  str.substr(Param0,str.len(""),str.indexof(Param0,str.++(" ","-"),1))
  str.substr(Param0,-(1,1),+(-1,str.indexof(Param0,"-",0)))
  str.substr(Param0,0,-(str.indexof(Param0,"-",0),-(0,-1)))
  str.substr(Param0,-(-1,-1),+(-1,str.indexof(Param0,"-",0)))
  str.substr(Param0,-(1,1),+(-1,str.indexof(Param0,"-",1)))
  str.substr(Param0,-(-1,-1),+(-1,str.indexof(Param0,"-",1)))
  str.substr(Param0,0,-(str.indexof(Param0,"-",1),-(0,-1)))
  str.substr(Param0,+(1,-1),+(-1,str.indexof(Param0,"-",0)))
  str.substr(Param0,0,-(str.indexof(Param0,"-",-(1,-1)),1))
  str.substr(Param0,+(-1,1),+(-1,str.indexof(Param0,"-",0)))
  str.substr(Param0,+(1,-1),+(-1,str.indexof(Param0,"-",1)))
  str.substr(Param0,0,-(str.indexof(Param0,"-",-(1,0)),1))
  str.substr(Param0,+(-1,1),+(-1,str.indexof(Param0,"-",1)))
  str.substr(Param0,0,-(str.indexof(Param0,"-",-(1,1)),1))
  str.substr(Param0,0,-(str.indexof(Param0,"-",-(0,-1)),1))
  str.substr(Param0,0,-(str.indexof(Param0,"-",-(0,0)),1))
  str.substr(Param0,0,-(str.indexof(Param0,"-",-(-1,-1)),1))
  str.substr(Param0,0,-(str.indexof(Param0,"-",+(1,-1)),1))
  str.substr(Param0,0,-(str.indexof(Param0,"-",+(1,0)),1))
  str.substr(Param0,0,-(str.indexof(Param0,"-",+(1,1)),1))
  str.substr(Param0,0,-(str.indexof(Param0,"-",+(-1,1)),1))
  str.substr(Param0,0,-(0,-(1,str.indexof(Param0,"-",0))))
  str.substr(Param0,0,-(0,-(1,str.indexof(Param0,"-",1))))
  str.substr(Param0,0,-(-1,-(0,str.indexof(Param0,"-",0))))
  str.substr(Param0,0,-(-1,-(0,str.indexof(Param0,"-",1))))
  str.substr(Param0,0,+(str.indexof(Param0,"-",0),-(0,1)))
  str.substr(Param0,0,+(str.indexof(Param0,"-",1),-(0,1)))
  str.substr(Param0,0,+(str.indexof(Param0,"-",-(1,-1)),-1))
  str.substr(Param0,0,+(str.indexof(Param0,"-",-(1,0)),-1))
  str.substr(Param0,0,+(str.indexof(Param0,"-",-(1,1)),-1))
  str.substr(Param0,0,+(str.indexof(Param0,"-",-(0,-1)),-1))
  str.substr(Param0,0,+(str.indexof(Param0,"-",-(0,0)),-1))
  str.substr(Param0,0,+(str.indexof(Param0,"-",-(-1,-1)),-1))
  str.substr(Param0,0,+(str.indexof(Param0,"-",+(1,-1)),-1))
  str.substr(Param0,0,+(str.indexof(Param0,"-",+(1,0)),-1))
  str.substr(Param0,0,+(str.indexof(Param0,"-",+(1,1)),-1))
  str.substr(Param0,0,+(str.indexof(Param0,"-",+(-1,1)),-1))
  str.substr(Param0,0,+(-(0,1),str.indexof(Param0,"-",0)))
  str.substr(Param0,0,+(-1,str.indexof(Param0,"-",-(1,-1))))
  str.substr(Param0,0,+(-(0,1),str.indexof(Param0,"-",1)))
  str.substr(Param0,0,+(-1,str.indexof(Param0,"-",-(1,0))))
  str.substr(Param0,0,+(-1,str.indexof(Param0,"-",-(1,1))))
  str.substr(Param0,0,+(-1,str.indexof(Param0,"-",-(0,-1))))
  str.substr(Param0,0,+(-1,str.indexof(Param0,"-",-(0,0))))
  str.substr(Param0,0,+(-1,str.indexof(Param0,"-",-(-1,-1))))
  str.substr(Param0,0,+(-1,str.indexof(Param0,"-",+(1,-1))))
  str.substr(Param0,0,+(-1,str.indexof(Param0,"-",+(1,0))))
  str.substr(Param0,0,+(-1,str.indexof(Param0,"-",+(1,1))))
  str.substr(Param0,0,+(-1,str.indexof(Param0,"-",+(-1,1))))
  str.substr(Param0,-(-1,-1),-(str.indexof(Param0,"-",0),1))
  str.substr(Param0,-(1,1),-(str.indexof(Param0,"-",0),1))
  str.substr(Param0,+(1,-1),-(str.indexof(Param0,"-",0),1))
  str.substr(Param0,+(-1,1),-(str.indexof(Param0,"-",0),1))
  str.substr(Param0,-(-1,-1),-(str.indexof(Param0,"-",1),1))
  str.substr(Param0,-(1,1),-(str.indexof(Param0,"-",1),1))
  str.substr(Param0,+(1,-1),-(str.indexof(Param0,"-",1),1))
  str.substr(Param0,+(-1,1),-(str.indexof(Param0,"-",1),1))
  str.substr(Param0,-(-1,-1),+(str.indexof(Param0,"-",0),-1))
  str.substr(Param0,-(1,1),+(str.indexof(Param0,"-",0),-1))
  str.substr(Param0,+(1,-1),+(str.indexof(Param0,"-",0),-1))
  str.substr(Param0,+(-1,1),+(str.indexof(Param0,"-",0),-1))
  str.substr(Param0,-(-1,-1),+(str.indexof(Param0,"-",1),-1))
  str.substr(Param0,-(1,1),+(str.indexof(Param0,"-",1),-1))
  str.substr(Param0,+(1,-1),+(str.indexof(Param0,"-",1),-1))
  str.substr(Param0,+(-1,1),+(str.indexof(Param0,"-",1),-1))
  str.substr(Param0,str.to.int(int.to.str(0)),+(-1,str.indexof(Param0,"-",0)))
  str.substr(Param0,0,str.to.int(int.to.str(+(-1,str.indexof(Param0,"-",0)))))
  str.substr(Param0,str.len(int.to.str(-1)),+(-1,str.indexof(Param0,"-",0)))
  str.substr(Param0,str.to.int(int.to.str(0)),+(-1,str.indexof(Param0,"-",1)))
  str.substr(Param0,0,str.to.int(int.to.str(+(-1,str.indexof(Param0,"-",1)))))
  str.substr(Param0,str.len(int.to.str(-1)),+(-1,str.indexof(Param0,"-",1)))
  str.substr(Param0,0,str.to.int(int.to.str(-(str.indexof(Param0,"-",0),1))))
  str.substr(Param0,0,str.to.int(int.to.str(-(str.indexof(Param0,"-",1),1))))
  str.substr(Param0,0,str.to.int(int.to.str(+(str.indexof(Param0,"-",0),-1))))
  str.substr(Param0,0,str.to.int(int.to.str(+(str.indexof(Param0,"-",1),-1))))
  str.substr(Param0,0,str.to.int(str.++(int.to.str(-(1,-1)),int.to.str(1))))
  str.substr(Param0,0,str.to.int(str.++(int.to.str(+(1,1)),int.to.str(1))))
