  str.contains(Param0,Param1)
  str.suffixof(Param1,Param0)
  =(str.len(Param1),+(1,1))
  =(1,+(str.len(Param1),-1))
  =(+(str.len(Param1),-1),1)
  =(+(-1,str.len(Param1)),1)
  =(-(1,-1),str.len(Param1))
  =(+(1,1),str.len(Param1))
  =(1,+(-1,str.len(Param1)))
  =(-(1,str.len(Param1)),-1)
  =(-1,-(1,str.len(Param1)))
  =(str.len(Param0),+(str.len(Param1),1))
  =(str.len(Param0),+(1,str.len(Param1)))
  =(str.len(Param0),-(str.len(Param1),-1))
  =(-(str.len(Param0),1),str.len(Param1))
  =(+(str.len(Param0),-1),str.len(Param1))
  =(-(1,str.to.int(Param1)),str.len(Param1))
  =(-(1,str.to.int(Param0)),str.len(Param1))
  =(+(-1,str.len(Param0)),str.len(Param1))
  =(-(str.len(Param0),str.len(Param1)),1)
  =(1,+(str.len(Param1),str.to.int(Param1)))
  =(1,+(str.len(Param1),str.to.int(Param0)))
  =(1,+(str.to.int(Param1),str.len(Param1)))
  =(1,+(str.to.int(Param0),str.len(Param1)))
  =(+(str.len(Param1),str.to.int(Param1)),1)
  =(+(str.len(Param1),str.to.int(Param0)),1)
  =(+(str.to.int(Param1),str.len(Param1)),1)
  =(+(str.to.int(Param0),str.len(Param1)),1)
  =(-(1,str.len(Param1)),str.to.int(Param1))
  =(-(1,str.len(Param1)),str.to.int(Param0))
  =(str.to.int(Param1),-(1,str.len(Param1)))
  =(str.to.int(Param0),-(1,str.len(Param1)))
  =(-1,-(str.len(Param1),str.len(Param0)))
  =(-(str.len(Param1),str.len(Param0)),-1)
  =(-(str.len(Param1),-1),str.len(Param0))
  =(+(str.len(Param1),1),str.len(Param0))
  =(+(1,str.len(Param1)),str.len(Param0))
  =(str.len(Param1),+(-1,str.len(Param0)))
  =(-(1,-(0,1)),str.len(Param1))
  =(-(0,-(-1,1)),str.len(Param1))
  =(-(0,+(-1,-1)),str.len(Param1))
  =(1,+(str.len(Param1),-(0,1)))
  =(1,+(-(0,1),str.len(Param1)))
  =(str.len(Param1),-(0,-(-1,1)))
  =(str.len(Param1),-(0,+(-1,-1)))
  =(1,-(0,-(1,str.len(Param1))))
  =(-(-(1,str.len(Param1)),-1),0)
  =(+(str.len(Param1),-(0,1)),1)
  =(+(-(0,1),str.len(Param1)),1)
  =(-(-1,-(0,str.len(Param1))),1)
  =(0,-(1,+(str.len(Param1),-1)))
  =(0,+(str.len(Param1),-(-1,1)))
  =(0,+(str.len(Param1),+(-1,-1)))
  =(0,-(str.len(Param1),+(1,1)))
  =(0,-(str.len(Param1),-(1,-1)))
  =(+(1,-(0,str.len(Param1))),-1)
  =(-(1,str.len(Param1)),-(0,1))
  =(+(-(0,str.len(Param1)),1),-1)
  =(+(str.len(Param1),-(-1,1)),0)
  =(+(str.len(Param1),+(-1,-1)),0)
  =(+(-(-1,1),str.len(Param1)),0)
  =(+(+(-1,-1),str.len(Param1)),0)
  =(-(str.len(Param1),-(1,-1)),0)
  =(-(str.len(Param1),+(1,1)),0)
  =(-(+(str.len(Param1),-1),1),0)
  =(-(+(-1,str.len(Param1)),1),0)
  =(-1,+(1,-(0,str.len(Param1))))
  =(-(0,1),-(1,str.len(Param1)))
  =(-(0,str.len(Param1)),-(-1,1))
  =(-(0,str.len(Param1)),+(-1,-1))
  =(-(-1,1),-(0,str.len(Param1)))
  =(+(-1,-1),-(0,str.len(Param1)))
  =(1,-(-1,-(0,str.len(Param1))))
  =(0,-(-(1,str.len(Param1)),-1))
  =(0,+(-1,+(str.len(Param1),-1)))
  =(0,-(+(str.len(Param1),-1),1))
  =(0,-(+(-1,str.len(Param1)),1))
  =(-1,+(-(0,str.len(Param1)),1))
  =(-1,-(0,+(str.len(Param1),-1)))
  =(-1,-(0,+(-1,str.len(Param1))))
  =(-(-(0,-1),-1),str.len(Param1))
  =(str.to.int(int.to.str(-(1,-1))),str.len(Param1))
  =(str.to.int(int.to.str(+(1,1))),str.len(Param1))
  =(str.to.int(int.to.str(str.len(Param1))),+(1,1))
  =(str.len(Param1),str.to.int(int.to.str(-(1,-1))))
  =(str.to.int(int.to.str(str.len(Param1))),-(1,-1))
  =(str.len(Param1),str.to.int(int.to.str(+(1,1))))
  =(1,+(str.to.int(int.to.str(str.len(Param1))),-1))
  =(str.to.int(int.to.str(+(str.len(Param1),-1))),1)
  =(str.to.int(int.to.str(+(-1,str.len(Param1)))),1)
  =(+(str.to.int(int.to.str(str.len(Param1))),-1),1)
  =(+(-1,str.to.int(int.to.str(str.len(Param1)))),1)
  =(-(1,str.to.int(int.to.str(str.len(Param1)))),-1)
  =(-(str.len(Param1),str.to.int(Param1)),str.len(Param0))
  =(-(str.len(Param1),str.to.int(Param0)),str.len(Param0))
  =(+(str.len(Param0),str.to.int(Param1)),str.len(Param1))
  =(+(str.len(Param0),str.to.int(Param0)),str.len(Param1))
  =(+(str.to.int(Param1),str.len(Param0)),str.len(Param1))
  =(+(str.to.int(Param0),str.len(Param0)),str.len(Param1))
  =(str.len(Param1),+(str.to.int(Param1),str.len(Param0)))
