  str.substr(Param0,-(-(1,-1),-1),+(str.indexof(Param0,"<",1),-(-1,-(1,-1))))
  str.substr(Param0,-(+(1,1),-1),+(str.indexof(Param0,"<",1),-(-1,-(1,-1))))
  str.substr(Param0,-(-(1,-1),-1),+(str.indexof(Param0,"<",1),-(-1,+(1,1))))
  str.substr(Param0,-(1,-(-1,1)),+(str.indexof(Param0,"<",1),-(-1,-(1,-1))))
  str.substr(Param0,-(+(1,1),-1),+(str.indexof(Param0,"<",1),-(-1,+(1,1))))
  str.substr(Param0,-(-(1,-1),-1),+(str.indexof(Param0,"<",1),-(-(-1,1),1)))
  str.substr(Param0,-(1,+(-1,-1)),+(str.indexof(Param0,"<",1),-(-1,-(1,-1))))
  str.substr(Param0,-(1,-(-1,1)),+(str.indexof(Param0,"<",1),-(-1,+(1,1))))
  str.substr(Param0,-(1,+(-1,-1)),+(str.indexof(Param0,"<",1),-(-1,+(1,1))))
  str.substr(Param0,-(1,-(-1,1)),+(str.indexof(Param0,"<",1),-(-(-1,1),1)))
  str.substr(Param0,-(1,+(-1,-1)),+(str.indexof(Param0,"<",1),-(-(-1,1),1)))
  str.substr(Param0,-(1,-(-1,1)),+(str.indexof(Param0,"<",1),-(+(-1,-1),1)))
  str.substr(Param0,-(1,+(-1,-1)),+(str.indexof(Param0,"<",1),-(+(-1,-1),1)))
  str.substr(Param0,-(1,-(-1,1)),+(str.indexof(Param0,"<",1),+(-1,-(-1,1))))
  str.substr(Param0,-(1,+(-1,-1)),+(str.indexof(Param0,"<",1),+(-1,-(-1,1))))
  str.substr(Param0,-(1,-(-1,1)),+(str.indexof(Param0,"<",1),+(-1,+(-1,-1))))
  str.substr(Param0,-(1,+(-1,-1)),+(str.indexof(Param0,"<",1),+(-1,+(-1,-1))))
  str.substr(Param0,-(1,-(-1,1)),+(str.indexof(Param0,"<",1),+(-(-1,1),-1)))
  str.substr(Param0,-(1,+(-1,-1)),+(str.indexof(Param0,"<",1),+(-(-1,1),-1)))
  str.substr(Param0,-(1,-(-1,1)),+(str.indexof(Param0,"<",1),+(+(-1,-1),-1)))
  str.substr(Param0,-(1,+(-1,-1)),+(str.indexof(Param0,"<",1),+(+(-1,-1),-1)))
  str.substr(Param0,-(1,-(-1,1)),+(-(str.indexof(Param0,"<",1),1),-(-1,1)))
  str.substr(Param0,-(1,+(-1,-1)),+(-(str.indexof(Param0,"<",1),1),-(-1,1)))
  str.substr(Param0,-(1,-(-1,1)),+(+(str.indexof(Param0,"<",1),-1),-(-1,1)))
  str.substr(Param0,-(1,+(-1,-1)),+(+(str.indexof(Param0,"<",1),-1),-(-1,1)))
  str.substr(Param0,-(1,-(-1,1)),+(-(str.indexof(Param0,"<",1),1),+(-1,-1)))
  str.substr(Param0,-(1,+(-1,-1)),+(-(str.indexof(Param0,"<",1),1),+(-1,-1)))
  str.substr(Param0,-(1,-(-1,1)),+(+(-1,str.indexof(Param0,"<",1)),-(-1,1)))
  str.substr(Param0,-(1,+(-1,-1)),+(+(-1,str.indexof(Param0,"<",1)),-(-1,1)))
  str.substr(Param0,-(1,-(-1,1)),+(+(str.indexof(Param0,"<",1),-1),+(-1,-1)))
  str.substr(Param0,-(1,+(-1,-1)),+(+(str.indexof(Param0,"<",1),-1),+(-1,-1)))
  str.substr(Param0,-(1,-(-1,1)),+(+(-1,str.indexof(Param0,"<",1)),+(-1,-1)))
  str.substr(Param0,-(1,+(-1,-1)),+(+(-1,str.indexof(Param0,"<",1)),+(-1,-1)))
  str.substr(Param0,-(1,-(-1,1)),+(-(str.indexof(Param0,"<",1),-(1,-1)),-1))
  str.substr(Param0,-(1,+(-1,-1)),+(-(str.indexof(Param0,"<",1),-(1,-1)),-1))
  str.substr(Param0,-(1,-(-1,1)),+(-(str.indexof(Param0,"<",1),+(1,1)),-1))
  str.substr(Param0,-(1,+(-1,-1)),+(-(str.indexof(Param0,"<",1),+(1,1)),-1))
  str.substr(Param0,-(1,-(-1,1)),+(-(-(str.indexof(Param0,"<",1),1),1),-1))
  str.substr(Param0,-(1,+(-1,-1)),+(-(-(str.indexof(Param0,"<",1),1),1),-1))
  str.substr(Param0,-(1,-(-1,1)),+(-(+(str.indexof(Param0,"<",1),-1),1),-1))
  str.substr(Param0,-(1,+(-1,-1)),+(-(+(str.indexof(Param0,"<",1),-1),1),-1))
  str.substr(Param0,-(1,-(-1,1)),+(-(+(-1,str.indexof(Param0,"<",1)),1),-1))
  str.substr(Param0,-(1,+(-1,-1)),+(-(+(-1,str.indexof(Param0,"<",1)),1),-1))
  str.substr(Param0,-(1,-(-1,1)),+(-(-1,-(1,str.indexof(Param0,"<",1))),-1))
  str.substr(Param0,-(1,+(-1,-1)),+(-(-1,-(1,str.indexof(Param0,"<",1))),-1))
  str.substr(Param0,-(1,-(-1,1)),+(+(str.indexof(Param0,"<",1),-(-1,1)),-1))
  str.substr(Param0,-(1,+(-1,-1)),+(+(str.indexof(Param0,"<",1),-(-1,1)),-1))
  str.substr(Param0,-(1,-(-1,1)),+(+(str.indexof(Param0,"<",1),+(-1,-1)),-1))
  str.substr(Param0,-(1,+(-1,-1)),+(+(str.indexof(Param0,"<",1),+(-1,-1)),-1))
  str.substr(Param0,-(1,-(-1,1)),+(+(-(str.indexof(Param0,"<",1),1),-1),-1))
  str.substr(Param0,-(1,+(-1,-1)),+(+(-(str.indexof(Param0,"<",1),1),-1),-1))
  str.substr(Param0,-(1,-(-1,1)),+(+(+(str.indexof(Param0,"<",1),-1),-1),-1))
  str.substr(Param0,-(1,+(-1,-1)),+(+(+(str.indexof(Param0,"<",1),-1),-1),-1))
  str.substr(Param0,-(1,-(-1,1)),+(+(+(-1,str.indexof(Param0,"<",1)),-1),-1))
  str.substr(Param0,-(1,+(-1,-1)),+(+(+(-1,str.indexof(Param0,"<",1)),-1),-1))
  str.substr(Param0,-(1,-(-1,1)),+(+(-1,-(str.indexof(Param0,"<",1),1)),-1))
  str.substr(Param0,-(1,+(-1,-1)),+(+(-1,-(str.indexof(Param0,"<",1),1)),-1))
  str.substr(Param0,-(1,-(-1,1)),+(+(-1,+(str.indexof(Param0,"<",1),-1)),-1))
  str.substr(Param0,-(1,+(-1,-1)),+(+(-1,+(str.indexof(Param0,"<",1),-1)),-1))
  str.substr(Param0,-(1,-(-1,1)),+(+(-1,+(-1,str.indexof(Param0,"<",1))),-1))
  str.substr(Param0,-(1,+(-1,-1)),+(+(-1,+(-1,str.indexof(Param0,"<",1))),-1))
  str.substr(Param0,-(1,-(-1,1)),+(+(-(-1,1),str.indexof(Param0,"<",1)),-1))
  str.substr(Param0,-(1,+(-1,-1)),+(+(-(-1,1),str.indexof(Param0,"<",1)),-1))
  str.substr(Param0,-(1,-(-1,1)),+(+(+(-1,-1),str.indexof(Param0,"<",1)),-1))
  str.substr(Param0,-(1,+(-1,-1)),+(+(+(-1,-1),str.indexof(Param0,"<",1)),-1))
  str.substr(Param0,-(1,-(-1,1)),+(-(-1,1),-(str.indexof(Param0,"<",1),1)))
  str.substr(Param0,-(1,+(-1,-1)),+(-(-1,1),-(str.indexof(Param0,"<",1),1)))
  str.substr(Param0,-(1,-(-1,1)),+(+(-1,-1),-(str.indexof(Param0,"<",1),1)))
  str.substr(Param0,-(1,+(-1,-1)),+(+(-1,-1),-(str.indexof(Param0,"<",1),1)))
  str.substr(Param0,-(1,-(-1,1)),+(-(-1,1),+(str.indexof(Param0,"<",1),-1)))
  str.substr(Param0,-(1,+(-1,-1)),+(-(-1,1),+(str.indexof(Param0,"<",1),-1)))
  str.substr(Param0,-(1,-(-1,1)),+(+(-1,-1),+(str.indexof(Param0,"<",1),-1)))
  str.substr(Param0,-(1,+(-1,-1)),+(+(-1,-1),+(str.indexof(Param0,"<",1),-1)))
  str.substr(Param0,-(1,-(-1,1)),+(-(-1,1),+(-1,str.indexof(Param0,"<",1))))
  str.substr(Param0,-(1,+(-1,-1)),+(-(-1,1),+(-1,str.indexof(Param0,"<",1))))
  str.substr(Param0,-(1,-(-1,1)),+(+(-1,-1),+(-1,str.indexof(Param0,"<",1))))
  str.substr(Param0,-(1,+(-1,-1)),+(+(-1,-1),+(-1,str.indexof(Param0,"<",1))))
  str.substr(Param0,-(1,-(-1,1)),+(-(-1,-(1,-1)),str.indexof(Param0,"<",1)))
  str.substr(Param0,-(1,+(-1,-1)),+(-(-1,-(1,-1)),str.indexof(Param0,"<",1)))
  str.substr(Param0,-(1,-(-1,1)),+(-(-1,+(1,1)),str.indexof(Param0,"<",1)))
  str.substr(Param0,-(1,+(-1,-1)),+(-(-1,+(1,1)),str.indexof(Param0,"<",1)))
  str.substr(Param0,-(1,-(-1,1)),+(-(-(-1,1),1),str.indexof(Param0,"<",1)))
  str.substr(Param0,-(1,+(-1,-1)),+(-(-(-1,1),1),str.indexof(Param0,"<",1)))
  str.substr(Param0,-(1,-(-1,1)),+(-(+(-1,-1),1),str.indexof(Param0,"<",1)))
  str.substr(Param0,-(1,+(-1,-1)),+(-(+(-1,-1),1),str.indexof(Param0,"<",1)))
  str.substr(Param0,-(1,-(-1,1)),+(+(-1,-(-1,1)),str.indexof(Param0,"<",1)))
  str.substr(Param0,-(1,+(-1,-1)),+(+(-1,-(-1,1)),str.indexof(Param0,"<",1)))
  str.substr(Param0,-(1,-(-1,1)),+(+(-1,+(-1,-1)),str.indexof(Param0,"<",1)))
  str.substr(Param0,-(1,+(-1,-1)),+(+(-1,+(-1,-1)),str.indexof(Param0,"<",1)))
  str.substr(Param0,-(1,-(-1,1)),+(+(-(-1,1),-1),str.indexof(Param0,"<",1)))
  str.substr(Param0,-(1,+(-1,-1)),+(+(-(-1,1),-1),str.indexof(Param0,"<",1)))
  str.substr(Param0,-(1,-(-1,1)),+(+(+(-1,-1),-1),str.indexof(Param0,"<",1)))
  str.substr(Param0,-(1,+(-1,-1)),+(+(+(-1,-1),-1),str.indexof(Param0,"<",1)))
  str.substr(Param0,-(1,-(-1,1)),-(str.indexof(Param0,"<",1),-(-(1,-1),-1)))
  str.substr(Param0,-(1,+(-1,-1)),-(str.indexof(Param0,"<",1),-(-(1,-1),-1)))
  str.substr(Param0,-(1,-(-1,1)),-(str.indexof(Param0,"<",1),-(+(1,1),-1)))
  str.substr(Param0,-(1,+(-1,-1)),-(str.indexof(Param0,"<",1),-(+(1,1),-1)))
  str.substr(Param0,-(1,-(-1,1)),-(str.indexof(Param0,"<",1),-(1,-(-1,1))))
  str.substr(Param0,-(1,+(-1,-1)),-(str.indexof(Param0,"<",1),-(1,-(-1,1))))
  str.substr(Param0,-(1,-(-1,1)),-(str.indexof(Param0,"<",1),-(1,+(-1,-1))))
