  str.prefixof(Param1,Param0)
  str.prefixof(Param0,Param1)
  str.contains(Param1,Param0)
  str.contains(Param0,Param1)
  str.suffixof(Param1,Param0)
  str.suffixof(Param0,Param1)
  =(+(+(str.len(Param1),-(-1,-(1,-1))),-1),1)
  =(+(+(str.len(Param0),-(-1,-(1,-1))),-1),1)
  =(+(+(str.len(Param1),-(-1,+(1,1))),-1),1)
  =(+(+(str.len(Param0),-(-1,+(1,1))),-1),1)
  =(+(+(str.len(Param1),-(-(-1,1),1)),-1),1)
  =(+(+(str.len(Param0),-(-(-1,1),1)),-1),1)
  =(+(+(str.len(Param1),-(+(-1,-1),1)),-1),1)
  =(+(+(str.len(Param0),-(+(-1,-1),1)),-1),1)
  =(+(+(str.len(Param1),+(-1,-(-1,1))),-1),1)
  =(+(+(str.len(Param0),+(-1,-(-1,1))),-1),1)
  =(+(+(str.len(Param1),+(-1,+(-1,-1))),-1),1)
  =(+(+(str.len(Param0),+(-1,+(-1,-1))),-1),1)
  =(+(+(str.len(Param1),+(-(-1,1),-1)),-1),1)
  =(+(+(str.len(Param0),+(-(-1,1),-1)),-1),1)
  =(+(+(str.len(Param1),+(+(-1,-1),-1)),-1),1)
  =(+(+(str.len(Param0),+(+(-1,-1),-1)),-1),1)
  =(+(+(-(str.len(Param1),1),-(-1,1)),-1),1)
  =(+(+(-(str.len(Param0),1),-(-1,1)),-1),1)
  =(+(+(-(str.len(Param1),1),+(-1,-1)),-1),1)
  =(+(+(+(str.len(Param1),-1),-(-1,1)),-1),1)
  =(+(+(-(str.len(Param0),1),+(-1,-1)),-1),1)
  =(+(+(+(str.len(Param0),-1),-(-1,1)),-1),1)
  =(+(+(+(str.len(Param1),-1),+(-1,-1)),-1),1)
  =(+(+(+(-1,str.len(Param1)),-(-1,1)),-1),1)
  =(+(+(+(str.len(Param0),-1),+(-1,-1)),-1),1)
  =(+(+(+(-1,str.len(Param1)),+(-1,-1)),-1),1)
  =(+(+(+(-1,str.len(Param0)),-(-1,1)),-1),1)
  =(+(+(+(-1,str.len(Param0)),+(-1,-1)),-1),1)
  =(+(+(-(str.len(Param1),-(1,-1)),-1),-1),1)
  =(+(+(-(str.len(Param0),-(1,-1)),-1),-1),1)
  =(+(+(-(str.len(Param1),+(1,1)),-1),-1),1)
  =(+(+(-(str.len(Param0),+(1,1)),-1),-1),1)
  =(+(+(+(str.len(Param1),-(-1,1)),-1),-1),1)
  =(+(+(+(str.len(Param0),-(-1,1)),-1),-1),1)
  =(+(+(+(str.len(Param1),+(-1,-1)),-1),-1),1)
  =(+(+(+(str.len(Param0),+(-1,-1)),-1),-1),1)
  =(+(+(+(-(-1,1),str.len(Param1)),-1),-1),1)
  =(+(+(+(+(-1,-1),str.len(Param1)),-1),-1),1)
  =(+(+(+(-(-1,1),str.len(Param0)),-1),-1),1)
  =(+(+(+(+(-1,-1),str.len(Param0)),-1),-1),1)
  =(+(+(-1,-(str.len(Param1),-(1,-1))),-1),1)
  =(+(+(-1,-(str.len(Param0),-(1,-1))),-1),1)
  =(+(+(-1,-(str.len(Param1),+(1,1))),-1),1)
  =(+(+(-1,-(str.len(Param0),+(1,1))),-1),1)
  =(+(+(-1,+(str.len(Param1),-(-1,1))),-1),1)
  =(+(+(-1,+(str.len(Param0),-(-1,1))),-1),1)
  =(+(+(-1,+(str.len(Param1),+(-1,-1))),-1),1)
  =(+(+(-1,+(str.len(Param0),+(-1,-1))),-1),1)
  =(+(+(-1,+(-(-1,1),str.len(Param1))),-1),1)
  =(+(+(-1,+(+(-1,-1),str.len(Param1))),-1),1)
  =(+(+(-1,+(-(-1,1),str.len(Param0))),-1),1)
  =(+(+(-1,+(+(-1,-1),str.len(Param0))),-1),1)
  =(+(+(-(-1,1),-(str.len(Param1),1)),-1),1)
  =(+(+(+(-1,-1),-(str.len(Param1),1)),-1),1)
  =(+(+(-(-1,1),-(str.len(Param0),1)),-1),1)
  =(+(+(+(-1,-1),-(str.len(Param0),1)),-1),1)
  =(+(+(-(-1,1),+(str.len(Param1),-1)),-1),1)
  =(+(+(+(-1,-1),+(str.len(Param1),-1)),-1),1)
  =(+(+(-(-1,1),+(str.len(Param0),-1)),-1),1)
  =(+(+(+(-1,-1),+(str.len(Param0),-1)),-1),1)
  =(+(+(-(-1,1),+(-1,str.len(Param1))),-1),1)
  =(+(+(+(-1,-1),+(-1,str.len(Param1))),-1),1)
  =(+(+(-(-1,1),+(-1,str.len(Param0))),-1),1)
  =(+(+(+(-1,-1),+(-1,str.len(Param0))),-1),1)
  =(+(+(-(-1,-(1,-1)),str.len(Param1)),-1),1)
  =(+(+(-(-1,+(1,1)),str.len(Param1)),-1),1)
  =(+(+(-(-1,-(1,-1)),str.len(Param0)),-1),1)
  =(+(+(-(-(-1,1),1),str.len(Param1)),-1),1)
  =(+(+(-(-1,+(1,1)),str.len(Param0)),-1),1)
  =(+(+(-(+(-1,-1),1),str.len(Param1)),-1),1)
  =(+(+(-(-(-1,1),1),str.len(Param0)),-1),1)
  =(+(+(+(-1,-(-1,1)),str.len(Param1)),-1),1)
  =(+(+(-(+(-1,-1),1),str.len(Param0)),-1),1)
  =(+(+(+(-1,-(-1,1)),str.len(Param0)),-1),1)
  =(+(+(+(-1,+(-1,-1)),str.len(Param1)),-1),1)
  =(+(+(+(-(-1,1),-1),str.len(Param1)),-1),1)
  =(+(+(+(-1,+(-1,-1)),str.len(Param0)),-1),1)
  =(+(+(+(+(-1,-1),-1),str.len(Param1)),-1),1)
  =(+(+(+(-(-1,1),-1),str.len(Param0)),-1),1)
  =(+(+(+(+(-1,-1),-1),str.len(Param0)),-1),1)
  =(+(-(-(str.len(Param1),-(1,-1)),1),-1),1)
  =(+(-(-(str.len(Param0),-(1,-1)),1),-1),1)
  =(+(-(-(str.len(Param1),+(1,1)),1),-1),1)
  =(+(-(-(str.len(Param0),+(1,1)),1),-1),1)
  =(+(-(+(str.len(Param1),-(-1,1)),1),-1),1)
  =(+(-(+(str.len(Param0),-(-1,1)),1),-1),1)
  =(+(-(+(str.len(Param1),+(-1,-1)),1),-1),1)
  =(+(-(+(str.len(Param0),+(-1,-1)),1),-1),1)
  =(+(-(+(-(-1,1),str.len(Param1)),1),-1),1)
  =(+(-(+(+(-1,-1),str.len(Param1)),1),-1),1)
  =(+(-(+(-(-1,1),str.len(Param0)),1),-1),1)
  =(+(-(+(+(-1,-1),str.len(Param0)),1),-1),1)
  =(+(-(-1,-(-(1,-1),str.len(Param1))),-1),1)
  =(+(-(-1,-(+(1,1),str.len(Param1))),-1),1)
