  str.++(str.++("Dr."," "),str.substr(Param0,0,str.indexof(Param0," ",2)))
  str.++(str.++("Dr."," "),str.substr(Param0,0,str.indexof(Param0," ",1)))
  str.++(str.++("Dr."," "),str.substr(Param0,0,str.indexof(Param0," ",0)))
  str.++("Dr.",str.++(" ",str.substr(Param0,0,str.indexof(Param0," ",2))))
  str.++("Dr.",str.++(" ",str.substr(Param0,0,str.indexof(Param0," ",1))))
  str.++("Dr.",str.++(" ",str.substr(Param0,0,str.indexof(Param0," ",0))))
  str.replace(str.++(str.++("."," "),str.substr(Param0,0,str.indexof(Param0," ",2))),".","Dr.")
  str.++("Dr.",str.replace(str.++("Dr.",str.substr(Param0,0,str.indexof(Param0," ",2))),"Dr."," "))
  str.++("Dr.",str.replace(str.++("Dr.",str.substr(Param0,0,str.indexof(Param0," ",1))),"Dr."," "))
  str.++("Dr.",str.replace(str.++("Dr.",str.substr(Param0,0,str.indexof(Param0," ",0))),"Dr."," "))
  str.++("Dr.",str.replace(str.++(".",str.substr(Param0,0,str.indexof(Param0," ",2))),"."," "))
  str.++("Dr.",str.replace(str.++(".",str.substr(Param0,0,str.indexof(Param0," ",1))),"."," "))
  str.++("Dr.",str.replace(str.++(".",str.substr(Param0,0,str.indexof(Param0," ",0))),"."," "))
  str.replace(str.++(str.++("."," "),str.substr(Param0,0,str.indexof(Param0," ",1))),".","Dr.")
  str.replace(str.++(str.++("."," "),str.substr(Param0,0,str.indexof(Param0," ",0))),".","Dr.")
  str.replace(str.++(".",str.++(" ",str.substr(Param0,0,str.indexof(Param0," ",2)))),".","Dr.")
  str.replace(str.++(".",str.++(" ",str.substr(Param0,0,str.indexof(Param0," ",1)))),".","Dr.")
  str.replace(str.++(".",str.++(" ",str.substr(Param0,0,str.indexof(Param0," ",0)))),".","Dr.")
  str.replace(str.++(str.++(" "," "),str.substr(Param0,0,str.indexof(Param0," ",2)))," ","Dr.")
  str.replace(str.++(str.++(" "," "),str.substr(Param0,0,str.indexof(Param0," ",1)))," ","Dr.")
  str.replace(str.++(str.++(" "," "),str.substr(Param0,0,str.indexof(Param0," ",0)))," ","Dr.")
  str.replace(str.++(" ",str.++(" ",str.substr(Param0,0,str.indexof(Param0," ",2))))," ","Dr.")
  str.replace(str.++(" ",str.++(" ",str.substr(Param0,0,str.indexof(Param0," ",1))))," ","Dr.")
  str.replace(str.++(" ",str.++(" ",str.substr(Param0,0,str.indexof(Param0," ",0))))," ","Dr.")
  str.++("Dr.",str.++(" ",str.substr(Param0,-(+(1,1),2),str.indexof(Param0," ",2))))
  str.++("Dr.",str.++(" ",str.substr(Param0,0,+(-(str.indexof(Param0," ",2),1),1))))
  str.++("Dr.",str.++(" ",str.substr(Param0,-(2,+(1,1)),str.indexof(Param0," ",2))))
  str.++("Dr.",str.++(" ",str.substr(Param0,-(+(1,1),2),str.indexof(Param0," ",1))))
  str.++("Dr.",str.++(" ",str.substr(Param0,0,+(-(str.indexof(Param0," ",1),1),1))))
  str.++("Dr.",str.++(" ",str.substr(Param0,+(2,-(0,2)),str.indexof(Param0," ",2))))
  str.++("Dr.",str.++(" ",str.substr(Param0,-(2,+(1,1)),str.indexof(Param0," ",1))))
  str.++("Dr.",str.++(" ",str.substr(Param0,+(2,-(0,2)),str.indexof(Param0," ",1))))
  str.++("Dr.",str.++(" ",str.substr(Param0,-(2,+(1,1)),str.indexof(Param0," ",0))))
  str.++("Dr.",str.++(" ",str.substr(Param0,+(2,-(0,2)),str.indexof(Param0," ",0))))
  str.++("Dr.",str.++(" ",str.substr(Param0,-(+(1,1),2),str.indexof(Param0," ",0))))
  str.++("Dr.",str.++(" ",str.substr(Param0,0,+(-(str.indexof(Param0," ",0),1),1))))
  str.++("Dr.",str.++(" ",str.substr(Param0,+(1,-(1,2)),str.indexof(Param0," ",2))))
  str.++("Dr.",str.++(" ",str.substr(Param0,0,+(-(str.indexof(Param0," ",2),2),2))))
  str.++("Dr.",str.++(" ",str.substr(Param0,+(1,-(0,1)),str.indexof(Param0," ",2))))
  str.++("Dr.",str.++(" ",str.substr(Param0,+(1,-(1,2)),str.indexof(Param0," ",1))))
  str.++("Dr.",str.++(" ",str.substr(Param0,0,+(-(str.indexof(Param0," ",1),2),2))))
  str.++("Dr.",str.++(" ",str.substr(Param0,+(1,-(0,1)),str.indexof(Param0," ",1))))
  str.++("Dr.",str.++(" ",str.substr(Param0,+(1,-(1,2)),str.indexof(Param0," ",0))))
  str.++("Dr.",str.++(" ",str.substr(Param0,0,+(-(str.indexof(Param0," ",0),2),2))))
  str.++("Dr.",str.++(" ",str.substr(Param0,+(1,-(0,1)),str.indexof(Param0," ",0))))
  str.++(str.++("Dr."," "),str.substr(Param0,-(+(1,1),2),str.indexof(Param0," ",2)))
  str.++(str.++("Dr."," "),str.substr(Param0,0,+(-(str.indexof(Param0," ",2),1),1)))
  str.++(str.++("Dr."," "),str.substr(Param0,-(2,+(1,1)),str.indexof(Param0," ",2)))
  str.++(str.++("Dr."," "),str.substr(Param0,-(+(1,1),2),str.indexof(Param0," ",1)))
  str.++(str.++("Dr."," "),str.substr(Param0,0,+(-(str.indexof(Param0," ",1),1),1)))
  str.++(str.++("Dr."," "),str.substr(Param0,+(2,-(0,2)),str.indexof(Param0," ",2)))
  str.++(str.++("Dr."," "),str.substr(Param0,-(2,+(1,1)),str.indexof(Param0," ",1)))
  str.++(str.++("Dr."," "),str.substr(Param0,+(2,-(0,2)),str.indexof(Param0," ",1)))
  str.++(str.++("Dr."," "),str.substr(Param0,-(2,+(1,1)),str.indexof(Param0," ",0)))
  str.++(str.++("Dr."," "),str.substr(Param0,+(2,-(0,2)),str.indexof(Param0," ",0)))
  str.++(str.++("Dr."," "),str.substr(Param0,-(+(1,1),2),str.indexof(Param0," ",0)))
  str.++(str.++("Dr."," "),str.substr(Param0,0,+(-(str.indexof(Param0," ",0),1),1)))
  str.++(str.++("Dr."," "),str.substr(Param0,+(1,-(1,2)),str.indexof(Param0," ",2)))
  str.++(str.++("Dr."," "),str.substr(Param0,0,+(-(str.indexof(Param0," ",2),2),2)))
  str.++(str.++("Dr."," "),str.substr(Param0,+(1,-(0,1)),str.indexof(Param0," ",2)))
  str.++(str.++("Dr."," "),str.substr(Param0,+(1,-(1,2)),str.indexof(Param0," ",1)))
  str.++(str.++("Dr."," "),str.substr(Param0,0,+(-(str.indexof(Param0," ",1),2),2)))
  str.++(str.++("Dr."," "),str.substr(Param0,+(1,-(0,1)),str.indexof(Param0," ",1)))
  str.++(str.++("Dr."," "),str.substr(Param0,+(1,-(1,2)),str.indexof(Param0," ",0)))
  str.++(str.++("Dr."," "),str.substr(Param0,0,+(-(str.indexof(Param0," ",0),2),2)))
  str.++(str.++("Dr."," "),str.substr(Param0,+(1,-(0,1)),str.indexof(Param0," ",0)))
  str.++(str.++("Dr."," "),str.substr(Param0,+(-(1,2),1),str.indexof(Param0," ",2)))
  str.++(str.++("Dr."," "),str.substr(Param0,0,+(2,-(str.indexof(Param0," ",2),2))))
  str.++(str.++("Dr."," "),str.substr(Param0,+(-(0,1),1),str.indexof(Param0," ",2)))
  str.++(str.++("Dr."," "),str.substr(Param0,+(-(1,2),1),str.indexof(Param0," ",1)))
  str.++(str.++("Dr."," "),str.substr(Param0,0,+(2,-(str.indexof(Param0," ",1),2))))
  str.++(str.++("Dr."," "),str.substr(Param0,+(-(0,2),2),str.indexof(Param0," ",2)))
  str.++(str.++("Dr."," "),str.substr(Param0,+(-(0,1),1),str.indexof(Param0," ",1)))
  str.++(str.++("Dr."," "),str.substr(Param0,+(-(1,2),1),str.indexof(Param0," ",0)))
  str.++(str.++("Dr."," "),str.substr(Param0,0,+(2,-(str.indexof(Param0," ",0),2))))
  str.++(str.++("Dr."," "),str.substr(Param0,+(-(0,2),2),str.indexof(Param0," ",1)))
  str.++(str.++("Dr."," "),str.substr(Param0,+(-(0,1),1),str.indexof(Param0," ",0)))
  str.++(str.++("Dr."," "),str.substr(Param0,0,+(1,-(str.indexof(Param0," ",2),1))))
  str.++(str.++("Dr."," "),str.substr(Param0,+(-(0,2),2),str.indexof(Param0," ",0)))
  str.++(str.++("Dr."," "),str.substr(Param0,0,+(1,-(str.indexof(Param0," ",1),1))))
  str.++(str.++("Dr."," "),str.substr(Param0,0,+(1,-(str.indexof(Param0," ",0),1))))
  str.++(str.++("Dr."," "),str.substr(Param0,0,-(+(2,str.indexof(Param0," ",2)),2)))
  str.++(str.++("Dr."," "),str.substr(Param0,0,-(+(2,str.indexof(Param0," ",1)),2)))
  str.++(str.++("Dr."," "),str.substr(Param0,0,-(+(2,str.indexof(Param0," ",0)),2)))
  str.++(str.++("Dr."," "),str.substr(Param0,0,-(+(str.indexof(Param0," ",2),2),2)))
  str.++(str.++("Dr."," "),str.substr(Param0,0,-(+(str.indexof(Param0," ",1),2),2)))
  str.++(str.++("Dr."," "),str.substr(Param0,0,-(+(str.indexof(Param0," ",0),2),2)))
  str.++(str.++("Dr."," "),str.substr(Param0,0,-(+(1,str.indexof(Param0," ",2)),1)))
  str.++(str.++("Dr."," "),str.substr(Param0,0,-(+(1,str.indexof(Param0," ",1)),1)))
  str.++(str.++("Dr."," "),str.substr(Param0,0,-(+(1,str.indexof(Param0," ",0)),1)))
  str.++(str.++("Dr."," "),str.substr(Param0,0,-(+(str.indexof(Param0," ",2),1),1)))
  str.++(str.++("Dr."," "),str.substr(Param0,0,-(+(str.indexof(Param0," ",1),1),1)))
  str.++(str.++("Dr."," "),str.substr(Param0,0,-(+(str.indexof(Param0," ",0),1),1)))
  str.++(str.++("Dr."," "),str.substr(Param0,0,-(2,-(2,str.indexof(Param0," ",2)))))
  str.++(str.++("Dr."," "),str.substr(Param0,0,-(2,-(2,str.indexof(Param0," ",1)))))
  str.++(str.++("Dr."," "),str.substr(Param0,0,-(2,-(2,str.indexof(Param0," ",0)))))
  str.++(str.++("Dr."," "),str.substr(Param0,0,-(1,-(1,str.indexof(Param0," ",2)))))
  str.++(str.++("Dr."," "),str.substr(Param0,0,-(1,-(1,str.indexof(Param0," ",1)))))
  str.++(str.++("Dr."," "),str.substr(Param0,0,-(1,-(1,str.indexof(Param0," ",0)))))
  str.++(str.++("Dr."," "),str.substr(Param0,0,-(0,-(0,str.indexof(Param0," ",2)))))
