str.++(str.substr(Param0,0,-(1,-1)),str.substr(Param0,str.indexof(Param0,"/",-(-(1,-1),-1)),str.len(Param0)))
str.++(str.substr(Param0,0,-(1,-1)),str.substr(Param0,str.indexof(Param0,"/",-(+(1,1),-1)),str.len(Param0)))
str.++(str.substr(Param0,0,-(1,-1)),str.substr(Param0,str.indexof(Param0,"/",-(1,-(-1,1))),str.len(Param0)))
str.++(str.substr(Param0,0,-(1,-1)),str.substr(Param0,str.indexof(Param0,"/",-(1,+(-1,-1))),str.len(Param0)))
str.++(str.substr(Param0,0,-(1,-1)),str.substr(Param0,str.indexof(Param0,"/",+(-(1,-1),1)),str.len(Param0)))
str.++(str.substr(Param0,0,-(1,-1)),str.substr(Param0,str.indexof(Param0,"/",+(+(1,1),1)),str.len(Param0)))
str.++(str.substr(Param0,0,-(1,-1)),str.substr(Param0,str.indexof(Param0,"/",+(1,-(1,-1))),str.len(Param0)))
str.++(str.substr(Param0,0,-(1,-1)),str.substr(Param0,str.indexof(Param0,"/",+(1,+(1,1))),str.len(Param0)))
str.++(str.substr(Param0,0,-(1,-1)),str.substr(Param0,-(-(-(1,-1),-(-1,1)),-1),str.len(Param0)))
str.++(str.substr(Param0,0,-(1,-1)),str.substr(Param0,-(-(+(1,1),-(-1,1)),-1),str.len(Param0)))
str.++(str.substr(Param0,0,-(1,-1)),str.substr(Param0,-(-(-(1,-1),+(-1,-1)),-1),str.len(Param0)))
str.++(str.substr(Param0,0,-(1,-1)),str.substr(Param0,-(-(+(1,1),+(-1,-1)),-1),str.len(Param0)))
str.++(str.substr(Param0,0,-(1,-1)),str.substr(Param0,-(+(-(1,-1),-(1,-1)),-1),str.len(Param0)))
str.++(str.substr(Param0,0,-(1,-1)),str.substr(Param0,-(+(+(1,1),-(1,-1)),-1),str.len(Param0)))
str.++(str.substr(Param0,0,-(1,-1)),str.substr(Param0,-(+(-(1,-1),+(1,1)),-1),str.len(Param0)))
str.++(str.substr(Param0,0,-(1,-1)),str.substr(Param0,-(+(+(1,1),+(1,1)),-1),str.len(Param0)))
str.++(str.substr(Param0,0,-(1,-1)),str.substr(Param0,-(-(-(-(1,-1),-1),-1),-1),str.len(Param0)))
str.++(str.substr(Param0,0,-(1,-1)),str.substr(Param0,-(-(-(+(1,1),-1),-1),-1),str.len(Param0)))
str.++(str.substr(Param0,0,-(1,-1)),str.substr(Param0,-(-(-(1,-(-1,1)),-1),-1),str.len(Param0)))
str.++(str.substr(Param0,0,-(1,-1)),str.substr(Param0,-(-(-(1,+(-1,-1)),-1),-1),str.len(Param0)))
str.++(str.substr(Param0,0,-(1,-1)),str.substr(Param0,-(-(+(-(1,-1),1),-1),-1),str.len(Param0)))
str.++(str.substr(Param0,0,-(1,-1)),str.substr(Param0,-(-(+(+(1,1),1),-1),-1),str.len(Param0)))
str.++(str.substr(Param0,0,-(1,-1)),str.substr(Param0,-(-(+(1,-(1,-1)),-1),-1),str.len(Param0)))
str.++(str.substr(Param0,0,-(1,-1)),str.substr(Param0,-(-(+(1,+(1,1)),-1),-1),str.len(Param0)))
str.++(str.substr(Param0,0,-(1,-1)),str.substr(Param0,-(-(1,-(-1,-(1,-1))),-1),str.len(Param0)))
str.++(str.substr(Param0,0,-(1,-1)),str.substr(Param0,-(-(1,-(-1,+(1,1))),-1),str.len(Param0)))
str.++(str.substr(Param0,0,-(1,-1)),str.substr(Param0,-(-(1,-(-(-1,1),1)),-1),str.len(Param0)))
str.++(str.substr(Param0,0,-(1,-1)),str.substr(Param0,-(-(1,-(+(-1,-1),1)),-1),str.len(Param0)))
str.++(str.substr(Param0,0,-(1,-1)),str.substr(Param0,-(-(1,+(-1,-(-1,1))),-1),str.len(Param0)))
str.++(str.substr(Param0,0,-(1,-1)),str.substr(Param0,-(-(1,+(-1,+(-1,-1))),-1),str.len(Param0)))
str.++(str.substr(Param0,0,-(1,-1)),str.substr(Param0,-(-(1,+(-(-1,1),-1)),-1),str.len(Param0)))
str.++(str.substr(Param0,0,-(1,-1)),str.substr(Param0,-(-(1,+(+(-1,-1),-1)),-1),str.len(Param0)))
str.++(str.substr(Param0,0,-(1,-1)),str.substr(Param0,-(+(-(-(1,-1),-1),1),-1),str.len(Param0)))
str.++(str.substr(Param0,0,-(1,-1)),str.substr(Param0,-(+(-(+(1,1),-1),1),-1),str.len(Param0)))
str.++(str.substr(Param0,0,-(1,-1)),str.substr(Param0,-(+(-(1,-(-1,1)),1),-1),str.len(Param0)))
str.++(str.substr(Param0,0,-(1,-1)),str.substr(Param0,-(+(-(1,+(-1,-1)),1),-1),str.len(Param0)))
str.++(str.substr(Param0,0,-(1,-1)),str.substr(Param0,-(+(+(-(1,-1),1),1),-1),str.len(Param0)))
str.++(str.substr(Param0,0,-(1,-1)),str.substr(Param0,-(+(+(+(1,1),1),1),-1),str.len(Param0)))
str.++(str.substr(Param0,0,-(1,-1)),str.substr(Param0,-(+(+(1,-(1,-1)),1),-1),str.len(Param0)))
str.++(str.substr(Param0,0,-(1,-1)),str.substr(Param0,-(+(+(1,+(1,1)),1),-1),str.len(Param0)))
str.++(str.substr(Param0,0,-(1,-1)),str.substr(Param0,-(+(1,-(-(1,-1),-1)),-1),str.len(Param0)))
str.++(str.substr(Param0,0,-(1,-1)),str.substr(Param0,-(+(1,-(+(1,1),-1)),-1),str.len(Param0)))
str.++(str.substr(Param0,0,-(1,-1)),str.substr(Param0,-(+(1,-(1,-(-1,1))),-1),str.len(Param0)))
str.++(str.substr(Param0,0,-(1,-1)),str.substr(Param0,-(+(1,-(1,+(-1,-1))),-1),str.len(Param0)))
str.++(str.substr(Param0,0,-(1,-1)),str.substr(Param0,-(+(1,+(-(1,-1),1)),-1),str.len(Param0)))
str.++(str.substr(Param0,0,-(1,-1)),str.substr(Param0,-(+(1,+(+(1,1),1)),-1),str.len(Param0)))
str.++(str.substr(Param0,0,-(1,-1)),str.substr(Param0,-(+(1,+(1,-(1,-1))),-1),str.len(Param0)))
str.++(str.substr(Param0,0,-(1,-1)),str.substr(Param0,-(+(1,+(1,+(1,1))),-1),str.len(Param0)))
str.++(str.substr(Param0,0,-(1,-1)),str.substr(Param0,-(-(-(1,-1),-1),-(-1,1)),str.len(Param0)))
str.++(str.substr(Param0,0,-(1,-1)),str.substr(Param0,-(-(+(1,1),-1),-(-1,1)),str.len(Param0)))
str.++(str.substr(Param0,0,-(1,-1)),str.substr(Param0,-(-(-(1,-1),-1),+(-1,-1)),str.len(Param0)))
str.++(str.substr(Param0,0,-(1,-1)),str.substr(Param0,-(-(1,-(-1,1)),-(-1,1)),str.len(Param0)))
str.++(str.substr(Param0,0,-(1,-1)),str.substr(Param0,-(-(+(1,1),-1),+(-1,-1)),str.len(Param0)))
str.++(str.substr(Param0,0,-(1,-1)),str.substr(Param0,-(-(1,+(-1,-1)),-(-1,1)),str.len(Param0)))
str.++(str.substr(Param0,0,-(1,-1)),str.substr(Param0,-(-(1,-(-1,1)),+(-1,-1)),str.len(Param0)))
str.++(str.substr(Param0,0,-(1,-1)),str.substr(Param0,-(+(-(1,-1),1),-(-1,1)),str.len(Param0)))
str.++(str.substr(Param0,0,-(1,-1)),str.substr(Param0,-(-(1,+(-1,-1)),+(-1,-1)),str.len(Param0)))
str.++(str.substr(Param0,0,-(1,-1)),str.substr(Param0,-(+(-(1,-1),1),+(-1,-1)),str.len(Param0)))
str.++(str.substr(Param0,0,-(1,-1)),str.substr(Param0,-(+(+(1,1),1),-(-1,1)),str.len(Param0)))
str.++(str.substr(Param0,0,-(1,-1)),str.substr(Param0,-(+(1,-(1,-1)),-(-1,1)),str.len(Param0)))
str.++(str.substr(Param0,0,-(1,-1)),str.substr(Param0,-(+(+(1,1),1),+(-1,-1)),str.len(Param0)))
str.++(str.substr(Param0,0,-(1,-1)),str.substr(Param0,-(+(1,+(1,1)),-(-1,1)),str.len(Param0)))
str.++(str.substr(Param0,0,-(1,-1)),str.substr(Param0,-(+(1,-(1,-1)),+(-1,-1)),str.len(Param0)))
str.++(str.substr(Param0,0,-(1,-1)),str.substr(Param0,-(+(1,+(1,1)),+(-1,-1)),str.len(Param0)))
str.++(str.substr(Param0,0,-(1,-1)),str.substr(Param0,-(-(1,-1),-(-1,-(1,-1))),str.len(Param0)))
str.++(str.substr(Param0,0,-(1,-1)),str.substr(Param0,-(+(1,1),-(-1,-(1,-1))),str.len(Param0)))
str.++(str.substr(Param0,0,-(1,-1)),str.substr(Param0,-(-(1,-1),-(-1,+(1,1))),str.len(Param0)))
str.++(str.substr(Param0,0,-(1,-1)),str.substr(Param0,-(+(1,1),-(-1,+(1,1))),str.len(Param0)))
str.++(str.substr(Param0,0,-(1,-1)),str.substr(Param0,-(-(1,-1),-(-(-1,1),1)),str.len(Param0)))
str.++(str.substr(Param0,0,-(1,-1)),str.substr(Param0,-(+(1,1),-(-(-1,1),1)),str.len(Param0)))
str.++(str.substr(Param0,0,-(1,-1)),str.substr(Param0,-(-(1,-1),-(+(-1,-1),1)),str.len(Param0)))
str.++(str.substr(Param0,0,-(1,-1)),str.substr(Param0,-(+(1,1),-(+(-1,-1),1)),str.len(Param0)))
str.++(str.substr(Param0,0,-(1,-1)),str.substr(Param0,-(-(1,-1),+(-1,-(-1,1))),str.len(Param0)))
str.++(str.substr(Param0,0,-(1,-1)),str.substr(Param0,-(+(1,1),+(-1,-(-1,1))),str.len(Param0)))
str.++(str.substr(Param0,0,-(1,-1)),str.substr(Param0,-(-(1,-1),+(-1,+(-1,-1))),str.len(Param0)))
str.++(str.substr(Param0,0,-(1,-1)),str.substr(Param0,-(+(1,1),+(-1,+(-1,-1))),str.len(Param0)))
str.++(str.substr(Param0,0,-(1,-1)),str.substr(Param0,-(-(1,-1),+(-(-1,1),-1)),str.len(Param0)))
str.++(str.substr(Param0,0,-(1,-1)),str.substr(Param0,-(+(1,1),+(-(-1,1),-1)),str.len(Param0)))
str.++(str.substr(Param0,0,-(1,-1)),str.substr(Param0,-(-(1,-1),+(+(-1,-1),-1)),str.len(Param0)))
str.++(str.substr(Param0,0,-(1,-1)),str.substr(Param0,-(+(1,1),+(+(-1,-1),-1)),str.len(Param0)))
str.++(str.substr(Param0,0,-(1,-1)),str.substr(Param0,-(1,-(-(-1,1),-(1,-1))),str.len(Param0)))
str.++(str.substr(Param0,0,-(1,-1)),str.substr(Param0,-(1,-(+(-1,-1),-(1,-1))),str.len(Param0)))
str.++(str.substr(Param0,0,-(1,-1)),str.substr(Param0,-(1,-(-(-1,1),+(1,1))),str.len(Param0)))
str.++(str.substr(Param0,0,-(1,-1)),str.substr(Param0,-(1,-(+(-1,-1),+(1,1))),str.len(Param0)))
str.++(str.substr(Param0,0,-(1,-1)),str.substr(Param0,-(1,+(-(-1,1),-(-1,1))),str.len(Param0)))
str.++(str.substr(Param0,0,-(1,-1)),str.substr(Param0,-(1,+(+(-1,-1),-(-1,1))),str.len(Param0)))
str.++(str.substr(Param0,0,-(1,-1)),str.substr(Param0,-(1,+(-(-1,1),+(-1,-1))),str.len(Param0)))
str.++(str.substr(Param0,0,-(1,-1)),str.substr(Param0,-(1,+(+(-1,-1),+(-1,-1))),str.len(Param0)))
str.++(str.substr(Param0,0,-(1,-1)),str.substr(Param0,+(-(-(1,-1),-(-1,1)),1),str.len(Param0)))
str.++(str.substr(Param0,0,-(1,-1)),str.substr(Param0,+(-(+(1,1),-(-1,1)),1),str.len(Param0)))
str.++(str.substr(Param0,0,-(1,-1)),str.substr(Param0,+(-(-(1,-1),+(-1,-1)),1),str.len(Param0)))
str.++(str.substr(Param0,0,-(1,-1)),str.substr(Param0,+(-(+(1,1),+(-1,-1)),1),str.len(Param0)))
str.++(str.substr(Param0,0,-(1,-1)),str.substr(Param0,+(+(-(1,-1),-(1,-1)),1),str.len(Param0)))
str.++(str.substr(Param0,0,-(1,-1)),str.substr(Param0,+(+(+(1,1),-(1,-1)),1),str.len(Param0)))
str.++(str.substr(Param0,0,-(1,-1)),str.substr(Param0,+(+(-(1,-1),+(1,1)),1),str.len(Param0)))
str.++(str.substr(Param0,0,-(1,-1)),str.substr(Param0,+(+(+(1,1),+(1,1)),1),str.len(Param0)))
str.++(str.substr(Param0,0,-(1,-1)),str.substr(Param0,+(-(-(-(1,-1),-1),-1),1),str.len(Param0)))
str.++(str.substr(Param0,0,-(1,-1)),str.substr(Param0,+(-(-(+(1,1),-1),-1),1),str.len(Param0)))
str.++(str.substr(Param0,0,-(1,-1)),str.substr(Param0,+(-(-(1,-(-1,1)),-1),1),str.len(Param0)))
str.++(str.substr(Param0,0,-(1,-1)),str.substr(Param0,+(-(-(1,+(-1,-1)),-1),1),str.len(Param0)))
