  str.substr(Param1,+(1,str.indexof(Param1,"_",0)),str.len(Param1))
  str.substr(Param1,+(1,str.indexof(Param1,"_",1)),str.len(Param1))
  str.substr(Param1,+(str.indexof(Param1,"_",0),1),str.len(Param1))
  str.substr(Param1,+(str.indexof(Param1,"_",1),1),str.len(Param1))
  str.substr(Param1,-(str.indexof(Param1,"_",0),-1),str.len(Param1))
  str.substr(Param1,-(str.indexof(Param1,"_",1),-1),str.len(Param1))
  str.substr(Param1,+(str.indexof(Param1,"_",1),1),-(str.len(Param1),0))
  str.substr(Param1,-(str.indexof(Param1,"_",0),-1),-(str.len(Param1),0))
  str.substr(Param1,-(str.indexof(Param1,"_",1),-1),-(str.len(Param1),0))
  str.substr(Param1,+(str.indexof(Param1,"_",1),1),-(str.len(Param1),1))
  str.substr(Param1,-(str.indexof(Param1,"_",0),-1),-(str.len(Param1),1))
  str.substr(Param1,-(str.indexof(Param1,"_",1),-1),-(str.len(Param1),1))
  str.substr(Param1,+(str.indexof(Param1,"_",1),1),-(str.len(Param0),-1))
  str.substr(Param1,-(str.indexof(Param1,"_",0),-1),-(str.len(Param0),-1))
  str.substr(Param1,-(str.indexof(Param1,"_",1),-1),-(str.len(Param0),-1))
  str.substr(Param1,+(str.indexof(Param1,"_",1),1),+(str.len(Param1),-1))
  str.substr(Param1,-(str.indexof(Param1,"_",0),-1),+(str.len(Param1),-1))
  str.substr(Param1,-(str.indexof(Param1,"_",1),-1),+(str.len(Param1),-1))
  str.substr(Param1,+(str.indexof(Param1,"_",1),1),+(str.len(Param1),0))
  str.substr(Param1,-(str.indexof(Param1,"_",0),-1),+(str.len(Param1),0))
  str.substr(Param1,-(str.indexof(Param1,"_",1),-1),+(str.len(Param1),0))
  str.substr(Param1,+(1,str.indexof(Param1,"_",0)),-(str.len(Param1),0))
  str.substr(Param1,+(1,str.indexof(Param1,"_",1)),-(str.len(Param1),0))
  str.substr(Param1,+(str.indexof(Param1,"_",0),1),-(str.len(Param1),0))
  str.substr(Param1,+(1,str.indexof(Param1,"_",0)),-(str.len(Param1),1))
  str.substr(Param1,+(1,str.indexof(Param1,"_",1)),-(str.len(Param1),1))
  str.substr(Param1,+(str.indexof(Param1,"_",0),1),-(str.len(Param1),1))
  str.substr(Param1,+(1,str.indexof(Param1,"_",0)),-(str.len(Param0),-1))
  str.substr(Param1,+(1,str.indexof(Param1,"_",1)),-(str.len(Param0),-1))
  str.substr(Param1,+(str.indexof(Param1,"_",0),1),-(str.len(Param0),-1))
  str.substr(Param1,+(1,str.indexof(Param1,"_",0)),+(str.len(Param1),-1))
  str.substr(Param1,+(1,str.indexof(Param1,"_",1)),+(str.len(Param1),-1))
  str.substr(Param1,+(str.indexof(Param1,"_",0),1),+(str.len(Param1),-1))
  str.substr(Param1,+(1,str.indexof(Param1,"_",0)),+(str.len(Param1),0))
  str.substr(Param1,+(1,str.indexof(Param1,"_",1)),+(str.len(Param1),0))
  str.substr(Param1,+(str.indexof(Param1,"_",0),1),+(str.len(Param1),0))
  str.substr(Param1,-(1,-(0,str.indexof(Param1,"_",0))),str.len(Param1))
  str.substr(Param1,+(str.indexof(Param1,"_",0),-(0,-1)),str.len(Param1))
  str.substr(Param1,-(1,-(0,str.indexof(Param1,"_",1))),str.len(Param1))
  str.substr(Param1,-(0,-(-1,str.indexof(Param1,"_",0))),str.len(Param1))
  str.substr(Param1,-(str.indexof(Param1,"_",-(1,-1)),-1),str.len(Param1))
  str.substr(Param1,-(str.indexof(Param1,"_",-(1,0)),-1),str.len(Param1))
  str.substr(Param1,-(str.indexof(Param1,"_",-(1,1)),-1),str.len(Param1))
  str.substr(Param1,-(str.indexof(Param1,"_",-(0,-1)),-1),str.len(Param1))
  str.substr(Param1,-(str.indexof(Param1,"_",-(0,0)),-1),str.len(Param1))
  str.substr(Param1,-(str.indexof(Param1,"_",-(-1,-1)),-1),str.len(Param1))
  str.substr(Param1,-(str.indexof(Param1,"_",+(1,-1)),-1),str.len(Param1))
  str.substr(Param1,-(str.indexof(Param1,"_",+(1,0)),-1),str.len(Param1))
  str.substr(Param1,-(str.indexof(Param1,"_",+(1,1)),-1),str.len(Param1))
  str.substr(Param1,-(str.indexof(Param1,"_",+(-1,1)),-1),str.len(Param1))
  str.substr(Param1,-(0,-(-1,str.indexof(Param1,"_",1))),str.len(Param1))
  str.substr(Param1,+(str.indexof(Param1,"_",-(1,-1)),1),str.len(Param1))
  str.substr(Param1,+(str.indexof(Param1,"_",-(1,0)),1),str.len(Param1))
  str.substr(Param1,+(str.indexof(Param1,"_",-(1,1)),1),str.len(Param1))
  str.substr(Param1,+(str.indexof(Param1,"_",-(0,-1)),1),str.len(Param1))
  str.substr(Param1,+(str.indexof(Param1,"_",-(0,0)),1),str.len(Param1))
  str.substr(Param1,+(str.indexof(Param1,"_",1),-(0,-1)),str.len(Param1))
  str.substr(Param1,+(str.indexof(Param1,"_",-(-1,-1)),1),str.len(Param1))
  str.substr(Param1,+(str.indexof(Param1,"_",+(1,-1)),1),str.len(Param1))
  str.substr(Param1,+(str.indexof(Param1,"_",+(1,0)),1),str.len(Param1))
  str.substr(Param1,+(str.indexof(Param1,"_",+(1,1)),1),str.len(Param1))
  str.substr(Param1,+(str.indexof(Param1,"_",+(-1,1)),1),str.len(Param1))
  str.substr(Param1,+(1,str.indexof(Param1,"_",-(1,-1))),str.len(Param1))
  str.substr(Param1,+(1,str.indexof(Param1,"_",-(1,0))),str.len(Param1))
  str.substr(Param1,+(1,str.indexof(Param1,"_",-(1,1))),str.len(Param1))
  str.substr(Param1,+(1,str.indexof(Param1,"_",-(0,-1))),str.len(Param1))
  str.substr(Param1,+(1,str.indexof(Param1,"_",-(0,0))),str.len(Param1))
  str.substr(Param1,+(-(0,-1),str.indexof(Param1,"_",0)),str.len(Param1))
  str.substr(Param1,+(1,str.indexof(Param1,"_",-(-1,-1))),str.len(Param1))
  str.substr(Param1,+(-(0,-1),str.indexof(Param1,"_",1)),str.len(Param1))
  str.++(str.substr(Param1,+(1,str.indexof(Param1,"_",0)),1),str.substr(Param1,-(+(1,str.indexof(Param1,"_",0)),-1),str.len(Param1)))
  str.++(str.substr(Param1,+(1,str.indexof(Param1,"_",1)),1),str.substr(Param1,-(+(1,str.indexof(Param1,"_",0)),-1),str.len(Param1)))
  str.++(str.substr(Param1,+(1,str.indexof(Param1,"_",0)),1),str.substr(Param1,-(+(1,str.indexof(Param1,"_",1)),-1),str.len(Param1)))
  str.++(str.substr(Param1,+(str.indexof(Param1,"_",0),1),1),str.substr(Param1,-(+(1,str.indexof(Param1,"_",0)),-1),str.len(Param1)))
  str.++(str.substr(Param1,+(1,str.indexof(Param1,"_",1)),1),str.substr(Param1,-(+(1,str.indexof(Param1,"_",1)),-1),str.len(Param1)))
  str.++(str.substr(Param1,+(str.indexof(Param1,"_",1),1),1),str.substr(Param1,-(+(1,str.indexof(Param1,"_",0)),-1),str.len(Param1)))
  str.++(str.substr(Param1,+(str.indexof(Param1,"_",0),1),1),str.substr(Param1,-(+(1,str.indexof(Param1,"_",1)),-1),str.len(Param1)))
  str.++(str.substr(Param1,+(1,str.indexof(Param1,"_",1)),1),str.substr(Param1,-(+(1,str.indexof(Param1,"_",0)),-1),str.len(Param0)))
  str.++(str.substr(Param1,+(str.indexof(Param1,"_",1),1),1),str.substr(Param1,-(+(1,str.indexof(Param1,"_",1)),-1),str.len(Param1)))
  str.++(str.substr(Param1,+(str.indexof(Param1,"_",0),1),1),str.substr(Param1,-(+(1,str.indexof(Param1,"_",0)),-1),str.len(Param0)))
  str.++(str.substr(Param1,+(1,str.indexof(Param1,"_",1)),1),str.substr(Param1,-(+(str.indexof(Param1,"_",0),1),-1),str.len(Param1)))
  str.++(str.substr(Param1,+(str.indexof(Param1,"_",1),1),1),str.substr(Param1,-(+(1,str.indexof(Param1,"_",0)),-1),str.len(Param0)))
  str.++(str.substr(Param1,+(str.indexof(Param1,"_",0),1),1),str.substr(Param1,-(+(str.indexof(Param1,"_",0),1),-1),str.len(Param1)))
  str.++(str.substr(Param1,+(1,str.indexof(Param1,"_",1)),1),str.substr(Param1,-(+(1,str.indexof(Param1,"_",1)),-1),str.len(Param0)))
  str.++(str.substr(Param1,+(str.indexof(Param1,"_",1),1),1),str.substr(Param1,-(+(str.indexof(Param1,"_",0),1),-1),str.len(Param1)))
  str.++(str.substr(Param1,+(str.indexof(Param1,"_",0),1),1),str.substr(Param1,-(+(1,str.indexof(Param1,"_",1)),-1),str.len(Param0)))
  str.++(str.substr(Param1,+(1,str.indexof(Param1,"_",1)),1),str.substr(Param1,-(+(str.indexof(Param1,"_",1),1),-1),str.len(Param1)))
  str.++(str.substr(Param1,+(str.indexof(Param1,"_",1),1),1),str.substr(Param1,-(+(1,str.indexof(Param1,"_",1)),-1),str.len(Param0)))
  str.++(str.substr(Param1,+(str.indexof(Param1,"_",0),1),1),str.substr(Param1,-(+(str.indexof(Param1,"_",1),1),-1),str.len(Param1)))
  str.++(str.substr(Param1,+(1,str.indexof(Param1,"_",1)),1),str.substr(Param1,-(+(str.indexof(Param1,"_",0),1),-1),str.len(Param0)))
  str.++(str.substr(Param1,+(str.indexof(Param1,"_",1),1),1),str.substr(Param1,-(+(str.indexof(Param1,"_",1),1),-1),str.len(Param1)))
  str.++(str.substr(Param1,+(str.indexof(Param1,"_",0),1),1),str.substr(Param1,-(+(str.indexof(Param1,"_",0),1),-1),str.len(Param0)))
  str.++(str.substr(Param1,+(1,str.indexof(Param1,"_",1)),1),str.substr(Param1,-(+(str.indexof(Param1,"_",1),1),-1),str.len(Param0)))
  str.++(str.substr(Param1,+(str.indexof(Param1,"_",1),1),1),str.substr(Param1,-(+(str.indexof(Param1,"_",0),1),-1),str.len(Param0)))
  str.++(str.substr(Param1,+(str.indexof(Param1,"_",0),1),1),str.substr(Param1,-(+(str.indexof(Param1,"_",1),1),-1),str.len(Param0)))
  str.++(str.substr(Param1,+(1,str.indexof(Param1,"_",1)),1),str.substr(Param1,-(-(str.indexof(Param1,"_",0),-1),-1),str.len(Param1)))
  str.++(str.substr(Param1,+(str.indexof(Param1,"_",1),1),1),str.substr(Param1,-(+(str.indexof(Param1,"_",1),1),-1),str.len(Param0)))
  str.++(str.substr(Param1,+(str.indexof(Param1,"_",0),1),1),str.substr(Param1,-(-(str.indexof(Param1,"_",0),-1),-1),str.len(Param1)))
  str.++(str.substr(Param1,+(1,str.indexof(Param1,"_",1)),1),str.substr(Param1,-(-(str.indexof(Param1,"_",1),-1),-1),str.len(Param1)))
  str.++(str.substr(Param1,+(str.indexof(Param1,"_",1),1),1),str.substr(Param1,-(-(str.indexof(Param1,"_",0),-1),-1),str.len(Param1)))
