  str.++(str.++(str.substr(Param0,0,1),str.replace(str.substr(Param0,str.indexof(Param0," ",2),2)," ",".")),".")
  str.++(str.++(str.substr(Param0,0,1),str.replace(str.substr(Param0,str.indexof(Param0," ",1),2)," ",".")),".")
  str.++(str.++(str.substr(Param0,0,1),str.replace(str.substr(Param0,str.indexof(Param0," ",0),2)," ",".")),".")
  str.++(str.replace(str.++(str.substr(Param0,0,1),str.substr(Param0,str.indexof(Param0," ",2),2))," ","."),".")
  str.++(str.substr(Param0,0,1),str.++(str.replace(str.substr(Param0,str.indexof(Param0," ",2),2)," ","."),"."))
  str.++(str.substr(Param0,0,1),str.++(str.replace(str.substr(Param0,str.indexof(Param0," ",1),2)," ","."),"."))
  str.++(str.substr(Param0,0,1),str.++(str.replace(str.substr(Param0,str.indexof(Param0," ",0),2)," ","."),"."))
  str.++(str.substr(Param0,0,1),str.replace(str.++(str.substr(Param0,str.indexof(Param0," ",2),2),".")," ","."))
  str.++(str.replace(str.++(str.substr(Param0,0,1),str.substr(Param0,str.indexof(Param0," ",1),2))," ","."),".")
  str.replace(str.++(str.++(str.substr(Param0,0,1),str.substr(Param0,str.indexof(Param0," ",2),2)),".")," ",".")
  str.replace(str.++(str.++(str.substr(Param0,0,1),str.substr(Param0,str.indexof(Param0," ",1),2)),".")," ",".")
  str.replace(str.++(str.++(str.substr(Param0,0,1),str.substr(Param0,str.indexof(Param0," ",0),2)),".")," ",".")
  str.replace(str.++(str.substr(Param0,0,1),str.++(str.substr(Param0,str.indexof(Param0," ",2),2),"."))," ",".")
  str.replace(str.++(str.substr(Param0,0,1),str.++(str.substr(Param0,str.indexof(Param0," ",1),2),"."))," ",".")
  str.replace(str.++(str.substr(Param0,0,1),str.++(str.substr(Param0,str.indexof(Param0," ",0),2),"."))," ",".")
  str.++(str.substr(Param0,0,1),str.replace(str.++(str.substr(Param0,str.indexof(Param0," ",1),2),".")," ","."))
  str.++(str.substr(Param0,0,1),str.replace(str.++(str.substr(Param0,str.indexof(Param0," ",0),2),".")," ","."))
  str.++(str.replace(str.++(str.substr(Param0,0,1),str.substr(Param0,str.indexof(Param0," ",0),2))," ","."),".")
  str.++(str.++(str.++(str.substr(Param0,0,1),"."),str.substr(Param0,+(1,str.indexof(Param0," ",2)),1)),".")
  str.++(str.++(str.++(str.substr(Param0,0,1),"."),str.substr(Param0,+(1,str.indexof(Param0," ",1)),1)),".")
  str.++(str.++(str.++(str.substr(Param0,0,1),"."),str.substr(Param0,+(1,str.indexof(Param0," ",0)),1)),".")
  str.++(str.++(str.++(str.substr(Param0,0,1),"."),str.substr(Param0,+(str.indexof(Param0," ",2),1),1)),".")
  str.++(str.++(str.++(str.substr(Param0,0,1),"."),str.substr(Param0,+(str.indexof(Param0," ",1),1),1)),".")
  str.++(str.++(str.++(str.substr(Param0,0,1),"."),str.substr(Param0,+(str.indexof(Param0," ",0),1),1)),".")
  str.++(str.++(str.substr(Param0,0,1),str.++(".",str.substr(Param0,+(1,str.indexof(Param0," ",2)),1))),".")
  str.++(str.++(str.substr(Param0,0,1),str.++(".",str.substr(Param0,+(1,str.indexof(Param0," ",1)),1))),".")
  str.++(str.++(str.substr(Param0,0,1),str.++(".",str.substr(Param0,+(1,str.indexof(Param0," ",0)),1))),".")
  str.++(str.++(str.substr(Param0,0,1),str.++(".",str.substr(Param0,+(str.indexof(Param0," ",2),1),1))),".")
  str.++(str.++(str.substr(Param0,0,1),str.++(".",str.substr(Param0,+(str.indexof(Param0," ",1),1),1))),".")
  str.++(str.++(str.substr(Param0,0,1),str.++(".",str.substr(Param0,+(str.indexof(Param0," ",0),1),1))),".")
  str.++(str.++(str.substr(Param0,0,1),"."),str.++(str.substr(Param0,+(1,str.indexof(Param0," ",2)),1),"."))
  str.++(str.++(str.substr(Param0,0,1),"."),str.++(str.substr(Param0,+(1,str.indexof(Param0," ",1)),1),"."))
  str.++(str.++(str.substr(Param0,0,1),"."),str.++(str.substr(Param0,+(1,str.indexof(Param0," ",0)),1),"."))
  str.++(str.++(str.substr(Param0,0,1),"."),str.++(str.substr(Param0,+(str.indexof(Param0," ",2),1),1),"."))
  str.++(str.++(str.substr(Param0,0,1),"."),str.++(str.substr(Param0,+(str.indexof(Param0," ",1),1),1),"."))
  str.++(str.++(str.substr(Param0,0,1),"."),str.++(str.substr(Param0,+(str.indexof(Param0," ",0),1),1),"."))
  str.++(str.substr(Param0,0,1),str.++(str.++(".",str.substr(Param0,+(1,str.indexof(Param0," ",2)),1)),"."))
  str.++(str.substr(Param0,0,1),str.++(str.++(".",str.substr(Param0,+(1,str.indexof(Param0," ",1)),1)),"."))
  str.++(str.substr(Param0,0,1),str.++(str.++(".",str.substr(Param0,+(1,str.indexof(Param0," ",0)),1)),"."))
  str.++(str.substr(Param0,0,1),str.++(str.++(".",str.substr(Param0,+(str.indexof(Param0," ",2),1),1)),"."))
  str.++(str.substr(Param0,0,1),str.++(str.++(".",str.substr(Param0,+(str.indexof(Param0," ",1),1),1)),"."))
  str.++(str.substr(Param0,0,1),str.++(str.++(".",str.substr(Param0,+(str.indexof(Param0," ",0),1),1)),"."))
  str.++(str.substr(Param0,0,1),str.++(".",str.++(str.substr(Param0,+(1,str.indexof(Param0," ",2)),1),".")))
  str.++(str.substr(Param0,0,1),str.++(".",str.++(str.substr(Param0,+(1,str.indexof(Param0," ",1)),1),".")))
  str.++(str.substr(Param0,0,1),str.++(".",str.++(str.substr(Param0,+(1,str.indexof(Param0," ",0)),1),".")))
  str.++(str.substr(Param0,0,1),str.++(".",str.++(str.substr(Param0,+(str.indexof(Param0," ",2),1),1),".")))
  str.++(str.substr(Param0,0,1),str.++(".",str.++(str.substr(Param0,+(str.indexof(Param0," ",1),1),1),".")))
  str.++(str.substr(Param0,0,1),str.++(".",str.++(str.substr(Param0,+(str.indexof(Param0," ",0),1),1),".")))
  str.++(str.++(str.substr(Param0,0,1),str.replace(str.substr(Param0,str.indexof(Param0," ",2),+(1,1))," ",".")),".")
  str.++(str.++(str.substr(Param0,0,1),str.replace(str.substr(Param0,str.indexof(Param0," ",1),+(1,1))," ",".")),".")
  str.++(str.++(str.substr(Param0,0,1),str.replace(str.substr(Param0,str.indexof(Param0," ",0),+(1,1))," ",".")),".")
  str.++(str.++(str.substr(Param0,0,1),str.replace(str.substr(Param0,str.indexof(Param0," ",-(2,2)),2)," ",".")),".")
  str.++(str.++(str.substr(Param0,0,1),str.replace(str.substr(Param0,str.indexof(Param0," ",-(2,1)),2)," ",".")),".")
  str.++(str.++(str.substr(Param0,0,1),str.replace(str.substr(Param0,str.indexof(Param0," ",-(2,0)),2)," ",".")),".")
  str.++(str.++(str.substr(Param0,0,1),str.replace(str.substr(Param0,str.indexof(Param0," ",-(1,1)),2)," ",".")),".")
  str.++(str.++(str.substr(Param0,0,1),str.replace(str.substr(Param0,str.indexof(Param0," ",-(1,0)),2)," ",".")),".")
  str.++(str.++(str.substr(Param0,0,1),str.replace(str.substr(Param0,str.indexof(Param0," ",-(0,0)),2)," ",".")),".")
  str.replace(str.++(str.++(str.substr(Param0,0,1),str.replace(str.substr(Param0,str.indexof(Param0," ",2),2)," ","."))," ")," ",".")
  str.replace(str.++(str.++(str.substr(Param0,0,1),str.replace(str.substr(Param0,str.indexof(Param0," ",1),2)," ","."))," ")," ",".")
  str.replace(str.++(str.++(str.substr(Param0,0,1),str.replace(str.substr(Param0,str.indexof(Param0," ",0),2)," ","."))," ")," ",".")
  str.replace(str.++(str.substr(Param0,0,1),str.++(str.replace(str.substr(Param0,str.indexof(Param0," ",2),2)," ",".")," "))," ",".")
  str.replace(str.++(str.substr(Param0,0,1),str.++(str.replace(str.substr(Param0,str.indexof(Param0," ",1),2)," ",".")," "))," ",".")
  str.replace(str.++(str.substr(Param0,0,1),str.++(str.replace(str.substr(Param0,str.indexof(Param0," ",0),2)," ",".")," "))," ",".")
  str.replace(str.++(str.substr(Param0,0,1),str.replace(str.++(str.substr(Param0,str.indexof(Param0," ",2),2)," ")," ","."))," ",".")
  str.replace(str.++(str.replace(str.++(str.substr(Param0,0,1),str.substr(Param0,str.indexof(Param0," ",2),2))," ",".")," ")," ",".")
  str.replace(str.++(str.replace(str.++(str.substr(Param0,0,1),str.substr(Param0,str.indexof(Param0," ",1),2))," ",".")," ")," ",".")
  str.replace(str.++(str.replace(str.++(str.substr(Param0,0,1),str.substr(Param0,str.indexof(Param0," ",0),2))," ",".")," ")," ",".")
  str.replace(str.replace(str.++(str.++(str.substr(Param0,0,1),str.substr(Param0,str.indexof(Param0," ",2),2))," ")," ",".")," ",".")
  str.replace(str.replace(str.++(str.++(str.substr(Param0,0,1),str.substr(Param0,str.indexof(Param0," ",1),2))," ")," ",".")," ",".")
  str.replace(str.replace(str.++(str.++(str.substr(Param0,0,1),str.substr(Param0,str.indexof(Param0," ",0),2))," ")," ",".")," ",".")
  str.replace(str.replace(str.++(str.substr(Param0,0,1),str.++(str.substr(Param0,str.indexof(Param0," ",2),2)," "))," ",".")," ",".")
  str.replace(str.++(str.substr(Param0,0,1),str.replace(str.++(str.substr(Param0,str.indexof(Param0," ",1),2)," ")," ","."))," ",".")
  str.replace(str.++(str.substr(Param0,0,1),str.replace(str.++(str.substr(Param0,str.indexof(Param0," ",0),2)," ")," ","."))," ",".")
  str.replace(str.replace(str.++(str.substr(Param0,0,1),str.++(str.substr(Param0,str.indexof(Param0," ",1),2)," "))," ",".")," ",".")
  str.replace(str.replace(str.++(str.substr(Param0,0,1),str.++(str.substr(Param0,str.indexof(Param0," ",0),2)," "))," ",".")," ",".")
  str.replace(str.++(str.++(str.++(str.substr(Param0,0,1),"."),str.substr(Param0,+(1,str.indexof(Param0," ",2)),1))," ")," ",".")
  str.replace(str.++(str.++(str.++(str.substr(Param0,0,1),"."),str.substr(Param0,+(1,str.indexof(Param0," ",1)),1))," ")," ",".")
  str.replace(str.++(str.++(str.++(str.substr(Param0,0,1),"."),str.substr(Param0,+(1,str.indexof(Param0," ",0)),1))," ")," ",".")
  str.replace(str.++(str.++(str.++(str.substr(Param0,0,1),"."),str.substr(Param0,+(str.indexof(Param0," ",2),1),1))," ")," ",".")
  str.replace(str.++(str.++(str.++(str.substr(Param0,0,1),"."),str.substr(Param0,+(str.indexof(Param0," ",1),1),1))," ")," ",".")
  str.replace(str.++(str.++(str.++(str.substr(Param0,0,1),"."),str.substr(Param0,+(str.indexof(Param0," ",0),1),1))," ")," ",".")
  str.replace(str.++(str.++(str.substr(Param0,0,1),str.++(".",str.substr(Param0,+(1,str.indexof(Param0," ",2)),1)))," ")," ",".")
  str.replace(str.++(str.++(str.substr(Param0,0,1),str.++(".",str.substr(Param0,+(1,str.indexof(Param0," ",1)),1)))," ")," ",".")
  str.replace(str.++(str.++(str.substr(Param0,0,1),str.++(".",str.substr(Param0,+(1,str.indexof(Param0," ",0)),1)))," ")," ",".")
  str.replace(str.++(str.++(str.substr(Param0,0,1),str.++(".",str.substr(Param0,+(str.indexof(Param0," ",2),1),1)))," ")," ",".")
  str.replace(str.++(str.++(str.substr(Param0,0,1),str.++(".",str.substr(Param0,+(str.indexof(Param0," ",1),1),1)))," ")," ",".")
  str.replace(str.++(str.++(str.substr(Param0,0,1),str.++(".",str.substr(Param0,+(str.indexof(Param0," ",0),1),1)))," ")," ",".")
  str.replace(str.++(str.++(str.substr(Param0,0,1),"."),str.++(str.substr(Param0,+(1,str.indexof(Param0," ",2)),1)," "))," ",".")
  str.replace(str.++(str.++(str.substr(Param0,0,1),"."),str.++(str.substr(Param0,+(1,str.indexof(Param0," ",1)),1)," "))," ",".")
  str.replace(str.++(str.++(str.substr(Param0,0,1),"."),str.++(str.substr(Param0,+(1,str.indexof(Param0," ",0)),1)," "))," ",".")
  str.replace(str.++(str.++(str.substr(Param0,0,1),"."),str.++(str.substr(Param0,+(str.indexof(Param0," ",2),1),1)," "))," ",".")
  str.replace(str.++(str.++(str.substr(Param0,0,1),"."),str.++(str.substr(Param0,+(str.indexof(Param0," ",1),1),1)," "))," ",".")
  str.replace(str.++(str.substr(Param0,0,1),str.++(str.++(".",str.substr(Param0,+(1,str.indexof(Param0," ",2)),1))," "))," ",".")
  str.replace(str.++(str.substr(Param0,0,1),str.++(str.++(".",str.substr(Param0,+(1,str.indexof(Param0," ",1)),1))," "))," ",".")
  str.replace(str.++(str.substr(Param0,0,1),str.++(str.++(".",str.substr(Param0,+(1,str.indexof(Param0," ",0)),1))," "))," ",".")
  str.replace(str.++(str.substr(Param0,0,1),str.++(str.++(".",str.substr(Param0,+(str.indexof(Param0," ",2),1),1))," "))," ",".")
  str.replace(str.++(str.substr(Param0,0,1),str.++(str.++(".",str.substr(Param0,+(str.indexof(Param0," ",1),1),1))," "))," ",".")
  str.replace(str.++(str.substr(Param0,0,1),str.++(str.++(".",str.substr(Param0,+(str.indexof(Param0," ",0),1),1))," "))," ",".")
  str.replace(str.++(str.substr(Param0,0,1),str.++(".",str.++(str.substr(Param0,+(1,str.indexof(Param0," ",2)),1)," ")))," ",".")
  str.replace(str.++(str.substr(Param0,0,1),str.++(".",str.++(str.substr(Param0,+(1,str.indexof(Param0," ",1)),1)," ")))," ",".")
