  str.substr(Param0,0,3)
  str.substr(Param0,0,str.to.int(int.to.str(3)))
  str.substr(Param0,str.to.int(int.to.str(0)),3)
  str.substr(Param0,0,-(5,2))
  str.substr(Param0,0,-(4,1))
  str.substr(Param0,0,+(2,1))
  str.substr(Param0,0,+(1,2))
  str.substr(Param0,-(5,5),3)
  str.substr(Param0,-(4,4),3)
  str.substr(Param0,-(3,3),3)
  str.substr(Param0,-(2,2),3)
  str.substr(Param0,-(1,1),3)
  str.substr(Param0,str.len(int.to.str(str.to.int(Param0))),3)
  str.substr(Param0,0,-(2,str.to.int(Param0)))
  str.substr(Param0,+(1,str.to.int(Param0)),3)
  str.substr(Param0,0,+(4,str.to.int(Param0)))
  str.substr(Param0,+(str.to.int(Param0),1),3)
  str.substr(Param0,0,+(str.to.int(Param0),4))
  str.substr(Param0,str.to.int(int.to.str(0)),str.to.int(int.to.str(3)))
  str.++(str.substr(Param0,0,2),str.substr(Param0,2,1))
  str.++(str.substr(Param0,0,1),str.substr(Param0,1,2))
  str.++(str.substr(Param0,0,str.to.int(int.to.str(2))),str.substr(Param0,2,1))
  str.++(str.substr(Param0,0,2),int.to.str(str.to.int(str.substr(Param0,2,1))))
  str.++(str.substr(Param0,str.to.int(int.to.str(0)),2),str.substr(Param0,2,1))
  str.++(str.substr(Param0,0,1),str.substr(Param0,1,str.to.int(int.to.str(2))))
  str.++(int.to.str(str.to.int(str.substr(Param0,0,1))),str.substr(Param0,1,2))
  str.++(str.substr(Param0,0,2),str.substr(Param0,2,str.to.int(int.to.str(1))))
  str.++(str.substr(Param0,0,1),str.substr(Param0,str.to.int(int.to.str(1)),2))
  str.++(str.substr(Param0,0,2),str.substr(Param0,str.to.int(int.to.str(2)),1))
  str.++(str.substr(Param0,str.to.int(int.to.str(0)),1),str.substr(Param0,1,2))
  str.++(str.substr(Param0,0,1),str.substr(Param0,1,-(5,3)))
  str.++(str.substr(Param0,0,-(5,3)),str.substr(Param0,2,1))
  str.++(str.substr(Param0,0,-(3,1)),str.substr(Param0,2,1))
  str.++(str.substr(Param0,0,+(1,1)),str.substr(Param0,2,1))
  str.++(str.substr(Param0,-(5,5),2),str.substr(Param0,2,1))
  str.++(str.substr(Param0,-(4,4),2),str.substr(Param0,2,1))
  str.++(str.substr(Param0,-(3,3),2),str.substr(Param0,2,1))
  str.++(str.substr(Param0,-(2,2),2),str.substr(Param0,2,1))
  str.++(str.substr(Param0,-(1,1),2),str.substr(Param0,2,1))
  str.++(str.substr(Param0,0,1),str.substr(Param0,1,-(3,1)))
  str.++(str.substr(Param0,0,-(5,4)),str.substr(Param0,1,2))
  str.++(str.substr(Param0,0,1),str.substr(Param0,1,+(1,1)))
  str.++(str.substr(Param0,0,-(4,3)),str.substr(Param0,1,2))
  str.++(str.substr(Param0,0,2),str.substr(Param0,2,-(5,4)))
  str.++(str.substr(Param0,0,1),str.substr(Param0,-(5,4),2))
  str.++(str.substr(Param0,0,-(3,2)),str.substr(Param0,1,2))
  str.++(str.substr(Param0,0,2),str.substr(Param0,2,-(4,3)))
  str.++(str.substr(Param0,0,1),str.substr(Param0,-(4,3),2))
  str.++(str.substr(Param0,-(5,5),1),str.substr(Param0,1,2))
  str.++(str.substr(Param0,0,2),str.substr(Param0,2,-(3,2)))
  str.++(str.substr(Param0,0,1),str.substr(Param0,-(3,2),2))
  str.++(str.substr(Param0,0,2),str.substr(Param0,-(5,3),1))
  str.++(str.substr(Param0,-(4,4),1),str.substr(Param0,1,2))
  str.++(str.substr(Param0,0,2),str.substr(Param0,-(3,1),1))
  str.++(str.substr(Param0,-(3,3),1),str.substr(Param0,1,2))
  str.++(str.substr(Param0,0,2),str.substr(Param0,+(1,1),1))
  str.++(str.substr(Param0,-(2,2),1),str.substr(Param0,1,2))
  str.++(str.substr(Param0,-(1,1),1),str.substr(Param0,1,2))
  str.++(str.substr(Param0,str.len(int.to.str(str.to.int(Param0))),2),str.substr(Param0,2,1))
  str.++(str.substr(Param0,str.len(int.to.str(str.to.int(Param0))),1),str.substr(Param0,1,2))
  str.++(str.substr(Param0,0,-(1,str.to.int(Param0))),str.substr(Param0,2,1))
  str.++(str.substr(Param0,+(1,str.to.int(Param0)),2),str.substr(Param0,2,1))
  str.++(str.substr(Param0,0,+(3,str.to.int(Param0))),str.substr(Param0,2,1))
  str.++(str.substr(Param0,+(str.to.int(Param0),1),2),str.substr(Param0,2,1))
  str.++(str.substr(Param0,0,+(str.to.int(Param0),3)),str.substr(Param0,2,1))
  str.++(str.substr(Param0,0,1),str.substr(Param0,1,-(1,str.to.int(Param0))))
  str.++(str.substr(Param0,0,-(0,str.to.int(Param0))),str.substr(Param0,1,2))
  str.++(str.substr(Param0,0,1),str.substr(Param0,-(0,str.to.int(Param0)),2))
  str.++(str.substr(Param0,+(1,str.to.int(Param0)),1),str.substr(Param0,1,2))
  str.++(str.substr(Param0,0,1),str.substr(Param0,1,+(3,str.to.int(Param0))))
  str.++(str.substr(Param0,0,+(2,str.to.int(Param0))),str.substr(Param0,1,2))
  str.++(str.substr(Param0,0,1),str.substr(Param0,+(2,str.to.int(Param0)),2))
  str.++(str.substr(Param0,+(str.to.int(Param0),1),1),str.substr(Param0,1,2))
  str.++(str.substr(Param0,0,1),str.substr(Param0,1,+(str.to.int(Param0),3)))
  str.++(str.substr(Param0,0,+(str.to.int(Param0),2)),str.substr(Param0,1,2))
  str.++(str.substr(Param0,0,1),str.substr(Param0,+(str.to.int(Param0),2),2))
  str.++(str.substr(Param0,str.to.int(int.to.str(str.to.int(int.to.str(0)))),2),str.substr(Param0,2,1))
  str.++(str.substr(Param0,str.len(str.substr(Param0,5,0)),2),str.substr(Param0,2,1))
  str.++(str.substr(Param0,str.len(str.substr(Param0,4,0)),2),str.substr(Param0,2,1))
  str.++(str.substr(Param0,str.to.int(int.to.str(0)),str.to.int(int.to.str(2))),str.substr(Param0,2,1))
  str.++(str.substr(Param0,str.len(str.substr(Param0,3,0)),2),str.substr(Param0,2,1))
  str.++(str.substr(Param0,str.len(str.substr(Param0,2,0)),2),str.substr(Param0,2,1))
  str.++(str.substr(Param0,0,str.to.int(int.to.str(str.to.int(int.to.str(2))))),str.substr(Param0,2,1))
  str.++(str.substr(Param0,str.len(str.substr(Param0,1,0)),2),str.substr(Param0,2,1))
  str.++(str.substr(Param0,str.len(str.substr(Param0,0,0)),2),str.substr(Param0,2,1))
  str.++(str.substr(Param0,str.len(str.substr(" ",5,5)),2),str.substr(Param0,2,1))
  str.++(str.substr(Param0,str.len(str.substr(" ",4,5)),2),str.substr(Param0,2,1))
  str.++(str.substr(Param0,str.len(str.substr(" ",5,4)),2),str.substr(Param0,2,1))
  str.++(str.substr(Param0,str.len(str.substr(" ",3,5)),2),str.substr(Param0,2,1))
  str.++(str.substr(Param0,str.len(str.substr(" ",4,4)),2),str.substr(Param0,2,1))
  str.++(str.substr(Param0,str.len(str.substr(" ",5,3)),2),str.substr(Param0,2,1))
  str.++(str.substr(Param0,str.len(str.substr(" ",2,5)),2),str.substr(Param0,2,1))
  str.++(str.substr(Param0,str.len(str.substr(" ",3,4)),2),str.substr(Param0,2,1))
  str.++(str.substr(Param0,str.len(str.substr(" ",2,4)),2),str.substr(Param0,2,1))
  str.++(str.substr(Param0,str.len(str.substr(" ",3,3)),2),str.substr(Param0,2,1))
  str.++(str.substr(Param0,str.len(str.substr(" ",2,3)),2),str.substr(Param0,2,1))
  str.++(str.substr(Param0,str.len(str.substr(" ",3,2)),2),str.substr(Param0,2,1))
  str.++(str.substr(Param0,str.len(str.substr(" ",2,2)),2),str.substr(Param0,2,1))
  str.++(str.substr(Param0,str.len(str.substr(" ",3,1)),2),str.substr(Param0,2,1))
  str.++(str.substr(Param0,str.len(str.substr(" ",2,1)),2),str.substr(Param0,2,1))
