  str.substr(Param0,+(1,str.indexof(Param0," ",0)),3)
  str.substr(Param0,+(str.indexof(Param0," ",0),1),3)
  str.substr(Param0,+(1,str.indexof(Param0," ",2)),3)
  str.substr(Param0,+(1,str.indexof(Param0," ",1)),3)
  str.substr(Param0,+(str.indexof(Param0," ",2),1),3)
  str.substr(Param0,+(str.indexof(Param0," ",1),1),3)
  str.substr(Param0,-(str.indexof(Param0," ",0),str.to.int(Param0)),3)
  str.substr(Param0,-(str.indexof(Param0," ",2),str.to.int(Param0)),3)
  str.substr(Param0,-(str.indexof(Param0," ",1),str.to.int(Param0)),3)
  str.substr(Param0,str.to.int(int.to.str(+(1,str.indexof(Param0," ",0)))),3)
  str.substr(Param0,str.to.int(int.to.str(+(str.indexof(Param0," ",0),1))),3)
  str.substr(Param0,+(str.indexof(Param0," ",2),1),str.to.int(int.to.str(3)))
  str.substr(Param0,-(+(3,str.indexof(Param0," ",0)),2),3)
  str.substr(Param0,-(-(str.len(Param0),+(5,4)),2),3)
  str.substr(Param0,-(+(3,str.indexof(Param0," ",2)),2),3)
  str.substr(Param0,-(+(3,str.indexof(Param0," ",1)),2),3)
  str.substr(Param0,-(-(str.len(Param0),+(4,5)),2),3)
  str.substr(Param0,-(-(-(str.len(Param0),5),4),2),3)
  str.substr(Param0,+(str.indexof(Param0," ",str.to.int(int.to.str(2))),1),3)
  str.substr(Param0,+(str.indexof(Param0," ",str.to.int(int.to.str(1))),1),3)
  str.substr(Param0,+(str.indexof(Param0," ",2),1),-(5,2))
  str.substr(Param0,+(str.indexof(Param0," ",str.to.int(int.to.str(0))),1),3)
  str.substr(Param0,+(1,str.indexof(Param0," ",1)),str.to.int(int.to.str(3)))
  str.substr(Param0,+(str.indexof(Param0," ",+(2,0)),1),3)
  str.substr(Param0,+(str.indexof(Param0," ",-(5,5)),1),3)
  str.substr(Param0,+(str.indexof(Param0," ",-(5,4)),1),3)
  str.substr(Param0,+(str.indexof(Param0," ",-(5,3)),1),3)
  str.substr(Param0,+(str.indexof(Param0," ",0),1),str.to.int(int.to.str(3)))
  str.++(str.substr(Param0,+(1,str.indexof(Param0," ",0)),2),str.substr(Param0,+(3,str.indexof(Param0," ",0)),1))
  str.++(str.substr(Param0,+(str.indexof(Param0," ",0),1),2),str.substr(Param0,+(3,str.indexof(Param0," ",0)),1))
  str.++(str.substr(Param0,+(1,str.indexof(Param0," ",0)),2),str.substr(Param0,-(str.len(Param0),+(5,4)),1))
  str.++(str.substr(Param0,+(1,str.indexof(Param0," ",2)),2),str.substr(Param0,+(3,str.indexof(Param0," ",0)),1))
  str.++(str.substr(Param0,+(str.indexof(Param0," ",0),1),2),str.substr(Param0,-(str.len(Param0),+(5,4)),1))
  str.++(str.substr(Param0,+(1,str.indexof(Param0," ",1)),2),str.substr(Param0,+(3,str.indexof(Param0," ",0)),1))
  str.++(str.substr(Param0,+(1,str.indexof(Param0," ",2)),2),str.substr(Param0,-(str.len(Param0),+(5,4)),1))
  str.++(str.substr(Param0,+(str.indexof(Param0," ",0),1),2),str.substr(Param0,+(3,str.indexof(Param0," ",2)),1))
  str.++(str.substr(Param0,+(1,str.indexof(Param0," ",1)),2),str.substr(Param0,-(str.len(Param0),+(5,4)),1))
  str.++(str.substr(Param0,+(1,str.indexof(Param0," ",2)),2),str.substr(Param0,+(3,str.indexof(Param0," ",2)),1))
  str.++(str.substr(Param0,+(str.indexof(Param0," ",0),1),2),str.substr(Param0,+(3,str.indexof(Param0," ",1)),1))
  str.++(str.substr(Param0,+(1,str.indexof(Param0," ",1)),2),str.substr(Param0,+(3,str.indexof(Param0," ",2)),1))
  str.++(str.substr(Param0,+(1,str.indexof(Param0," ",2)),2),str.substr(Param0,+(3,str.indexof(Param0," ",1)),1))
  str.++(str.substr(Param0,+(str.indexof(Param0," ",0),1),2),str.substr(Param0,-(str.len(Param0),+(4,5)),1))
  str.++(str.substr(Param0,+(1,str.indexof(Param0," ",1)),2),str.substr(Param0,+(3,str.indexof(Param0," ",1)),1))
  str.++(str.substr(Param0,+(1,str.indexof(Param0," ",2)),2),str.substr(Param0,-(str.len(Param0),+(4,5)),1))
  str.++(str.substr(Param0,+(str.indexof(Param0," ",0),1),2),str.substr(Param0,-(-(str.len(Param0),5),4),1))
  str.++(str.substr(Param0,+(1,str.indexof(Param0," ",1)),2),str.substr(Param0,-(str.len(Param0),+(4,5)),1))
  str.++(str.substr(Param0,+(1,str.indexof(Param0," ",2)),2),str.substr(Param0,-(-(str.len(Param0),5),4),1))
  str.++(str.substr(Param0,+(str.indexof(Param0," ",0),1),2),str.substr(Param0,+(str.indexof(Param0," ",0),3),1))
  str.++(str.substr(Param0,+(1,str.indexof(Param0," ",1)),2),str.substr(Param0,-(-(str.len(Param0),5),4),1))
  str.++(str.substr(Param0,+(1,str.indexof(Param0," ",2)),2),str.substr(Param0,+(str.indexof(Param0," ",0),3),1))
  str.++(str.substr(Param0,+(str.indexof(Param0," ",0),1),2),str.substr(Param0,-(str.indexof(Param0,"-",5),1),1))
  str.++(str.substr(Param0,+(1,str.indexof(Param0," ",1)),2),str.substr(Param0,+(str.indexof(Param0," ",0),3),1))
  str.++(str.substr(Param0,+(1,str.indexof(Param0," ",2)),2),str.substr(Param0,-(str.indexof(Param0,"-",5),1),1))
  str.++(str.substr(Param0,+(str.indexof(Param0," ",0),1),2),str.substr(Param0,+(str.indexof(Param0," ",2),3),1))
  str.++(str.substr(Param0,+(1,str.indexof(Param0," ",1)),2),str.substr(Param0,-(str.indexof(Param0,"-",5),1),1))
  str.++(str.substr(Param0,+(1,str.indexof(Param0," ",2)),2),str.substr(Param0,+(str.indexof(Param0," ",2),3),1))
  str.++(str.substr(Param0,+(str.indexof(Param0," ",0),1),2),str.substr(Param0,+(str.indexof(Param0," ",1),3),1))
  str.++(str.substr(Param0,+(1,str.indexof(Param0," ",1)),2),str.substr(Param0,+(str.indexof(Param0," ",2),3),1))
  str.++(str.substr(Param0,+(1,str.indexof(Param0," ",2)),2),str.substr(Param0,+(str.indexof(Param0," ",1),3),1))
  str.++(str.substr(Param0,+(str.indexof(Param0," ",0),1),2),str.substr(Param0,-(-(str.len(Param0),4),5),1))
  str.++(str.substr(Param0,+(1,str.indexof(Param0," ",1)),2),str.substr(Param0,+(str.indexof(Param0," ",1),3),1))
  str.++(str.substr(Param0,+(1,str.indexof(Param0," ",2)),2),str.substr(Param0,-(-(str.len(Param0),4),5),1))
  str.++(str.substr(Param0,+(str.indexof(Param0," ",0),1),2),str.substr(Param0,-(str.indexof(Param0,"-",4),1),1))
  str.++(str.substr(Param0,+(1,str.indexof(Param0," ",1)),2),str.substr(Param0,-(-(str.len(Param0),4),5),1))
  str.++(str.substr(Param0,+(1,str.indexof(Param0," ",2)),2),str.substr(Param0,-(str.indexof(Param0,"-",4),1),1))
  str.++(str.substr(Param0,+(str.indexof(Param0," ",0),1),2),str.substr(Param0,-(str.indexof(Param0,"-",3),1),1))
  str.++(str.substr(Param0,+(1,str.indexof(Param0," ",1)),2),str.substr(Param0,-(str.indexof(Param0,"-",4),1),1))
  str.++(str.substr(Param0,+(1,str.indexof(Param0," ",2)),2),str.substr(Param0,-(str.indexof(Param0,"-",3),1),1))
  str.++(str.substr(Param0,+(str.indexof(Param0," ",0),1),2),str.substr(Param0,-(str.indexof(Param0,"-",2),1),1))
  str.++(str.substr(Param0,+(1,str.indexof(Param0," ",1)),2),str.substr(Param0,-(str.indexof(Param0,"-",3),1),1))
  str.++(str.substr(Param0,+(1,str.indexof(Param0," ",2)),2),str.substr(Param0,-(str.indexof(Param0,"-",2),1),1))
  str.++(str.substr(Param0,+(str.indexof(Param0," ",0),1),2),str.substr(Param0,-(str.indexof(Param0,"-",1),1),1))
  str.++(str.substr(Param0,+(1,str.indexof(Param0," ",1)),2),str.substr(Param0,-(str.indexof(Param0,"-",2),1),1))
  str.++(str.substr(Param0,+(1,str.indexof(Param0," ",2)),2),str.substr(Param0,-(str.indexof(Param0,"-",1),1),1))
  str.++(str.substr(Param0,+(str.indexof(Param0," ",0),1),2),str.substr(Param0,-(str.indexof(Param0,"-",0),1),1))
  str.++(str.substr(Param0,+(1,str.indexof(Param0," ",1)),2),str.substr(Param0,-(str.indexof(Param0,"-",1),1),1))
  str.++(str.substr(Param0,+(1,str.indexof(Param0," ",2)),2),str.substr(Param0,-(str.indexof(Param0,"-",0),1),1))
  str.++(str.substr(Param0,+(1,str.indexof(Param0," ",1)),2),str.substr(Param0,-(str.indexof(Param0,"-",0),1),1))
  str.++(str.substr(Param0,+(1,str.indexof(Param0," ",0)),2),str.substr(Param0,+(3,str.indexof(Param0," ",2)),1))
  str.++(str.substr(Param0,+(str.indexof(Param0," ",2),1),2),str.substr(Param0,+(3,str.indexof(Param0," ",0)),1))
  str.++(str.substr(Param0,+(1,str.indexof(Param0," ",0)),2),str.substr(Param0,+(3,str.indexof(Param0," ",1)),1))
  str.++(str.substr(Param0,+(str.indexof(Param0," ",2),1),2),str.substr(Param0,-(str.len(Param0),+(5,4)),1))
  str.++(str.substr(Param0,+(1,str.indexof(Param0," ",0)),2),str.substr(Param0,-(str.len(Param0),+(4,5)),1))
  str.++(str.substr(Param0,+(str.indexof(Param0," ",2),1),2),str.substr(Param0,+(3,str.indexof(Param0," ",2)),1))
  str.++(str.substr(Param0,+(1,str.indexof(Param0," ",0)),2),str.substr(Param0,-(-(str.len(Param0),5),4),1))
  str.++(str.substr(Param0,+(str.indexof(Param0," ",2),1),2),str.substr(Param0,+(3,str.indexof(Param0," ",1)),1))
  str.++(str.substr(Param0,+(1,str.indexof(Param0," ",0)),2),str.substr(Param0,+(str.indexof(Param0," ",0),3),1))
  str.++(str.substr(Param0,+(str.indexof(Param0," ",2),1),2),str.substr(Param0,-(str.len(Param0),+(4,5)),1))
  str.++(str.substr(Param0,+(1,str.indexof(Param0," ",0)),2),str.substr(Param0,-(str.indexof(Param0,"-",5),1),1))
  str.++(str.substr(Param0,+(str.indexof(Param0," ",2),1),2),str.substr(Param0,-(-(str.len(Param0),5),4),1))
  str.++(str.substr(Param0,+(1,str.indexof(Param0," ",0)),2),str.substr(Param0,+(str.indexof(Param0," ",2),3),1))
  str.++(str.substr(Param0,+(str.indexof(Param0," ",2),1),2),str.substr(Param0,+(str.indexof(Param0," ",0),3),1))
  str.++(str.substr(Param0,+(1,str.indexof(Param0," ",0)),2),str.substr(Param0,+(str.indexof(Param0," ",1),3),1))
  str.++(str.substr(Param0,+(str.indexof(Param0," ",2),1),2),str.substr(Param0,-(str.indexof(Param0,"-",5),1),1))
  str.++(str.substr(Param0,+(1,str.indexof(Param0," ",0)),2),str.substr(Param0,-(-(str.len(Param0),4),5),1))
  str.++(str.substr(Param0,+(str.indexof(Param0," ",2),1),2),str.substr(Param0,+(str.indexof(Param0," ",2),3),1))
  str.++(str.substr(Param0,+(1,str.indexof(Param0," ",0)),2),str.substr(Param0,-(str.indexof(Param0,"-",4),1),1))
  str.++(str.substr(Param0,+(str.indexof(Param0," ",2),1),2),str.substr(Param0,+(str.indexof(Param0," ",1),3),1))
  str.++(str.substr(Param0,+(1,str.indexof(Param0," ",0)),2),str.substr(Param0,-(str.indexof(Param0,"-",3),1),1))
  str.++(str.substr(Param0,+(str.indexof(Param0," ",2),1),2),str.substr(Param0,-(-(str.len(Param0),4),5),1))
