str.substr(Param0,Param1,str.len(Param0))
str.substr(Param0,Param1,str.to.int(int.to.str(str.len(Param0))))
str.substr(Param0,Param1,-(str.len(Param0),0))
str.substr(Param0,Param1,-(str.len(Param0),1))
str.substr(Param0,Param1,-(str.len(Param0),Param1))
str.substr(Param0,Param1,+(str.len(Param0),-1))
str.substr(Param0,Param1,+(str.len(Param0),0))
str.substr(Param0,Param1,+(-1,str.len(Param0)))
str.substr(Param0,Param1,-(str.len(Param0),str.len("")))
str.substr(Param0,Param1,+(str.len(Param0),str.len("")))
str.substr(Param0,Param1,+(+(Param1,1),1))
str.substr(Param0,Param1,-(-(Param1,-1),-1))
str.substr(Param0,Param1,+(-(Param1,-1),1))
str.substr(Param0,Param1,-(+(Param1,1),-1))
str.substr(Param0,Param1,-(+(1,Param1),-1))
str.substr(Param0,Param1,-(+(Param1,Param1),-1))
str.substr(Param0,Param1,+(+(Param1,1),Param1))
str.substr(Param0,Param1,-(Param1,-(-1,1)))
str.substr(Param0,Param1,-(1,-(-1,Param1)))
str.substr(Param0,Param1,-(Param1,-(-1,Param1)))
str.substr(Param0,Param1,+(+(1,Param1),1))
str.substr(Param0,Param1,-(Param1,+(-1,-1)))
str.substr(Param0,Param1,+(-(Param1,-1),Param1))
str.substr(Param0,Param1,+(+(1,Param1),Param1))
str.substr(Param0,Param1,+(-(1,-1),Param1))
str.substr(Param0,Param1,+(Param1,-(1,-1)))
str.substr(Param0,Param1,+(Param1,-(Param1,-1)))
str.substr(Param0,Param1,+(Param1,+(1,1)))
str.substr(Param0,Param1,+(+(1,1),Param1))
str.substr(Param0,Param1,+(Param1,+(Param1,1)))
str.substr(Param0,Param1,+(Param1,+(1,Param1)))
str.substr(Param0,Param1,+(Param1,+(Param1,Param1)))
str.substr(Param0,Param1,+(+(Param1,Param1),1))
str.substr(Param0,Param1,+(+(Param1,Param1),Param1))
str.substr(Param0,Param1,+(1,-(Param1,-1)))
str.substr(Param0,Param1,+(1,+(Param1,1)))
str.substr(Param0,Param1,+(1,+(1,Param1)))
str.substr(Param0,Param1,+(1,+(Param1,Param1)))
str.substr(Param0,str.to.int(int.to.str(Param1)),str.to.int(int.to.str(str.len(Param0))))
str.substr(Param0,Param1,str.to.int(int.to.str(str.to.int(int.to.str(str.len(Param0))))))
str.substr(Param0,str.to.int(int.to.str(Param1)),-(str.len(Param0),0))
str.substr(Param0,Param1,+(str.to.int(int.to.str(str.len(Param0))),-1))
str.substr(Param0,str.to.int(int.to.str(Param1)),-(str.len(Param0),1))
str.substr(Param0,Param1,+(str.len(Param0),str.len(int.to.str(-1))))
str.substr(Param0,str.to.int(int.to.str(Param1)),-(str.len(Param0),Param1))
str.substr(Param0,Param1,+(str.to.int(int.to.str(str.len(Param0))),0))
str.substr(Param0,str.to.int(int.to.str(Param1)),+(str.len(Param0),-1))
str.substr(Param0,Param1,+(-1,str.to.int(int.to.str(str.len(Param0)))))
str.substr(Param0,str.to.int(int.to.str(Param1)),+(str.len(Param0),0))
str.substr(Param0,Param1,-(str.to.int(int.to.str(str.len(Param0))),0))
str.substr(Param0,str.to.int(int.to.str(Param1)),+(-1,str.len(Param0)))
str.substr(Param0,Param1,-(str.len(Param0),str.to.int(int.to.str(1))))
str.substr(Param0,Param1,-(str.to.int(int.to.str(str.len(Param0))),1))
str.substr(Param0,Param1,-(str.len(Param0),str.to.int(int.to.str(Param1))))
str.substr(Param0,Param1,-(str.to.int(int.to.str(str.len(Param0))),Param1))
str.substr(Param0,Param1,-(str.len(Param0),str.to.int(int.to.str(0))))
str.substr(Param0,Param1,-(str.len(Param0),str.len(int.to.str(-1))))
str.substr(Param0,Param1,str.to.int(int.to.str(-(str.len(Param0),1))))
str.substr(Param0,Param1,str.to.int(int.to.str(-(str.len(Param0),Param1))))
str.substr(Param0,Param1,str.to.int(int.to.str(+(str.len(Param0),-1))))
str.substr(Param0,Param1,str.to.int(int.to.str(+(-1,str.len(Param0)))))
str.substr(Param0,+(+(Param1,1),-1),str.len(Param0))
str.substr(Param0,Param1,+(-(str.len(Param0),1),0))
str.substr(Param0,+(-(Param1,-1),-1),str.len(Param0))
str.substr(Param0,Param1,+(+(str.len(Param0),-1),0))
str.substr(Param0,+(+(1,Param1),-1),str.len(Param0))
str.substr(Param0,Param1,+(-(str.len(Param0),1),1))
str.substr(Param0,+(-1,+(Param1,1)),str.len(Param0))
str.substr(Param0,Param1,+(+(-1,str.len(Param0)),0))
str.substr(Param0,+(-1,-(Param1,-1)),str.len(Param0))
str.substr(Param0,Param1,+(+(str.len(Param0),-1),1))
str.substr(Param0,+(-1,+(1,Param1)),str.len(Param0))
str.substr(Param0,Param1,+(+(-1,str.len(Param0)),1))
str.substr(Param0,-(+(Param1,-1),-1),str.len(Param0))
str.substr(Param0,Param1,+(-(str.len(Param0),Param1),0))
str.substr(Param0,-(+(-1,Param1),-1),str.len(Param0))
str.substr(Param0,Param1,+(-(str.len(Param0),Param1),1))
str.substr(Param0,-(0,-(0,Param1)),str.len(Param0))
str.substr(Param0,Param1,+(-(str.len(Param0),Param1),Param1))
str.substr(Param0,-(-1,-(-1,Param1)),str.len(Param0))
str.substr(Param0,Param1,+(1,-(str.len(Param0),1)))
str.substr(Param0,Param1,+(1,+(str.len(Param0),-1)))
str.substr(Param0,Param1,-(-(str.len(Param0),1),-1))
str.substr(Param0,Param1,-(-(str.len(Param0),Param1),-1))
str.substr(Param0,Param1,-(-(str.len(Param0),1),0))
str.substr(Param0,Param1,-(+(str.len(Param0),-1),-1))
str.substr(Param0,Param1,-(-(str.len(Param0),Param1),0))
str.substr(Param0,Param1,-(+(-1,str.len(Param0)),-1))
str.substr(Param0,Param1,-(+(str.len(Param0),-1),0))
str.substr(Param0,Param1,-(+(-1,str.len(Param0)),0))
str.substr(Param0,Param1,-(1,-(1,str.len(Param0))))
str.substr(Param0,Param1,+(1,+(-1,str.len(Param0))))
str.substr(Param0,Param1,-(1,-(Param1,str.len(Param0))))
str.substr(Param0,Param1,-(Param1,-(Param1,str.len(Param0))))
str.substr(Param0,Param1,-(0,-(1,str.len(Param0))))
str.substr(Param0,Param1,-(0,-(Param1,str.len(Param0))))
str.substr(Param0,Param1,-(0,-(0,str.len(Param0))))
str.substr(Param0,Param1,-(-1,-(0,str.len(Param0))))
str.substr(Param0,Param1,+(1,-(str.len(Param0),Param1)))
str.substr(Param0,Param1,+(str.len(Param0),-(1,1)))
