str.substr(Param0,0,+(str.indexof(Param0,"Inc",0),-1))
str.substr(Param0,0,+(str.indexof(Param0,"Inc",1),-1))
str.substr(Param0,0,+(-1,str.indexof(Param0,"Inc",0)))
str.substr(Param0,0,+(-1,str.indexof(Param0,"Inc",1)))
str.substr(Param0,0,-(str.indexof(Param0,"Inc",0),1))
str.substr(Param0,0,-(str.indexof(Param0,"Inc",1),1))
str.substr(Param0,0,str.indexof(Param0,str.++(" ","Inc"),0))
str.substr(Param0,0,str.indexof(Param0,str.++(" ","Inc"),1))
str.substr(Param0,str.len(""),+(str.indexof(Param0,"Inc",0),-1))
str.substr(Param0,0,+(str.indexof(Param0,"Inc",1),str.to.int(Param0)))
str.substr(Param0,str.len(""),+(str.indexof(Param0,"Inc",1),-1))
str.substr(Param0,0,+(str.indexof(Param0,"Inc",0),str.to.int(Param0)))
str.substr(Param0,str.len(""),+(-1,str.indexof(Param0,"Inc",0)))
str.substr(Param0,0,+(str.indexof(Param0,"Inc",str.len("")),-1))
str.substr(Param0,str.len(""),+(-1,str.indexof(Param0,"Inc",1)))
str.substr(Param0,0,+(str.to.int(Param0),str.indexof(Param0,"Inc",0)))
str.substr(Param0,str.len(""),-(str.indexof(Param0,"Inc",0),1))
str.substr(Param0,0,+(-1,str.indexof(Param0,"Inc",str.len(""))))
str.substr(Param0,str.len(""),-(str.indexof(Param0,"Inc",1),1))
str.substr(Param0,0,+(str.to.int(Param0),str.indexof(Param0,"Inc",1)))
str.substr(Param0,0,-(str.indexof(Param0,"Inc",str.len("")),1))
str.substr(Param0,str.len(""),str.indexof(Param0,str.++(" ","Inc"),0))
str.substr(Param0,0,str.indexof(Param0,str.++(" ","Inc"),str.len("")))
str.substr(Param0,str.len(""),str.indexof(Param0,str.++(" ","Inc"),1))
str.substr(Param0,-(1,1),+(str.indexof(Param0,"Inc",0),-1))
str.substr(Param0,0,+(str.indexof(Param0,"Inc",1),-(0,1)))
str.substr(Param0,-(-1,-1),+(str.indexof(Param0,"Inc",0),-1))
str.substr(Param0,-(1,1),+(str.indexof(Param0,"Inc",1),-1))
str.substr(Param0,-(-1,-1),+(str.indexof(Param0,"Inc",1),-1))
str.substr(Param0,-(1,1),+(-1,str.indexof(Param0,"Inc",0)))
str.substr(Param0,-(-1,-1),+(-1,str.indexof(Param0,"Inc",0)))
str.substr(Param0,-(1,1),+(-1,str.indexof(Param0,"Inc",1)))
str.substr(Param0,-(-1,-1),+(-1,str.indexof(Param0,"Inc",1)))
str.substr(Param0,-(1,1),-(str.indexof(Param0,"Inc",0),1))
str.substr(Param0,-(-1,-1),-(str.indexof(Param0,"Inc",0),1))
str.substr(Param0,-(1,1),-(str.indexof(Param0,"Inc",1),1))
str.substr(Param0,-(-1,-1),-(str.indexof(Param0,"Inc",1),1))
str.substr(Param0,0,+(str.indexof(Param0,"Inc",-(1,-1)),-1))
str.substr(Param0,+(1,-1),+(str.indexof(Param0,"Inc",0),-1))
str.substr(Param0,0,+(str.indexof(Param0,"Inc",0),-(0,1)))
str.substr(Param0,+(-1,1),+(str.indexof(Param0,"Inc",0),-1))
str.substr(Param0,+(1,-1),+(str.indexof(Param0,"Inc",1),-1))
str.substr(Param0,0,+(str.indexof(Param0,"Inc",-(1,0)),-1))
str.substr(Param0,+(-1,1),+(str.indexof(Param0,"Inc",1),-1))
str.substr(Param0,+(1,-1),+(-1,str.indexof(Param0,"Inc",0)))
str.substr(Param0,0,+(str.indexof(Param0,"Inc",-(1,1)),-1))
str.substr(Param0,+(-1,1),+(-1,str.indexof(Param0,"Inc",0)))
str.substr(Param0,+(1,-1),+(-1,str.indexof(Param0,"Inc",1)))
str.substr(Param0,0,+(str.indexof(Param0,"Inc",-(0,-1)),-1))
str.substr(Param0,+(-1,1),+(-1,str.indexof(Param0,"Inc",1)))
str.substr(Param0,+(1,-1),-(str.indexof(Param0,"Inc",0),1))
str.substr(Param0,0,+(str.indexof(Param0,"Inc",-(0,0)),-1))
str.substr(Param0,+(-1,1),-(str.indexof(Param0,"Inc",0),1))
str.substr(Param0,+(1,-1),-(str.indexof(Param0,"Inc",1),1))
str.substr(Param0,0,+(str.indexof(Param0,"Inc",-(-1,-1)),-1))
str.substr(Param0,+(-1,1),-(str.indexof(Param0,"Inc",1),1))
str.substr(Param0,0,+(str.indexof(Param0,"Inc",+(1,-1)),-1))
str.substr(Param0,0,+(str.indexof(Param0,"Inc",+(1,0)),-1))
str.substr(Param0,0,+(str.indexof(Param0,"Inc",+(1,1)),-1))
str.substr(Param0,0,+(str.indexof(Param0,"Inc",+(-1,1)),-1))
str.substr(Param0,0,+(-(0,1),str.indexof(Param0,"Inc",0)))
str.substr(Param0,0,+(-1,str.indexof(Param0,"Inc",-(1,-1))))
str.substr(Param0,0,+(-(0,1),str.indexof(Param0,"Inc",1)))
str.substr(Param0,0,+(-1,str.indexof(Param0,"Inc",-(1,0))))
str.substr(Param0,0,+(-1,str.indexof(Param0,"Inc",-(1,1))))
str.substr(Param0,0,+(-1,str.indexof(Param0,"Inc",-(0,-1))))
str.substr(Param0,0,+(-1,str.indexof(Param0,"Inc",-(0,0))))
str.substr(Param0,0,+(-1,str.indexof(Param0,"Inc",-(-1,-1))))
str.substr(Param0,0,+(-1,str.indexof(Param0,"Inc",+(1,-1))))
str.substr(Param0,0,+(-1,str.indexof(Param0,"Inc",+(1,0))))
str.substr(Param0,0,+(-1,str.indexof(Param0,"Inc",+(1,1))))
str.substr(Param0,0,+(-1,str.indexof(Param0,"Inc",+(-1,1))))
str.substr(Param0,0,-(str.indexof(Param0,"Inc",0),-(0,-1)))
str.substr(Param0,0,-(str.indexof(Param0,"Inc",-(1,-1)),1))
str.substr(Param0,0,-(str.indexof(Param0,"Inc",1),-(0,-1)))
str.substr(Param0,0,-(str.indexof(Param0,"Inc",-(1,0)),1))
str.substr(Param0,0,-(str.indexof(Param0,"Inc",-(1,1)),1))
str.substr(Param0,0,-(str.indexof(Param0,"Inc",-(0,-1)),1))
str.substr(Param0,0,-(str.indexof(Param0,"Inc",-(0,0)),1))
str.substr(Param0,0,-(str.indexof(Param0,"Inc",-(-1,-1)),1))
str.substr(Param0,0,-(str.indexof(Param0,"Inc",+(1,-1)),1))
str.substr(Param0,0,-(str.indexof(Param0,"Inc",+(1,0)),1))
str.substr(Param0,0,-(str.indexof(Param0,"Inc",+(1,1)),1))
str.substr(Param0,0,-(str.indexof(Param0,"Inc",+(-1,1)),1))
str.substr(Param0,0,-(0,-(1,str.indexof(Param0,"Inc",0))))
str.substr(Param0,0,-(0,-(1,str.indexof(Param0,"Inc",1))))
str.substr(Param0,0,-(-1,-(0,str.indexof(Param0,"Inc",0))))
str.substr(Param0,0,-(-1,-(0,str.indexof(Param0,"Inc",1))))
str.substr(Param0,0,+(str.to.int(int.to.str(str.indexof(Param0,"Inc",0))),-1))
str.substr(Param0,0,+(str.to.int(int.to.str(str.indexof(Param0,"Inc",1))),-1))
str.substr(Param0,0,+(-1,str.to.int(int.to.str(str.indexof(Param0,"Inc",0)))))
str.substr(Param0,0,+(-1,str.to.int(int.to.str(str.indexof(Param0,"Inc",1)))))
str.substr(Param0,0,-(str.to.int(int.to.str(str.indexof(Param0,"Inc",0))),1))
str.substr(Param0,0,-(str.to.int(int.to.str(str.indexof(Param0,"Inc",1))),1))
str.substr(Param0,0,str.to.int(int.to.str(+(str.indexof(Param0,"Inc",0),-1))))
str.substr(Param0,str.to.int(int.to.str(0)),+(str.indexof(Param0,"Inc",0),-1))
str.substr(Param0,str.len(int.to.str(-1)),+(str.indexof(Param0,"Inc",0),-1))
str.substr(Param0,str.to.int(int.to.str(0)),+(str.indexof(Param0,"Inc",1),-1))
str.substr(Param0,str.len(int.to.str(-1)),+(str.indexof(Param0,"Inc",1),-1))
str.substr(Param0,str.to.int(int.to.str(0)),+(-1,str.indexof(Param0,"Inc",0)))
