  str.substr(Param0,-(str.indexof(Param0,".",0),1),+(1,-(1,-1)))
  str.substr(Param0,-(str.indexof(Param0,".",1),1),+(1,-(1,-1)))
  str.substr(Param0,-(str.indexof(Param0,".",0),1),+(1,+(1,1)))
  str.substr(Param0,+(str.indexof(Param0,".",0),-1),+(1,-(1,-1)))
  str.substr(Param0,-(str.indexof(Param0,".",1),1),+(1,+(1,1)))
  str.substr(Param0,-(str.indexof(Param0,".",0),1),-(1,-(-1,1)))
  str.substr(Param0,+(str.indexof(Param0,".",1),-1),+(1,-(1,-1)))
  str.substr(Param0,+(str.indexof(Param0,".",0),-1),+(1,+(1,1)))
  str.substr(Param0,+(str.indexof(Param0,".",1),-1),+(1,+(1,1)))
  str.substr(Param0,+(str.indexof(Param0,".",0),-1),-(1,-(-1,1)))
  str.substr(Param0,+(str.indexof(Param0,".",1),-1),-(1,-(-1,1)))
  str.substr(Param0,+(str.indexof(Param0,".",0),-1),-(1,+(-1,-1)))
  str.substr(Param0,+(str.indexof(Param0,".",1),-1),-(1,+(-1,-1)))
  str.substr(Param0,-(str.indexof(Param0,".",1),1),-(1,-(-1,1)))
  str.substr(Param0,+(-1,str.indexof(Param0,".",0)),+(1,-(1,-1)))
  str.substr(Param0,-(str.indexof(Param0,".",1),1),-(1,+(-1,-1)))
  str.substr(Param0,+(-1,str.indexof(Param0,".",1)),+(1,-(1,-1)))
  str.substr(Param0,+(-1,str.indexof(Param0,".",0)),+(1,+(1,1)))
  str.substr(Param0,-(str.indexof(Param0,".",0),1),-(1,+(-1,-1)))
  str.substr(Param0,+(-1,str.indexof(Param0,".",1)),+(1,+(1,1)))
  str.substr(Param0,+(-1,str.indexof(Param0,".",0)),-(1,-(-1,1)))
  str.substr(Param0,+(-1,str.indexof(Param0,".",1)),-(1,-(-1,1)))
  str.substr(Param0,+(-1,str.indexof(Param0,".",0)),-(1,+(-1,-1)))
  str.substr(Param0,+(-1,str.indexof(Param0,".",1)),-(1,+(-1,-1)))
  str.substr(Param0,+(str.indexof(Param0,".",0),-1),+(-(1,-1),1))
  str.substr(Param0,+(-1,str.indexof(Param0,".",0)),+(-(1,-1),1))
  str.substr(Param0,-(str.indexof(Param0,".",0),1),+(-(1,-1),1))
  str.substr(Param0,+(str.indexof(Param0,".",1),-1),+(-(1,-1),1))
  str.substr(Param0,-(str.indexof(Param0,".",1),1),+(-(1,-1),1))
  str.substr(Param0,+(-1,str.indexof(Param0,".",1)),+(-(1,-1),1))
  str.substr(Param0,+(str.indexof(Param0,".",0),-1),+(+(1,1),1))
  str.substr(Param0,+(-1,str.indexof(Param0,".",0)),+(+(1,1),1))
  str.substr(Param0,-(str.indexof(Param0,".",0),1),+(+(1,1),1))
  str.substr(Param0,+(str.indexof(Param0,".",1),-1),+(+(1,1),1))
  str.substr(Param0,+(-1,str.indexof(Param0,".",1)),+(+(1,1),1))
  str.substr(Param0,-(str.indexof(Param0,".",1),1),+(+(1,1),1))
  str.substr(Param0,+(-1,str.indexof(Param0,".",0)),-(-(1,-1),-1))
  str.substr(Param0,+(-1,str.indexof(Param0,".",0)),-(+(1,1),-1))
  str.substr(Param0,+(str.indexof(Param0,".",1),-1),-(-(1,-1),-1))
  str.substr(Param0,+(str.indexof(Param0,".",1),-1),-(+(1,1),-1))
  str.substr(Param0,+(-1,str.indexof(Param0,".",0)),-(-(1,-1),str.to.int(Param0)))
  str.substr(Param0,+(-1,str.indexof(Param0,".",0)),-(+(1,1),str.to.int(Param0)))
  str.substr(Param0,+(-1,str.indexof(Param0,".",0)),+(-(1,str.to.int(Param0)),1))
  str.substr(Param0,+(str.indexof(Param0,".",0),str.to.int(Param0)),+(1,-(1,-1)))
  str.substr(Param0,+(str.indexof(Param0,".",1),-1),-(-(1,-1),str.to.int(Param0)))
  str.substr(Param0,-(str.indexof(Param0,".",0),1),-(-(1,-1),str.to.int(Param0)))
  str.substr(Param0,+(-1,str.indexof(Param0,".",0)),-(-(1,str.to.int(Param0)),-1))
  str.substr(Param0,+(str.indexof(Param0,".",0),str.to.int(Param0)),+(1,+(1,1)))
  str.substr(Param0,+(str.indexof(Param0,".",1),-1),-(+(1,1),str.to.int(Param0)))
  str.substr(Param0,-(str.indexof(Param0,".",0),1),-(+(1,1),str.to.int(Param0)))
  str.substr(Param0,+(str.indexof(Param0,".",0),str.to.int(Param0)),-(1,-(-1,1)))
  str.substr(Param0,+(str.indexof(Param0,".",1),-1),+(-(1,str.to.int(Param0)),1))
  str.substr(Param0,-(str.indexof(Param0,".",0),1),+(-(1,str.to.int(Param0)),1))
  str.replace(str.replace(str.substr(Param0,-(str.indexof(Param0,".",0),1),+(1,-(1,-1))),"."," ")," ",".")
  str.replace(str.replace(str.substr(Param0,-(str.indexof(Param0,".",1),1),+(1,-(1,-1))),"."," ")," ",".")
  str.replace(str.replace(str.substr(Param0,-(str.indexof(Param0,".",0),1),+(1,+(1,1))),"."," ")," ",".")
  str.replace(str.replace(str.substr(Param0,+(str.indexof(Param0,".",0),-1),+(1,-(1,-1))),"."," ")," ",".")
  str.replace(str.replace(str.substr(Param0,-(str.indexof(Param0,".",1),1),+(1,+(1,1))),"."," ")," ",".")
  str.replace(str.replace(str.substr(Param0,-(str.indexof(Param0,".",0),1),-(1,-(-1,1))),"."," ")," ",".")
  str.replace(str.replace(str.substr(Param0,+(str.indexof(Param0,".",1),-1),+(1,-(1,-1))),"."," ")," ",".")
  str.replace(str.replace(str.substr(Param0,+(str.indexof(Param0,".",0),-1),+(1,+(1,1))),"."," ")," ",".")
  str.replace(str.replace(str.substr(Param0,+(str.indexof(Param0,".",1),-1),+(1,+(1,1))),"."," ")," ",".")
  str.replace(str.replace(str.substr(Param0,+(str.indexof(Param0,".",0),-1),-(1,-(-1,1))),"."," ")," ",".")
  str.replace(str.replace(str.substr(Param0,+(str.indexof(Param0,".",1),-1),-(1,-(-1,1))),"."," ")," ",".")
  str.replace(str.replace(str.substr(Param0,+(str.indexof(Param0,".",0),-1),-(1,+(-1,-1))),"."," ")," ",".")
  str.replace(str.replace(str.substr(Param0,+(str.indexof(Param0,".",1),-1),-(1,+(-1,-1))),"."," ")," ",".")
  str.replace(str.replace(str.substr(Param0,-(str.indexof(Param0,".",1),1),-(1,-(-1,1))),"."," ")," ",".")
  str.replace(str.replace(str.substr(Param0,+(-1,str.indexof(Param0,".",0)),+(1,-(1,-1))),"."," ")," ",".")
  str.replace(str.replace(str.substr(Param0,-(str.indexof(Param0,".",1),1),-(1,+(-1,-1))),"."," ")," ",".")
  str.replace(str.replace(str.substr(Param0,+(-1,str.indexof(Param0,".",1)),+(1,-(1,-1))),"."," ")," ",".")
  str.replace(str.replace(str.substr(Param0,+(-1,str.indexof(Param0,".",0)),+(1,+(1,1))),"."," ")," ",".")
  str.replace(str.replace(str.substr(Param0,-(str.indexof(Param0,".",0),1),-(1,+(-1,-1))),"."," ")," ",".")
  str.replace(str.replace(str.substr(Param0,+(-1,str.indexof(Param0,".",1)),+(1,+(1,1))),"."," ")," ",".")
  str.replace(str.replace(str.substr(Param0,+(-1,str.indexof(Param0,".",0)),-(1,-(-1,1))),"."," ")," ",".")
  str.replace(str.replace(str.substr(Param0,+(-1,str.indexof(Param0,".",1)),-(1,-(-1,1))),"."," ")," ",".")
  str.replace(str.replace(str.substr(Param0,+(-1,str.indexof(Param0,".",0)),-(1,+(-1,-1))),"."," ")," ",".")
  str.replace(str.replace(str.substr(Param0,+(-1,str.indexof(Param0,".",1)),-(1,+(-1,-1))),"."," ")," ",".")
  str.replace(str.replace(str.substr(Param0,+(str.indexof(Param0,".",0),-1),+(-(1,-1),1)),"."," ")," ",".")
  str.replace(str.replace(str.substr(Param0,+(-1,str.indexof(Param0,".",0)),+(-(1,-1),1)),"."," ")," ",".")
  str.replace(str.replace(str.substr(Param0,-(str.indexof(Param0,".",0),1),+(-(1,-1),1)),"."," ")," ",".")
  str.replace(str.replace(str.substr(Param0,+(str.indexof(Param0,".",1),-1),+(-(1,-1),1)),"."," ")," ",".")
  str.replace(str.replace(str.substr(Param0,-(str.indexof(Param0,".",1),1),+(-(1,-1),1)),"."," ")," ",".")
  str.replace(str.replace(str.substr(Param0,+(-1,str.indexof(Param0,".",1)),+(-(1,-1),1)),"."," ")," ",".")
  str.replace(str.replace(str.substr(Param0,+(str.indexof(Param0,".",0),-1),+(+(1,1),1)),"."," ")," ",".")
  str.replace(str.replace(str.substr(Param0,+(-1,str.indexof(Param0,".",0)),+(+(1,1),1)),"."," ")," ",".")
  str.replace(str.replace(str.substr(Param0,-(str.indexof(Param0,".",0),1),+(+(1,1),1)),"."," ")," ",".")
  str.replace(str.replace(str.substr(Param0,+(str.indexof(Param0,".",1),-1),+(+(1,1),1)),"."," ")," ",".")
  str.replace(str.replace(str.substr(Param0,+(-1,str.indexof(Param0,".",1)),+(+(1,1),1)),"."," ")," ",".")
  str.replace(str.replace(str.substr(Param0,-(str.indexof(Param0,".",1),1),+(+(1,1),1)),"."," ")," ",".")
  str.replace(str.replace(str.substr(Param0,+(-1,str.indexof(Param0,".",0)),-(-(1,-1),-1)),"."," ")," ",".")
  str.replace(str.replace(str.substr(Param0,+(-1,str.indexof(Param0,".",0)),-(+(1,1),-1)),"."," ")," ",".")
  str.replace(str.replace(str.substr(Param0,+(str.indexof(Param0,".",1),-1),-(-(1,-1),-1)),"."," ")," ",".")
  str.replace(str.replace(str.substr(Param0,+(str.indexof(Param0,".",1),-1),-(+(1,1),-1)),"."," ")," ",".")
  str.replace(str.replace(str.substr(Param0,+(-1,str.indexof(Param0,".",0)),-(-(1,-1),str.to.int(Param0))),"."," ")," ",".")
  str.replace(str.replace(str.substr(Param0,+(-1,str.indexof(Param0,".",0)),-(+(1,1),str.to.int(Param0))),"."," ")," ",".")
  str.replace(str.replace(str.substr(Param0,+(-1,str.indexof(Param0,".",0)),+(-(1,str.to.int(Param0)),1)),"."," ")," ",".")
  str.replace(str.replace(str.substr(Param0,+(str.indexof(Param0,".",0),str.to.int(Param0)),+(1,-(1,-1))),"."," ")," ",".")
  str.replace(str.replace(str.substr(Param0,+(str.indexof(Param0,".",1),-1),-(-(1,-1),str.to.int(Param0))),"."," ")," ",".")
  str.replace(str.replace(str.substr(Param0,-(str.indexof(Param0,".",0),1),-(-(1,-1),str.to.int(Param0))),"."," ")," ",".")
  str.replace(str.replace(str.substr(Param0,+(-1,str.indexof(Param0,".",0)),-(-(1,str.to.int(Param0)),-1)),"."," ")," ",".")
