str.substr(Param0,+(1,str.indexof(Param0,"-",-(Param1,2))),str.indexof(Param0,"-",2))
str.substr(Param0,+(str.indexof(Param0,"-",-(Param1,2)),1),str.indexof(Param0,"-",2))
str.substr(Param0,+(1,str.indexof(Param0,"-",-(Param1,2))),str.indexof(Param0,"-",1))
str.substr(Param0,+(1,str.indexof(Param0,"-",-(Param1,2))),str.indexof(Param0,"-",0))
str.substr(Param0,+(1,str.indexof(Param0,"-",-(Param1,2))),str.indexof(Param0,"-",Param1))
str.substr(Param0,-(str.indexof(Param0,"-",-(Param1,2)),-1),str.indexof(Param0,"-",2))
str.substr(Param0,+(str.indexof(Param0,"-",-(Param1,2)),1),str.indexof(Param0,"-",1))
str.substr(Param0,-(str.indexof(Param0,"-",-(Param1,2)),-1),str.indexof(Param0,"-",1))
str.substr(Param0,+(str.indexof(Param0,"-",-(Param1,2)),1),str.indexof(Param0,"-",0))
str.substr(Param0,-(str.indexof(Param0,"-",-(Param1,2)),-1),str.indexof(Param0,"-",0))
str.substr(Param0,+(str.indexof(Param0,"-",-(Param1,2)),1),str.indexof(Param0,"-",Param1))
str.substr(Param0,-(str.indexof(Param0,"-",-(Param1,2)),-1),str.indexof(Param0,"-",Param1))
str.substr(Param0,+(1,str.indexof(Param0,"-",-(Param1,2))),str.indexof(Param0,"-",str.len("")))
str.substr(Param0,-(str.indexof(Param0,"-",-(Param1,2)),-1),str.indexof(Param0,"-",str.len("")))
str.substr(Param0,+(str.indexof(Param0,"-",-(Param1,2)),1),str.indexof(Param0,"-",str.len("")))
str.substr(Param0,-(str.indexof(Param0,"-",-(Param1,2)),str.to.int(Param0)),str.indexof(Param0,"-",2))
str.substr(Param0,-(str.indexof(Param0,"-",-(Param1,2)),str.to.int(Param0)),str.indexof(Param0,"-",1))
str.substr(Param0,-(str.indexof(Param0,"-",-(Param1,2)),str.to.int(Param0)),str.indexof(Param0,"-",0))
str.substr(Param0,-(str.indexof(Param0,"-",-(Param1,2)),str.to.int(Param0)),str.indexof(Param0,"-",Param1))
str.substr(Param0,-(str.indexof(Param0,"-",-(Param1,2)),str.to.int(Param0)),str.indexof(Param0,"-",str.len("")))
str.substr(Param0,+(1,str.indexof(Param0,"-",-(str.to.int(int.to.str(Param1)),2))),str.indexof(Param0,"-",2))
str.substr(Param0,+(1,str.indexof(Param0,"-",-(Param1,2))),str.to.int(int.to.str(str.indexof(Param0,"-",2))))
str.substr(Param0,str.to.int(int.to.str(+(1,str.indexof(Param0,"-",-(Param1,2))))),str.indexof(Param0,"-",2))
str.substr(Param0,+(1,str.indexof(Param0,"-",-(str.to.int(int.to.str(Param1)),2))),str.indexof(Param0,"-",1))
str.substr(Param0,+(1,str.indexof(Param0,"-",-(Param1,2))),str.to.int(int.to.str(str.indexof(Param0,"-",1))))
str.substr(Param0,+(1,str.indexof(Param0,"-",-(str.to.int(int.to.str(Param1)),2))),str.indexof(Param0,"-",0))
str.substr(Param0,+(1,str.indexof(Param0,"-",-(Param1,2))),str.to.int(int.to.str(str.indexof(Param0,"-",0))))
str.substr(Param0,+(1,str.indexof(Param0,"-",-(str.to.int(int.to.str(Param1)),2))),str.indexof(Param0,"-",Param1))
str.substr(Param0,+(1,str.indexof(Param0,"-",-(Param1,2))),str.to.int(int.to.str(str.indexof(Param0,"-",Param1))))
str.substr(Param0,+(str.to.int(int.to.str(1)),str.indexof(Param0,"-",-(Param1,2))),str.indexof(Param0,"-",2))
str.substr(Param0,-(str.indexof(Param0,"-",-(Param1,2)),-1),str.to.int(int.to.str(str.indexof(Param0,"-",2))))
str.substr(Param0,+(1,str.indexof(Param0,"-",-(Param1,2))),str.indexof(Param0,"-",str.to.int(int.to.str(2))))
str.substr(Param0,+(str.to.int(int.to.str(1)),str.indexof(Param0,"-",-(Param1,2))),str.indexof(Param0,"-",1))
str.substr(Param0,-(str.indexof(Param0,"-",-(Param1,2)),-1),str.to.int(int.to.str(str.indexof(Param0,"-",1))))
str.substr(Param0,+(1,str.indexof(Param0,"-",-(Param1,2))),str.indexof(Param0,"-",str.to.int(int.to.str(1))))
str.substr(Param0,+(str.to.int(int.to.str(1)),str.indexof(Param0,"-",-(Param1,2))),str.indexof(Param0,"-",0))
str.substr(Param0,-(str.indexof(Param0,"-",-(Param1,2)),-1),str.to.int(int.to.str(str.indexof(Param0,"-",0))))
str.substr(Param0,+(1,str.indexof(Param0,"-",-(Param1,2))),str.indexof(Param0,"-",str.to.int(int.to.str(Param1))))
str.substr(Param0,+(str.to.int(int.to.str(1)),str.indexof(Param0,"-",-(Param1,2))),str.indexof(Param0,"-",Param1))
str.substr(Param0,-(str.indexof(Param0,"-",-(Param1,2)),-1),str.to.int(int.to.str(str.indexof(Param0,"-",Param1))))
str.substr(Param0,+(1,str.indexof(Param0,"-",-(Param1,2))),str.indexof(Param0,"-",str.to.int(int.to.str(0))))
str.substr(Param0,+(str.indexof(Param0,"-",-(Param1,2)),1),str.to.int(int.to.str(str.indexof(Param0,"-",2))))
str.substr(Param0,str.to.int(int.to.str(+(1,str.indexof(Param0,"-",-(Param1,2))))),str.indexof(Param0,"-",1))
str.substr(Param0,+(str.indexof(Param0,"-",-(Param1,2)),str.to.int(int.to.str(1))),str.indexof(Param0,"-",2))
str.substr(Param0,-(str.indexof(Param0,"-",-(Param1,2)),-1),str.indexof(Param0,"-",str.to.int(int.to.str(2))))
str.substr(Param0,+(1,str.indexof(Param0,"-",-(Param1,2))),str.indexof(Param0,"-",str.len(int.to.str(-1))))
str.substr(Param0,+(str.indexof(Param0,"-",-(Param1,2)),str.to.int(int.to.str(1))),str.indexof(Param0,"-",1))
str.substr(Param0,-(str.indexof(Param0,"-",-(Param1,2)),-1),str.indexof(Param0,"-",str.to.int(int.to.str(1))))
str.substr(Param0,+(str.indexof(Param0,"-",-(Param1,2)),1),str.to.int(int.to.str(str.indexof(Param0,"-",1))))
str.substr(Param0,+(str.indexof(Param0,"-",-(Param1,2)),str.to.int(int.to.str(1))),str.indexof(Param0,"-",0))
str.substr(Param0,-(str.indexof(Param0,"-",-(Param1,2)),-1),str.indexof(Param0,"-",str.to.int(int.to.str(Param1))))
str.substr(Param0,+(str.indexof(Param0,"-",-(Param1,2)),1),str.to.int(int.to.str(str.indexof(Param0,"-",0))))
str.substr(Param0,+(str.indexof(Param0,"-",-(Param1,2)),str.to.int(int.to.str(1))),str.indexof(Param0,"-",Param1))
str.substr(Param0,-(str.indexof(Param0,"-",-(Param1,2)),-1),str.indexof(Param0,"-",str.to.int(int.to.str(0))))
str.substr(Param0,+(str.indexof(Param0,"-",-(Param1,2)),1),str.to.int(int.to.str(str.indexof(Param0,"-",Param1))))
str.substr(Param0,+(str.indexof(Param0,"-",-(str.to.int(int.to.str(Param1)),2)),1),str.indexof(Param0,"-",2))
str.substr(Param0,-(str.indexof(Param0,"-",-(Param1,2)),-1),str.indexof(Param0,"-",str.len(int.to.str(-1))))
str.substr(Param0,+(str.indexof(Param0,"-",-(Param1,2)),1),str.indexof(Param0,"-",str.to.int(int.to.str(2))))
str.substr(Param0,-(str.indexof(Param0,"-",-(str.to.int(int.to.str(Param1)),2)),-1),str.indexof(Param0,"-",2))
str.substr(Param0,+(str.indexof(Param0,"-",-(str.to.int(int.to.str(Param1)),2)),1),str.indexof(Param0,"-",1))
str.substr(Param0,-(str.indexof(Param0,"-",-(str.to.int(int.to.str(Param1)),2)),-1),str.indexof(Param0,"-",1))
str.substr(Param0,+(str.indexof(Param0,"-",-(str.to.int(int.to.str(Param1)),2)),1),str.indexof(Param0,"-",0))
str.substr(Param0,-(str.indexof(Param0,"-",-(str.to.int(int.to.str(Param1)),2)),-1),str.indexof(Param0,"-",0))
str.substr(Param0,+(str.indexof(Param0,"-",-(str.to.int(int.to.str(Param1)),2)),1),str.indexof(Param0,"-",Param1))
str.substr(Param0,-(str.indexof(Param0,"-",-(str.to.int(int.to.str(Param1)),2)),-1),str.indexof(Param0,"-",Param1))
str.substr(Param0,+(str.indexof(Param0,"-",-(Param1,2)),1),str.indexof(Param0,"-",str.to.int(int.to.str(1))))
str.substr(Param0,str.to.int(int.to.str(+(str.indexof(Param0,"-",-(Param1,2)),1))),str.indexof(Param0,"-",2))
str.substr(Param0,+(str.indexof(Param0,"-",-(Param1,2)),1),str.indexof(Param0,"-",str.to.int(int.to.str(Param1))))
str.substr(Param0,str.to.int(int.to.str(-(str.indexof(Param0,"-",-(Param1,2)),-1))),str.indexof(Param0,"-",2))
str.substr(Param0,str.to.int(int.to.str(+(str.indexof(Param0,"-",-(Param1,2)),1))),str.indexof(Param0,"-",1))
str.substr(Param0,+(str.indexof(Param0,"-",-(Param1,2)),1),str.indexof(Param0,"-",str.to.int(int.to.str(0))))
str.substr(Param0,str.to.int(int.to.str(-(str.indexof(Param0,"-",-(Param1,2)),-1))),str.indexof(Param0,"-",1))
str.substr(Param0,str.to.int(int.to.str(+(str.indexof(Param0,"-",-(Param1,2)),1))),str.indexof(Param0,"-",0))
str.substr(Param0,+(str.indexof(Param0,"-",-(Param1,2)),1),str.indexof(Param0,"-",str.len(int.to.str(-1))))
str.substr(Param0,str.to.int(int.to.str(-(str.indexof(Param0,"-",-(Param1,2)),-1))),str.indexof(Param0,"-",0))
str.substr(Param0,str.to.int(int.to.str(+(str.indexof(Param0,"-",-(Param1,2)),1))),str.indexof(Param0,"-",Param1))
str.substr(Param0,str.to.int(int.to.str(-(str.indexof(Param0,"-",-(Param1,2)),-1))),str.indexof(Param0,"-",Param1))
str.substr(Param0,str.to.int(int.to.str(+(1,str.indexof(Param0,"-",-(Param1,2))))),str.indexof(Param0,"-",0))
str.substr(Param0,str.to.int(int.to.str(+(1,str.indexof(Param0,"-",-(Param1,2))))),str.indexof(Param0,"-",Param1))
str.substr(Param0,+(2,+(-1,str.indexof(Param0,"-",-(Param1,2)))),str.indexof(Param0,"-",2))
str.substr(Param0,+(1,str.indexof(Param0,"-",+(Param1,-(0,2)))),str.indexof(Param0,"-",2))
str.substr(Param0,+(2,+(-1,str.indexof(Param0,"-",-(Param1,2)))),str.indexof(Param0,"-",1))
str.substr(Param0,+(+(2,-1),str.indexof(Param0,"-",-(Param1,2))),str.indexof(Param0,"-",2))
str.substr(Param0,+(1,str.indexof(Param0,"-",+(Param1,-(0,2)))),str.indexof(Param0,"-",1))
str.substr(Param0,+(2,+(-1,str.indexof(Param0,"-",-(Param1,2)))),str.indexof(Param0,"-",0))
str.substr(Param0,+(1,str.indexof(Param0,"-",+(Param1,+(-1,-1)))),str.indexof(Param0,"-",2))
str.substr(Param0,+(+(2,-1),str.indexof(Param0,"-",-(Param1,2))),str.indexof(Param0,"-",1))
str.substr(Param0,+(1,str.indexof(Param0,"-",+(Param1,-(0,2)))),str.indexof(Param0,"-",0))
str.substr(Param0,+(2,+(-1,str.indexof(Param0,"-",-(Param1,2)))),str.indexof(Param0,"-",Param1))
str.substr(Param0,+(1,str.indexof(Param0,"-",+(Param1,+(-1,-1)))),str.indexof(Param0,"-",1))
str.substr(Param0,+(+(2,-1),str.indexof(Param0,"-",-(Param1,2))),str.indexof(Param0,"-",0))
str.substr(Param0,+(1,str.indexof(Param0,"-",+(Param1,-(0,2)))),str.indexof(Param0,"-",Param1))
str.substr(Param0,+(+(-1,2),str.indexof(Param0,"-",-(Param1,2))),str.indexof(Param0,"-",2))
str.substr(Param0,+(1,str.indexof(Param0,"-",+(Param1,+(-1,-1)))),str.indexof(Param0,"-",0))
str.substr(Param0,+(+(2,-1),str.indexof(Param0,"-",-(Param1,2))),str.indexof(Param0,"-",Param1))
str.substr(Param0,+(1,str.indexof(Param0,"-",+(Param1,-(-1,1)))),str.indexof(Param0,"-",2))
str.substr(Param0,+(+(-1,2),str.indexof(Param0,"-",-(Param1,2))),str.indexof(Param0,"-",1))
str.substr(Param0,+(1,str.indexof(Param0,"-",+(Param1,+(-1,-1)))),str.indexof(Param0,"-",Param1))
str.substr(Param0,+(1,str.indexof(Param0,"-",+(Param1,-(-1,1)))),str.indexof(Param0,"-",1))
str.substr(Param0,+(+(-1,2),str.indexof(Param0,"-",-(Param1,2))),str.indexof(Param0,"-",0))
