str.substr(Param0,+(-(str.len(Param0),-(-(1,-1),-1)),-1),str.len(Param0))
str.substr(Param0,+(-(str.len(Param0),-(+(1,1),-1)),-1),str.len(Param0))
str.substr(Param0,+(-(str.len(Param0),-(1,-(-1,1))),-1),str.len(Param0))
str.substr(Param0,+(-(str.len(Param0),-(1,+(-1,-1))),-1),str.len(Param0))
str.substr(Param0,+(-(str.len(Param0),+(-(1,-1),1)),-1),str.len(Param0))
str.substr(Param0,+(-(str.len(Param0),+(+(1,1),1)),-1),str.len(Param0))
str.substr(Param0,+(-(str.len(Param0),+(1,-(1,-1))),-1),str.len(Param0))
str.substr(Param0,+(-(str.len(Param0),+(1,+(1,1))),-1),str.len(Param0))
str.substr(Param0,+(-(-(str.len(Param0),1),-(1,-1)),-1),str.len(Param0))
str.substr(Param0,+(-(+(str.len(Param0),-1),-(1,-1)),-1),str.len(Param0))
str.substr(Param0,+(-(-(str.len(Param0),1),+(1,1)),-1),str.len(Param0))
str.substr(Param0,+(-(+(-1,str.len(Param0)),-(1,-1)),-1),str.len(Param0))
str.substr(Param0,+(-(+(str.len(Param0),-1),+(1,1)),-1),str.len(Param0))
str.substr(Param0,+(-(+(-1,str.len(Param0)),+(1,1)),-1),str.len(Param0))
str.substr(Param0,+(-(-(str.len(Param0),-(1,-1)),1),-1),str.len(Param0))
str.substr(Param0,+(-(-(str.len(Param0),+(1,1)),1),-1),str.len(Param0))
str.substr(Param0,+(-(-(-1,-(1,str.len(Param0))),1),-1),str.len(Param0))
str.substr(Param0,+(-(+(str.len(Param0),-(-1,1)),1),-1),str.len(Param0))
str.substr(Param0,-(-(str.len(Param0),-(-(1,-1),-1)),1),str.len(Param0))
str.substr(Param0,-(-(str.len(Param0),-(+(1,1),-1)),1),str.len(Param0))
str.substr(Param0,-(-(str.len(Param0),-(1,-(-1,1))),1),str.len(Param0))
str.substr(Param0,-(-(str.len(Param0),-(1,+(-1,-1))),1),str.len(Param0))
str.substr(Param0,-(-(str.len(Param0),+(-(1,-1),1)),1),str.len(Param0))
str.substr(Param0,-(-(str.len(Param0),+(+(1,1),1)),1),str.len(Param0))
str.substr(Param0,-(-(str.len(Param0),+(1,-(1,-1))),1),str.len(Param0))
str.substr(Param0,-(-(str.len(Param0),+(1,+(1,1))),1),str.len(Param0))
str.substr(Param0,-(-(-(str.len(Param0),1),-(1,-1)),1),str.len(Param0))
str.substr(Param0,-(-(+(str.len(Param0),-1),-(1,-1)),1),str.len(Param0))
str.substr(Param0,-(-(-(str.len(Param0),1),+(1,1)),1),str.len(Param0))
str.substr(Param0,-(-(+(-1,str.len(Param0)),-(1,-1)),1),str.len(Param0))
str.substr(Param0,-(-(+(str.len(Param0),-1),+(1,1)),1),str.len(Param0))
str.substr(Param0,-(-(+(-1,str.len(Param0)),+(1,1)),1),str.len(Param0))
str.substr(Param0,-(-(-(str.len(Param0),-(1,-1)),1),1),str.len(Param0))
str.substr(Param0,-(-(-(str.len(Param0),+(1,1)),1),1),str.len(Param0))
str.substr(Param0,-(-(-(-1,-(1,str.len(Param0))),1),1),str.len(Param0))
str.substr(Param0,-(-(+(str.len(Param0),-(-1,1)),1),1),str.len(Param0))
str.substr(Param0,-(-(+(str.len(Param0),+(-1,-1)),1),1),str.len(Param0))
str.substr(Param0,-(-(+(-1,-(str.len(Param0),1)),1),1),str.len(Param0))
str.substr(Param0,-(-(+(-1,+(str.len(Param0),-1)),1),1),str.len(Param0))
str.substr(Param0,-(-(+(-1,+(-1,str.len(Param0))),1),1),str.len(Param0))
str.substr(Param0,-(-(+(-(-1,1),str.len(Param0)),1),1),str.len(Param0))
str.substr(Param0,-(-(+(+(-1,-1),str.len(Param0)),1),1),str.len(Param0))
str.substr(Param0,-(-(-(-(str.len(Param0),1),1),1),1),str.len(Param0))
str.substr(Param0,-(-(-(+(str.len(Param0),-1),1),1),1),str.len(Param0))
str.substr(Param0,-(-(-(+(-1,str.len(Param0)),1),1),1),str.len(Param0))
str.substr(Param0,-(-(+(-(str.len(Param0),1),-1),1),1),str.len(Param0))
str.substr(Param0,-(-(+(+(str.len(Param0),-1),-1),1),1),str.len(Param0))
str.substr(Param0,-(-(+(+(-1,str.len(Param0)),-1),1),1),str.len(Param0))
str.substr(Param0,-(-(-1,-(-(1,-1),str.len(Param0))),1),str.len(Param0))
str.substr(Param0,-(-(-1,-(+(1,1),str.len(Param0))),1),str.len(Param0))
str.substr(Param0,-(-(-1,-(1,-(str.len(Param0),1))),1),str.len(Param0))
str.substr(Param0,-(-(-1,-(1,+(str.len(Param0),-1))),1),str.len(Param0))
str.substr(Param0,-(-(-1,-(1,+(-1,str.len(Param0)))),1),str.len(Param0))
str.substr(Param0,-(-(-1,+(1,-(1,str.len(Param0)))),1),str.len(Param0))
str.substr(Param0,-(-(-1,-(-(1,str.len(Param0)),-1)),1),str.len(Param0))
str.substr(Param0,-(-(-1,+(-(1,str.len(Param0)),1)),1),str.len(Param0))
str.substr(Param0,-(-(-(-1,1),-(1,str.len(Param0))),1),str.len(Param0))
str.substr(Param0,-(-(+(-1,-1),-(1,str.len(Param0))),1),str.len(Param0))
str.substr(Param0,-(+(str.len(Param0),-(-1,-(1,-1))),1),str.len(Param0))
str.substr(Param0,-(+(str.len(Param0),-(-1,+(1,1))),1),str.len(Param0))
str.substr(Param0,-(+(str.len(Param0),-(-(-1,1),1)),1),str.len(Param0))
str.substr(Param0,-(+(str.len(Param0),-(+(-1,-1),1)),1),str.len(Param0))
str.substr(Param0,-(+(str.len(Param0),+(-1,-(-1,1))),1),str.len(Param0))
str.substr(Param0,-(+(str.len(Param0),+(-1,+(-1,-1))),1),str.len(Param0))
str.substr(Param0,-(+(str.len(Param0),+(-(-1,1),-1)),1),str.len(Param0))
str.substr(Param0,-(+(str.len(Param0),+(+(-1,-1),-1)),1),str.len(Param0))
str.substr(Param0,-(+(-(str.len(Param0),1),-(-1,1)),1),str.len(Param0))
str.substr(Param0,-(+(+(str.len(Param0),-1),-(-1,1)),1),str.len(Param0))
str.substr(Param0,-(+(-(str.len(Param0),1),+(-1,-1)),1),str.len(Param0))
str.substr(Param0,-(+(+(-1,str.len(Param0)),-(-1,1)),1),str.len(Param0))
str.substr(Param0,-(+(+(str.len(Param0),-1),+(-1,-1)),1),str.len(Param0))
str.substr(Param0,-(+(+(-1,str.len(Param0)),+(-1,-1)),1),str.len(Param0))
str.substr(Param0,-(+(-(str.len(Param0),-(1,-1)),-1),1),str.len(Param0))
str.substr(Param0,-(+(-(str.len(Param0),+(1,1)),-1),1),str.len(Param0))
str.substr(Param0,-(+(-(-1,-(1,str.len(Param0))),-1),1),str.len(Param0))
str.substr(Param0,-(+(+(str.len(Param0),-(-1,1)),-1),1),str.len(Param0))
str.substr(Param0,-(+(+(str.len(Param0),+(-1,-1)),-1),1),str.len(Param0))
str.substr(Param0,-(+(+(-1,-(str.len(Param0),1)),-1),1),str.len(Param0))
str.substr(Param0,-(+(+(-1,+(str.len(Param0),-1)),-1),1),str.len(Param0))
str.substr(Param0,-(+(+(-1,+(-1,str.len(Param0))),-1),1),str.len(Param0))
str.substr(Param0,-(+(+(-(-1,1),str.len(Param0)),-1),1),str.len(Param0))
str.substr(Param0,-(+(+(+(-1,-1),str.len(Param0)),-1),1),str.len(Param0))
str.substr(Param0,-(+(-(-(str.len(Param0),1),1),-1),1),str.len(Param0))
str.substr(Param0,-(+(-(+(str.len(Param0),-1),1),-1),1),str.len(Param0))
str.substr(Param0,-(+(-(+(-1,str.len(Param0)),1),-1),1),str.len(Param0))
str.substr(Param0,-(+(+(-(str.len(Param0),1),-1),-1),1),str.len(Param0))
str.substr(Param0,-(+(+(+(str.len(Param0),-1),-1),-1),1),str.len(Param0))
str.substr(Param0,-(+(+(+(-1,str.len(Param0)),-1),-1),1),str.len(Param0))
str.substr(Param0,-(+(-1,-(str.len(Param0),-(1,-1))),1),str.len(Param0))
str.substr(Param0,-(+(-1,-(str.len(Param0),+(1,1))),1),str.len(Param0))
str.substr(Param0,-(+(-1,-(-1,-(1,str.len(Param0)))),1),str.len(Param0))
str.substr(Param0,-(+(-1,+(str.len(Param0),-(-1,1))),1),str.len(Param0))
str.substr(Param0,-(+(-1,+(str.len(Param0),+(-1,-1))),1),str.len(Param0))
str.substr(Param0,-(+(-1,+(-1,-(str.len(Param0),1))),1),str.len(Param0))
str.substr(Param0,-(+(-1,+(-1,+(str.len(Param0),-1))),1),str.len(Param0))
str.substr(Param0,-(+(-1,+(-1,+(-1,str.len(Param0)))),1),str.len(Param0))
str.substr(Param0,-(+(-1,+(-(-1,1),str.len(Param0))),1),str.len(Param0))
str.substr(Param0,-(+(-1,+(+(-1,-1),str.len(Param0))),1),str.len(Param0))
str.substr(Param0,-(+(-1,-(-(str.len(Param0),1),1)),1),str.len(Param0))
str.substr(Param0,-(+(-1,-(+(str.len(Param0),-1),1)),1),str.len(Param0))
