str.++(str.++(str.++(Param0,"/n"),Param1),str.++("/n",Param2))
str.++(str.++(Param0,str.++("/n",Param1)),str.++("/n",Param2))
str.++(str.++(Param0,"/n"),str.++(str.++(Param1,"/n"),Param2))
str.++(str.++(Param0,"/n"),str.++(Param1,str.++("/n",Param2)))
str.++(Param0,str.++(str.++(str.++("/n",Param1),"/n"),Param2))
str.++(Param0,str.++(str.++("/n",str.++(Param1,"/n")),Param2))
str.++(Param0,str.++("/n",str.++(str.++(Param1,"/n"),Param2)))
str.++(Param0,str.++("/n",str.++(Param1,str.++("/n",Param2))))
str.++(str.++(str.++(str.++(Param0,"/n"),Param1),"/n"),Param2)
str.++(str.++(str.++(Param0,str.++("/n",Param1)),"/n"),Param2)
str.++(str.++(Param0,str.++(str.++("/n",Param1),"/n")),Param2)
str.++(str.++(Param0,str.++("/n",str.++(Param1,"/n"))),Param2)
str.++(Param0,str.++(str.++("/n",Param1),str.++("/n",Param2)))
str.++(str.++(str.++(Param0,"/n"),str.++(Param1,"/n")),Param2)
str.++(str.++(str.++(Param0,"/n"),Param1),str.replace(str.++(" ",Param2)," ","/n"))
str.++(str.++(Param0,str.++("/n",Param1)),str.replace(str.++(" ",Param2)," ","/n"))
str.++(Param0,str.++(str.replace(str.++(" ",Param1)," ","/n"),str.++("/n",Param2)))
str.++(Param0,str.++(str.++("/n",Param1),str.replace(str.++(" ",Param2)," ","/n")))
str.++(Param0,str.++("/n",str.++(Param1,str.replace(str.++(" ",Param2)," ","/n"))))
str.++(Param0,str.replace(str.++(str.++(str.++(" ",Param1),"/n"),Param2)," ","/n"))
str.++(str.++(Param0,str.replace(str.++(str.++(" ",Param1),"/n")," ","/n")),Param2)
str.++(str.++(Param0,str.replace(str.++(" ",str.++(Param1,"/n"))," ","/n")),Param2)
str.++(str.++(Param0,str.++(str.replace(str.++(" ",Param1)," ","/n"),"/n")),Param2)
str.++(str.++(Param0,str.replace(str.++(" ",Param1)," ","/n")),str.++("/n",Param2))
str.++(str.++(Param0,"/n"),str.++(Param1,str.replace(str.++(" ",Param2)," ","/n")))
str.++(Param0,str.replace(str.++(str.++(" ",str.++(Param1,"/n")),Param2)," ","/n"))
str.++(Param0,str.replace(str.++(" ",str.++(str.++(Param1,"/n"),Param2))," ","/n"))
str.++(Param0,str.replace(str.++(" ",str.++(Param1,str.++("/n",Param2)))," ","/n"))
str.++(Param0,str.++(str.replace(str.++(str.++(" ",Param1),"/n")," ","/n"),Param2))
str.++(Param0,str.++(str.replace(str.++(" ",str.++(Param1,"/n"))," ","/n"),Param2))
str.++(Param0,str.++(str.++(str.replace(str.++(" ",Param1)," ","/n"),"/n"),Param2))
str.++(str.++(str.++(Param0,str.replace(str.++(" ",Param1)," ","/n")),"/n"),Param2)
str.++(Param0,str.replace(str.++(str.++(" ",Param1),str.++("/n",Param2))," ","/n"))
str.replace(str.++(str.replace(str.++(Param0,"/n")," ","/n"),str.++(str.++(Param1,"/n"),Param2)),"/n"," ")
str.replace(str.++(str.++(str.replace(Param0," ","/n"),"/n"),str.++(str.++(Param1,"/n"),Param2)),"/n"," ")
str.replace(str.++(str.replace(str.++(Param0,"/n")," ","/n"),str.++(Param1,str.++("/n",Param2))),"/n"," ")
str.replace(str.++(str.++(str.replace(Param0," ","/n"),"/n"),str.++(Param1,str.++("/n",Param2))),"/n"," ")
str.replace(str.++(str.replace(Param0," ","/n"),str.++(str.++(str.++("/n",Param1),"/n"),Param2)),"/n"," ")
str.replace(str.++(str.replace(Param0," ","/n"),str.++(str.++("/n",str.++(Param1,"/n")),Param2)),"/n"," ")
str.replace(str.++(str.replace(Param0," ","/n"),str.++("/n",str.++(str.++(Param1,"/n"),Param2))),"/n"," ")
str.replace(str.++(str.replace(Param0," ","/n"),str.++("/n",str.++(Param1,str.++("/n",Param2)))),"/n"," ")
str.++(str.++(Param0,str.++(str.++("/n",Param1),"/n")),str.replace(str.replace(Param2," ","/n"),"/n"," "))
str.++(str.++(Param0,str.++("/n",str.++(Param1,"/n"))),str.replace(str.replace(Param2," ","/n"),"/n"," "))
str.++(str.++(str.++(Param0,str.++("/n",str.replace(str.replace(Param1," ","/n"),"/n"," "))),"/n"),Param2)
str.++(str.++(str.++(Param0,str.++("/n",Param1)),"/n"),str.replace(str.replace(Param2," ","/n"),"/n"," "))
str.++(str.++(str.++(str.++(Param0,"/n"),Param1),"/n"),str.replace(str.replace(Param2," ","/n"),"/n"," "))
str.++(str.++(Param0,str.replace(str.++(" ",Param1)," ","/n")),str.replace(str.++(" ",Param2)," ","/n"))
str.++(str.++(Param0,str.++("/n",Param1)),str.++("/n",str.replace(str.replace(Param2," ","/n"),"/n"," ")))
str.++(str.++(Param0,str.++("/n",str.replace(str.replace(Param1," ","/n"),"/n"," "))),str.++("/n",Param2))
str.++(str.++(str.++(Param0,"/n"),Param1),str.++("/n",str.replace(str.replace(Param2," ","/n"),"/n"," ")))
str.++(str.++(Param0,str.++("/n",Param1)),str.replace(str.replace(str.++("/n",Param2),"/n"," ")," ","/n"))
str.++(str.++(str.++(Param0,"/n"),Param1),str.replace(str.replace(str.++("/n",Param2),"/n"," ")," ","/n"))
str.++(str.++(Param0,"/n"),str.++(Param1,str.++("/n",str.replace(str.replace(Param2," ","/n"),"/n"," "))))
str.++(str.++(Param0,"/n"),str.++(str.++(Param1,"/n"),str.replace(str.replace(Param2," ","/n"),"/n"," ")))
str.++(str.++(Param0,"/n"),str.++(str.replace(str.replace(Param1," ","/n"),"/n"," "),str.++("/n",Param2)))
str.++(str.++(Param0,"/n"),str.++(Param1,str.replace(str.replace(str.++("/n",Param2),"/n"," ")," ","/n")))
str.++(str.replace(str.replace(Param0," ","/n"),"/n"," "),str.++(str.++(str.++("/n",Param1),"/n"),Param2))
str.++(Param0,str.++(str.++(str.++("/n",Param1),"/n"),str.replace(str.replace(Param2," ","/n"),"/n"," ")))
str.++(str.replace(str.replace(Param0," ","/n"),"/n"," "),str.++(str.++("/n",str.++(Param1,"/n")),Param2))
str.++(Param0,str.++(str.++("/n",str.++(Param1,"/n")),str.replace(str.replace(Param2," ","/n"),"/n"," ")))
str.++(str.replace(str.replace(Param0," ","/n"),"/n"," "),str.++("/n",str.++(str.++(Param1,"/n"),Param2)))
str.++(Param0,str.++(str.replace(str.++(" ",Param1)," ","/n"),str.replace(str.++(" ",Param2)," ","/n")))
str.++(str.replace(str.replace(Param0," ","/n"),"/n"," "),str.++("/n",str.++(Param1,str.++("/n",Param2))))
str.++(Param0,str.++(str.++("/n",Param1),str.++("/n",str.replace(str.replace(Param2," ","/n"),"/n"," "))))
str.++(Param0,str.++("/n",str.++(Param1,str.++("/n",str.replace(str.replace(Param2," ","/n"),"/n"," ")))))
str.replace(str.replace(str.++(str.++(str.++(Param0,"/n"),Param1),str.++("/n",Param2))," ","/n"),"/n"," ")
str.replace(str.replace(str.++(str.++(Param0,str.++("/n",Param1)),str.++("/n",Param2))," ","/n"),"/n"," ")
str.replace(str.replace(str.++(str.++(Param0,"/n"),str.++(str.++(Param1,"/n"),Param2))," ","/n"),"/n"," ")
str.replace(str.replace(str.++(str.++(Param0,"/n"),str.++(Param1,str.++("/n",Param2)))," ","/n"),"/n"," ")
str.replace(str.replace(str.++(Param0,str.++(str.++(str.++("/n",Param1),"/n"),Param2))," ","/n"),"/n"," ")
str.replace(str.replace(str.++(Param0,str.++(str.++("/n",str.++(Param1,"/n")),Param2))," ","/n"),"/n"," ")
str.replace(str.replace(str.++(Param0,str.++("/n",str.++(str.++(Param1,"/n"),Param2)))," ","/n"),"/n"," ")
str.replace(str.replace(str.++(Param0,str.++("/n",str.++(Param1,str.++("/n",Param2))))," ","/n"),"/n"," ")
str.replace(str.++(str.++(str.replace(str.++(Param0,"/n")," ","/n"),str.++(Param1,"/n")),Param2),"/n"," ")
str.replace(str.++(str.++(str.++(str.replace(Param0," ","/n"),"/n"),str.++(Param1,"/n")),Param2),"/n"," ")
str.replace(str.++(str.++(str.replace(Param0," ","/n"),str.++(str.++("/n",Param1),"/n")),Param2),"/n"," ")
str.replace(str.++(str.++(str.replace(Param0," ","/n"),str.++("/n",str.++(Param1,"/n"))),Param2),"/n"," ")
str.replace(str.++(str.replace(str.++(str.++(Param0,"/n"),Param1)," ","/n"),str.++("/n",Param2)),"/n"," ")
str.replace(str.++(str.replace(str.++(Param0,str.++("/n",Param1))," ","/n"),str.++("/n",Param2)),"/n"," ")
str.replace(str.++(str.++(str.replace(str.++(Param0,"/n")," ","/n"),Param1),str.++("/n",Param2)),"/n"," ")
str.replace(str.++(str.++(str.++(str.replace(Param0," ","/n"),"/n"),Param1),str.++("/n",Param2)),"/n"," ")
str.replace(str.++(str.++(str.replace(Param0," ","/n"),str.++("/n",Param1)),str.++("/n",Param2)),"/n"," ")
str.replace(str.++(str.replace(Param0," ","/n"),str.++(str.++("/n",Param1),str.++("/n",Param2))),"/n"," ")
str.replace(str.replace(str.++(str.++(str.++(str.++(Param0,"/n"),Param1),"/n"),Param2)," ","/n"),"/n"," ")
str.replace(str.replace(str.++(str.++(str.++(Param0,str.++("/n",Param1)),"/n"),Param2)," ","/n"),"/n"," ")
str.replace(str.replace(str.++(str.++(Param0,str.++(str.++("/n",Param1),"/n")),Param2)," ","/n"),"/n"," ")
str.replace(str.replace(str.++(str.++(Param0,str.++("/n",str.++(Param1,"/n"))),Param2)," ","/n"),"/n"," ")
str.replace(str.replace(str.++(Param0,str.++(str.++("/n",Param1),str.++("/n",Param2)))," ","/n"),"/n"," ")
str.replace(str.++(str.replace(str.++(str.++(str.++(Param0,"/n"),Param1),"/n")," ","/n"),Param2),"/n"," ")
str.replace(str.++(str.replace(str.++(str.++(Param0,str.++("/n",Param1)),"/n")," ","/n"),Param2),"/n"," ")
str.replace(str.++(str.replace(str.++(Param0,str.++(str.++("/n",Param1),"/n"))," ","/n"),Param2),"/n"," ")
str.replace(str.++(str.replace(str.++(Param0,str.++("/n",str.++(Param1,"/n")))," ","/n"),Param2),"/n"," ")
str.replace(str.++(str.++(str.replace(str.++(str.++(Param0,"/n"),Param1)," ","/n"),"/n"),Param2),"/n"," ")
str.replace(str.++(str.++(str.replace(str.++(Param0,str.++("/n",Param1))," ","/n"),"/n"),Param2),"/n"," ")
str.replace(str.++(str.++(str.++(str.replace(str.++(Param0,"/n")," ","/n"),Param1),"/n"),Param2),"/n"," ")
str.replace(str.++(str.++(str.++(str.++(str.replace(Param0," ","/n"),"/n"),Param1),"/n"),Param2),"/n"," ")
str.replace(str.++(str.++(str.++(str.replace(Param0," ","/n"),str.++("/n",Param1)),"/n"),Param2),"/n"," ")
str.++(str.++(str.++(Param0,"/n"),str.++(Param1,"/n")),str.replace(str.replace(Param2," ","/n"),"/n"," "))
str.++(str.replace(str.++(str.replace(str.++(Param0,"/n")," ","/n"),str.++(Param1,"/n")),"/n"," "),Param2)
str.++(str.replace(str.++(str.++(str.replace(Param0," ","/n"),"/n"),str.++(Param1,"/n")),"/n"," "),Param2)
