str.++(str.++(Param0," "),str.++(str.substr(Param1,0,1),"."))
str.++(str.++(str.++(Param0," "),str.substr(Param1,0,1)),".")
str.++(str.++(Param0,str.++(" ",str.substr(Param1,0,1))),".")
str.++(Param0,str.++(str.++(" ",str.substr(Param1,0,1)),"."))
str.++(Param0,str.++(" ",str.++(str.substr(Param1,0,1),".")))
str.++(str.++(str.++(Param0," "),str.substr(Param1,-(2,2),1)),".")
str.++(str.++(str.++(Param0," "),str.substr(Param1,-(1,1),1)),".")
str.++(str.++(Param0,str.++(" ",str.substr(Param1,-(2,2),1))),".")
str.++(str.++(Param0,str.++(" ",str.substr(Param1,-(1,1),1))),".")
str.++(str.++(Param0," "),str.++(str.substr(Param1,-(2,2),1),"."))
str.++(str.++(Param0," "),str.++(str.substr(Param1,-(1,1),1),"."))
str.++(Param0,str.++(str.++(" ",str.substr(Param1,-(2,2),1)),"."))
str.++(Param0,str.++(str.++(" ",str.substr(Param1,-(1,1),1)),"."))
str.++(Param0,str.++(" ",str.++(str.substr(Param1,-(2,2),1),".")))
str.++(Param0,str.++(" ",str.++(str.substr(Param1,-(1,1),1),".")))
str.++(str.++(str.++(Param0," "),str.substr(Param1,0,str.to.int(int.to.str(1)))),".")
str.++(str.++(str.++(Param0," "),str.substr(Param1,str.to.int(int.to.str(0)),1)),".")
str.++(str.++(Param0,str.++(" ",str.substr(Param1,0,str.to.int(int.to.str(1))))),".")
str.++(str.++(Param0,str.++(" ",str.substr(Param1,str.to.int(int.to.str(0)),1))),".")
str.++(str.++(Param0," "),str.++(str.substr(Param1,0,str.to.int(int.to.str(1))),"."))
str.++(str.++(Param0," "),str.++(str.substr(Param1,str.to.int(int.to.str(0)),1),"."))
str.++(Param0,str.++(" ",str.++(str.substr(Param1,0,str.to.int(int.to.str(1))),".")))
str.++(Param0,str.++(" ",str.++(str.substr(Param1,str.to.int(int.to.str(0)),1),".")))
str.++(Param0,str.++(str.++(" ",str.substr(Param1,0,str.to.int(int.to.str(1)))),"."))
str.++(Param0,str.++(str.++(" ",str.substr(Param1,str.to.int(int.to.str(0)),1)),"."))
str.++(str.++(str.++(Param0," "),str.substr(Param1,+(1,str.to.int(Param1)),1)),".")
str.++(str.++(str.++(Param0," "),str.substr(Param1,0,-(0,str.to.int(Param1)))),".")
str.++(str.++(str.++(Param0," "),str.substr(Param1,+(1,str.to.int(Param0)),1)),".")
str.++(str.++(str.++(Param0," "),str.substr(Param1,0,-(0,str.to.int(Param0)))),".")
str.++(str.++(str.++(Param0," "),str.substr(Param1,+(str.to.int(Param1),1),1)),".")
str.++(str.++(str.++(Param0," "),str.substr(Param1,0,+(2,str.to.int(Param1)))),".")
str.++(str.++(str.++(Param0," "),str.substr(Param1,+(str.to.int(Param0),1),1)),".")
str.++(str.++(str.++(Param0," "),str.substr(Param1,0,+(2,str.to.int(Param0)))),".")
str.++(str.++(str.++(Param0," "),str.substr(Param1,0,+(str.to.int(Param1),2))),".")
str.++(str.++(str.++(Param0," "),str.substr(Param1,0,+(str.to.int(Param0),2))),".")
str.++(str.++(Param0,str.++(" ",str.substr(Param1,+(1,str.to.int(Param1)),1))),".")
str.++(str.++(Param0," "),str.++(str.substr(Param1,+(1,str.to.int(Param1)),1),"."))
str.++(str.++(Param0," "),str.++(str.substr(Param1,0,-(0,str.to.int(Param1))),"."))
str.++(str.++(Param0," "),str.++(str.substr(Param1,+(1,str.to.int(Param0)),1),"."))
str.++(str.++(Param0," "),str.++(str.substr(Param1,0,-(0,str.to.int(Param0))),"."))
str.++(str.++(Param0," "),str.++(str.substr(Param1,+(str.to.int(Param1),1),1),"."))
str.++(str.++(Param0," "),str.++(str.substr(Param1,0,+(2,str.to.int(Param1))),"."))
str.++(str.++(Param0," "),str.++(str.substr(Param1,+(str.to.int(Param0),1),1),"."))
str.++(str.++(Param0," "),str.++(str.substr(Param1,0,+(2,str.to.int(Param0))),"."))
str.++(str.++(Param0," "),str.++(str.substr(Param1,0,+(str.to.int(Param1),2)),"."))
str.++(str.++(Param0," "),str.++(str.substr(Param1,0,+(str.to.int(Param0),2)),"."))
str.++(str.++(Param0,str.++(" ",str.substr(Param1,0,-(0,str.to.int(Param1))))),".")
str.++(str.++(Param0,str.++(" ",str.substr(Param1,+(1,str.to.int(Param0)),1))),".")
str.++(str.++(Param0,str.++(" ",str.substr(Param1,0,-(0,str.to.int(Param0))))),".")
str.++(str.++(Param0,str.++(" ",str.substr(Param1,+(str.to.int(Param1),1),1))),".")
str.++(str.++(Param0,str.++(" ",str.substr(Param1,0,+(2,str.to.int(Param1))))),".")
str.++(str.++(Param0,str.++(" ",str.substr(Param1,+(str.to.int(Param0),1),1))),".")
str.++(str.++(Param0,str.++(" ",str.substr(Param1,0,+(2,str.to.int(Param0))))),".")
str.++(str.++(Param0,str.++(" ",str.substr(Param1,0,+(str.to.int(Param1),2)))),".")
str.++(str.++(Param0,str.++(" ",str.substr(Param1,0,+(str.to.int(Param0),2)))),".")
str.++(Param0,str.++(str.++(" ",str.substr(Param1,+(1,str.to.int(Param1)),1)),"."))
str.++(Param0,str.++(str.++(" ",str.substr(Param1,0,-(0,str.to.int(Param1)))),"."))
str.++(Param0,str.++(str.++(" ",str.substr(Param1,+(1,str.to.int(Param0)),1)),"."))
str.++(Param0,str.++(str.++(" ",str.substr(Param1,0,-(0,str.to.int(Param0)))),"."))
str.++(Param0,str.++(str.++(" ",str.substr(Param1,+(str.to.int(Param1),1),1)),"."))
str.++(Param0,str.++(str.++(" ",str.substr(Param1,0,+(2,str.to.int(Param1)))),"."))
str.++(Param0,str.++(str.++(" ",str.substr(Param1,+(str.to.int(Param0),1),1)),"."))
str.++(Param0,str.++(str.++(" ",str.substr(Param1,0,+(2,str.to.int(Param0)))),"."))
str.++(Param0,str.++(str.++(" ",str.substr(Param1,0,+(str.to.int(Param1),2))),"."))
str.++(Param0,str.++(str.++(" ",str.substr(Param1,0,+(str.to.int(Param0),2))),"."))
str.++(Param0,str.++(" ",str.++(str.substr(Param1,+(1,str.to.int(Param1)),1),".")))
str.++(Param0,str.++(" ",str.++(str.substr(Param1,0,-(0,str.to.int(Param1))),".")))
str.++(Param0,str.++(" ",str.++(str.substr(Param1,+(1,str.to.int(Param0)),1),".")))
str.++(Param0,str.++(" ",str.++(str.substr(Param1,0,-(0,str.to.int(Param0))),".")))
str.++(Param0,str.++(" ",str.++(str.substr(Param1,+(str.to.int(Param1),1),1),".")))
str.++(Param0,str.++(" ",str.++(str.substr(Param1,0,+(2,str.to.int(Param1))),".")))
str.++(Param0,str.++(" ",str.++(str.substr(Param1,+(str.to.int(Param0),1),1),".")))
str.++(Param0,str.++(" ",str.++(str.substr(Param1,0,+(2,str.to.int(Param0))),".")))
str.++(Param0,str.++(" ",str.++(str.substr(Param1,0,+(str.to.int(Param1),2)),".")))
str.++(Param0,str.++(" ",str.++(str.substr(Param1,0,+(str.to.int(Param0),2)),".")))
str.++(str.++(str.++(Param0," "),str.substr(Param1,str.len(int.to.str(str.to.int(Param1))),1)),".")
str.++(str.++(str.++(Param0," "),str.substr(Param1,str.len(int.to.str(str.to.int(Param0))),1)),".")
str.++(str.++(Param0," "),str.++(str.substr(Param1,str.len(int.to.str(str.to.int(Param1))),1),"."))
str.++(str.++(Param0," "),str.++(str.substr(Param1,str.len(int.to.str(str.to.int(Param0))),1),"."))
str.++(str.++(Param0,str.++(" ",str.substr(Param1,str.len(int.to.str(str.to.int(Param1))),1))),".")
str.++(str.++(Param0,str.++(" ",str.substr(Param1,str.len(int.to.str(str.to.int(Param0))),1))),".")
str.++(Param0,str.++(str.++(" ",str.substr(Param1,str.len(int.to.str(str.to.int(Param1))),1)),"."))
str.++(Param0,str.++(str.++(" ",str.substr(Param1,str.len(int.to.str(str.to.int(Param0))),1)),"."))
str.++(Param0,str.++(" ",str.++(str.substr(Param1,str.len(int.to.str(str.to.int(Param1))),1),".")))
str.++(Param0,str.++(" ",str.++(str.substr(Param1,str.len(int.to.str(str.to.int(Param0))),1),".")))
str.++(str.replace(str.++(str.++(Param0,"."),str.substr(Param1,0,1)),"."," "),".")
str.++(str.replace(str.++(Param0,"."),"."," "),str.++(str.substr(Param1,0,1),"."))
str.++(str.++(Param0," "),str.replace(str.++(str.substr(Param1,0,1)," ")," ","."))
str.++(Param0,str.++(" ",str.replace(str.++(str.substr(Param1,0,1)," ")," ",".")))
str.++(Param0,str.replace(str.++(str.++(".",str.substr(Param1,0,1)),"."),"."," "))
str.++(Param0,str.replace(str.++(".",str.++(str.substr(Param1,0,1),".")),"."," "))
str.++(Param0,str.++(str.replace(str.++(".",str.substr(Param1,0,1)),"."," "),"."))
str.replace(str.++(str.++(str.++(Param0,"."),str.substr(Param1,0,1)),"."),"."," ")
str.replace(str.++(str.++(Param0,"."),str.++(str.substr(Param1,0,1),".")),"."," ")
str.replace(str.++(str.++(Param0,str.++(".",str.substr(Param1,0,1))),"."),"."," ")
str.replace(str.++(Param0,str.++(str.++(".",str.substr(Param1,0,1)),".")),"."," ")
str.replace(str.++(Param0,str.++(".",str.++(str.substr(Param1,0,1),"."))),"."," ")
str.++(str.++(str.replace(str.++(Param0,"."),"."," "),str.substr(Param1,0,1)),".")
str.++(str.++(Param0,str.replace(str.++(".",str.substr(Param1,0,1)),"."," ")),".")
str.++(str.replace(str.++(Param0,str.++(".",str.substr(Param1,0,1))),"."," "),".")
