str.++(str.++(str.substr(Param0,0,1),str.++("."," ")),Param1)
str.++(str.++(str.substr(Param0,0,1),"."),str.++(" ",Param1))
str.++(str.substr(Param0,0,1),str.++(str.++("."," "),Param1))
str.++(str.substr(Param0,0,1),str.++(".",str.++(" ",Param1)))
str.++(str.++(str.++(str.substr(Param0,0,1),".")," "),Param1)
str.++(str.++(str.substr(Param0,-(2,2),1),str.++("."," ")),Param1)
str.++(str.++(str.substr(Param0,-(1,1),1),str.++("."," ")),Param1)
str.++(str.++(str.substr(Param0,-(2,2),1),"."),str.++(" ",Param1))
str.++(str.++(str.substr(Param0,-(1,1),1),"."),str.++(" ",Param1))
str.++(str.substr(Param0,-(2,2),1),str.++(str.++("."," "),Param1))
str.++(str.substr(Param0,-(1,1),1),str.++(str.++("."," "),Param1))
str.++(str.substr(Param0,-(2,2),1),str.++(".",str.++(" ",Param1)))
str.++(str.substr(Param0,-(1,1),1),str.++(".",str.++(" ",Param1)))
str.++(str.++(str.++(str.substr(Param0,-(2,2),1),".")," "),Param1)
str.++(str.++(str.++(str.substr(Param0,-(1,1),1),".")," "),Param1)
str.++(str.++(str.substr(Param0,0,str.to.int(int.to.str(1))),str.++("."," ")),Param1)
str.++(str.++(str.substr(Param0,str.to.int(int.to.str(0)),1),str.++("."," ")),Param1)
str.++(str.++(str.++(str.substr(Param0,0,str.to.int(int.to.str(1))),".")," "),Param1)
str.++(str.++(str.substr(Param0,0,str.to.int(int.to.str(1))),"."),str.++(" ",Param1))
str.++(str.++(str.substr(Param0,str.to.int(int.to.str(0)),1),"."),str.++(" ",Param1))
str.++(str.substr(Param0,0,str.to.int(int.to.str(1))),str.++(str.++("."," "),Param1))
str.++(str.substr(Param0,str.to.int(int.to.str(0)),1),str.++(str.++("."," "),Param1))
str.++(str.substr(Param0,0,str.to.int(int.to.str(1))),str.++(".",str.++(" ",Param1)))
str.++(str.substr(Param0,str.to.int(int.to.str(0)),1),str.++(".",str.++(" ",Param1)))
str.++(str.++(str.++(str.substr(Param0,str.to.int(int.to.str(0)),1),".")," "),Param1)
str.++(str.++(str.substr(Param0,+(1,str.to.int(Param1)),1),str.++("."," ")),Param1)
str.++(str.++(str.substr(Param0,0,-(0,str.to.int(Param1))),str.++("."," ")),Param1)
str.++(str.++(str.substr(Param0,+(1,str.to.int(Param0)),1),str.++("."," ")),Param1)
str.++(str.++(str.substr(Param0,0,-(0,str.to.int(Param0))),str.++("."," ")),Param1)
str.++(str.++(str.substr(Param0,+(str.to.int(Param1),1),1),str.++("."," ")),Param1)
str.++(str.++(str.substr(Param0,0,+(2,str.to.int(Param1))),str.++("."," ")),Param1)
str.++(str.++(str.substr(Param0,+(str.to.int(Param0),1),1),str.++("."," ")),Param1)
str.++(str.++(str.substr(Param0,0,+(2,str.to.int(Param0))),str.++("."," ")),Param1)
str.++(str.++(str.substr(Param0,0,+(str.to.int(Param1),2)),str.++("."," ")),Param1)
str.++(str.++(str.substr(Param0,0,+(str.to.int(Param0),2)),str.++("."," ")),Param1)
str.++(str.++(str.substr(Param0,+(1,str.to.int(Param1)),1),"."),str.++(" ",Param1))
str.++(str.++(str.substr(Param0,0,-(0,str.to.int(Param1))),"."),str.++(" ",Param1))
str.++(str.++(str.substr(Param0,+(1,str.to.int(Param0)),1),"."),str.++(" ",Param1))
str.++(str.++(str.substr(Param0,0,-(0,str.to.int(Param0))),"."),str.++(" ",Param1))
str.++(str.++(str.substr(Param0,+(str.to.int(Param1),1),1),"."),str.++(" ",Param1))
str.++(str.++(str.substr(Param0,0,+(2,str.to.int(Param1))),"."),str.++(" ",Param1))
str.++(str.++(str.substr(Param0,+(str.to.int(Param0),1),1),"."),str.++(" ",Param1))
str.++(str.++(str.substr(Param0,0,+(2,str.to.int(Param0))),"."),str.++(" ",Param1))
str.++(str.++(str.substr(Param0,0,+(str.to.int(Param1),2)),"."),str.++(" ",Param1))
str.++(str.++(str.substr(Param0,0,+(str.to.int(Param0),2)),"."),str.++(" ",Param1))
str.++(str.substr(Param0,+(1,str.to.int(Param1)),1),str.++(str.++("."," "),Param1))
str.++(str.substr(Param0,0,-(0,str.to.int(Param1))),str.++(str.++("."," "),Param1))
str.++(str.substr(Param0,+(1,str.to.int(Param1)),1),str.++(".",str.++(" ",Param1)))
str.++(str.substr(Param0,+(1,str.to.int(Param0)),1),str.++(str.++("."," "),Param1))
str.++(str.substr(Param0,0,-(0,str.to.int(Param1))),str.++(".",str.++(" ",Param1)))
str.++(str.substr(Param0,0,-(0,str.to.int(Param0))),str.++(str.++("."," "),Param1))
str.++(str.substr(Param0,+(1,str.to.int(Param0)),1),str.++(".",str.++(" ",Param1)))
str.++(str.substr(Param0,+(str.to.int(Param1),1),1),str.++(str.++("."," "),Param1))
str.++(str.substr(Param0,0,-(0,str.to.int(Param0))),str.++(".",str.++(" ",Param1)))
str.++(str.substr(Param0,0,+(2,str.to.int(Param1))),str.++(str.++("."," "),Param1))
str.++(str.substr(Param0,+(str.to.int(Param1),1),1),str.++(".",str.++(" ",Param1)))
str.++(str.substr(Param0,0,+(2,str.to.int(Param1))),str.++(".",str.++(" ",Param1)))
str.++(str.substr(Param0,+(str.to.int(Param0),1),1),str.++(str.++("."," "),Param1))
str.++(str.substr(Param0,0,+(2,str.to.int(Param0))),str.++(str.++("."," "),Param1))
str.++(str.substr(Param0,+(str.to.int(Param0),1),1),str.++(".",str.++(" ",Param1)))
str.++(str.substr(Param0,0,+(str.to.int(Param1),2)),str.++(str.++("."," "),Param1))
str.++(str.substr(Param0,0,+(2,str.to.int(Param0))),str.++(".",str.++(" ",Param1)))
str.++(str.substr(Param0,0,+(str.to.int(Param0),2)),str.++(str.++("."," "),Param1))
str.++(str.substr(Param0,0,+(str.to.int(Param1),2)),str.++(".",str.++(" ",Param1)))
str.++(str.substr(Param0,0,+(str.to.int(Param0),2)),str.++(".",str.++(" ",Param1)))
str.++(str.++(str.++(str.substr(Param0,+(1,str.to.int(Param1)),1),".")," "),Param1)
str.++(str.++(str.++(str.substr(Param0,0,-(0,str.to.int(Param1))),".")," "),Param1)
str.++(str.++(str.++(str.substr(Param0,+(1,str.to.int(Param0)),1),".")," "),Param1)
str.++(str.++(str.++(str.substr(Param0,0,-(0,str.to.int(Param0))),".")," "),Param1)
str.++(str.++(str.++(str.substr(Param0,+(str.to.int(Param1),1),1),".")," "),Param1)
str.++(str.++(str.++(str.substr(Param0,0,+(2,str.to.int(Param1))),".")," "),Param1)
str.++(str.++(str.++(str.substr(Param0,+(str.to.int(Param0),1),1),".")," "),Param1)
str.++(str.++(str.++(str.substr(Param0,0,+(2,str.to.int(Param0))),".")," "),Param1)
str.++(str.++(str.++(str.substr(Param0,0,+(str.to.int(Param1),2)),".")," "),Param1)
str.++(str.++(str.++(str.substr(Param0,0,+(str.to.int(Param0),2)),".")," "),Param1)
str.++(str.++(str.substr(Param0,str.len(int.to.str(str.to.int(Param1))),1),str.++("."," ")),Param1)
str.++(str.++(str.substr(Param0,str.len(int.to.str(str.to.int(Param0))),1),str.++("."," ")),Param1)
str.++(str.++(str.substr(Param0,str.len(int.to.str(str.to.int(Param1))),1),"."),str.++(" ",Param1))
str.++(str.++(str.substr(Param0,str.len(int.to.str(str.to.int(Param0))),1),"."),str.++(" ",Param1))
str.++(str.substr(Param0,str.len(int.to.str(str.to.int(Param1))),1),str.++(str.++("."," "),Param1))
str.++(str.substr(Param0,str.len(int.to.str(str.to.int(Param0))),1),str.++(str.++("."," "),Param1))
str.++(str.substr(Param0,str.len(int.to.str(str.to.int(Param1))),1),str.++(".",str.++(" ",Param1)))
str.++(str.substr(Param0,str.len(int.to.str(str.to.int(Param0))),1),str.++(".",str.++(" ",Param1)))
str.++(str.++(str.++(str.substr(Param0,str.len(int.to.str(str.to.int(Param1))),1),".")," "),Param1)
str.++(str.++(str.++(str.substr(Param0,str.len(int.to.str(str.to.int(Param0))),1),".")," "),Param1)
str.replace(str.++(str.++(str.substr(Param0,0,1),str.++(" "," ")),Param1)," ",".")
str.++(str.substr(Param0,0,1),str.++(".",str.replace(str.++(".",Param1),"."," ")))
str.replace(str.++(str.++(str.substr(Param0,0,1)," "),str.++(" ",Param1))," ",".")
str.replace(str.++(str.substr(Param0,0,1),str.++(str.++(" "," "),Param1))," ",".")
str.replace(str.++(str.substr(Param0,0,1),str.++(" ",str.++(" ",Param1)))," ",".")
str.++(str.replace(str.++(str.substr(Param0,0,1),str.++(" "," "))," ","."),Param1)
str.++(str.++(str.substr(Param0,0,1),str.replace(str.++(" "," ")," ",".")),Param1)
str.++(str.++(str.substr(Param0,0,1),"."),str.replace(str.++(".",Param1),"."," "))
str.++(str.replace(str.++(str.substr(Param0,0,1)," ")," ","."),str.++(" ",Param1))
str.++(str.substr(Param0,0,1),str.replace(str.++(str.++(" "," "),Param1)," ","."))
str.++(str.substr(Param0,0,1),str.replace(str.++(" ",str.++(" ",Param1))," ","."))
str.++(str.substr(Param0,0,1),str.++(str.replace(str.++(" "," ")," ","."),Param1))
str.replace(str.++(str.++(str.++(str.substr(Param0,0,1)," ")," "),Param1)," ",".")
str.++(str.replace(str.++(str.++(str.substr(Param0,0,1)," ")," ")," ","."),Param1)
str.++(str.++(str.replace(str.++(str.substr(Param0,0,1)," ")," ",".")," "),Param1)
