0:--------------
Param0
0:--------------
Param0
1:--------------
Param1
0:--------------
Param0
1:--------------
Param1
2:--------------
Param2
3:--------------
1
0:--------------
Param0
1:--------------
Param1
2:--------------
Param2
3:--------------
1
0:--------------
Param0
Param0
1:--------------
Param0
Param1
2:--------------
Param0
Param2
3:--------------
Param0
1
0:--------------
Param1
Param0
1:--------------
Param1
Param1
2:--------------
Param1
Param2
3:--------------
Param1
1
0:--------------
Param2
Param0
1:--------------
Param2
Param1
2:--------------
Param2
Param2
3:--------------
Param2
1
0:--------------
Param0
1:--------------
Param1
2:--------------
Param2
3:--------------
1
0:--------------
Param0
1:--------------
Param1
2:--------------
Param2
3:--------------
1
0:--------------
Param0
Param0
1:--------------
Param0
Param1
2:--------------
Param0
Param2
3:--------------
Param0
1
0:--------------
Param1
Param0
1:--------------
Param1
Param1
2:--------------
Param1
Param2
3:--------------
Param1
1
0:--------------
Param2
Param0
1:--------------
Param2
Param1
2:--------------
Param2
Param2
3:--------------
Param2
1
0:--------------
Param0
1:--------------
Param1
2:--------------
Param2
3:--------------
1
0:--------------
Param0
1:--------------
Param1
2:--------------
Param2
3:--------------
1
0:--------------
Param0
Param0
1:--------------
Param0
Param1
2:--------------
Param0
Param2
3:--------------
Param0
1
0:--------------
Param1
Param0
1:--------------
Param1
Param1
2:--------------
Param1
Param2
3:--------------
Param1
1
0:--------------
Param2
Param0
1:--------------
Param2
Param1
2:--------------
Param2
Param2
3:--------------
Param2
1
0:--------------
Param0
1:--------------
Param1
2:--------------
Param2
3:--------------
1
0:--------------
Param0
1:--------------
Param1
2:--------------
Param2
3:--------------
1
0:--------------
Param0
Param0
1:--------------
Param0
Param1
2:--------------
Param0
Param2
3:--------------
Param0
1
0:--------------
Param1
Param0
1:--------------
Param1
Param1
2:--------------
Param1
Param2
3:--------------
Param1
1
0:--------------
Param2
Param0
1:--------------
Param2
Param1
2:--------------
Param2
Param2
3:--------------
Param2
1
0:--------------
Param0
1:--------------
Param1
2:--------------
Param2
3:--------------
1
0:--------------
Param0
1:--------------
Param1
2:--------------
Param2
3:--------------
1
0:--------------
Param0
Param0
1:--------------
Param0
Param1
2:--------------
Param0
Param2
3:--------------
Param0
1
0:--------------
Param1
Param0
1:--------------
Param1
Param1
2:--------------
Param1
Param2
3:--------------
Param1
1
0:--------------
Param2
Param0
1:--------------
Param2
Param1
2:--------------
Param2
Param2
3:--------------
Param2
1
0:--------------
Param0
1:--------------
Param1
2:--------------
Param2
3:--------------
1
0:--------------
+(Param0,Param0)
1:--------------
+(Param0,Param1)
2:--------------
+(Param0,1)
3:--------------
+(Param1,Param1)
4:--------------
+(Param1,1)
5:--------------
+(1,1)
6:--------------
-(Param0,Param1)
7:--------------
-(Param0,1)
8:--------------
-(Param1,Param0)
9:--------------
-(Param1,1)
10:--------------
-(Param2,Param0)
11:--------------
-(Param2,Param1)
12:--------------
-(Param2,1)
13:--------------
-(1,Param0)
14:--------------
-(1,Param1)
0:--------------
Param0
1:--------------
Param1
2:--------------
Param2
3:--------------
0
4:--------------
1
0:--------------
Param0
Param0
1:--------------
Param0
Param1
2:--------------
Param0
Param2
3:--------------
Param0
0
4:--------------
Param0
1
0:--------------
Param1
Param0
1:--------------
Param1
Param1
2:--------------
Param1
Param2
3:--------------
Param1
0
4:--------------
Param1
1
0:--------------
Param2
Param0
1:--------------
Param2
Param1
2:--------------
Param2
Param2
3:--------------
Param2
0
4:--------------
Param2
1
0:--------------
Param0
1:--------------
Param1
2:--------------
Param2
3:--------------
0
4:--------------
1
0:--------------
Param0
1:--------------
Param1
2:--------------
Param2
3:--------------
0
4:--------------
1
0:--------------
Param0
Param0
1:--------------
Param0
Param1
2:--------------
Param0
Param2
3:--------------
Param0
0
4:--------------
Param0
1
0:--------------
Param1
Param0
1:--------------
Param1
Param1
2:--------------
Param1
Param2
3:--------------
Param1
0
4:--------------
Param1
1
0:--------------
Param2
Param0
1:--------------
Param2
Param1
2:--------------
Param2
Param2
3:--------------
Param2
0
4:--------------
Param2
1
0:--------------
Param0
1:--------------
Param1
2:--------------
Param2
3:--------------
0
4:--------------
1
0:--------------
Param0
1:--------------
Param1
2:--------------
Param2
3:--------------
0
4:--------------
1
0:--------------
Param0
Param0
1:--------------
Param0
Param1
2:--------------
Param0
Param2
3:--------------
Param0
0
4:--------------
Param0
1
0:--------------
Param1
Param0
1:--------------
Param1
Param1
2:--------------
Param1
Param2
3:--------------
Param1
0
4:--------------
Param1
1
0:--------------
Param2
Param0
1:--------------
Param2
Param1
2:--------------
Param2
Param2
3:--------------
Param2
0
4:--------------
Param2
1
0:--------------
Param0
1:--------------
Param1
2:--------------
Param2
3:--------------
0
4:--------------
1
0:--------------
Param0
1:--------------
Param1
2:--------------
Param2
3:--------------
0
4:--------------
1
0:--------------
Param0
Param0
1:--------------
Param0
Param1
2:--------------
Param0
Param2
3:--------------
Param0
0
4:--------------
Param0
1
0:--------------
Param1
Param0
1:--------------
Param1
Param1
2:--------------
Param1
Param2
3:--------------
Param1
0
4:--------------
Param1
1
0:--------------
Param2
Param0
1:--------------
Param2
Param1
2:--------------
Param2
Param2
3:--------------
Param2
0
4:--------------
Param2
1
0:--------------
Param0
1:--------------
Param1
2:--------------
Param2
3:--------------
0
4:--------------
1
0:--------------
Param0
1:--------------
Param1
2:--------------
Param2
3:--------------
0
4:--------------
1
0:--------------
Param0
Param0
1:--------------
Param0
Param1
2:--------------
Param0
Param2
3:--------------
Param0
0
4:--------------
Param0
1
0:--------------
Param1
Param0
1:--------------
Param1
Param1
2:--------------
Param1
Param2
3:--------------
Param1
0
4:--------------
Param1
1
0:--------------
Param2
Param0
1:--------------
Param2
Param1
2:--------------
Param2
Param2
3:--------------
Param2
0
4:--------------
Param2
1
0:--------------
Param0
1:--------------
Param1
2:--------------
Param2
3:--------------
0
4:--------------
1
0:--------------
+(Param0,Param0)
1:--------------
+(Param0,Param1)
2:--------------
+(Param0,Param2)
3:--------------
+(Param0,1)
4:--------------
+(Param1,Param1)
5:--------------
+(Param1,Param2)
6:--------------
+(Param1,1)
7:--------------
+(Param2,Param2)
8:--------------
+(Param2,1)
9:--------------
+(1,1)
10:--------------
-(Param0,Param1)
11:--------------
-(Param0,Param2)
12:--------------
-(Param0,1)
13:--------------
-(Param1,Param0)
14:--------------
-(Param1,Param2)
15:--------------
-(Param1,1)
16:--------------
-(Param2,Param0)
17:--------------
-(Param2,Param1)
18:--------------
-(Param2,1)
19:--------------
-(0,Param0)
20:--------------
-(0,Param1)
21:--------------
-(0,Param2)
22:--------------
-(0,1)
23:--------------
-(1,Param0)
24:--------------
-(1,Param1)
25:--------------
-(1,Param2)
0:--------------
Param0
Param0
1:--------------
Param0
Param1
2:--------------
Param0
Param2
3:--------------
Param0
0
4:--------------
Param0
1
5:--------------
Param1
Param0
6:--------------
Param1
Param1
7:--------------
Param1
Param2
8:--------------
Param1
0
9:--------------
Param1
1
10:--------------
Param2
Param0
11:--------------
Param2
Param1
12:--------------
Param2
Param2
13:--------------
Param2
0
14:--------------
Param2
1
15:--------------
0
Param0
16:--------------
0
Param1
17:--------------
0
Param2
18:--------------
0
0
19:--------------
0
1
20:--------------
1
Param0
21:--------------
1
Param1
22:--------------
1
Param2
23:--------------
1
0
24:--------------
1
1
0:--------------
Param0
Param0
1:--------------
Param0
Param1
2:--------------
Param0
Param2
3:--------------
Param0
0
4:--------------
Param0
1
5:--------------
Param1
Param0
6:--------------
Param1
Param1
7:--------------
Param1
Param2
8:--------------
Param1
0
9:--------------
Param1
1
10:--------------
Param2
Param0
11:--------------
Param2
Param1
12:--------------
Param2
Param2
13:--------------
Param2
0
14:--------------
Param2
1
15:--------------
0
Param0
16:--------------
0
Param1
17:--------------
0
Param2
18:--------------
0
0
19:--------------
0
1
20:--------------
1
Param0
21:--------------
1
Param1
22:--------------
1
Param2
23:--------------
1
0
24:--------------
1
1
0:--------------
Param0
Param0
1:--------------
Param0
Param1
2:--------------
Param0
Param2
3:--------------
Param0
0
4:--------------
Param0
1
5:--------------
Param1
Param0
6:--------------
Param1
Param1
7:--------------
Param1
Param2
8:--------------
Param1
0
9:--------------
Param1
1
10:--------------
Param2
Param0
11:--------------
Param2
Param1
12:--------------
Param2
Param2
13:--------------
Param2
0
14:--------------
Param2
1
15:--------------
0
Param0
16:--------------
0
Param1
17:--------------
0
Param2
18:--------------
0
0
19:--------------
0
1
20:--------------
1
Param0
21:--------------
1
Param1
22:--------------
1
Param2
23:--------------
1
0
24:--------------
1
1
0:--------------
Param0
+(Param0,Param0)
1:--------------
Param0
+(Param0,Param1)
2:--------------
Param0
+(Param0,Param2)
3:--------------
Param0
+(Param0,1)
4:--------------
Param0
+(Param1,Param1)
5:--------------
Param0
+(Param1,Param2)
6:--------------
Param0
+(Param1,1)
7:--------------
Param0
+(Param2,Param2)
8:--------------
Param0
+(Param2,1)
9:--------------
Param0
+(1,1)
10:--------------
Param0
-(Param0,Param1)
11:--------------
Param0
-(Param0,Param2)
12:--------------
Param0
-(Param0,1)
13:--------------
Param0
-(Param1,Param0)
14:--------------
Param0
-(Param1,Param2)
15:--------------
Param0
-(Param1,1)
16:--------------
Param0
-(Param2,Param0)
17:--------------
Param0
-(Param2,Param1)
18:--------------
Param0
-(Param2,1)
19:--------------
Param0
-(0,Param0)
20:--------------
Param0
-(0,Param1)
21:--------------
Param0
-(0,Param2)
22:--------------
Param0
-(0,1)
23:--------------
Param0
-(1,Param0)
24:--------------
Param0
-(1,Param1)
25:--------------
Param0
-(1,Param2)
0:--------------
Param1
+(Param0,Param0)
1:--------------
Param1
+(Param0,Param1)
2:--------------
Param1
+(Param0,Param2)
3:--------------
Param1
+(Param0,1)
4:--------------
Param1
+(Param1,Param1)
5:--------------
Param1
+(Param1,Param2)
6:--------------
Param1
+(Param1,1)
7:--------------
Param1
+(Param2,Param2)
8:--------------
Param1
+(Param2,1)
9:--------------
Param1
+(1,1)
10:--------------
Param1
-(Param0,Param1)
11:--------------
Param1
-(Param0,Param2)
12:--------------
Param1
-(Param0,1)
13:--------------
Param1
-(Param1,Param0)
14:--------------
Param1
-(Param1,Param2)
15:--------------
Param1
-(Param1,1)
16:--------------
Param1
-(Param2,Param0)
17:--------------
Param1
-(Param2,Param1)
18:--------------
Param1
-(Param2,1)
19:--------------
Param1
-(0,Param0)
20:--------------
Param1
-(0,Param1)
21:--------------
Param1
-(0,Param2)
22:--------------
Param1
-(0,1)
23:--------------
Param1
-(1,Param0)
24:--------------
Param1
-(1,Param1)
25:--------------
Param1
-(1,Param2)
0:--------------
Param2
+(Param0,Param0)
1:--------------
Param2
+(Param0,Param1)
2:--------------
Param2
+(Param0,Param2)
3:--------------
Param2
+(Param0,1)
4:--------------
Param2
+(Param1,Param1)
5:--------------
Param2
+(Param1,Param2)
6:--------------
Param2
+(Param1,1)
7:--------------
Param2
+(Param2,Param2)
8:--------------
Param2
+(Param2,1)
9:--------------
Param2
+(1,1)
10:--------------
Param2
-(Param0,Param1)
11:--------------
Param2
-(Param0,Param2)
12:--------------
Param2
-(Param0,1)
13:--------------
Param2
-(Param1,Param0)
14:--------------
Param2
-(Param1,Param2)
15:--------------
Param2
-(Param1,1)
16:--------------
Param2
-(Param2,Param0)
17:--------------
Param2
-(Param2,Param1)
18:--------------
Param2
-(Param2,1)
19:--------------
Param2
-(0,Param0)
20:--------------
Param2
-(0,Param1)
21:--------------
Param2
-(0,Param2)
22:--------------
Param2
-(0,1)
23:--------------
Param2
-(1,Param0)
24:--------------
Param2
-(1,Param1)
25:--------------
Param2
-(1,Param2)
0:--------------
+(Param0,Param0)
1:--------------
+(Param0,Param1)
2:--------------
+(Param0,Param2)
3:--------------
+(Param0,1)
4:--------------
+(Param1,Param1)
5:--------------
+(Param1,Param2)
6:--------------
+(Param1,1)
7:--------------
+(Param2,Param2)
8:--------------
+(Param2,1)
9:--------------
+(1,1)
10:--------------
-(Param0,Param1)
11:--------------
-(Param0,Param2)
12:--------------
-(Param0,1)
13:--------------
-(Param1,Param0)
14:--------------
-(Param1,Param2)
15:--------------
-(Param1,1)
16:--------------
-(Param2,Param0)
17:--------------
-(Param2,Param1)
18:--------------
-(Param2,1)
19:--------------
-(0,Param0)
20:--------------
-(0,Param1)
21:--------------
-(0,Param2)
22:--------------
-(0,1)
23:--------------
-(1,Param0)
24:--------------
-(1,Param1)
25:--------------
-(1,Param2)
0:--------------
+(Param0,Param0)
1:--------------
+(Param0,Param1)
2:--------------
+(Param0,Param2)
3:--------------
+(Param0,1)
4:--------------
+(Param1,Param1)
5:--------------
+(Param1,Param2)
6:--------------
+(Param1,1)
7:--------------
+(Param2,Param2)
8:--------------
+(Param2,1)
9:--------------
+(1,1)
10:--------------
-(Param0,Param1)
11:--------------
-(Param0,Param2)
12:--------------
-(Param0,1)
13:--------------
-(Param1,Param0)
14:--------------
-(Param1,Param2)
15:--------------
-(Param1,1)
16:--------------
-(Param2,Param0)
17:--------------
-(Param2,Param1)
18:--------------
-(Param2,1)
19:--------------
-(0,Param0)
20:--------------
-(0,Param1)
21:--------------
-(0,Param2)
22:--------------
-(0,1)
23:--------------
-(1,Param0)
24:--------------
-(1,Param1)
25:--------------
-(1,Param2)
0:--------------
Param0
Param0
Param0
1:--------------
Param0
Param0
Param1
2:--------------
Param0
Param0
Param2
3:--------------
Param0
Param0
0
4:--------------
Param0
Param0
1
5:--------------
Param0
Param1
Param0
6:--------------
Param0
Param1
Param1
7:--------------
Param0
Param1
Param2
8:--------------
Param0
Param1
0
9:--------------
Param0
Param1
1
10:--------------
Param0
Param2
Param0
11:--------------
Param0
Param2
Param1
12:--------------
Param0
Param2
Param2
13:--------------
Param0
Param2
0
14:--------------
Param0
Param2
1
15:--------------
Param0
0
Param0
16:--------------
Param0
0
Param1
17:--------------
Param0
0
Param2
18:--------------
Param0
0
0
19:--------------
Param0
0
1
20:--------------
Param0
1
Param0
21:--------------
Param0
1
Param1
22:--------------
Param0
1
Param2
23:--------------
Param0
1
0
24:--------------
Param0
1
1
25:--------------
Param1
Param0
Param0
26:--------------
Param1
Param0
Param1
27:--------------
Param1
Param0
Param2
28:--------------
Param1
Param0
0
29:--------------
Param1
Param0
1
30:--------------
Param1
Param1
Param0
31:--------------
Param1
Param1
Param1
32:--------------
Param1
Param1
Param2
33:--------------
Param1
Param1
0
34:--------------
Param1
Param1
1
35:--------------
Param1
Param2
Param0
36:--------------
Param1
Param2
Param1
37:--------------
Param1
Param2
Param2
38:--------------
Param1
Param2
0
39:--------------
Param1
Param2
1
40:--------------
Param1
0
Param0
41:--------------
Param1
0
Param1
42:--------------
Param1
0
Param2
43:--------------
Param1
0
0
44:--------------
Param1
0
1
45:--------------
Param1
1
Param0
46:--------------
Param1
1
Param1
47:--------------
Param1
1
Param2
48:--------------
Param1
1
0
49:--------------
Param1
1
1
50:--------------
Param2
Param0
Param0
51:--------------
Param2
Param0
Param1
52:--------------
Param2
Param0
Param2
53:--------------
Param2
Param0
0
54:--------------
Param2
Param0
1
55:--------------
Param2
Param1
Param0
56:--------------
Param2
Param1
Param1
57:--------------
Param2
Param1
Param2
58:--------------
Param2
Param1
0
59:--------------
Param2
Param1
1
60:--------------
Param2
Param2
Param0
61:--------------
Param2
Param2
Param1
62:--------------
Param2
Param2
Param2
63:--------------
Param2
Param2
0
64:--------------
Param2
Param2
1
65:--------------
Param2
0
Param0
66:--------------
Param2
0
Param1
67:--------------
Param2
0
Param2
68:--------------
Param2
0
0
69:--------------
Param2
0
1
70:--------------
Param2
1
Param0
71:--------------
Param2
1
Param1
72:--------------
Param2
1
Param2
73:--------------
Param2
1
0
74:--------------
Param2
1
1
75:--------------
0
Param0
Param0
76:--------------
0
Param0
Param1
77:--------------
0
Param0
Param2
78:--------------
0
Param0
0
79:--------------
0
Param0
1
80:--------------
0
Param1
Param0
81:--------------
0
Param1
Param1
82:--------------
0
Param1
Param2
83:--------------
0
Param1
0
84:--------------
0
Param1
1
85:--------------
0
Param2
Param0
86:--------------
0
Param2
Param1
87:--------------
0
Param2
Param2
88:--------------
0
Param2
0
89:--------------
0
Param2
1
90:--------------
0
0
Param0
91:--------------
0
0
Param1
92:--------------
0
0
Param2
93:--------------
0
0
0
94:--------------
0
0
1
95:--------------
0
1
Param0
96:--------------
0
1
Param1
97:--------------
0
1
Param2
98:--------------
0
1
0
99:--------------
0
1
1
100:--------------
1
Param0
Param0
101:--------------
1
Param0
Param1
102:--------------
1
Param0
Param2
103:--------------
1
Param0
0
104:--------------
1
Param0
1
105:--------------
1
Param1
Param0
106:--------------
1
Param1
Param1
107:--------------
1
Param1
Param2
108:--------------
1
Param1
0
109:--------------
1
Param1
1
110:--------------
1
Param2
Param0
111:--------------
1
Param2
Param1
112:--------------
1
Param2
Param2
113:--------------
1
Param2
0
114:--------------
1
Param2
1
115:--------------
1
0
Param0
116:--------------
1
0
Param1
117:--------------
1
0
Param2
118:--------------
1
0
0
119:--------------
1
0
1
120:--------------
1
1
Param0
121:--------------
1
1
Param1
122:--------------
1
1
Param2
123:--------------
1
1
0
124:--------------
1
1
1
0:--------------
Param0
Param0
Param0
1:--------------
Param0
Param0
Param1
2:--------------
Param0
Param0
Param2
3:--------------
Param0
Param0
0
4:--------------
Param0
Param0
1
5:--------------
Param0
Param1
Param0
6:--------------
Param0
Param1
Param1
7:--------------
Param0
Param1
Param2
8:--------------
Param0
Param1
0
9:--------------
Param0
Param1
1
10:--------------
Param0
Param2
Param0
11:--------------
Param0
Param2
Param1
12:--------------
Param0
Param2
Param2
13:--------------
Param0
Param2
0
14:--------------
Param0
Param2
1
15:--------------
Param0
0
Param0
16:--------------
Param0
0
Param1
17:--------------
Param0
0
Param2
18:--------------
Param0
0
0
19:--------------
Param0
0
1
20:--------------
Param0
1
Param0
21:--------------
Param0
1
Param1
22:--------------
Param0
1
Param2
23:--------------
Param0
1
0
24:--------------
Param0
1
1
25:--------------
Param1
Param0
Param0
26:--------------
Param1
Param0
Param1
27:--------------
Param1
Param0
Param2
28:--------------
Param1
Param0
0
29:--------------
Param1
Param0
1
30:--------------
Param1
Param1
Param0
31:--------------
Param1
Param1
Param1
32:--------------
Param1
Param1
Param2
33:--------------
Param1
Param1
0
34:--------------
Param1
Param1
1
35:--------------
Param1
Param2
Param0
36:--------------
Param1
Param2
Param1
37:--------------
Param1
Param2
Param2
38:--------------
Param1
Param2
0
39:--------------
Param1
Param2
1
40:--------------
Param1
0
Param0
41:--------------
Param1
0
Param1
42:--------------
Param1
0
Param2
43:--------------
Param1
0
0
44:--------------
Param1
0
1
45:--------------
Param1
1
Param0
46:--------------
Param1
1
Param1
47:--------------
Param1
1
Param2
48:--------------
Param1
1
0
49:--------------
Param1
1
1
50:--------------
Param2
Param0
Param0
51:--------------
Param2
Param0
Param1
52:--------------
Param2
Param0
Param2
53:--------------
Param2
Param0
0
54:--------------
Param2
Param0
1
55:--------------
Param2
Param1
Param0
56:--------------
Param2
Param1
Param1
57:--------------
Param2
Param1
Param2
58:--------------
Param2
Param1
0
59:--------------
Param2
Param1
1
60:--------------
Param2
Param2
Param0
61:--------------
Param2
Param2
Param1
62:--------------
Param2
Param2
Param2
63:--------------
Param2
Param2
0
64:--------------
Param2
Param2
1
65:--------------
Param2
0
Param0
66:--------------
Param2
0
Param1
67:--------------
Param2
0
Param2
68:--------------
Param2
0
0
69:--------------
Param2
0
1
70:--------------
Param2
1
Param0
71:--------------
Param2
1
Param1
72:--------------
Param2
1
Param2
73:--------------
Param2
1
0
74:--------------
Param2
1
1
75:--------------
0
Param0
Param0
76:--------------
0
Param0
Param1
77:--------------
0
Param0
Param2
78:--------------
0
Param0
0
79:--------------
0
Param0
1
80:--------------
0
Param1
Param0
81:--------------
0
Param1
Param1
82:--------------
0
Param1
Param2
83:--------------
0
Param1
0
84:--------------
0
Param1
1
85:--------------
0
Param2
Param0
86:--------------
0
Param2
Param1
87:--------------
0
Param2
Param2
88:--------------
0
Param2
0
89:--------------
0
Param2
1
90:--------------
0
0
Param0
91:--------------
0
0
Param1
92:--------------
0
0
Param2
93:--------------
0
0
0
94:--------------
0
0
1
95:--------------
0
1
Param0
96:--------------
0
1
Param1
97:--------------
0
1
Param2
98:--------------
0
1
0
99:--------------
0
1
1
100:--------------
1
Param0
Param0
101:--------------
1
Param0
Param1
102:--------------
1
Param0
Param2
103:--------------
1
Param0
0
104:--------------
1
Param0
1
105:--------------
1
Param1
Param0
106:--------------
1
Param1
Param1
107:--------------
1
Param1
Param2
108:--------------
1
Param1
0
109:--------------
1
Param1
1
110:--------------
1
Param2
Param0
111:--------------
1
Param2
Param1
112:--------------
1
Param2
Param2
113:--------------
1
Param2
0
114:--------------
1
Param2
1
115:--------------
1
0
Param0
116:--------------
1
0
Param1
117:--------------
1
0
Param2
118:--------------
1
0
0
119:--------------
1
0
1
120:--------------
1
1
Param0
121:--------------
1
1
Param1
122:--------------
1
1
Param2
123:--------------
1
1
0
124:--------------
1
1
1
0:--------------
Param0
+(Param0,Param0)
1:--------------
Param0
+(Param0,Param1)
2:--------------
Param0
+(Param0,Param2)
3:--------------
Param0
+(Param0,1)
4:--------------
Param0
+(Param1,Param1)
5:--------------
Param0
+(Param1,Param2)
6:--------------
Param0
+(Param1,1)
7:--------------
Param0
+(Param2,Param2)
8:--------------
Param0
+(Param2,1)
9:--------------
Param0
+(1,1)
10:--------------
Param0
-(Param0,Param1)
11:--------------
Param0
-(Param0,Param2)
12:--------------
Param0
-(Param0,1)
13:--------------
Param0
-(Param1,Param0)
14:--------------
Param0
-(Param1,Param2)
15:--------------
Param0
-(Param1,1)
16:--------------
Param0
-(Param2,Param0)
17:--------------
Param0
-(Param2,Param1)
18:--------------
Param0
-(Param2,1)
19:--------------
Param0
-(0,Param0)
20:--------------
Param0
-(0,Param1)
21:--------------
Param0
-(0,Param2)
22:--------------
Param0
-(0,1)
23:--------------
Param0
-(1,Param0)
24:--------------
Param0
-(1,Param1)
25:--------------
Param0
-(1,Param2)
0:--------------
Param1
+(Param0,Param0)
1:--------------
Param1
+(Param0,Param1)
2:--------------
Param1
+(Param0,Param2)
3:--------------
Param1
+(Param0,1)
4:--------------
Param1
+(Param1,Param1)
5:--------------
Param1
+(Param1,Param2)
6:--------------
Param1
+(Param1,1)
7:--------------
Param1
+(Param2,Param2)
8:--------------
Param1
+(Param2,1)
9:--------------
Param1
+(1,1)
10:--------------
Param1
-(Param0,Param1)
11:--------------
Param1
-(Param0,Param2)
12:--------------
Param1
-(Param0,1)
13:--------------
Param1
-(Param1,Param0)
14:--------------
Param1
-(Param1,Param2)
15:--------------
Param1
-(Param1,1)
16:--------------
Param1
-(Param2,Param0)
17:--------------
Param1
-(Param2,Param1)
18:--------------
Param1
-(Param2,1)
19:--------------
Param1
-(0,Param0)
20:--------------
Param1
-(0,Param1)
21:--------------
Param1
-(0,Param2)
22:--------------
Param1
-(0,1)
23:--------------
Param1
-(1,Param0)
24:--------------
Param1
-(1,Param1)
25:--------------
Param1
-(1,Param2)
0:--------------
Param2
+(Param0,Param0)
1:--------------
Param2
+(Param0,Param1)
2:--------------
Param2
+(Param0,Param2)
3:--------------
Param2
+(Param0,1)
4:--------------
Param2
+(Param1,Param1)
5:--------------
Param2
+(Param1,Param2)
6:--------------
Param2
+(Param1,1)
7:--------------
Param2
+(Param2,Param2)
8:--------------
Param2
+(Param2,1)
9:--------------
Param2
+(1,1)
10:--------------
Param2
-(Param0,Param1)
11:--------------
Param2
-(Param0,Param2)
12:--------------
Param2
-(Param0,1)
13:--------------
Param2
-(Param1,Param0)
14:--------------
Param2
-(Param1,Param2)
15:--------------
Param2
-(Param1,1)
16:--------------
Param2
-(Param2,Param0)
17:--------------
Param2
-(Param2,Param1)
18:--------------
Param2
-(Param2,1)
19:--------------
Param2
-(0,Param0)
20:--------------
Param2
-(0,Param1)
21:--------------
Param2
-(0,Param2)
22:--------------
Param2
-(0,1)
23:--------------
Param2
-(1,Param0)
24:--------------
Param2
-(1,Param1)
25:--------------
Param2
-(1,Param2)
0:--------------
+(Param0,Param0)
1:--------------
+(Param0,Param1)
2:--------------
+(Param0,Param2)
3:--------------
+(Param0,1)
4:--------------
+(Param1,Param1)
5:--------------
+(Param1,Param2)
6:--------------
+(Param1,1)
7:--------------
+(Param2,Param2)
8:--------------
+(Param2,1)
9:--------------
+(1,1)
10:--------------
-(Param0,Param1)
11:--------------
-(Param0,Param2)
12:--------------
-(Param0,1)
13:--------------
-(Param1,Param0)
14:--------------
-(Param1,Param2)
15:--------------
-(Param1,1)
16:--------------
-(Param2,Param0)
17:--------------
-(Param2,Param1)
18:--------------
-(Param2,1)
19:--------------
-(0,Param0)
20:--------------
-(0,Param1)
21:--------------
-(0,Param2)
22:--------------
-(0,1)
23:--------------
-(1,Param0)
24:--------------
-(1,Param1)
25:--------------
-(1,Param2)
0:--------------
+(Param0,Param0)
1:--------------
+(Param0,Param1)
2:--------------
+(Param0,Param2)
3:--------------
+(Param0,1)
4:--------------
+(Param1,Param1)
5:--------------
+(Param1,Param2)
6:--------------
+(Param1,1)
7:--------------
+(Param2,Param2)
8:--------------
+(Param2,1)
9:--------------
+(1,1)
10:--------------
-(Param0,Param1)
11:--------------
-(Param0,Param2)
12:--------------
-(Param0,1)
13:--------------
-(Param1,Param0)
14:--------------
-(Param1,Param2)
15:--------------
-(Param1,1)
16:--------------
-(Param2,Param0)
17:--------------
-(Param2,Param1)
18:--------------
-(Param2,1)
19:--------------
-(0,Param0)
20:--------------
-(0,Param1)
21:--------------
-(0,Param2)
22:--------------
-(0,1)
23:--------------
-(1,Param0)
24:--------------
-(1,Param1)
25:--------------
-(1,Param2)
0:--------------
Param0
Param0
Param0
1:--------------
Param0
Param0
Param1
2:--------------
Param0
Param0
Param2
3:--------------
Param0
Param0
0
4:--------------
Param0
Param0
1
5:--------------
Param0
Param1
Param0
6:--------------
Param0
Param1
Param1
7:--------------
Param0
Param1
Param2
8:--------------
Param0
Param1
0
9:--------------
Param0
Param1
1
10:--------------
Param0
Param2
Param0
11:--------------
Param0
Param2
Param1
12:--------------
Param0
Param2
Param2
13:--------------
Param0
Param2
0
14:--------------
Param0
Param2
1
15:--------------
Param0
0
Param0
16:--------------
Param0
0
Param1
17:--------------
Param0
0
Param2
18:--------------
Param0
0
0
19:--------------
Param0
0
1
20:--------------
Param0
1
Param0
21:--------------
Param0
1
Param1
22:--------------
Param0
1
Param2
23:--------------
Param0
1
0
24:--------------
Param0
1
1
25:--------------
Param1
Param0
Param0
26:--------------
Param1
Param0
Param1
27:--------------
Param1
Param0
Param2
28:--------------
Param1
Param0
0
29:--------------
Param1
Param0
1
30:--------------
Param1
Param1
Param0
31:--------------
Param1
Param1
Param1
32:--------------
Param1
Param1
Param2
33:--------------
Param1
Param1
0
34:--------------
Param1
Param1
1
35:--------------
Param1
Param2
Param0
36:--------------
Param1
Param2
Param1
37:--------------
Param1
Param2
Param2
38:--------------
Param1
Param2
0
39:--------------
Param1
Param2
1
40:--------------
Param1
0
Param0
41:--------------
Param1
0
Param1
42:--------------
Param1
0
Param2
43:--------------
Param1
0
0
44:--------------
Param1
0
1
45:--------------
Param1
1
Param0
46:--------------
Param1
1
Param1
47:--------------
Param1
1
Param2
48:--------------
Param1
1
0
49:--------------
Param1
1
1
50:--------------
Param2
Param0
Param0
51:--------------
Param2
Param0
Param1
52:--------------
Param2
Param0
Param2
53:--------------
Param2
Param0
0
54:--------------
Param2
Param0
1
55:--------------
Param2
Param1
Param0
56:--------------
Param2
Param1
Param1
57:--------------
Param2
Param1
Param2
58:--------------
Param2
Param1
0
59:--------------
Param2
Param1
1
60:--------------
Param2
Param2
Param0
61:--------------
Param2
Param2
Param1
62:--------------
Param2
Param2
Param2
63:--------------
Param2
Param2
0
64:--------------
Param2
Param2
1
65:--------------
Param2
0
Param0
66:--------------
Param2
0
Param1
67:--------------
Param2
0
Param2
68:--------------
Param2
0
0
69:--------------
Param2
0
1
70:--------------
Param2
1
Param0
71:--------------
Param2
1
Param1
72:--------------
Param2
1
Param2
73:--------------
Param2
1
0
74:--------------
Param2
1
1
75:--------------
0
Param0
Param0
76:--------------
0
Param0
Param1
77:--------------
0
Param0
Param2
78:--------------
0
Param0
0
79:--------------
0
Param0
1
80:--------------
0
Param1
Param0
81:--------------
0
Param1
Param1
82:--------------
0
Param1
Param2
83:--------------
0
Param1
0
84:--------------
0
Param1
1
85:--------------
0
Param2
Param0
86:--------------
0
Param2
Param1
87:--------------
0
Param2
Param2
88:--------------
0
Param2
0
89:--------------
0
Param2
1
90:--------------
0
0
Param0
91:--------------
0
0
Param1
92:--------------
0
0
Param2
93:--------------
0
0
0
94:--------------
0
0
1
95:--------------
0
1
Param0
96:--------------
0
1
Param1
97:--------------
0
1
Param2
98:--------------
0
1
0
99:--------------
0
1
1
100:--------------
1
Param0
Param0
101:--------------
1
Param0
Param1
102:--------------
1
Param0
Param2
103:--------------
1
Param0
0
104:--------------
1
Param0
1
105:--------------
1
Param1
Param0
106:--------------
1
Param1
Param1
107:--------------
1
Param1
Param2
108:--------------
1
Param1
0
109:--------------
1
Param1
1
110:--------------
1
Param2
Param0
111:--------------
1
Param2
Param1
112:--------------
1
Param2
Param2
113:--------------
1
Param2
0
114:--------------
1
Param2
1
115:--------------
1
0
Param0
116:--------------
1
0
Param1
117:--------------
1
0
Param2
118:--------------
1
0
0
119:--------------
1
0
1
120:--------------
1
1
Param0
121:--------------
1
1
Param1
122:--------------
1
1
Param2
123:--------------
1
1
0
124:--------------
1
1
1
0:--------------
<(Param0,Param0)
1:--------------
<(Param0,Param1)
2:--------------
<(Param0,Param2)
3:--------------
<(Param0,1)
4:--------------
<(Param1,Param0)
5:--------------
<(Param1,1)
6:--------------
<(Param2,1)
7:--------------
<(0,1)
8:--------------
<(1,Param0)
9:--------------
=(Param0,1)
10:--------------
<=(Param0,1)
0:--------------
Param0
+(Param0,Param0)
1:--------------
Param0
+(Param0,Param1)
2:--------------
Param0
+(Param0,Param2)
3:--------------
Param0
+(Param0,1)
4:--------------
Param0
+(Param1,Param1)
5:--------------
Param0
+(Param1,Param2)
6:--------------
Param0
+(Param1,1)
7:--------------
Param0
+(Param2,Param2)
8:--------------
Param0
+(Param2,1)
9:--------------
Param0
+(1,1)
10:--------------
Param0
-(Param0,Param1)
11:--------------
Param0
-(Param0,Param2)
12:--------------
Param0
-(Param0,1)
13:--------------
Param0
-(Param1,Param0)
14:--------------
Param0
-(Param1,Param2)
15:--------------
Param0
-(Param1,1)
16:--------------
Param0
-(Param2,Param0)
17:--------------
Param0
-(Param2,Param1)
18:--------------
Param0
-(Param2,1)
19:--------------
Param0
-(0,Param0)
20:--------------
Param0
-(0,Param1)
21:--------------
Param0
-(0,Param2)
22:--------------
Param0
-(0,1)
23:--------------
Param0
-(1,Param0)
24:--------------
Param0
-(1,Param1)
25:--------------
Param0
-(1,Param2)
0:--------------
Param1
+(Param0,Param0)
1:--------------
Param1
+(Param0,Param1)
2:--------------
Param1
+(Param0,Param2)
3:--------------
Param1
+(Param0,1)
4:--------------
Param1
+(Param1,Param1)
5:--------------
Param1
+(Param1,Param2)
6:--------------
Param1
+(Param1,1)
7:--------------
Param1
+(Param2,Param2)
8:--------------
Param1
+(Param2,1)
9:--------------
Param1
+(1,1)
10:--------------
Param1
-(Param0,Param1)
11:--------------
Param1
-(Param0,Param2)
12:--------------
Param1
-(Param0,1)
13:--------------
Param1
-(Param1,Param0)
14:--------------
Param1
-(Param1,Param2)
15:--------------
Param1
-(Param1,1)
16:--------------
Param1
-(Param2,Param0)
17:--------------
Param1
-(Param2,Param1)
18:--------------
Param1
-(Param2,1)
19:--------------
Param1
-(0,Param0)
20:--------------
Param1
-(0,Param1)
21:--------------
Param1
-(0,Param2)
22:--------------
Param1
-(0,1)
23:--------------
Param1
-(1,Param0)
24:--------------
Param1
-(1,Param1)
25:--------------
Param1
-(1,Param2)
0:--------------
Param2
+(Param0,Param0)
1:--------------
Param2
+(Param0,Param1)
2:--------------
Param2
+(Param0,Param2)
3:--------------
Param2
+(Param0,1)
4:--------------
Param2
+(Param1,Param1)
5:--------------
Param2
+(Param1,Param2)
6:--------------
Param2
+(Param1,1)
7:--------------
Param2
+(Param2,Param2)
8:--------------
Param2
+(Param2,1)
9:--------------
Param2
+(1,1)
10:--------------
Param2
-(Param0,Param1)
11:--------------
Param2
-(Param0,Param2)
12:--------------
Param2
-(Param0,1)
13:--------------
Param2
-(Param1,Param0)
14:--------------
Param2
-(Param1,Param2)
15:--------------
Param2
-(Param1,1)
16:--------------
Param2
-(Param2,Param0)
17:--------------
Param2
-(Param2,Param1)
18:--------------
Param2
-(Param2,1)
19:--------------
Param2
-(0,Param0)
20:--------------
Param2
-(0,Param1)
21:--------------
Param2
-(0,Param2)
22:--------------
Param2
-(0,1)
23:--------------
Param2
-(1,Param0)
24:--------------
Param2
-(1,Param1)
25:--------------
Param2
-(1,Param2)
0:--------------
+(Param0,Param0)
1:--------------
+(Param0,Param1)
2:--------------
+(Param0,Param2)
3:--------------
+(Param0,1)
4:--------------
+(Param1,Param1)
5:--------------
+(Param1,Param2)
6:--------------
+(Param1,1)
7:--------------
+(Param2,Param2)
8:--------------
+(Param2,1)
9:--------------
+(1,1)
10:--------------
-(Param0,Param1)
11:--------------
-(Param0,Param2)
12:--------------
-(Param0,1)
13:--------------
-(Param1,Param0)
14:--------------
-(Param1,Param2)
15:--------------
-(Param1,1)
16:--------------
-(Param2,Param0)
17:--------------
-(Param2,Param1)
18:--------------
-(Param2,1)
19:--------------
-(0,Param0)
20:--------------
-(0,Param1)
21:--------------
-(0,Param2)
22:--------------
-(0,1)
23:--------------
-(1,Param0)
24:--------------
-(1,Param1)
25:--------------
-(1,Param2)
0:--------------
+(Param0,Param0)
1:--------------
+(Param0,Param1)
2:--------------
+(Param0,Param2)
3:--------------
+(Param0,1)
4:--------------
+(Param1,Param1)
5:--------------
+(Param1,Param2)
6:--------------
+(Param1,1)
7:--------------
+(Param2,Param2)
8:--------------
+(Param2,1)
9:--------------
+(1,1)
10:--------------
-(Param0,Param1)
11:--------------
-(Param0,Param2)
12:--------------
-(Param0,1)
13:--------------
-(Param1,Param0)
14:--------------
-(Param1,Param2)
15:--------------
-(Param1,1)
16:--------------
-(Param2,Param0)
17:--------------
-(Param2,Param1)
18:--------------
-(Param2,1)
19:--------------
-(0,Param0)
20:--------------
-(0,Param1)
21:--------------
-(0,Param2)
22:--------------
-(0,1)
23:--------------
-(1,Param0)
24:--------------
-(1,Param1)
25:--------------
-(1,Param2)
0:--------------
Param0
Param0
Param0
1:--------------
Param0
Param0
Param1
2:--------------
Param0
Param0
Param2
3:--------------
Param0
Param0
0
4:--------------
Param0
Param0
1
5:--------------
Param0
Param1
Param0
6:--------------
Param0
Param1
Param1
7:--------------
Param0
Param1
Param2
8:--------------
Param0
Param1
0
9:--------------
Param0
Param1
1
10:--------------
Param0
Param2
Param0
11:--------------
Param0
Param2
Param1
12:--------------
Param0
Param2
Param2
13:--------------
Param0
Param2
0
14:--------------
Param0
Param2
1
15:--------------
Param0
0
Param0
16:--------------
Param0
0
Param1
17:--------------
Param0
0
Param2
18:--------------
Param0
0
0
19:--------------
Param0
0
1
20:--------------
Param0
1
Param0
21:--------------
Param0
1
Param1
22:--------------
Param0
1
Param2
23:--------------
Param0
1
0
24:--------------
Param0
1
1
25:--------------
Param1
Param0
Param0
26:--------------
Param1
Param0
Param1
27:--------------
Param1
Param0
Param2
28:--------------
Param1
Param0
0
29:--------------
Param1
Param0
1
30:--------------
Param1
Param1
Param0
31:--------------
Param1
Param1
Param1
32:--------------
Param1
Param1
Param2
33:--------------
Param1
Param1
0
34:--------------
Param1
Param1
1
35:--------------
Param1
Param2
Param0
36:--------------
Param1
Param2
Param1
37:--------------
Param1
Param2
Param2
38:--------------
Param1
Param2
0
39:--------------
Param1
Param2
1
40:--------------
Param1
0
Param0
41:--------------
Param1
0
Param1
42:--------------
Param1
0
Param2
43:--------------
Param1
0
0
44:--------------
Param1
0
1
45:--------------
Param1
1
Param0
46:--------------
Param1
1
Param1
47:--------------
Param1
1
Param2
48:--------------
Param1
1
0
49:--------------
Param1
1
1
50:--------------
Param2
Param0
Param0
51:--------------
Param2
Param0
Param1
52:--------------
Param2
Param0
Param2
53:--------------
Param2
Param0
0
54:--------------
Param2
Param0
1
55:--------------
Param2
Param1
Param0
56:--------------
Param2
Param1
Param1
57:--------------
Param2
Param1
Param2
58:--------------
Param2
Param1
0
59:--------------
Param2
Param1
1
60:--------------
Param2
Param2
Param0
61:--------------
Param2
Param2
Param1
62:--------------
Param2
Param2
Param2
63:--------------
Param2
Param2
0
64:--------------
Param2
Param2
1
65:--------------
Param2
0
Param0
66:--------------
Param2
0
Param1
67:--------------
Param2
0
Param2
68:--------------
Param2
0
0
69:--------------
Param2
0
1
70:--------------
Param2
1
Param0
71:--------------
Param2
1
Param1
72:--------------
Param2
1
Param2
73:--------------
Param2
1
0
74:--------------
Param2
1
1
75:--------------
0
Param0
Param0
76:--------------
0
Param0
Param1
77:--------------
0
Param0
Param2
78:--------------
0
Param0
0
79:--------------
0
Param0
1
80:--------------
0
Param1
Param0
81:--------------
0
Param1
Param1
82:--------------
0
Param1
Param2
83:--------------
0
Param1
0
84:--------------
0
Param1
1
85:--------------
0
Param2
Param0
86:--------------
0
Param2
Param1
87:--------------
0
Param2
Param2
88:--------------
0
Param2
0
89:--------------
0
Param2
1
90:--------------
0
0
Param0
91:--------------
0
0
Param1
92:--------------
0
0
Param2
93:--------------
0
0
0
94:--------------
0
0
1
95:--------------
0
1
Param0
96:--------------
0
1
Param1
97:--------------
0
1
Param2
98:--------------
0
1
0
99:--------------
0
1
1
100:--------------
1
Param0
Param0
101:--------------
1
Param0
Param1
102:--------------
1
Param0
Param2
103:--------------
1
Param0
0
104:--------------
1
Param0
1
105:--------------
1
Param1
Param0
106:--------------
1
Param1
Param1
107:--------------
1
Param1
Param2
108:--------------
1
Param1
0
109:--------------
1
Param1
1
110:--------------
1
Param2
Param0
111:--------------
1
Param2
Param1
112:--------------
1
Param2
Param2
113:--------------
1
Param2
0
114:--------------
1
Param2
1
115:--------------
1
0
Param0
116:--------------
1
0
Param1
117:--------------
1
0
Param2
118:--------------
1
0
0
119:--------------
1
0
1
120:--------------
1
1
Param0
121:--------------
1
1
Param1
122:--------------
1
1
Param2
123:--------------
1
1
0
124:--------------
1
1
1
0:--------------
Param0
Param0
Param0
1:--------------
Param0
Param0
Param1
2:--------------
Param0
Param0
Param2
3:--------------
Param0
Param0
0
4:--------------
Param0
Param0
1
5:--------------
Param0
Param1
Param0
6:--------------
Param0
Param1
Param1
7:--------------
Param0
Param1
Param2
8:--------------
Param0
Param1
0
9:--------------
Param0
Param1
1
10:--------------
Param0
Param2
Param0
11:--------------
Param0
Param2
Param1
12:--------------
Param0
Param2
Param2
13:--------------
Param0
Param2
0
14:--------------
Param0
Param2
1
15:--------------
Param0
0
Param0
16:--------------
Param0
0
Param1
17:--------------
Param0
0
Param2
18:--------------
Param0
0
0
19:--------------
Param0
0
1
20:--------------
Param0
1
Param0
21:--------------
Param0
1
Param1
22:--------------
Param0
1
Param2
23:--------------
Param0
1
0
24:--------------
Param0
1
1
25:--------------
Param1
Param0
Param0
26:--------------
Param1
Param0
Param1
27:--------------
Param1
Param0
Param2
28:--------------
Param1
Param0
0
29:--------------
Param1
Param0
1
30:--------------
Param1
Param1
Param0
31:--------------
Param1
Param1
Param1
32:--------------
Param1
Param1
Param2
33:--------------
Param1
Param1
0
34:--------------
Param1
Param1
1
35:--------------
Param1
Param2
Param0
36:--------------
Param1
Param2
Param1
37:--------------
Param1
Param2
Param2
38:--------------
Param1
Param2
0
39:--------------
Param1
Param2
1
40:--------------
Param1
0
Param0
41:--------------
Param1
0
Param1
42:--------------
Param1
0
Param2
43:--------------
Param1
0
0
44:--------------
Param1
0
1
45:--------------
Param1
1
Param0
46:--------------
Param1
1
Param1
47:--------------
Param1
1
Param2
48:--------------
Param1
1
0
49:--------------
Param1
1
1
50:--------------
Param2
Param0
Param0
51:--------------
Param2
Param0
Param1
52:--------------
Param2
Param0
Param2
53:--------------
Param2
Param0
0
54:--------------
Param2
Param0
1
55:--------------
Param2
Param1
Param0
56:--------------
Param2
Param1
Param1
57:--------------
Param2
Param1
Param2
58:--------------
Param2
Param1
0
59:--------------
Param2
Param1
1
60:--------------
Param2
Param2
Param0
61:--------------
Param2
Param2
Param1
62:--------------
Param2
Param2
Param2
63:--------------
Param2
Param2
0
64:--------------
Param2
Param2
1
65:--------------
Param2
0
Param0
66:--------------
Param2
0
Param1
67:--------------
Param2
0
Param2
68:--------------
Param2
0
0
69:--------------
Param2
0
1
70:--------------
Param2
1
Param0
71:--------------
Param2
1
Param1
72:--------------
Param2
1
Param2
73:--------------
Param2
1
0
74:--------------
Param2
1
1
75:--------------
0
Param0
Param0
76:--------------
0
Param0
Param1
77:--------------
0
Param0
Param2
78:--------------
0
Param0
0
79:--------------
0
Param0
1
80:--------------
0
Param1
Param0
81:--------------
0
Param1
Param1
82:--------------
0
Param1
Param2
83:--------------
0
Param1
0
84:--------------
0
Param1
1
85:--------------
0
Param2
Param0
86:--------------
0
Param2
Param1
87:--------------
0
Param2
Param2
88:--------------
0
Param2
0
89:--------------
0
Param2
1
90:--------------
0
0
Param0
91:--------------
0
0
Param1
92:--------------
0
0
Param2
93:--------------
0
0
0
94:--------------
0
0
1
95:--------------
0
1
Param0
96:--------------
0
1
Param1
97:--------------
0
1
Param2
98:--------------
0
1
0
99:--------------
0
1
1
100:--------------
1
Param0
Param0
101:--------------
1
Param0
Param1
102:--------------
1
Param0
Param2
103:--------------
1
Param0
0
104:--------------
1
Param0
1
105:--------------
1
Param1
Param0
106:--------------
1
Param1
Param1
107:--------------
1
Param1
Param2
108:--------------
1
Param1
0
109:--------------
1
Param1
1
110:--------------
1
Param2
Param0
111:--------------
1
Param2
Param1
112:--------------
1
Param2
Param2
113:--------------
1
Param2
0
114:--------------
1
Param2
1
115:--------------
1
0
Param0
116:--------------
1
0
Param1
117:--------------
1
0
Param2
118:--------------
1
0
0
119:--------------
1
0
1
120:--------------
1
1
Param0
121:--------------
1
1
Param1
122:--------------
1
1
Param2
123:--------------
1
1
0
124:--------------
1
1
1
0:--------------
Param0
+(Param0,Param0)
1:--------------
Param0
+(Param0,Param1)
2:--------------
Param0
+(Param0,Param2)
3:--------------
Param0
+(Param0,1)
4:--------------
Param0
+(Param1,Param1)
5:--------------
Param0
+(Param1,Param2)
6:--------------
Param0
+(Param1,1)
7:--------------
Param0
+(Param2,Param2)
8:--------------
Param0
+(Param2,1)
9:--------------
Param0
+(1,1)
10:--------------
Param0
-(Param0,Param1)
11:--------------
Param0
-(Param0,Param2)
12:--------------
Param0
-(Param0,1)
13:--------------
Param0
-(Param1,Param0)
14:--------------
Param0
-(Param1,Param2)
15:--------------
Param0
-(Param1,1)
16:--------------
Param0
-(Param2,Param0)
17:--------------
Param0
-(Param2,Param1)
18:--------------
Param0
-(Param2,1)
19:--------------
Param0
-(0,Param0)
20:--------------
Param0
-(0,Param1)
21:--------------
Param0
-(0,Param2)
22:--------------
Param0
-(0,1)
23:--------------
Param0
-(1,Param0)
24:--------------
Param0
-(1,Param1)
25:--------------
Param0
-(1,Param2)
0:--------------
Param1
+(Param0,Param0)
1:--------------
Param1
+(Param0,Param1)
2:--------------
Param1
+(Param0,Param2)
3:--------------
Param1
+(Param0,1)
4:--------------
Param1
+(Param1,Param1)
5:--------------
Param1
+(Param1,Param2)
6:--------------
Param1
+(Param1,1)
7:--------------
Param1
+(Param2,Param2)
8:--------------
Param1
+(Param2,1)
9:--------------
Param1
+(1,1)
10:--------------
Param1
-(Param0,Param1)
11:--------------
Param1
-(Param0,Param2)
12:--------------
Param1
-(Param0,1)
13:--------------
Param1
-(Param1,Param0)
14:--------------
Param1
-(Param1,Param2)
15:--------------
Param1
-(Param1,1)
16:--------------
Param1
-(Param2,Param0)
17:--------------
Param1
-(Param2,Param1)
18:--------------
Param1
-(Param2,1)
19:--------------
Param1
-(0,Param0)
20:--------------
Param1
-(0,Param1)
21:--------------
Param1
-(0,Param2)
22:--------------
Param1
-(0,1)
23:--------------
Param1
-(1,Param0)
24:--------------
Param1
-(1,Param1)
25:--------------
Param1
-(1,Param2)
0:--------------
Param2
+(Param0,Param0)
1:--------------
Param2
+(Param0,Param1)
2:--------------
Param2
+(Param0,Param2)
3:--------------
Param2
+(Param0,1)
4:--------------
Param2
+(Param1,Param1)
5:--------------
Param2
+(Param1,Param2)
6:--------------
Param2
+(Param1,1)
7:--------------
Param2
+(Param2,Param2)
8:--------------
Param2
+(Param2,1)
9:--------------
Param2
+(1,1)
10:--------------
Param2
-(Param0,Param1)
11:--------------
Param2
-(Param0,Param2)
12:--------------
Param2
-(Param0,1)
13:--------------
Param2
-(Param1,Param0)
14:--------------
Param2
-(Param1,Param2)
15:--------------
Param2
-(Param1,1)
16:--------------
Param2
-(Param2,Param0)
17:--------------
Param2
-(Param2,Param1)
18:--------------
Param2
-(Param2,1)
19:--------------
Param2
-(0,Param0)
20:--------------
Param2
-(0,Param1)
21:--------------
Param2
-(0,Param2)
22:--------------
Param2
-(0,1)
23:--------------
Param2
-(1,Param0)
24:--------------
Param2
-(1,Param1)
25:--------------
Param2
-(1,Param2)
0:--------------
+(Param0,Param0)
1:--------------
+(Param0,Param1)
2:--------------
+(Param0,Param2)
3:--------------
+(Param0,1)
4:--------------
+(Param1,Param1)
5:--------------
+(Param1,Param2)
6:--------------
+(Param1,1)
7:--------------
+(Param2,Param2)
8:--------------
+(Param2,1)
9:--------------
+(1,1)
10:--------------
-(Param0,Param1)
11:--------------
-(Param0,Param2)
12:--------------
-(Param0,1)
13:--------------
-(Param1,Param0)
14:--------------
-(Param1,Param2)
15:--------------
-(Param1,1)
16:--------------
-(Param2,Param0)
17:--------------
-(Param2,Param1)
18:--------------
-(Param2,1)
19:--------------
-(0,Param0)
20:--------------
-(0,Param1)
21:--------------
-(0,Param2)
22:--------------
-(0,1)
23:--------------
-(1,Param0)
24:--------------
-(1,Param1)
25:--------------
-(1,Param2)
0:--------------
+(Param0,Param0)
1:--------------
+(Param0,Param1)
2:--------------
+(Param0,Param2)
3:--------------
+(Param0,1)
4:--------------
+(Param1,Param1)
5:--------------
+(Param1,Param2)
6:--------------
+(Param1,1)
7:--------------
+(Param2,Param2)
8:--------------
+(Param2,1)
9:--------------
+(1,1)
10:--------------
-(Param0,Param1)
11:--------------
-(Param0,Param2)
12:--------------
-(Param0,1)
13:--------------
-(Param1,Param0)
14:--------------
-(Param1,Param2)
15:--------------
-(Param1,1)
16:--------------
-(Param2,Param0)
17:--------------
-(Param2,Param1)
18:--------------
-(Param2,1)
19:--------------
-(0,Param0)
20:--------------
-(0,Param1)
21:--------------
-(0,Param2)
22:--------------
-(0,1)
23:--------------
-(1,Param0)
24:--------------
-(1,Param1)
25:--------------
-(1,Param2)
0:--------------
Param0
Param0
Param0
1:--------------
Param0
Param0
Param1
2:--------------
Param0
Param0
Param2
3:--------------
Param0
Param0
0
4:--------------
Param0
Param0
1
5:--------------
Param0
Param1
Param0
6:--------------
Param0
Param1
Param1
7:--------------
Param0
Param1
Param2
8:--------------
Param0
Param1
0
9:--------------
Param0
Param1
1
10:--------------
Param0
Param2
Param0
11:--------------
Param0
Param2
Param1
12:--------------
Param0
Param2
Param2
13:--------------
Param0
Param2
0
14:--------------
Param0
Param2
1
15:--------------
Param0
0
Param0
16:--------------
Param0
0
Param1
17:--------------
Param0
0
Param2
18:--------------
Param0
0
0
19:--------------
Param0
0
1
20:--------------
Param0
1
Param0
21:--------------
Param0
1
Param1
22:--------------
Param0
1
Param2
23:--------------
Param0
1
0
24:--------------
Param0
1
1
25:--------------
Param1
Param0
Param0
26:--------------
Param1
Param0
Param1
27:--------------
Param1
Param0
Param2
28:--------------
Param1
Param0
0
29:--------------
Param1
Param0
1
30:--------------
Param1
Param1
Param0
31:--------------
Param1
Param1
Param1
32:--------------
Param1
Param1
Param2
33:--------------
Param1
Param1
0
34:--------------
Param1
Param1
1
35:--------------
Param1
Param2
Param0
36:--------------
Param1
Param2
Param1
37:--------------
Param1
Param2
Param2
38:--------------
Param1
Param2
0
39:--------------
Param1
Param2
1
40:--------------
Param1
0
Param0
41:--------------
Param1
0
Param1
42:--------------
Param1
0
Param2
43:--------------
Param1
0
0
44:--------------
Param1
0
1
45:--------------
Param1
1
Param0
46:--------------
Param1
1
Param1
47:--------------
Param1
1
Param2
48:--------------
Param1
1
0
49:--------------
Param1
1
1
50:--------------
Param2
Param0
Param0
51:--------------
Param2
Param0
Param1
52:--------------
Param2
Param0
Param2
53:--------------
Param2
Param0
0
54:--------------
Param2
Param0
1
55:--------------
Param2
Param1
Param0
56:--------------
Param2
Param1
Param1
57:--------------
Param2
Param1
Param2
58:--------------
Param2
Param1
0
59:--------------
Param2
Param1
1
60:--------------
Param2
Param2
Param0
61:--------------
Param2
Param2
Param1
62:--------------
Param2
Param2
Param2
63:--------------
Param2
Param2
0
64:--------------
Param2
Param2
1
65:--------------
Param2
0
Param0
66:--------------
Param2
0
Param1
67:--------------
Param2
0
Param2
68:--------------
Param2
0
0
69:--------------
Param2
0
1
70:--------------
Param2
1
Param0
71:--------------
Param2
1
Param1
72:--------------
Param2
1
Param2
73:--------------
Param2
1
0
74:--------------
Param2
1
1
75:--------------
0
Param0
Param0
76:--------------
0
Param0
Param1
77:--------------
0
Param0
Param2
78:--------------
0
Param0
0
79:--------------
0
Param0
1
80:--------------
0
Param1
Param0
81:--------------
0
Param1
Param1
82:--------------
0
Param1
Param2
83:--------------
0
Param1
0
84:--------------
0
Param1
1
85:--------------
0
Param2
Param0
86:--------------
0
Param2
Param1
87:--------------
0
Param2
Param2
88:--------------
0
Param2
0
89:--------------
0
Param2
1
90:--------------
0
0
Param0
91:--------------
0
0
Param1
92:--------------
0
0
Param2
93:--------------
0
0
0
94:--------------
0
0
1
95:--------------
0
1
Param0
96:--------------
0
1
Param1
97:--------------
0
1
Param2
98:--------------
0
1
0
99:--------------
0
1
1
100:--------------
1
Param0
Param0
101:--------------
1
Param0
Param1
102:--------------
1
Param0
Param2
103:--------------
1
Param0
0
104:--------------
1
Param0
1
105:--------------
1
Param1
Param0
106:--------------
1
Param1
Param1
107:--------------
1
Param1
Param2
108:--------------
1
Param1
0
109:--------------
1
Param1
1
110:--------------
1
Param2
Param0
111:--------------
1
Param2
Param1
112:--------------
1
Param2
Param2
113:--------------
1
Param2
0
114:--------------
1
Param2
1
115:--------------
1
0
Param0
116:--------------
1
0
Param1
117:--------------
1
0
Param2
118:--------------
1
0
0
119:--------------
1
0
1
120:--------------
1
1
Param0
121:--------------
1
1
Param1
122:--------------
1
1
Param2
123:--------------
1
1
0
124:--------------
1
1
1
0:--------------
Param0
+(Param0,Param0)
1:--------------
Param0
+(Param0,Param1)
2:--------------
Param0
+(Param0,Param2)
3:--------------
Param0
+(Param0,1)
4:--------------
Param0
+(Param1,Param1)
5:--------------
Param0
+(Param1,Param2)
6:--------------
Param0
+(Param1,1)
7:--------------
Param0
+(Param2,Param2)
8:--------------
Param0
+(Param2,1)
9:--------------
Param0
+(1,1)
10:--------------
Param0
-(Param0,Param1)
11:--------------
Param0
-(Param0,Param2)
12:--------------
Param0
-(Param0,1)
13:--------------
Param0
-(Param1,Param0)
14:--------------
Param0
-(Param1,Param2)
15:--------------
Param0
-(Param1,1)
16:--------------
Param0
-(Param2,Param0)
17:--------------
Param0
-(Param2,Param1)
18:--------------
Param0
-(Param2,1)
19:--------------
Param0
-(0,Param0)
20:--------------
Param0
-(0,Param1)
21:--------------
Param0
-(0,Param2)
22:--------------
Param0
-(0,1)
23:--------------
Param0
-(1,Param0)
24:--------------
Param0
-(1,Param1)
25:--------------
Param0
-(1,Param2)
0:--------------
Param1
+(Param0,Param0)
1:--------------
Param1
+(Param0,Param1)
2:--------------
Param1
+(Param0,Param2)
3:--------------
Param1
+(Param0,1)
4:--------------
Param1
+(Param1,Param1)
5:--------------
Param1
+(Param1,Param2)
6:--------------
Param1
+(Param1,1)
7:--------------
Param1
+(Param2,Param2)
8:--------------
Param1
+(Param2,1)
9:--------------
Param1
+(1,1)
10:--------------
Param1
-(Param0,Param1)
11:--------------
Param1
-(Param0,Param2)
12:--------------
Param1
-(Param0,1)
13:--------------
Param1
-(Param1,Param0)
14:--------------
Param1
-(Param1,Param2)
15:--------------
Param1
-(Param1,1)
16:--------------
Param1
-(Param2,Param0)
17:--------------
Param1
-(Param2,Param1)
18:--------------
Param1
-(Param2,1)
19:--------------
Param1
-(0,Param0)
20:--------------
Param1
-(0,Param1)
21:--------------
Param1
-(0,Param2)
22:--------------
Param1
-(0,1)
23:--------------
Param1
-(1,Param0)
24:--------------
Param1
-(1,Param1)
25:--------------
Param1
-(1,Param2)
0:--------------
Param2
+(Param0,Param0)
1:--------------
Param2
+(Param0,Param1)
2:--------------
Param2
+(Param0,Param2)
3:--------------
Param2
+(Param0,1)
4:--------------
Param2
+(Param1,Param1)
5:--------------
Param2
+(Param1,Param2)
6:--------------
Param2
+(Param1,1)
7:--------------
Param2
+(Param2,Param2)
8:--------------
Param2
+(Param2,1)
9:--------------
Param2
+(1,1)
10:--------------
Param2
-(Param0,Param1)
11:--------------
Param2
-(Param0,Param2)
12:--------------
Param2
-(Param0,1)
13:--------------
Param2
-(Param1,Param0)
14:--------------
Param2
-(Param1,Param2)
15:--------------
Param2
-(Param1,1)
16:--------------
Param2
-(Param2,Param0)
17:--------------
Param2
-(Param2,Param1)
18:--------------
Param2
-(Param2,1)
19:--------------
Param2
-(0,Param0)
20:--------------
Param2
-(0,Param1)
21:--------------
Param2
-(0,Param2)
22:--------------
Param2
-(0,1)
23:--------------
Param2
-(1,Param0)
24:--------------
Param2
-(1,Param1)
25:--------------
Param2
-(1,Param2)
0:--------------
+(Param0,Param0)
1:--------------
+(Param0,Param1)
2:--------------
+(Param0,Param2)
3:--------------
+(Param0,1)
4:--------------
+(Param1,Param1)
5:--------------
+(Param1,Param2)
6:--------------
+(Param1,1)
7:--------------
+(Param2,Param2)
8:--------------
+(Param2,1)
9:--------------
+(1,1)
10:--------------
-(Param0,Param1)
11:--------------
-(Param0,Param2)
12:--------------
-(Param0,1)
13:--------------
-(Param1,Param0)
14:--------------
-(Param1,Param2)
15:--------------
-(Param1,1)
16:--------------
-(Param2,Param0)
17:--------------
-(Param2,Param1)
18:--------------
-(Param2,1)
19:--------------
-(0,Param0)
20:--------------
-(0,Param1)
21:--------------
-(0,Param2)
22:--------------
-(0,1)
23:--------------
-(1,Param0)
24:--------------
-(1,Param1)
25:--------------
-(1,Param2)
0:--------------
Param0
Param0
Param0
1:--------------
Param0
Param0
Param1
2:--------------
Param0
Param0
Param2
3:--------------
Param0
Param0
0
4:--------------
Param0
Param0
1
5:--------------
Param0
Param1
Param0
6:--------------
Param0
Param1
Param1
7:--------------
Param0
Param1
Param2
8:--------------
Param0
Param1
0
9:--------------
Param0
Param1
1
10:--------------
Param0
Param2
Param0
11:--------------
Param0
Param2
Param1
12:--------------
Param0
Param2
Param2
13:--------------
Param0
Param2
0
14:--------------
Param0
Param2
1
15:--------------
Param0
0
Param0
16:--------------
Param0
0
Param1
17:--------------
Param0
0
Param2
18:--------------
Param0
0
0
19:--------------
Param0
0
1
20:--------------
Param0
1
Param0
21:--------------
Param0
1
Param1
22:--------------
Param0
1
Param2
23:--------------
Param0
1
0
24:--------------
Param0
1
1
25:--------------
Param1
Param0
Param0
26:--------------
Param1
Param0
Param1
27:--------------
Param1
Param0
Param2
28:--------------
Param1
Param0
0
29:--------------
Param1
Param0
1
30:--------------
Param1
Param1
Param0
31:--------------
Param1
Param1
Param1
32:--------------
Param1
Param1
Param2
33:--------------
Param1
Param1
0
34:--------------
Param1
Param1
1
35:--------------
Param1
Param2
Param0
36:--------------
Param1
Param2
Param1
37:--------------
Param1
Param2
Param2
38:--------------
Param1
Param2
0
39:--------------
Param1
Param2
1
40:--------------
Param1
0
Param0
41:--------------
Param1
0
Param1
42:--------------
Param1
0
Param2
43:--------------
Param1
0
0
44:--------------
Param1
0
1
45:--------------
Param1
1
Param0
46:--------------
Param1
1
Param1
47:--------------
Param1
1
Param2
48:--------------
Param1
1
0
49:--------------
Param1
1
1
50:--------------
Param2
Param0
Param0
51:--------------
Param2
Param0
Param1
52:--------------
Param2
Param0
Param2
53:--------------
Param2
Param0
0
54:--------------
Param2
Param0
1
55:--------------
Param2
Param1
Param0
56:--------------
Param2
Param1
Param1
57:--------------
Param2
Param1
Param2
58:--------------
Param2
Param1
0
59:--------------
Param2
Param1
1
60:--------------
Param2
Param2
Param0
61:--------------
Param2
Param2
Param1
62:--------------
Param2
Param2
Param2
63:--------------
Param2
Param2
0
64:--------------
Param2
Param2
1
65:--------------
Param2
0
Param0
66:--------------
Param2
0
Param1
67:--------------
Param2
0
Param2
68:--------------
Param2
0
0
69:--------------
Param2
0
1
70:--------------
Param2
1
Param0
71:--------------
Param2
1
Param1
72:--------------
Param2
1
Param2
73:--------------
Param2
1
0
74:--------------
Param2
1
1
75:--------------
0
Param0
Param0
76:--------------
0
Param0
Param1
77:--------------
0
Param0
Param2
78:--------------
0
Param0
0
79:--------------
0
Param0
1
80:--------------
0
Param1
Param0
81:--------------
0
Param1
Param1
82:--------------
0
Param1
Param2
83:--------------
0
Param1
0
84:--------------
0
Param1
1
85:--------------
0
Param2
Param0
86:--------------
0
Param2
Param1
87:--------------
0
Param2
Param2
88:--------------
0
Param2
0
89:--------------
0
Param2
1
90:--------------
0
0
Param0
91:--------------
0
0
Param1
92:--------------
0
0
Param2
93:--------------
0
0
0
94:--------------
0
0
1
95:--------------
0
1
Param0
96:--------------
0
1
Param1
97:--------------
0
1
Param2
98:--------------
0
1
0
99:--------------
0
1
1
100:--------------
1
Param0
Param0
101:--------------
1
Param0
Param1
102:--------------
1
Param0
Param2
103:--------------
1
Param0
0
104:--------------
1
Param0
1
105:--------------
1
Param1
Param0
106:--------------
1
Param1
Param1
107:--------------
1
Param1
Param2
108:--------------
1
Param1
0
109:--------------
1
Param1
1
110:--------------
1
Param2
Param0
111:--------------
1
Param2
Param1
112:--------------
1
Param2
Param2
113:--------------
1
Param2
0
114:--------------
1
Param2
1
115:--------------
1
0
Param0
116:--------------
1
0
Param1
117:--------------
1
0
Param2
118:--------------
1
0
0
119:--------------
1
0
1
120:--------------
1
1
Param0
121:--------------
1
1
Param1
122:--------------
1
1
Param2
123:--------------
1
1
0
124:--------------
1
1
1
0:--------------
Param0
Param0
Param0
1:--------------
Param0
Param0
Param1
2:--------------
Param0
Param0
Param2
3:--------------
Param0
Param0
0
4:--------------
Param0
Param0
1
5:--------------
Param0
Param1
Param0
6:--------------
Param0
Param1
Param1
7:--------------
Param0
Param1
Param2
8:--------------
Param0
Param1
0
9:--------------
Param0
Param1
1
10:--------------
Param0
Param2
Param0
11:--------------
Param0
Param2
Param1
12:--------------
Param0
Param2
Param2
13:--------------
Param0
Param2
0
14:--------------
Param0
Param2
1
15:--------------
Param0
0
Param0
16:--------------
Param0
0
Param1
17:--------------
Param0
0
Param2
18:--------------
Param0
0
0
19:--------------
Param0
0
1
20:--------------
Param0
1
Param0
21:--------------
Param0
1
Param1
22:--------------
Param0
1
Param2
23:--------------
Param0
1
0
24:--------------
Param0
1
1
25:--------------
Param1
Param0
Param0
26:--------------
Param1
Param0
Param1
27:--------------
Param1
Param0
Param2
28:--------------
Param1
Param0
0
29:--------------
Param1
Param0
1
30:--------------
Param1
Param1
Param0
31:--------------
Param1
Param1
Param1
32:--------------
Param1
Param1
Param2
33:--------------
Param1
Param1
0
34:--------------
Param1
Param1
1
35:--------------
Param1
Param2
Param0
36:--------------
Param1
Param2
Param1
37:--------------
Param1
Param2
Param2
38:--------------
Param1
Param2
0
39:--------------
Param1
Param2
1
40:--------------
Param1
0
Param0
41:--------------
Param1
0
Param1
42:--------------
Param1
0
Param2
43:--------------
Param1
0
0
44:--------------
Param1
0
1
45:--------------
Param1
1
Param0
46:--------------
Param1
1
Param1
47:--------------
Param1
1
Param2
48:--------------
Param1
1
0
49:--------------
Param1
1
1
50:--------------
Param2
Param0
Param0
51:--------------
Param2
Param0
Param1
52:--------------
Param2
Param0
Param2
53:--------------
Param2
Param0
0
54:--------------
Param2
Param0
1
55:--------------
Param2
Param1
Param0
56:--------------
Param2
Param1
Param1
57:--------------
Param2
Param1
Param2
58:--------------
Param2
Param1
0
59:--------------
Param2
Param1
1
60:--------------
Param2
Param2
Param0
61:--------------
Param2
Param2
Param1
62:--------------
Param2
Param2
Param2
63:--------------
Param2
Param2
0
64:--------------
Param2
Param2
1
65:--------------
Param2
0
Param0
66:--------------
Param2
0
Param1
67:--------------
Param2
0
Param2
68:--------------
Param2
0
0
69:--------------
Param2
0
1
70:--------------
Param2
1
Param0
71:--------------
Param2
1
Param1
72:--------------
Param2
1
Param2
73:--------------
Param2
1
0
74:--------------
Param2
1
1
75:--------------
0
Param0
Param0
76:--------------
0
Param0
Param1
77:--------------
0
Param0
Param2
78:--------------
0
Param0
0
79:--------------
0
Param0
1
80:--------------
0
Param1
Param0
81:--------------
0
Param1
Param1
82:--------------
0
Param1
Param2
83:--------------
0
Param1
0
84:--------------
0
Param1
1
85:--------------
0
Param2
Param0
86:--------------
0
Param2
Param1
87:--------------
0
Param2
Param2
88:--------------
0
Param2
0
89:--------------
0
Param2
1
90:--------------
0
0
Param0
91:--------------
0
0
Param1
92:--------------
0
0
Param2
93:--------------
0
0
0
94:--------------
0
0
1
95:--------------
0
1
Param0
96:--------------
0
1
Param1
97:--------------
0
1
Param2
98:--------------
0
1
0
99:--------------
0
1
1
100:--------------
1
Param0
Param0
101:--------------
1
Param0
Param1
102:--------------
1
Param0
Param2
103:--------------
1
Param0
0
104:--------------
1
Param0
1
105:--------------
1
Param1
Param0
106:--------------
1
Param1
Param1
107:--------------
1
Param1
Param2
108:--------------
1
Param1
0
109:--------------
1
Param1
1
110:--------------
1
Param2
Param0
111:--------------
1
Param2
Param1
112:--------------
1
Param2
Param2
113:--------------
1
Param2
0
114:--------------
1
Param2
1
115:--------------
1
0
Param0
116:--------------
1
0
Param1
117:--------------
1
0
Param2
118:--------------
1
0
0
119:--------------
1
0
1
120:--------------
1
1
Param0
121:--------------
1
1
Param1
122:--------------
1
1
Param2
123:--------------
1
1
0
124:--------------
1
1
1
0:--------------
+(Param0,+(Param0,Param0))
1:--------------
+(Param0,+(Param0,Param1))
2:--------------
+(Param0,+(Param0,Param2))
3:--------------
+(Param0,+(Param0,1))
4:--------------
+(Param0,+(Param1,Param1))
5:--------------
+(Param0,+(Param1,Param2))
6:--------------
+(Param0,+(Param1,1))
7:--------------
+(Param0,+(Param2,Param2))
8:--------------
+(Param0,+(Param2,1))
9:--------------
+(Param0,+(1,1))
10:--------------
+(Param0,-(Param0,Param1))
11:--------------
+(Param0,-(Param0,Param2))
12:--------------
+(Param0,-(Param0,1))
13:--------------
+(Param0,-(Param1,Param2))
14:--------------
+(Param0,-(Param1,1))
15:--------------
+(Param0,-(Param2,Param1))
16:--------------
+(Param0,-(Param2,1))
17:--------------
+(Param0,-(1,Param1))
18:--------------
+(Param0,-(1,Param2))
19:--------------
+(Param1,+(Param1,Param1))
20:--------------
+(Param1,+(Param1,Param2))
21:--------------
+(Param1,+(Param1,1))
22:--------------
+(Param1,+(Param2,Param2))
23:--------------
+(Param1,+(Param2,1))
24:--------------
+(Param1,+(1,1))
25:--------------
+(Param1,-(Param1,Param0))
26:--------------
+(Param1,-(Param1,Param2))
27:--------------
+(Param1,-(Param1,1))
28:--------------
+(Param1,-(Param2,Param0))
29:--------------
+(Param1,-(Param2,1))
30:--------------
+(Param1,-(1,Param0))
31:--------------
+(Param1,-(1,Param2))
32:--------------
+(Param2,+(Param2,Param2))
33:--------------
+(Param2,+(Param2,1))
34:--------------
+(Param2,+(1,1))
35:--------------
+(Param2,-(Param2,Param0))
36:--------------
+(Param2,-(Param2,Param1))
37:--------------
+(Param2,-(Param2,1))
38:--------------
+(Param2,-(1,Param0))
39:--------------
+(Param2,-(1,Param1))
40:--------------
+(1,+(1,1))
41:--------------
+(1,-(1,Param0))
42:--------------
+(1,-(1,Param1))
43:--------------
+(1,-(1,Param2))
44:--------------
-(Param0,+(Param1,Param1))
45:--------------
-(Param0,+(Param1,Param2))
46:--------------
-(Param0,+(Param1,1))
47:--------------
-(Param0,+(Param2,Param2))
48:--------------
-(Param0,+(Param2,1))
49:--------------
-(Param0,+(1,1))
50:--------------
-(Param1,+(Param0,Param0))
51:--------------
-(Param1,+(Param0,Param2))
52:--------------
-(Param1,+(Param0,1))
53:--------------
-(Param1,+(Param2,Param2))
54:--------------
-(Param1,+(Param2,1))
55:--------------
-(Param1,+(1,1))
56:--------------
-(Param2,+(Param0,Param0))
57:--------------
-(Param2,+(Param0,Param1))
58:--------------
-(Param2,+(Param0,1))
59:--------------
-(Param2,+(Param1,Param1))
60:--------------
-(Param2,+(Param1,1))
61:--------------
-(Param2,+(1,1))
62:--------------
-(0,+(Param0,Param0))
63:--------------
-(0,+(Param0,Param1))
64:--------------
-(0,+(Param0,Param2))
65:--------------
-(0,+(Param0,1))
66:--------------
-(0,+(Param1,Param1))
67:--------------
-(0,+(Param1,Param2))
68:--------------
-(0,+(Param1,1))
69:--------------
-(0,+(Param2,Param2))
70:--------------
-(0,+(Param2,1))
71:--------------
-(0,+(1,1))
72:--------------
-(1,+(Param0,Param0))
73:--------------
-(1,+(Param0,Param1))
74:--------------
-(1,+(Param0,Param2))
75:--------------
-(1,+(Param1,Param1))
76:--------------
-(1,+(Param1,Param2))
77:--------------
-(1,+(Param2,Param2))
4 {eq1:+(Param0,+(Param1,Param2))}
0.041951
