0:--------------
Param0
0:--------------
Param0
1:--------------
Param1
0:--------------
Param0
1:--------------
Param1
2:--------------
Param2
3:--------------
1
0:--------------
Param0
1:--------------
Param1
2:--------------
Param2
3:--------------
1
0:--------------
Param0
Param0
1:--------------
Param0
Param1
2:--------------
Param0
Param2
3:--------------
Param0
1
4:--------------
Param1
Param0
5:--------------
Param1
Param1
6:--------------
Param1
Param2
7:--------------
Param1
1
8:--------------
Param2
Param0
9:--------------
Param2
Param1
10:--------------
Param2
Param2
11:--------------
Param2
1
12:--------------
1
Param0
13:--------------
1
Param1
14:--------------
1
Param2
15:--------------
1
1
0:--------------
Param0
Param0
1:--------------
Param0
Param1
2:--------------
Param0
Param2
3:--------------
Param0
1
4:--------------
Param1
Param0
5:--------------
Param1
Param1
6:--------------
Param1
Param2
7:--------------
Param1
1
8:--------------
Param2
Param0
9:--------------
Param2
Param1
10:--------------
Param2
Param2
11:--------------
Param2
1
12:--------------
1
Param0
13:--------------
1
Param1
14:--------------
1
Param2
15:--------------
1
1
0:--------------
Param0
Param0
1:--------------
Param0
Param1
2:--------------
Param0
Param2
3:--------------
Param0
1
4:--------------
Param1
Param0
5:--------------
Param1
Param1
6:--------------
Param1
Param2
7:--------------
Param1
1
8:--------------
Param2
Param0
9:--------------
Param2
Param1
10:--------------
Param2
Param2
11:--------------
Param2
1
12:--------------
1
Param0
13:--------------
1
Param1
14:--------------
1
Param2
15:--------------
1
1
0:--------------
Param0
Param0
1:--------------
Param0
Param1
2:--------------
Param0
Param2
3:--------------
Param0
1
4:--------------
Param1
Param0
5:--------------
Param1
Param1
6:--------------
Param1
Param2
7:--------------
Param1
1
8:--------------
Param2
Param0
9:--------------
Param2
Param1
10:--------------
Param2
Param2
11:--------------
Param2
1
12:--------------
1
Param0
13:--------------
1
Param1
14:--------------
1
Param2
15:--------------
1
1
0:--------------
Param0
Param0
1:--------------
Param0
Param1
2:--------------
Param0
Param2
3:--------------
Param0
1
4:--------------
Param1
Param0
5:--------------
Param1
Param1
6:--------------
Param1
Param2
7:--------------
Param1
1
8:--------------
Param2
Param0
9:--------------
Param2
Param1
10:--------------
Param2
Param2
11:--------------
Param2
1
12:--------------
1
Param0
13:--------------
1
Param1
14:--------------
1
Param2
15:--------------
1
1
0:--------------
+(Param0,Param0)
1:--------------
+(Param0,Param1)
2:--------------
+(Param0,1)
3:--------------
+(Param1,Param1)
4:--------------
+(Param1,1)
5:--------------
+(1,1)
6:--------------
-(Param0,Param1)
7:--------------
-(Param0,1)
8:--------------
-(Param1,Param0)
9:--------------
-(Param1,1)
10:--------------
-(Param2,Param0)
11:--------------
-(Param2,Param1)
12:--------------
-(Param2,1)
13:--------------
-(1,Param0)
14:--------------
-(1,Param1)
0:--------------
Param0
1:--------------
Param1
2:--------------
Param2
3:--------------
0
4:--------------
1
0:--------------
Param0
Param0
1:--------------
Param0
Param1
2:--------------
Param0
Param2
3:--------------
Param0
0
4:--------------
Param0
1
5:--------------
Param1
Param0
6:--------------
Param1
Param1
7:--------------
Param1
Param2
8:--------------
Param1
0
9:--------------
Param1
1
10:--------------
Param2
Param0
11:--------------
Param2
Param1
12:--------------
Param2
Param2
13:--------------
Param2
0
14:--------------
Param2
1
15:--------------
0
Param0
16:--------------
0
Param1
17:--------------
0
Param2
18:--------------
0
0
19:--------------
0
1
20:--------------
1
Param0
21:--------------
1
Param1
22:--------------
1
Param2
23:--------------
1
0
24:--------------
1
1
0:--------------
Param0
Param0
1:--------------
Param0
Param1
2:--------------
Param0
Param2
3:--------------
Param0
0
4:--------------
Param0
1
5:--------------
Param1
Param0
6:--------------
Param1
Param1
7:--------------
Param1
Param2
8:--------------
Param1
0
9:--------------
Param1
1
10:--------------
Param2
Param0
11:--------------
Param2
Param1
12:--------------
Param2
Param2
13:--------------
Param2
0
14:--------------
Param2
1
15:--------------
0
Param0
16:--------------
0
Param1
17:--------------
0
Param2
18:--------------
0
0
19:--------------
0
1
20:--------------
1
Param0
21:--------------
1
Param1
22:--------------
1
Param2
23:--------------
1
0
24:--------------
1
1
0:--------------
Param0
Param0
1:--------------
Param0
Param1
2:--------------
Param0
Param2
3:--------------
Param0
0
4:--------------
Param0
1
5:--------------
Param1
Param0
6:--------------
Param1
Param1
7:--------------
Param1
Param2
8:--------------
Param1
0
9:--------------
Param1
1
10:--------------
Param2
Param0
11:--------------
Param2
Param1
12:--------------
Param2
Param2
13:--------------
Param2
0
14:--------------
Param2
1
15:--------------
0
Param0
16:--------------
0
Param1
17:--------------
0
Param2
18:--------------
0
0
19:--------------
0
1
20:--------------
1
Param0
21:--------------
1
Param1
22:--------------
1
Param2
23:--------------
1
0
24:--------------
1
1
0:--------------
Param0
Param0
1:--------------
Param0
Param1
2:--------------
Param0
Param2
3:--------------
Param0
0
4:--------------
Param0
1
5:--------------
Param1
Param0
6:--------------
Param1
Param1
7:--------------
Param1
Param2
8:--------------
Param1
0
9:--------------
Param1
1
10:--------------
Param2
Param0
11:--------------
Param2
Param1
12:--------------
Param2
Param2
13:--------------
Param2
0
14:--------------
Param2
1
15:--------------
0
Param0
16:--------------
0
Param1
17:--------------
0
Param2
18:--------------
0
0
19:--------------
0
1
20:--------------
1
Param0
21:--------------
1
Param1
22:--------------
1
Param2
23:--------------
1
0
24:--------------
1
1
0:--------------
Param0
Param0
1:--------------
Param0
Param1
2:--------------
Param0
Param2
3:--------------
Param0
0
4:--------------
Param0
1
5:--------------
Param1
Param0
6:--------------
Param1
Param1
7:--------------
Param1
Param2
8:--------------
Param1
0
9:--------------
Param1
1
10:--------------
Param2
Param0
11:--------------
Param2
Param1
12:--------------
Param2
Param2
13:--------------
Param2
0
14:--------------
Param2
1
15:--------------
0
Param0
16:--------------
0
Param1
17:--------------
0
Param2
18:--------------
0
0
19:--------------
0
1
20:--------------
1
Param0
21:--------------
1
Param1
22:--------------
1
Param2
23:--------------
1
0
24:--------------
1
1
0:--------------
+(Param0,Param0)
1:--------------
+(Param0,Param1)
2:--------------
+(Param0,Param2)
3:--------------
+(Param0,1)
4:--------------
+(Param1,Param1)
5:--------------
+(Param1,Param2)
6:--------------
+(Param1,1)
7:--------------
+(Param2,Param2)
8:--------------
+(Param2,1)
9:--------------
+(1,1)
10:--------------
-(Param0,Param1)
11:--------------
-(Param0,Param2)
12:--------------
-(Param0,1)
13:--------------
-(Param1,Param0)
14:--------------
-(Param1,Param2)
15:--------------
-(Param1,1)
16:--------------
-(Param2,Param0)
17:--------------
-(Param2,Param1)
18:--------------
-(Param2,1)
19:--------------
-(0,Param0)
20:--------------
-(0,Param1)
21:--------------
-(0,Param2)
22:--------------
-(0,1)
23:--------------
-(1,Param0)
24:--------------
-(1,Param1)
25:--------------
-(1,Param2)
0:--------------
<(Param0,Param0)
1:--------------
<(Param0,Param1)
2:--------------
<(Param0,Param2)
3:--------------
<(Param0,1)
4:--------------
<(Param1,Param0)
5:--------------
<(Param1,1)
6:--------------
<(Param2,1)
7:--------------
<(0,1)
8:--------------
<(1,Param0)
9:--------------
=(Param0,1)
10:--------------
<=(Param0,1)
0:--------------
Param0
+(Param0,Param0)
1:--------------
Param0
+(Param0,Param1)
2:--------------
Param0
+(Param0,Param2)
3:--------------
Param0
+(Param0,1)
4:--------------
Param0
+(Param1,Param1)
5:--------------
Param0
+(Param1,Param2)
6:--------------
Param0
+(Param1,1)
7:--------------
Param0
+(Param2,Param2)
8:--------------
Param0
+(Param2,1)
9:--------------
Param0
+(1,1)
10:--------------
Param0
-(Param0,Param1)
11:--------------
Param0
-(Param0,Param2)
12:--------------
Param0
-(Param0,1)
13:--------------
Param0
-(Param1,Param0)
14:--------------
Param0
-(Param1,Param2)
15:--------------
Param0
-(Param1,1)
16:--------------
Param0
-(Param2,Param0)
17:--------------
Param0
-(Param2,Param1)
18:--------------
Param0
-(Param2,1)
19:--------------
Param0
-(0,Param0)
20:--------------
Param0
-(0,Param1)
21:--------------
Param0
-(0,Param2)
22:--------------
Param0
-(0,1)
23:--------------
Param0
-(1,Param0)
24:--------------
Param0
-(1,Param1)
25:--------------
Param0
-(1,Param2)
26:--------------
Param1
+(Param0,Param0)
27:--------------
Param1
+(Param0,Param1)
28:--------------
Param1
+(Param0,Param2)
29:--------------
Param1
+(Param0,1)
30:--------------
Param1
+(Param1,Param1)
31:--------------
Param1
+(Param1,Param2)
32:--------------
Param1
+(Param1,1)
33:--------------
Param1
+(Param2,Param2)
34:--------------
Param1
+(Param2,1)
35:--------------
Param1
+(1,1)
36:--------------
Param1
-(Param0,Param1)
37:--------------
Param1
-(Param0,Param2)
38:--------------
Param1
-(Param0,1)
39:--------------
Param1
-(Param1,Param0)
40:--------------
Param1
-(Param1,Param2)
41:--------------
Param1
-(Param1,1)
42:--------------
Param1
-(Param2,Param0)
43:--------------
Param1
-(Param2,Param1)
44:--------------
Param1
-(Param2,1)
45:--------------
Param1
-(0,Param0)
46:--------------
Param1
-(0,Param1)
47:--------------
Param1
-(0,Param2)
48:--------------
Param1
-(0,1)
49:--------------
Param1
-(1,Param0)
50:--------------
Param1
-(1,Param1)
51:--------------
Param1
-(1,Param2)
52:--------------
Param2
+(Param0,Param0)
53:--------------
Param2
+(Param0,Param1)
54:--------------
Param2
+(Param0,Param2)
55:--------------
Param2
+(Param0,1)
56:--------------
Param2
+(Param1,Param1)
57:--------------
Param2
+(Param1,Param2)
58:--------------
Param2
+(Param1,1)
59:--------------
Param2
+(Param2,Param2)
60:--------------
Param2
+(Param2,1)
61:--------------
Param2
+(1,1)
62:--------------
Param2
-(Param0,Param1)
63:--------------
Param2
-(Param0,Param2)
64:--------------
Param2
-(Param0,1)
65:--------------
Param2
-(Param1,Param0)
66:--------------
Param2
-(Param1,Param2)
67:--------------
Param2
-(Param1,1)
68:--------------
Param2
-(Param2,Param0)
69:--------------
Param2
-(Param2,Param1)
70:--------------
Param2
-(Param2,1)
71:--------------
Param2
-(0,Param0)
72:--------------
Param2
-(0,Param1)
73:--------------
Param2
-(0,Param2)
74:--------------
Param2
-(0,1)
75:--------------
Param2
-(1,Param0)
76:--------------
Param2
-(1,Param1)
77:--------------
Param2
-(1,Param2)
78:--------------
0
+(Param0,Param0)
79:--------------
0
+(Param0,Param1)
80:--------------
0
+(Param0,Param2)
81:--------------
0
+(Param0,1)
82:--------------
0
+(Param1,Param1)
83:--------------
0
+(Param1,Param2)
84:--------------
0
+(Param1,1)
85:--------------
0
+(Param2,Param2)
86:--------------
0
+(Param2,1)
87:--------------
0
+(1,1)
88:--------------
0
-(Param0,Param1)
89:--------------
0
-(Param0,Param2)
90:--------------
0
-(Param0,1)
91:--------------
0
-(Param1,Param0)
92:--------------
0
-(Param1,Param2)
93:--------------
0
-(Param1,1)
94:--------------
0
-(Param2,Param0)
95:--------------
0
-(Param2,Param1)
96:--------------
0
-(Param2,1)
97:--------------
0
-(0,Param0)
98:--------------
0
-(0,Param1)
99:--------------
0
-(0,Param2)
100:--------------
0
-(0,1)
101:--------------
0
-(1,Param0)
102:--------------
0
-(1,Param1)
103:--------------
0
-(1,Param2)
104:--------------
1
+(Param0,Param0)
105:--------------
1
+(Param0,Param1)
106:--------------
1
+(Param0,Param2)
107:--------------
1
+(Param0,1)
108:--------------
1
+(Param1,Param1)
109:--------------
1
+(Param1,Param2)
110:--------------
1
+(Param1,1)
111:--------------
1
+(Param2,Param2)
112:--------------
1
+(Param2,1)
113:--------------
1
+(1,1)
114:--------------
1
-(Param0,Param1)
115:--------------
1
-(Param0,Param2)
116:--------------
1
-(Param0,1)
117:--------------
1
-(Param1,Param0)
118:--------------
1
-(Param1,Param2)
119:--------------
1
-(Param1,1)
120:--------------
1
-(Param2,Param0)
121:--------------
1
-(Param2,Param1)
122:--------------
1
-(Param2,1)
123:--------------
1
-(0,Param0)
124:--------------
1
-(0,Param1)
125:--------------
1
-(0,Param2)
126:--------------
1
-(0,1)
127:--------------
1
-(1,Param0)
128:--------------
1
-(1,Param1)
129:--------------
1
-(1,Param2)
130:--------------
+(Param0,Param0)
Param0
131:--------------
+(Param0,Param0)
Param1
132:--------------
+(Param0,Param0)
Param2
133:--------------
+(Param0,Param0)
0
134:--------------
+(Param0,Param0)
1
135:--------------
+(Param0,Param1)
Param0
136:--------------
+(Param0,Param1)
Param1
137:--------------
+(Param0,Param1)
Param2
138:--------------
+(Param0,Param1)
0
139:--------------
+(Param0,Param1)
1
140:--------------
+(Param0,Param2)
Param0
141:--------------
+(Param0,Param2)
Param1
142:--------------
+(Param0,Param2)
Param2
143:--------------
+(Param0,Param2)
0
144:--------------
+(Param0,Param2)
1
145:--------------
+(Param0,1)
Param0
146:--------------
+(Param0,1)
Param1
147:--------------
+(Param0,1)
Param2
148:--------------
+(Param0,1)
0
149:--------------
+(Param0,1)
1
150:--------------
+(Param1,Param1)
Param0
151:--------------
+(Param1,Param1)
Param1
152:--------------
+(Param1,Param1)
Param2
153:--------------
+(Param1,Param1)
0
154:--------------
+(Param1,Param1)
1
155:--------------
+(Param1,Param2)
Param0
156:--------------
+(Param1,Param2)
Param1
157:--------------
+(Param1,Param2)
Param2
158:--------------
+(Param1,Param2)
0
159:--------------
+(Param1,Param2)
1
160:--------------
+(Param1,1)
Param0
161:--------------
+(Param1,1)
Param1
162:--------------
+(Param1,1)
Param2
163:--------------
+(Param1,1)
0
164:--------------
+(Param1,1)
1
165:--------------
+(Param2,Param2)
Param0
166:--------------
+(Param2,Param2)
Param1
167:--------------
+(Param2,Param2)
Param2
168:--------------
+(Param2,Param2)
0
169:--------------
+(Param2,Param2)
1
170:--------------
+(Param2,1)
Param0
171:--------------
+(Param2,1)
Param1
172:--------------
+(Param2,1)
Param2
173:--------------
+(Param2,1)
0
174:--------------
+(Param2,1)
1
175:--------------
+(1,1)
Param0
176:--------------
+(1,1)
Param1
177:--------------
+(1,1)
Param2
178:--------------
+(1,1)
0
179:--------------
+(1,1)
1
180:--------------
-(Param0,Param1)
Param0
181:--------------
-(Param0,Param1)
Param1
182:--------------
-(Param0,Param1)
Param2
183:--------------
-(Param0,Param1)
0
184:--------------
-(Param0,Param1)
1
185:--------------
-(Param0,Param2)
Param0
186:--------------
-(Param0,Param2)
Param1
187:--------------
-(Param0,Param2)
Param2
188:--------------
-(Param0,Param2)
0
189:--------------
-(Param0,Param2)
1
190:--------------
-(Param0,1)
Param0
191:--------------
-(Param0,1)
Param1
192:--------------
-(Param0,1)
Param2
193:--------------
-(Param0,1)
0
194:--------------
-(Param0,1)
1
195:--------------
-(Param1,Param0)
Param0
196:--------------
-(Param1,Param0)
Param1
197:--------------
-(Param1,Param0)
Param2
198:--------------
-(Param1,Param0)
0
199:--------------
-(Param1,Param0)
1
200:--------------
-(Param1,Param2)
Param0
201:--------------
-(Param1,Param2)
Param1
202:--------------
-(Param1,Param2)
Param2
203:--------------
-(Param1,Param2)
0
204:--------------
-(Param1,Param2)
1
205:--------------
-(Param1,1)
Param0
206:--------------
-(Param1,1)
Param1
207:--------------
-(Param1,1)
Param2
208:--------------
-(Param1,1)
0
209:--------------
-(Param1,1)
1
210:--------------
-(Param2,Param0)
Param0
211:--------------
-(Param2,Param0)
Param1
212:--------------
-(Param2,Param0)
Param2
213:--------------
-(Param2,Param0)
0
214:--------------
-(Param2,Param0)
1
215:--------------
-(Param2,Param1)
Param0
216:--------------
-(Param2,Param1)
Param1
217:--------------
-(Param2,Param1)
Param2
218:--------------
-(Param2,Param1)
0
219:--------------
-(Param2,Param1)
1
220:--------------
-(Param2,1)
Param0
221:--------------
-(Param2,1)
Param1
222:--------------
-(Param2,1)
Param2
223:--------------
-(Param2,1)
0
224:--------------
-(Param2,1)
1
225:--------------
-(0,Param0)
Param0
226:--------------
-(0,Param0)
Param1
227:--------------
-(0,Param0)
Param2
228:--------------
-(0,Param0)
0
229:--------------
-(0,Param0)
1
230:--------------
-(0,Param1)
Param0
231:--------------
-(0,Param1)
Param1
232:--------------
-(0,Param1)
Param2
233:--------------
-(0,Param1)
0
234:--------------
-(0,Param1)
1
235:--------------
-(0,Param2)
Param0
236:--------------
-(0,Param2)
Param1
237:--------------
-(0,Param2)
Param2
238:--------------
-(0,Param2)
0
239:--------------
-(0,Param2)
1
240:--------------
-(0,1)
Param0
241:--------------
-(0,1)
Param1
242:--------------
-(0,1)
Param2
243:--------------
-(0,1)
0
244:--------------
-(0,1)
1
245:--------------
-(1,Param0)
Param0
246:--------------
-(1,Param0)
Param1
247:--------------
-(1,Param0)
Param2
248:--------------
-(1,Param0)
0
249:--------------
-(1,Param0)
1
250:--------------
-(1,Param1)
Param0
251:--------------
-(1,Param1)
Param1
252:--------------
-(1,Param1)
Param2
253:--------------
-(1,Param1)
0
254:--------------
-(1,Param1)
1
255:--------------
-(1,Param2)
Param0
256:--------------
-(1,Param2)
Param1
257:--------------
-(1,Param2)
Param2
258:--------------
-(1,Param2)
0
259:--------------
-(1,Param2)
1
0:--------------
Param0
+(Param0,Param0)
1:--------------
Param0
+(Param0,Param1)
2:--------------
Param0
+(Param0,Param2)
3:--------------
Param0
+(Param0,1)
4:--------------
Param0
+(Param1,Param1)
5:--------------
Param0
+(Param1,Param2)
6:--------------
Param0
+(Param1,1)
7:--------------
Param0
+(Param2,Param2)
8:--------------
Param0
+(Param2,1)
9:--------------
Param0
+(1,1)
10:--------------
Param0
-(Param0,Param1)
11:--------------
Param0
-(Param0,Param2)
12:--------------
Param0
-(Param0,1)
13:--------------
Param0
-(Param1,Param0)
14:--------------
Param0
-(Param1,Param2)
15:--------------
Param0
-(Param1,1)
16:--------------
Param0
-(Param2,Param0)
17:--------------
Param0
-(Param2,Param1)
18:--------------
Param0
-(Param2,1)
19:--------------
Param0
-(0,Param0)
20:--------------
Param0
-(0,Param1)
21:--------------
Param0
-(0,Param2)
22:--------------
Param0
-(0,1)
23:--------------
Param0
-(1,Param0)
24:--------------
Param0
-(1,Param1)
25:--------------
Param0
-(1,Param2)
26:--------------
Param1
+(Param0,Param0)
27:--------------
Param1
+(Param0,Param1)
28:--------------
Param1
+(Param0,Param2)
29:--------------
Param1
+(Param0,1)
30:--------------
Param1
+(Param1,Param1)
31:--------------
Param1
+(Param1,Param2)
32:--------------
Param1
+(Param1,1)
33:--------------
Param1
+(Param2,Param2)
34:--------------
Param1
+(Param2,1)
35:--------------
Param1
+(1,1)
36:--------------
Param1
-(Param0,Param1)
37:--------------
Param1
-(Param0,Param2)
38:--------------
Param1
-(Param0,1)
39:--------------
Param1
-(Param1,Param0)
40:--------------
Param1
-(Param1,Param2)
41:--------------
Param1
-(Param1,1)
42:--------------
Param1
-(Param2,Param0)
43:--------------
Param1
-(Param2,Param1)
44:--------------
Param1
-(Param2,1)
45:--------------
Param1
-(0,Param0)
46:--------------
Param1
-(0,Param1)
47:--------------
Param1
-(0,Param2)
48:--------------
Param1
-(0,1)
49:--------------
Param1
-(1,Param0)
50:--------------
Param1
-(1,Param1)
51:--------------
Param1
-(1,Param2)
52:--------------
Param2
+(Param0,Param0)
53:--------------
Param2
+(Param0,Param1)
54:--------------
Param2
+(Param0,Param2)
55:--------------
Param2
+(Param0,1)
56:--------------
Param2
+(Param1,Param1)
57:--------------
Param2
+(Param1,Param2)
58:--------------
Param2
+(Param1,1)
59:--------------
Param2
+(Param2,Param2)
60:--------------
Param2
+(Param2,1)
61:--------------
Param2
+(1,1)
62:--------------
Param2
-(Param0,Param1)
63:--------------
Param2
-(Param0,Param2)
64:--------------
Param2
-(Param0,1)
65:--------------
Param2
-(Param1,Param0)
66:--------------
Param2
-(Param1,Param2)
67:--------------
Param2
-(Param1,1)
68:--------------
Param2
-(Param2,Param0)
69:--------------
Param2
-(Param2,Param1)
70:--------------
Param2
-(Param2,1)
71:--------------
Param2
-(0,Param0)
72:--------------
Param2
-(0,Param1)
73:--------------
Param2
-(0,Param2)
74:--------------
Param2
-(0,1)
75:--------------
Param2
-(1,Param0)
76:--------------
Param2
-(1,Param1)
77:--------------
Param2
-(1,Param2)
78:--------------
0
+(Param0,Param0)
79:--------------
0
+(Param0,Param1)
80:--------------
0
+(Param0,Param2)
81:--------------
0
+(Param0,1)
82:--------------
0
+(Param1,Param1)
83:--------------
0
+(Param1,Param2)
84:--------------
0
+(Param1,1)
85:--------------
0
+(Param2,Param2)
86:--------------
0
+(Param2,1)
87:--------------
0
+(1,1)
88:--------------
0
-(Param0,Param1)
89:--------------
0
-(Param0,Param2)
90:--------------
0
-(Param0,1)
91:--------------
0
-(Param1,Param0)
92:--------------
0
-(Param1,Param2)
93:--------------
0
-(Param1,1)
94:--------------
0
-(Param2,Param0)
95:--------------
0
-(Param2,Param1)
96:--------------
0
-(Param2,1)
97:--------------
0
-(0,Param0)
98:--------------
0
-(0,Param1)
99:--------------
0
-(0,Param2)
100:--------------
0
-(0,1)
101:--------------
0
-(1,Param0)
102:--------------
0
-(1,Param1)
103:--------------
0
-(1,Param2)
104:--------------
1
+(Param0,Param0)
105:--------------
1
+(Param0,Param1)
106:--------------
1
+(Param0,Param2)
107:--------------
1
+(Param0,1)
108:--------------
1
+(Param1,Param1)
109:--------------
1
+(Param1,Param2)
110:--------------
1
+(Param1,1)
111:--------------
1
+(Param2,Param2)
112:--------------
1
+(Param2,1)
113:--------------
1
+(1,1)
114:--------------
1
-(Param0,Param1)
115:--------------
1
-(Param0,Param2)
116:--------------
1
-(Param0,1)
117:--------------
1
-(Param1,Param0)
118:--------------
1
-(Param1,Param2)
119:--------------
1
-(Param1,1)
120:--------------
1
-(Param2,Param0)
121:--------------
1
-(Param2,Param1)
122:--------------
1
-(Param2,1)
123:--------------
1
-(0,Param0)
124:--------------
1
-(0,Param1)
125:--------------
1
-(0,Param2)
126:--------------
1
-(0,1)
127:--------------
1
-(1,Param0)
128:--------------
1
-(1,Param1)
129:--------------
1
-(1,Param2)
130:--------------
+(Param0,Param0)
Param0
131:--------------
+(Param0,Param0)
Param1
132:--------------
+(Param0,Param0)
Param2
133:--------------
+(Param0,Param0)
0
134:--------------
+(Param0,Param0)
1
135:--------------
+(Param0,Param1)
Param0
136:--------------
+(Param0,Param1)
Param1
137:--------------
+(Param0,Param1)
Param2
138:--------------
+(Param0,Param1)
0
139:--------------
+(Param0,Param1)
1
140:--------------
+(Param0,Param2)
Param0
141:--------------
+(Param0,Param2)
Param1
142:--------------
+(Param0,Param2)
Param2
143:--------------
+(Param0,Param2)
0
144:--------------
+(Param0,Param2)
1
145:--------------
+(Param0,1)
Param0
146:--------------
+(Param0,1)
Param1
147:--------------
+(Param0,1)
Param2
148:--------------
+(Param0,1)
0
149:--------------
+(Param0,1)
1
150:--------------
+(Param1,Param1)
Param0
151:--------------
+(Param1,Param1)
Param1
152:--------------
+(Param1,Param1)
Param2
153:--------------
+(Param1,Param1)
0
154:--------------
+(Param1,Param1)
1
155:--------------
+(Param1,Param2)
Param0
156:--------------
+(Param1,Param2)
Param1
157:--------------
+(Param1,Param2)
Param2
158:--------------
+(Param1,Param2)
0
159:--------------
+(Param1,Param2)
1
160:--------------
+(Param1,1)
Param0
161:--------------
+(Param1,1)
Param1
162:--------------
+(Param1,1)
Param2
163:--------------
+(Param1,1)
0
164:--------------
+(Param1,1)
1
165:--------------
+(Param2,Param2)
Param0
166:--------------
+(Param2,Param2)
Param1
167:--------------
+(Param2,Param2)
Param2
168:--------------
+(Param2,Param2)
0
169:--------------
+(Param2,Param2)
1
170:--------------
+(Param2,1)
Param0
171:--------------
+(Param2,1)
Param1
172:--------------
+(Param2,1)
Param2
173:--------------
+(Param2,1)
0
174:--------------
+(Param2,1)
1
175:--------------
+(1,1)
Param0
176:--------------
+(1,1)
Param1
177:--------------
+(1,1)
Param2
178:--------------
+(1,1)
0
179:--------------
+(1,1)
1
180:--------------
-(Param0,Param1)
Param0
181:--------------
-(Param0,Param1)
Param1
182:--------------
-(Param0,Param1)
Param2
183:--------------
-(Param0,Param1)
0
184:--------------
-(Param0,Param1)
1
185:--------------
-(Param0,Param2)
Param0
186:--------------
-(Param0,Param2)
Param1
187:--------------
-(Param0,Param2)
Param2
188:--------------
-(Param0,Param2)
0
189:--------------
-(Param0,Param2)
1
190:--------------
-(Param0,1)
Param0
191:--------------
-(Param0,1)
Param1
192:--------------
-(Param0,1)
Param2
193:--------------
-(Param0,1)
0
194:--------------
-(Param0,1)
1
195:--------------
-(Param1,Param0)
Param0
196:--------------
-(Param1,Param0)
Param1
197:--------------
-(Param1,Param0)
Param2
198:--------------
-(Param1,Param0)
0
199:--------------
-(Param1,Param0)
1
200:--------------
-(Param1,Param2)
Param0
201:--------------
-(Param1,Param2)
Param1
202:--------------
-(Param1,Param2)
Param2
203:--------------
-(Param1,Param2)
0
204:--------------
-(Param1,Param2)
1
205:--------------
-(Param1,1)
Param0
206:--------------
-(Param1,1)
Param1
207:--------------
-(Param1,1)
Param2
208:--------------
-(Param1,1)
0
209:--------------
-(Param1,1)
1
210:--------------
-(Param2,Param0)
Param0
211:--------------
-(Param2,Param0)
Param1
212:--------------
-(Param2,Param0)
Param2
213:--------------
-(Param2,Param0)
0
214:--------------
-(Param2,Param0)
1
215:--------------
-(Param2,Param1)
Param0
216:--------------
-(Param2,Param1)
Param1
217:--------------
-(Param2,Param1)
Param2
218:--------------
-(Param2,Param1)
0
219:--------------
-(Param2,Param1)
1
220:--------------
-(Param2,1)
Param0
221:--------------
-(Param2,1)
Param1
222:--------------
-(Param2,1)
Param2
223:--------------
-(Param2,1)
0
224:--------------
-(Param2,1)
1
225:--------------
-(0,Param0)
Param0
226:--------------
-(0,Param0)
Param1
227:--------------
-(0,Param0)
Param2
228:--------------
-(0,Param0)
0
229:--------------
-(0,Param0)
1
230:--------------
-(0,Param1)
Param0
231:--------------
-(0,Param1)
Param1
232:--------------
-(0,Param1)
Param2
233:--------------
-(0,Param1)
0
234:--------------
-(0,Param1)
1
235:--------------
-(0,Param2)
Param0
236:--------------
-(0,Param2)
Param1
237:--------------
-(0,Param2)
Param2
238:--------------
-(0,Param2)
0
239:--------------
-(0,Param2)
1
240:--------------
-(0,1)
Param0
241:--------------
-(0,1)
Param1
242:--------------
-(0,1)
Param2
243:--------------
-(0,1)
0
244:--------------
-(0,1)
1
245:--------------
-(1,Param0)
Param0
246:--------------
-(1,Param0)
Param1
247:--------------
-(1,Param0)
Param2
248:--------------
-(1,Param0)
0
249:--------------
-(1,Param0)
1
250:--------------
-(1,Param1)
Param0
251:--------------
-(1,Param1)
Param1
252:--------------
-(1,Param1)
Param2
253:--------------
-(1,Param1)
0
254:--------------
-(1,Param1)
1
255:--------------
-(1,Param2)
Param0
256:--------------
-(1,Param2)
Param1
257:--------------
-(1,Param2)
Param2
258:--------------
-(1,Param2)
0
259:--------------
-(1,Param2)
1
0:--------------
!(=(Param0,1))
0:--------------
Param0
+(Param0,Param0)
1:--------------
Param0
+(Param0,Param1)
2:--------------
Param0
+(Param0,Param2)
3:--------------
Param0
+(Param0,1)
4:--------------
Param0
+(Param1,Param1)
5:--------------
Param0
+(Param1,Param2)
6:--------------
Param0
+(Param1,1)
7:--------------
Param0
+(Param2,Param2)
8:--------------
Param0
+(Param2,1)
9:--------------
Param0
+(1,1)
10:--------------
Param0
-(Param0,Param1)
11:--------------
Param0
-(Param0,Param2)
12:--------------
Param0
-(Param0,1)
13:--------------
Param0
-(Param1,Param0)
14:--------------
Param0
-(Param1,Param2)
15:--------------
Param0
-(Param1,1)
16:--------------
Param0
-(Param2,Param0)
17:--------------
Param0
-(Param2,Param1)
18:--------------
Param0
-(Param2,1)
19:--------------
Param0
-(0,Param0)
20:--------------
Param0
-(0,Param1)
21:--------------
Param0
-(0,Param2)
22:--------------
Param0
-(0,1)
23:--------------
Param0
-(1,Param0)
24:--------------
Param0
-(1,Param1)
25:--------------
Param0
-(1,Param2)
26:--------------
Param1
+(Param0,Param0)
27:--------------
Param1
+(Param0,Param1)
28:--------------
Param1
+(Param0,Param2)
29:--------------
Param1
+(Param0,1)
30:--------------
Param1
+(Param1,Param1)
31:--------------
Param1
+(Param1,Param2)
32:--------------
Param1
+(Param1,1)
33:--------------
Param1
+(Param2,Param2)
34:--------------
Param1
+(Param2,1)
35:--------------
Param1
+(1,1)
36:--------------
Param1
-(Param0,Param1)
37:--------------
Param1
-(Param0,Param2)
38:--------------
Param1
-(Param0,1)
39:--------------
Param1
-(Param1,Param0)
40:--------------
Param1
-(Param1,Param2)
41:--------------
Param1
-(Param1,1)
42:--------------
Param1
-(Param2,Param0)
43:--------------
Param1
-(Param2,Param1)
44:--------------
Param1
-(Param2,1)
45:--------------
Param1
-(0,Param0)
46:--------------
Param1
-(0,Param1)
47:--------------
Param1
-(0,Param2)
48:--------------
Param1
-(0,1)
49:--------------
Param1
-(1,Param0)
50:--------------
Param1
-(1,Param1)
51:--------------
Param1
-(1,Param2)
52:--------------
Param2
+(Param0,Param0)
53:--------------
Param2
+(Param0,Param1)
54:--------------
Param2
+(Param0,Param2)
55:--------------
Param2
+(Param0,1)
56:--------------
Param2
+(Param1,Param1)
57:--------------
Param2
+(Param1,Param2)
58:--------------
Param2
+(Param1,1)
59:--------------
Param2
+(Param2,Param2)
60:--------------
Param2
+(Param2,1)
61:--------------
Param2
+(1,1)
62:--------------
Param2
-(Param0,Param1)
63:--------------
Param2
-(Param0,Param2)
64:--------------
Param2
-(Param0,1)
65:--------------
Param2
-(Param1,Param0)
66:--------------
Param2
-(Param1,Param2)
67:--------------
Param2
-(Param1,1)
68:--------------
Param2
-(Param2,Param0)
69:--------------
Param2
-(Param2,Param1)
70:--------------
Param2
-(Param2,1)
71:--------------
Param2
-(0,Param0)
72:--------------
Param2
-(0,Param1)
73:--------------
Param2
-(0,Param2)
74:--------------
Param2
-(0,1)
75:--------------
Param2
-(1,Param0)
76:--------------
Param2
-(1,Param1)
77:--------------
Param2
-(1,Param2)
78:--------------
0
+(Param0,Param0)
79:--------------
0
+(Param0,Param1)
80:--------------
0
+(Param0,Param2)
81:--------------
0
+(Param0,1)
82:--------------
0
+(Param1,Param1)
83:--------------
0
+(Param1,Param2)
84:--------------
0
+(Param1,1)
85:--------------
0
+(Param2,Param2)
86:--------------
0
+(Param2,1)
87:--------------
0
+(1,1)
88:--------------
0
-(Param0,Param1)
89:--------------
0
-(Param0,Param2)
90:--------------
0
-(Param0,1)
91:--------------
0
-(Param1,Param0)
92:--------------
0
-(Param1,Param2)
93:--------------
0
-(Param1,1)
94:--------------
0
-(Param2,Param0)
95:--------------
0
-(Param2,Param1)
96:--------------
0
-(Param2,1)
97:--------------
0
-(0,Param0)
98:--------------
0
-(0,Param1)
99:--------------
0
-(0,Param2)
100:--------------
0
-(0,1)
101:--------------
0
-(1,Param0)
102:--------------
0
-(1,Param1)
103:--------------
0
-(1,Param2)
104:--------------
1
+(Param0,Param0)
105:--------------
1
+(Param0,Param1)
106:--------------
1
+(Param0,Param2)
107:--------------
1
+(Param0,1)
108:--------------
1
+(Param1,Param1)
109:--------------
1
+(Param1,Param2)
110:--------------
1
+(Param1,1)
111:--------------
1
+(Param2,Param2)
112:--------------
1
+(Param2,1)
113:--------------
1
+(1,1)
114:--------------
1
-(Param0,Param1)
115:--------------
1
-(Param0,Param2)
116:--------------
1
-(Param0,1)
117:--------------
1
-(Param1,Param0)
118:--------------
1
-(Param1,Param2)
119:--------------
1
-(Param1,1)
120:--------------
1
-(Param2,Param0)
121:--------------
1
-(Param2,Param1)
122:--------------
1
-(Param2,1)
123:--------------
1
-(0,Param0)
124:--------------
1
-(0,Param1)
125:--------------
1
-(0,Param2)
126:--------------
1
-(0,1)
127:--------------
1
-(1,Param0)
128:--------------
1
-(1,Param1)
129:--------------
1
-(1,Param2)
130:--------------
+(Param0,Param0)
Param0
131:--------------
+(Param0,Param0)
Param1
132:--------------
+(Param0,Param0)
Param2
133:--------------
+(Param0,Param0)
0
134:--------------
+(Param0,Param0)
1
135:--------------
+(Param0,Param1)
Param0
136:--------------
+(Param0,Param1)
Param1
137:--------------
+(Param0,Param1)
Param2
138:--------------
+(Param0,Param1)
0
139:--------------
+(Param0,Param1)
1
140:--------------
+(Param0,Param2)
Param0
141:--------------
+(Param0,Param2)
Param1
142:--------------
+(Param0,Param2)
Param2
143:--------------
+(Param0,Param2)
0
144:--------------
+(Param0,Param2)
1
145:--------------
+(Param0,1)
Param0
146:--------------
+(Param0,1)
Param1
147:--------------
+(Param0,1)
Param2
148:--------------
+(Param0,1)
0
149:--------------
+(Param0,1)
1
150:--------------
+(Param1,Param1)
Param0
151:--------------
+(Param1,Param1)
Param1
152:--------------
+(Param1,Param1)
Param2
153:--------------
+(Param1,Param1)
0
154:--------------
+(Param1,Param1)
1
155:--------------
+(Param1,Param2)
Param0
156:--------------
+(Param1,Param2)
Param1
157:--------------
+(Param1,Param2)
Param2
158:--------------
+(Param1,Param2)
0
159:--------------
+(Param1,Param2)
1
160:--------------
+(Param1,1)
Param0
161:--------------
+(Param1,1)
Param1
162:--------------
+(Param1,1)
Param2
163:--------------
+(Param1,1)
0
164:--------------
+(Param1,1)
1
165:--------------
+(Param2,Param2)
Param0
166:--------------
+(Param2,Param2)
Param1
167:--------------
+(Param2,Param2)
Param2
168:--------------
+(Param2,Param2)
0
169:--------------
+(Param2,Param2)
1
170:--------------
+(Param2,1)
Param0
171:--------------
+(Param2,1)
Param1
172:--------------
+(Param2,1)
Param2
173:--------------
+(Param2,1)
0
174:--------------
+(Param2,1)
1
175:--------------
+(1,1)
Param0
176:--------------
+(1,1)
Param1
177:--------------
+(1,1)
Param2
178:--------------
+(1,1)
0
179:--------------
+(1,1)
1
180:--------------
-(Param0,Param1)
Param0
181:--------------
-(Param0,Param1)
Param1
182:--------------
-(Param0,Param1)
Param2
183:--------------
-(Param0,Param1)
0
184:--------------
-(Param0,Param1)
1
185:--------------
-(Param0,Param2)
Param0
186:--------------
-(Param0,Param2)
Param1
187:--------------
-(Param0,Param2)
Param2
188:--------------
-(Param0,Param2)
0
189:--------------
-(Param0,Param2)
1
190:--------------
-(Param0,1)
Param0
191:--------------
-(Param0,1)
Param1
192:--------------
-(Param0,1)
Param2
193:--------------
-(Param0,1)
0
194:--------------
-(Param0,1)
1
195:--------------
-(Param1,Param0)
Param0
196:--------------
-(Param1,Param0)
Param1
197:--------------
-(Param1,Param0)
Param2
198:--------------
-(Param1,Param0)
0
199:--------------
-(Param1,Param0)
1
200:--------------
-(Param1,Param2)
Param0
201:--------------
-(Param1,Param2)
Param1
202:--------------
-(Param1,Param2)
Param2
203:--------------
-(Param1,Param2)
0
204:--------------
-(Param1,Param2)
1
205:--------------
-(Param1,1)
Param0
206:--------------
-(Param1,1)
Param1
207:--------------
-(Param1,1)
Param2
208:--------------
-(Param1,1)
0
209:--------------
-(Param1,1)
1
210:--------------
-(Param2,Param0)
Param0
211:--------------
-(Param2,Param0)
Param1
212:--------------
-(Param2,Param0)
Param2
213:--------------
-(Param2,Param0)
0
214:--------------
-(Param2,Param0)
1
215:--------------
-(Param2,Param1)
Param0
216:--------------
-(Param2,Param1)
Param1
217:--------------
-(Param2,Param1)
Param2
218:--------------
-(Param2,Param1)
0
219:--------------
-(Param2,Param1)
1
220:--------------
-(Param2,1)
Param0
221:--------------
-(Param2,1)
Param1
222:--------------
-(Param2,1)
Param2
223:--------------
-(Param2,1)
0
224:--------------
-(Param2,1)
1
225:--------------
-(0,Param0)
Param0
226:--------------
-(0,Param0)
Param1
227:--------------
-(0,Param0)
Param2
228:--------------
-(0,Param0)
0
229:--------------
-(0,Param0)
1
230:--------------
-(0,Param1)
Param0
231:--------------
-(0,Param1)
Param1
232:--------------
-(0,Param1)
Param2
233:--------------
-(0,Param1)
0
234:--------------
-(0,Param1)
1
235:--------------
-(0,Param2)
Param0
236:--------------
-(0,Param2)
Param1
237:--------------
-(0,Param2)
Param2
238:--------------
-(0,Param2)
0
239:--------------
-(0,Param2)
1
240:--------------
-(0,1)
Param0
241:--------------
-(0,1)
Param1
242:--------------
-(0,1)
Param2
243:--------------
-(0,1)
0
244:--------------
-(0,1)
1
245:--------------
-(1,Param0)
Param0
246:--------------
-(1,Param0)
Param1
247:--------------
-(1,Param0)
Param2
248:--------------
-(1,Param0)
0
249:--------------
-(1,Param0)
1
250:--------------
-(1,Param1)
Param0
251:--------------
-(1,Param1)
Param1
252:--------------
-(1,Param1)
Param2
253:--------------
-(1,Param1)
0
254:--------------
-(1,Param1)
1
255:--------------
-(1,Param2)
Param0
256:--------------
-(1,Param2)
Param1
257:--------------
-(1,Param2)
Param2
258:--------------
-(1,Param2)
0
259:--------------
-(1,Param2)
1
0:--------------
Param0
+(Param0,Param0)
1:--------------
Param0
+(Param0,Param1)
2:--------------
Param0
+(Param0,Param2)
3:--------------
Param0
+(Param0,1)
4:--------------
Param0
+(Param1,Param1)
5:--------------
Param0
+(Param1,Param2)
6:--------------
Param0
+(Param1,1)
7:--------------
Param0
+(Param2,Param2)
8:--------------
Param0
+(Param2,1)
9:--------------
Param0
+(1,1)
10:--------------
Param0
-(Param0,Param1)
11:--------------
Param0
-(Param0,Param2)
12:--------------
Param0
-(Param0,1)
13:--------------
Param0
-(Param1,Param0)
14:--------------
Param0
-(Param1,Param2)
15:--------------
Param0
-(Param1,1)
16:--------------
Param0
-(Param2,Param0)
17:--------------
Param0
-(Param2,Param1)
18:--------------
Param0
-(Param2,1)
19:--------------
Param0
-(0,Param0)
20:--------------
Param0
-(0,Param1)
21:--------------
Param0
-(0,Param2)
22:--------------
Param0
-(0,1)
23:--------------
Param0
-(1,Param0)
24:--------------
Param0
-(1,Param1)
25:--------------
Param0
-(1,Param2)
26:--------------
Param1
+(Param0,Param0)
27:--------------
Param1
+(Param0,Param1)
28:--------------
Param1
+(Param0,Param2)
29:--------------
Param1
+(Param0,1)
30:--------------
Param1
+(Param1,Param1)
31:--------------
Param1
+(Param1,Param2)
32:--------------
Param1
+(Param1,1)
33:--------------
Param1
+(Param2,Param2)
34:--------------
Param1
+(Param2,1)
35:--------------
Param1
+(1,1)
36:--------------
Param1
-(Param0,Param1)
37:--------------
Param1
-(Param0,Param2)
38:--------------
Param1
-(Param0,1)
39:--------------
Param1
-(Param1,Param0)
40:--------------
Param1
-(Param1,Param2)
41:--------------
Param1
-(Param1,1)
42:--------------
Param1
-(Param2,Param0)
43:--------------
Param1
-(Param2,Param1)
44:--------------
Param1
-(Param2,1)
45:--------------
Param1
-(0,Param0)
46:--------------
Param1
-(0,Param1)
47:--------------
Param1
-(0,Param2)
48:--------------
Param1
-(0,1)
49:--------------
Param1
-(1,Param0)
50:--------------
Param1
-(1,Param1)
51:--------------
Param1
-(1,Param2)
52:--------------
Param2
+(Param0,Param0)
53:--------------
Param2
+(Param0,Param1)
54:--------------
Param2
+(Param0,Param2)
55:--------------
Param2
+(Param0,1)
56:--------------
Param2
+(Param1,Param1)
57:--------------
Param2
+(Param1,Param2)
58:--------------
Param2
+(Param1,1)
59:--------------
Param2
+(Param2,Param2)
60:--------------
Param2
+(Param2,1)
61:--------------
Param2
+(1,1)
62:--------------
Param2
-(Param0,Param1)
63:--------------
Param2
-(Param0,Param2)
64:--------------
Param2
-(Param0,1)
65:--------------
Param2
-(Param1,Param0)
66:--------------
Param2
-(Param1,Param2)
67:--------------
Param2
-(Param1,1)
68:--------------
Param2
-(Param2,Param0)
69:--------------
Param2
-(Param2,Param1)
70:--------------
Param2
-(Param2,1)
71:--------------
Param2
-(0,Param0)
72:--------------
Param2
-(0,Param1)
73:--------------
Param2
-(0,Param2)
74:--------------
Param2
-(0,1)
75:--------------
Param2
-(1,Param0)
76:--------------
Param2
-(1,Param1)
77:--------------
Param2
-(1,Param2)
78:--------------
0
+(Param0,Param0)
79:--------------
0
+(Param0,Param1)
80:--------------
0
+(Param0,Param2)
81:--------------
0
+(Param0,1)
82:--------------
0
+(Param1,Param1)
83:--------------
0
+(Param1,Param2)
84:--------------
0
+(Param1,1)
85:--------------
0
+(Param2,Param2)
86:--------------
0
+(Param2,1)
87:--------------
0
+(1,1)
88:--------------
0
-(Param0,Param1)
89:--------------
0
-(Param0,Param2)
90:--------------
0
-(Param0,1)
91:--------------
0
-(Param1,Param0)
92:--------------
0
-(Param1,Param2)
93:--------------
0
-(Param1,1)
94:--------------
0
-(Param2,Param0)
95:--------------
0
-(Param2,Param1)
96:--------------
0
-(Param2,1)
97:--------------
0
-(0,Param0)
98:--------------
0
-(0,Param1)
99:--------------
0
-(0,Param2)
100:--------------
0
-(0,1)
101:--------------
0
-(1,Param0)
102:--------------
0
-(1,Param1)
103:--------------
0
-(1,Param2)
104:--------------
1
+(Param0,Param0)
105:--------------
1
+(Param0,Param1)
106:--------------
1
+(Param0,Param2)
107:--------------
1
+(Param0,1)
108:--------------
1
+(Param1,Param1)
109:--------------
1
+(Param1,Param2)
110:--------------
1
+(Param1,1)
111:--------------
1
+(Param2,Param2)
112:--------------
1
+(Param2,1)
113:--------------
1
+(1,1)
114:--------------
1
-(Param0,Param1)
115:--------------
1
-(Param0,Param2)
116:--------------
1
-(Param0,1)
117:--------------
1
-(Param1,Param0)
118:--------------
1
-(Param1,Param2)
119:--------------
1
-(Param1,1)
120:--------------
1
-(Param2,Param0)
121:--------------
1
-(Param2,Param1)
122:--------------
1
-(Param2,1)
123:--------------
1
-(0,Param0)
124:--------------
1
-(0,Param1)
125:--------------
1
-(0,Param2)
126:--------------
1
-(0,1)
127:--------------
1
-(1,Param0)
128:--------------
1
-(1,Param1)
129:--------------
1
-(1,Param2)
130:--------------
+(Param0,Param0)
Param0
131:--------------
+(Param0,Param0)
Param1
132:--------------
+(Param0,Param0)
Param2
133:--------------
+(Param0,Param0)
0
134:--------------
+(Param0,Param0)
1
135:--------------
+(Param0,Param1)
Param0
136:--------------
+(Param0,Param1)
Param1
137:--------------
+(Param0,Param1)
Param2
138:--------------
+(Param0,Param1)
0
139:--------------
+(Param0,Param1)
1
140:--------------
+(Param0,Param2)
Param0
141:--------------
+(Param0,Param2)
Param1
142:--------------
+(Param0,Param2)
Param2
143:--------------
+(Param0,Param2)
0
144:--------------
+(Param0,Param2)
1
145:--------------
+(Param0,1)
Param0
146:--------------
+(Param0,1)
Param1
147:--------------
+(Param0,1)
Param2
148:--------------
+(Param0,1)
0
149:--------------
+(Param0,1)
1
150:--------------
+(Param1,Param1)
Param0
151:--------------
+(Param1,Param1)
Param1
152:--------------
+(Param1,Param1)
Param2
153:--------------
+(Param1,Param1)
0
154:--------------
+(Param1,Param1)
1
155:--------------
+(Param1,Param2)
Param0
156:--------------
+(Param1,Param2)
Param1
157:--------------
+(Param1,Param2)
Param2
158:--------------
+(Param1,Param2)
0
159:--------------
+(Param1,Param2)
1
160:--------------
+(Param1,1)
Param0
161:--------------
+(Param1,1)
Param1
162:--------------
+(Param1,1)
Param2
163:--------------
+(Param1,1)
0
164:--------------
+(Param1,1)
1
165:--------------
+(Param2,Param2)
Param0
166:--------------
+(Param2,Param2)
Param1
167:--------------
+(Param2,Param2)
Param2
168:--------------
+(Param2,Param2)
0
169:--------------
+(Param2,Param2)
1
170:--------------
+(Param2,1)
Param0
171:--------------
+(Param2,1)
Param1
172:--------------
+(Param2,1)
Param2
173:--------------
+(Param2,1)
0
174:--------------
+(Param2,1)
1
175:--------------
+(1,1)
Param0
176:--------------
+(1,1)
Param1
177:--------------
+(1,1)
Param2
178:--------------
+(1,1)
0
179:--------------
+(1,1)
1
180:--------------
-(Param0,Param1)
Param0
181:--------------
-(Param0,Param1)
Param1
182:--------------
-(Param0,Param1)
Param2
183:--------------
-(Param0,Param1)
0
184:--------------
-(Param0,Param1)
1
185:--------------
-(Param0,Param2)
Param0
186:--------------
-(Param0,Param2)
Param1
187:--------------
-(Param0,Param2)
Param2
188:--------------
-(Param0,Param2)
0
189:--------------
-(Param0,Param2)
1
190:--------------
-(Param0,1)
Param0
191:--------------
-(Param0,1)
Param1
192:--------------
-(Param0,1)
Param2
193:--------------
-(Param0,1)
0
194:--------------
-(Param0,1)
1
195:--------------
-(Param1,Param0)
Param0
196:--------------
-(Param1,Param0)
Param1
197:--------------
-(Param1,Param0)
Param2
198:--------------
-(Param1,Param0)
0
199:--------------
-(Param1,Param0)
1
200:--------------
-(Param1,Param2)
Param0
201:--------------
-(Param1,Param2)
Param1
202:--------------
-(Param1,Param2)
Param2
203:--------------
-(Param1,Param2)
0
204:--------------
-(Param1,Param2)
1
205:--------------
-(Param1,1)
Param0
206:--------------
-(Param1,1)
Param1
207:--------------
-(Param1,1)
Param2
208:--------------
-(Param1,1)
0
209:--------------
-(Param1,1)
1
210:--------------
-(Param2,Param0)
Param0
211:--------------
-(Param2,Param0)
Param1
212:--------------
-(Param2,Param0)
Param2
213:--------------
-(Param2,Param0)
0
214:--------------
-(Param2,Param0)
1
215:--------------
-(Param2,Param1)
Param0
216:--------------
-(Param2,Param1)
Param1
217:--------------
-(Param2,Param1)
Param2
218:--------------
-(Param2,Param1)
0
219:--------------
-(Param2,Param1)
1
220:--------------
-(Param2,1)
Param0
221:--------------
-(Param2,1)
Param1
222:--------------
-(Param2,1)
Param2
223:--------------
-(Param2,1)
0
224:--------------
-(Param2,1)
1
225:--------------
-(0,Param0)
Param0
226:--------------
-(0,Param0)
Param1
227:--------------
-(0,Param0)
Param2
228:--------------
-(0,Param0)
0
229:--------------
-(0,Param0)
1
230:--------------
-(0,Param1)
Param0
231:--------------
-(0,Param1)
Param1
232:--------------
-(0,Param1)
Param2
233:--------------
-(0,Param1)
0
234:--------------
-(0,Param1)
1
235:--------------
-(0,Param2)
Param0
236:--------------
-(0,Param2)
Param1
237:--------------
-(0,Param2)
Param2
238:--------------
-(0,Param2)
0
239:--------------
-(0,Param2)
1
240:--------------
-(0,1)
Param0
241:--------------
-(0,1)
Param1
242:--------------
-(0,1)
Param2
243:--------------
-(0,1)
0
244:--------------
-(0,1)
1
245:--------------
-(1,Param0)
Param0
246:--------------
-(1,Param0)
Param1
247:--------------
-(1,Param0)
Param2
248:--------------
-(1,Param0)
0
249:--------------
-(1,Param0)
1
250:--------------
-(1,Param1)
Param0
251:--------------
-(1,Param1)
Param1
252:--------------
-(1,Param1)
Param2
253:--------------
-(1,Param1)
0
254:--------------
-(1,Param1)
1
255:--------------
-(1,Param2)
Param0
256:--------------
-(1,Param2)
Param1
257:--------------
-(1,Param2)
Param2
258:--------------
-(1,Param2)
0
259:--------------
-(1,Param2)
1
0:--------------
Param0
+(Param0,Param0)
1:--------------
Param0
+(Param0,Param1)
2:--------------
Param0
+(Param0,Param2)
3:--------------
Param0
+(Param0,1)
4:--------------
Param0
+(Param1,Param1)
5:--------------
Param0
+(Param1,Param2)
6:--------------
Param0
+(Param1,1)
7:--------------
Param0
+(Param2,Param2)
8:--------------
Param0
+(Param2,1)
9:--------------
Param0
+(1,1)
10:--------------
Param0
-(Param0,Param1)
11:--------------
Param0
-(Param0,Param2)
12:--------------
Param0
-(Param0,1)
13:--------------
Param0
-(Param1,Param0)
14:--------------
Param0
-(Param1,Param2)
15:--------------
Param0
-(Param1,1)
16:--------------
Param0
-(Param2,Param0)
17:--------------
Param0
-(Param2,Param1)
18:--------------
Param0
-(Param2,1)
19:--------------
Param0
-(0,Param0)
20:--------------
Param0
-(0,Param1)
21:--------------
Param0
-(0,Param2)
22:--------------
Param0
-(0,1)
23:--------------
Param0
-(1,Param0)
24:--------------
Param0
-(1,Param1)
25:--------------
Param0
-(1,Param2)
26:--------------
Param1
+(Param0,Param0)
27:--------------
Param1
+(Param0,Param1)
28:--------------
Param1
+(Param0,Param2)
29:--------------
Param1
+(Param0,1)
30:--------------
Param1
+(Param1,Param1)
31:--------------
Param1
+(Param1,Param2)
32:--------------
Param1
+(Param1,1)
33:--------------
Param1
+(Param2,Param2)
34:--------------
Param1
+(Param2,1)
35:--------------
Param1
+(1,1)
36:--------------
Param1
-(Param0,Param1)
37:--------------
Param1
-(Param0,Param2)
38:--------------
Param1
-(Param0,1)
39:--------------
Param1
-(Param1,Param0)
40:--------------
Param1
-(Param1,Param2)
41:--------------
Param1
-(Param1,1)
42:--------------
Param1
-(Param2,Param0)
43:--------------
Param1
-(Param2,Param1)
44:--------------
Param1
-(Param2,1)
45:--------------
Param1
-(0,Param0)
46:--------------
Param1
-(0,Param1)
47:--------------
Param1
-(0,Param2)
48:--------------
Param1
-(0,1)
49:--------------
Param1
-(1,Param0)
50:--------------
Param1
-(1,Param1)
51:--------------
Param1
-(1,Param2)
52:--------------
Param2
+(Param0,Param0)
53:--------------
Param2
+(Param0,Param1)
54:--------------
Param2
+(Param0,Param2)
55:--------------
Param2
+(Param0,1)
56:--------------
Param2
+(Param1,Param1)
57:--------------
Param2
+(Param1,Param2)
58:--------------
Param2
+(Param1,1)
59:--------------
Param2
+(Param2,Param2)
60:--------------
Param2
+(Param2,1)
61:--------------
Param2
+(1,1)
62:--------------
Param2
-(Param0,Param1)
63:--------------
Param2
-(Param0,Param2)
64:--------------
Param2
-(Param0,1)
65:--------------
Param2
-(Param1,Param0)
66:--------------
Param2
-(Param1,Param2)
67:--------------
Param2
-(Param1,1)
68:--------------
Param2
-(Param2,Param0)
69:--------------
Param2
-(Param2,Param1)
70:--------------
Param2
-(Param2,1)
71:--------------
Param2
-(0,Param0)
72:--------------
Param2
-(0,Param1)
73:--------------
Param2
-(0,Param2)
74:--------------
Param2
-(0,1)
75:--------------
Param2
-(1,Param0)
76:--------------
Param2
-(1,Param1)
77:--------------
Param2
-(1,Param2)
78:--------------
0
+(Param0,Param0)
79:--------------
0
+(Param0,Param1)
80:--------------
0
+(Param0,Param2)
81:--------------
0
+(Param0,1)
82:--------------
0
+(Param1,Param1)
83:--------------
0
+(Param1,Param2)
84:--------------
0
+(Param1,1)
85:--------------
0
+(Param2,Param2)
86:--------------
0
+(Param2,1)
87:--------------
0
+(1,1)
88:--------------
0
-(Param0,Param1)
89:--------------
0
-(Param0,Param2)
90:--------------
0
-(Param0,1)
91:--------------
0
-(Param1,Param0)
92:--------------
0
-(Param1,Param2)
93:--------------
0
-(Param1,1)
94:--------------
0
-(Param2,Param0)
95:--------------
0
-(Param2,Param1)
96:--------------
0
-(Param2,1)
97:--------------
0
-(0,Param0)
98:--------------
0
-(0,Param1)
99:--------------
0
-(0,Param2)
100:--------------
0
-(0,1)
101:--------------
0
-(1,Param0)
102:--------------
0
-(1,Param1)
103:--------------
0
-(1,Param2)
104:--------------
1
+(Param0,Param0)
105:--------------
1
+(Param0,Param1)
106:--------------
1
+(Param0,Param2)
107:--------------
1
+(Param0,1)
108:--------------
1
+(Param1,Param1)
109:--------------
1
+(Param1,Param2)
110:--------------
1
+(Param1,1)
111:--------------
1
+(Param2,Param2)
112:--------------
1
+(Param2,1)
113:--------------
1
+(1,1)
114:--------------
1
-(Param0,Param1)
115:--------------
1
-(Param0,Param2)
116:--------------
1
-(Param0,1)
117:--------------
1
-(Param1,Param0)
118:--------------
1
-(Param1,Param2)
119:--------------
1
-(Param1,1)
120:--------------
1
-(Param2,Param0)
121:--------------
1
-(Param2,Param1)
122:--------------
1
-(Param2,1)
123:--------------
1
-(0,Param0)
124:--------------
1
-(0,Param1)
125:--------------
1
-(0,Param2)
126:--------------
1
-(0,1)
127:--------------
1
-(1,Param0)
128:--------------
1
-(1,Param1)
129:--------------
1
-(1,Param2)
130:--------------
+(Param0,Param0)
Param0
131:--------------
+(Param0,Param0)
Param1
132:--------------
+(Param0,Param0)
Param2
133:--------------
+(Param0,Param0)
0
134:--------------
+(Param0,Param0)
1
135:--------------
+(Param0,Param1)
Param0
136:--------------
+(Param0,Param1)
Param1
137:--------------
+(Param0,Param1)
Param2
138:--------------
+(Param0,Param1)
0
139:--------------
+(Param0,Param1)
1
140:--------------
+(Param0,Param2)
Param0
141:--------------
+(Param0,Param2)
Param1
142:--------------
+(Param0,Param2)
Param2
143:--------------
+(Param0,Param2)
0
144:--------------
+(Param0,Param2)
1
145:--------------
+(Param0,1)
Param0
146:--------------
+(Param0,1)
Param1
147:--------------
+(Param0,1)
Param2
148:--------------
+(Param0,1)
0
149:--------------
+(Param0,1)
1
150:--------------
+(Param1,Param1)
Param0
151:--------------
+(Param1,Param1)
Param1
152:--------------
+(Param1,Param1)
Param2
153:--------------
+(Param1,Param1)
0
154:--------------
+(Param1,Param1)
1
155:--------------
+(Param1,Param2)
Param0
156:--------------
+(Param1,Param2)
Param1
157:--------------
+(Param1,Param2)
Param2
158:--------------
+(Param1,Param2)
0
159:--------------
+(Param1,Param2)
1
160:--------------
+(Param1,1)
Param0
161:--------------
+(Param1,1)
Param1
162:--------------
+(Param1,1)
Param2
163:--------------
+(Param1,1)
0
164:--------------
+(Param1,1)
1
165:--------------
+(Param2,Param2)
Param0
166:--------------
+(Param2,Param2)
Param1
167:--------------
+(Param2,Param2)
Param2
168:--------------
+(Param2,Param2)
0
169:--------------
+(Param2,Param2)
1
170:--------------
+(Param2,1)
Param0
171:--------------
+(Param2,1)
Param1
172:--------------
+(Param2,1)
Param2
173:--------------
+(Param2,1)
0
174:--------------
+(Param2,1)
1
175:--------------
+(1,1)
Param0
176:--------------
+(1,1)
Param1
177:--------------
+(1,1)
Param2
178:--------------
+(1,1)
0
179:--------------
+(1,1)
1
180:--------------
-(Param0,Param1)
Param0
181:--------------
-(Param0,Param1)
Param1
182:--------------
-(Param0,Param1)
Param2
183:--------------
-(Param0,Param1)
0
184:--------------
-(Param0,Param1)
1
185:--------------
-(Param0,Param2)
Param0
186:--------------
-(Param0,Param2)
Param1
187:--------------
-(Param0,Param2)
Param2
188:--------------
-(Param0,Param2)
0
189:--------------
-(Param0,Param2)
1
190:--------------
-(Param0,1)
Param0
191:--------------
-(Param0,1)
Param1
192:--------------
-(Param0,1)
Param2
193:--------------
-(Param0,1)
0
194:--------------
-(Param0,1)
1
195:--------------
-(Param1,Param0)
Param0
196:--------------
-(Param1,Param0)
Param1
197:--------------
-(Param1,Param0)
Param2
198:--------------
-(Param1,Param0)
0
199:--------------
-(Param1,Param0)
1
200:--------------
-(Param1,Param2)
Param0
201:--------------
-(Param1,Param2)
Param1
202:--------------
-(Param1,Param2)
Param2
203:--------------
-(Param1,Param2)
0
204:--------------
-(Param1,Param2)
1
205:--------------
-(Param1,1)
Param0
206:--------------
-(Param1,1)
Param1
207:--------------
-(Param1,1)
Param2
208:--------------
-(Param1,1)
0
209:--------------
-(Param1,1)
1
210:--------------
-(Param2,Param0)
Param0
211:--------------
-(Param2,Param0)
Param1
212:--------------
-(Param2,Param0)
Param2
213:--------------
-(Param2,Param0)
0
214:--------------
-(Param2,Param0)
1
215:--------------
-(Param2,Param1)
Param0
216:--------------
-(Param2,Param1)
Param1
217:--------------
-(Param2,Param1)
Param2
218:--------------
-(Param2,Param1)
0
219:--------------
-(Param2,Param1)
1
220:--------------
-(Param2,1)
Param0
221:--------------
-(Param2,1)
Param1
222:--------------
-(Param2,1)
Param2
223:--------------
-(Param2,1)
0
224:--------------
-(Param2,1)
1
225:--------------
-(0,Param0)
Param0
226:--------------
-(0,Param0)
Param1
227:--------------
-(0,Param0)
Param2
228:--------------
-(0,Param0)
0
229:--------------
-(0,Param0)
1
230:--------------
-(0,Param1)
Param0
231:--------------
-(0,Param1)
Param1
232:--------------
-(0,Param1)
Param2
233:--------------
-(0,Param1)
0
234:--------------
-(0,Param1)
1
235:--------------
-(0,Param2)
Param0
236:--------------
-(0,Param2)
Param1
237:--------------
-(0,Param2)
Param2
238:--------------
-(0,Param2)
0
239:--------------
-(0,Param2)
1
240:--------------
-(0,1)
Param0
241:--------------
-(0,1)
Param1
242:--------------
-(0,1)
Param2
243:--------------
-(0,1)
0
244:--------------
-(0,1)
1
245:--------------
-(1,Param0)
Param0
246:--------------
-(1,Param0)
Param1
247:--------------
-(1,Param0)
Param2
248:--------------
-(1,Param0)
0
249:--------------
-(1,Param0)
1
250:--------------
-(1,Param1)
Param0
251:--------------
-(1,Param1)
Param1
252:--------------
-(1,Param1)
Param2
253:--------------
-(1,Param1)
0
254:--------------
-(1,Param1)
1
255:--------------
-(1,Param2)
Param0
256:--------------
-(1,Param2)
Param1
257:--------------
-(1,Param2)
Param2
258:--------------
-(1,Param2)
0
259:--------------
-(1,Param2)
1
0:--------------
+(Param0,+(Param0,Param0))
1:--------------
+(Param0,+(Param0,Param1))
2:--------------
+(Param0,+(Param0,Param2))
3:--------------
+(Param0,+(Param0,1))
4:--------------
+(Param0,+(Param1,Param1))
5:--------------
+(Param0,+(Param1,Param2))
6:--------------
+(Param0,+(Param1,1))
7:--------------
+(Param0,+(Param2,Param2))
8:--------------
+(Param0,+(Param2,1))
9:--------------
+(Param0,+(1,1))
10:--------------
+(Param0,-(Param0,Param1))
11:--------------
+(Param0,-(Param0,Param2))
12:--------------
+(Param0,-(Param0,1))
13:--------------
+(Param0,-(Param1,Param2))
14:--------------
+(Param0,-(Param1,1))
15:--------------
+(Param0,-(Param2,Param1))
16:--------------
+(Param0,-(Param2,1))
17:--------------
+(Param0,-(1,Param1))
18:--------------
+(Param0,-(1,Param2))
19:--------------
+(Param1,+(Param1,Param1))
20:--------------
+(Param1,+(Param1,Param2))
21:--------------
+(Param1,+(Param1,1))
22:--------------
+(Param1,+(Param2,Param2))
23:--------------
+(Param1,+(Param2,1))
24:--------------
+(Param1,+(1,1))
25:--------------
+(Param1,-(Param1,Param0))
26:--------------
+(Param1,-(Param1,Param2))
27:--------------
+(Param1,-(Param1,1))
28:--------------
+(Param1,-(Param2,Param0))
29:--------------
+(Param1,-(Param2,1))
30:--------------
+(Param1,-(1,Param0))
31:--------------
+(Param1,-(1,Param2))
32:--------------
+(Param2,+(Param2,Param2))
33:--------------
+(Param2,+(Param2,1))
34:--------------
+(Param2,+(1,1))
35:--------------
+(Param2,-(Param2,Param0))
36:--------------
+(Param2,-(Param2,Param1))
37:--------------
+(Param2,-(Param2,1))
38:--------------
+(Param2,-(1,Param0))
39:--------------
+(Param2,-(1,Param1))
40:--------------
+(1,+(1,1))
41:--------------
+(1,-(1,Param0))
42:--------------
+(1,-(1,Param1))
43:--------------
+(1,-(1,Param2))
44:--------------
-(Param0,+(Param1,Param1))
45:--------------
-(Param0,+(Param1,Param2))
46:--------------
-(Param0,+(Param1,1))
47:--------------
-(Param0,+(Param2,Param2))
48:--------------
-(Param0,+(Param2,1))
49:--------------
-(Param0,+(1,1))
50:--------------
-(Param1,+(Param0,Param0))
51:--------------
-(Param1,+(Param0,Param2))
52:--------------
-(Param1,+(Param0,1))
53:--------------
-(Param1,+(Param2,Param2))
54:--------------
-(Param1,+(Param2,1))
55:--------------
-(Param1,+(1,1))
56:--------------
-(Param2,+(Param0,Param0))
57:--------------
-(Param2,+(Param0,Param1))
58:--------------
-(Param2,+(Param0,1))
59:--------------
-(Param2,+(Param1,Param1))
60:--------------
-(Param2,+(Param1,1))
61:--------------
-(Param2,+(1,1))
62:--------------
-(0,+(Param0,Param0))
63:--------------
-(0,+(Param0,Param1))
64:--------------
-(0,+(Param0,Param2))
65:--------------
-(0,+(Param0,1))
66:--------------
-(0,+(Param1,Param1))
67:--------------
-(0,+(Param1,Param2))
68:--------------
-(0,+(Param1,1))
69:--------------
-(0,+(Param2,Param2))
70:--------------
-(0,+(Param2,1))
71:--------------
-(0,+(1,1))
72:--------------
-(1,+(Param0,Param0))
73:--------------
-(1,+(Param0,Param1))
74:--------------
-(1,+(Param0,Param2))
75:--------------
-(1,+(Param1,Param1))
76:--------------
-(1,+(Param1,Param2))
77:--------------
-(1,+(Param2,Param2))
4 {eq1:+(Param0,+(Param1,Param2))}
0.040383
